ARM GAS  C:\Users\zakis\AppData\Local\Temp\ccwkKr0R.s 			page 1


   1              		.syntax unified
   2              		.cpu cortex-m3
   3              		.fpu softvfp
   4              		.eabi_attribute 20, 1
   5              		.eabi_attribute 21, 1
   6              		.eabi_attribute 23, 3
   7              		.eabi_attribute 24, 1
   8              		.eabi_attribute 25, 1
   9              		.eabi_attribute 26, 1
  10              		.eabi_attribute 30, 1
  11              		.eabi_attribute 34, 1
  12              		.eabi_attribute 18, 4
  13              		.thumb
  14              		.syntax unified
  15              		.file	"cymetadata.c"
  16              		.text
  17              	.Ltext0:
  18              		.cfi_sections	.debug_frame
  19              		.global	cy_metadata
  20              		.global	cy_meta_flashprotect
  21              		.global	cy_meta_wonvl
  22              		.global	cy_meta_custnvl
  23              		.global	cy_meta_configecc
  24              		.section	.cyconfigecc,"a",%progbits
  25              		.align	2
  26              		.type	cy_meta_configecc, %object
  27              		.size	cy_meta_configecc, 808
  28              	cy_meta_configecc:
  29 0000 03       		.byte	3
  30 0001 65       		.byte	101
  31 0002 00       		.byte	0
  32 0003 40       		.byte	64
  33 0004 01       		.byte	1
  34 0005 15       		.byte	21
  35 0006 01       		.byte	1
  36 0007 40       		.byte	64
  37 0008 01       		.byte	1
  38 0009 17       		.byte	23
  39 000a 01       		.byte	1
  40 000b 40       		.byte	64
  41 000c 14       		.byte	20
  42 000d 18       		.byte	24
  43 000e 01       		.byte	1
  44 000f 40       		.byte	64
  45 0010 35       		.byte	53
  46 0011 19       		.byte	25
  47 0012 01       		.byte	1
  48 0013 40       		.byte	64
  49 0014 70       		.byte	112
  50 0015 1A       		.byte	26
  51 0016 01       		.byte	1
  52 0017 40       		.byte	64
  53 0018 4B       		.byte	75
  54 0019 1B       		.byte	27
  55 001a 01       		.byte	1
  56 001b 40       		.byte	64
  57 001c 03       		.byte	3
ARM GAS  C:\Users\zakis\AppData\Local\Temp\ccwkKr0R.s 			page 2


  58 001d 40       		.byte	64
  59 001e 01       		.byte	1
  60 001f 40       		.byte	64
  61 0020 02       		.byte	2
  62 0021 41       		.byte	65
  63 0022 01       		.byte	1
  64 0023 40       		.byte	64
  65 0024 02       		.byte	2
  66 0025 42       		.byte	66
  67 0026 01       		.byte	1
  68 0027 40       		.byte	64
  69 0028 02       		.byte	2
  70 0029 43       		.byte	67
  71 002a 01       		.byte	1
  72 002b 40       		.byte	64
  73 002c 04       		.byte	4
  74 002d 48       		.byte	72
  75 002e 01       		.byte	1
  76 002f 40       		.byte	64
  77 0030 03       		.byte	3
  78 0031 49       		.byte	73
  79 0032 01       		.byte	1
  80 0033 40       		.byte	64
  81 0034 09       		.byte	9
  82 0035 4D       		.byte	77
  83 0036 01       		.byte	1
  84 0037 40       		.byte	64
  85 0038 02       		.byte	2
  86 0039 50       		.byte	80
  87 003a 01       		.byte	1
  88 003b 40       		.byte	64
  89 003c 01       		.byte	1
  90 003d 51       		.byte	81
  91 003e 01       		.byte	1
  92 003f 40       		.byte	64
  93 0040 88       		.byte	-120
  94 0041 72       		.byte	114
  95 0042 89       		.byte	-119
  96 0043 38       		.byte	56
  97 0044 8B       		.byte	-117
  98 0045 0F       		.byte	15
  99 0046 E6       		.byte	-26
 100 0047 02       		.byte	2
 101 0048 E6       		.byte	-26
 102 0049 01       		.byte	1
 103 004a 8A       		.byte	-118
 104 004b 04       		.byte	4
 105 004c 92       		.byte	-110
 106 004d 04       		.byte	4
 107 004e 95       		.byte	-107
 108 004f 01       		.byte	1
 109 0050 96       		.byte	-106
 110 0051 02       		.byte	2
 111 0052 9A       		.byte	-102
 112 0053 02       		.byte	2
 113 0054 A4       		.byte	-92
 114 0055 01       		.byte	1
ARM GAS  C:\Users\zakis\AppData\Local\Temp\ccwkKr0R.s 			page 3


 115 0056 A8       		.byte	-88
 116 0057 01       		.byte	1
 117 0058 AC       		.byte	-84
 118 0059 01       		.byte	1
 119 005a B0       		.byte	-80
 120 005b 02       		.byte	2
 121 005c B2       		.byte	-78
 122 005d 04       		.byte	4
 123 005e B6       		.byte	-74
 124 005f 01       		.byte	1
 125 0060 B7       		.byte	-73
 126 0061 01       		.byte	1
 127 0062 BE       		.byte	-66
 128 0063 05       		.byte	5
 129 0064 BF       		.byte	-65
 130 0065 40       		.byte	64
 131 0066 D4       		.byte	-44
 132 0067 18       		.byte	24
 133 0068 D6       		.byte	-42
 134 0069 04       		.byte	4
 135 006a D8       		.byte	-40
 136 006b 04       		.byte	4
 137 006c D9       		.byte	-39
 138 006d 04       		.byte	4
 139 006e DB       		.byte	-37
 140 006f 04       		.byte	4
 141 0070 DF       		.byte	-33
 142 0071 01       		.byte	1
 143 0072 02       		.byte	2
 144 0073 04       		.byte	4
 145 0074 04       		.byte	4
 146 0075 10       		.byte	16
 147 0076 05       		.byte	5
 148 0077 09       		.byte	9
 149 0078 06       		.byte	6
 150 0079 C1       		.byte	-63
 151 007a 09       		.byte	9
 152 007b 15       		.byte	21
 153 007c 0E       		.byte	14
 154 007d 29       		.byte	41
 155 007e 0F       		.byte	15
 156 007f 80       		.byte	-128
 157 0080 10       		.byte	16
 158 0081 22       		.byte	34
 159 0082 11       		.byte	17
 160 0083 10       		.byte	16
 161 0084 17       		.byte	23
 162 0085 29       		.byte	41
 163 0086 1B       		.byte	27
 164 0087 45       		.byte	69
 165 0088 1C       		.byte	28
 166 0089 10       		.byte	16
 167 008a 1D       		.byte	29
 168 008b A0       		.byte	-96
 169 008c 1E       		.byte	30
 170 008d 48       		.byte	72
 171 008e 1F       		.byte	31
ARM GAS  C:\Users\zakis\AppData\Local\Temp\ccwkKr0R.s 			page 4


 172 008f 04       		.byte	4
 173 0090 20       		.byte	32
 174 0091 02       		.byte	2
 175 0092 25       		.byte	37
 176 0093 04       		.byte	4
 177 0094 26       		.byte	38
 178 0095 10       		.byte	16
 179 0096 27       		.byte	39
 180 0097 02       		.byte	2
 181 0098 2D       		.byte	45
 182 0099 08       		.byte	8
 183 009a 2E       		.byte	46
 184 009b 81       		.byte	-127
 185 009c 2F       		.byte	47
 186 009d 04       		.byte	4
 187 009e 33       		.byte	51
 188 009f 08       		.byte	8
 189 00a0 36       		.byte	54
 190 00a1 98       		.byte	-104
 191 00a2 37       		.byte	55
 192 00a3 01       		.byte	1
 193 00a4 3E       		.byte	62
 194 00a5 2A       		.byte	42
 195 00a6 3F       		.byte	63
 196 00a7 80       		.byte	-128
 197 00a8 45       		.byte	69
 198 00a9 A4       		.byte	-92
 199 00aa 46       		.byte	70
 200 00ab 40       		.byte	64
 201 00ac 4F       		.byte	79
 202 00ad 80       		.byte	-128
 203 00ae 55       		.byte	85
 204 00af 10       		.byte	16
 205 00b0 56       		.byte	86
 206 00b1 04       		.byte	4
 207 00b2 5B       		.byte	91
 208 00b3 02       		.byte	2
 209 00b4 5E       		.byte	94
 210 00b5 40       		.byte	64
 211 00b6 60       		.byte	96
 212 00b7 80       		.byte	-128
 213 00b8 63       		.byte	99
 214 00b9 0A       		.byte	10
 215 00ba 6C       		.byte	108
 216 00bb 22       		.byte	34
 217 00bc 6D       		.byte	109
 218 00bd 10       		.byte	16
 219 00be 6E       		.byte	110
 220 00bf 04       		.byte	4
 221 00c0 76       		.byte	118
 222 00c1 2B       		.byte	43
 223 00c2 77       		.byte	119
 224 00c3 28       		.byte	40
 225 00c4 80       		.byte	-128
 226 00c5 80       		.byte	-128
 227 00c6 8E       		.byte	-114
 228 00c7 84       		.byte	-124
ARM GAS  C:\Users\zakis\AppData\Local\Temp\ccwkKr0R.s 			page 5


 229 00c8 C0       		.byte	-64
 230 00c9 F2       		.byte	-14
 231 00ca C2       		.byte	-62
 232 00cb FE       		.byte	-2
 233 00cc C4       		.byte	-60
 234 00cd 77       		.byte	119
 235 00ce CA       		.byte	-54
 236 00cf F0       		.byte	-16
 237 00d0 CC       		.byte	-52
 238 00d1 F2       		.byte	-14
 239 00d2 CE       		.byte	-50
 240 00d3 F0       		.byte	-16
 241 00d4 D0       		.byte	-48
 242 00d5 F0       		.byte	-16
 243 00d6 D2       		.byte	-46
 244 00d7 10       		.byte	16
 245 00d8 D6       		.byte	-42
 246 00d9 11       		.byte	17
 247 00da D8       		.byte	-40
 248 00db 0D       		.byte	13
 249 00dc 00       		.byte	0
 250 00dd DC       		.byte	-36
 251 00de 02       		.byte	2
 252 00df 22       		.byte	34
 253 00e0 04       		.byte	4
 254 00e1 10       		.byte	16
 255 00e2 05       		.byte	5
 256 00e3 80       		.byte	-128
 257 00e4 06       		.byte	6
 258 00e5 AC       		.byte	-84
 259 00e6 07       		.byte	7
 260 00e7 13       		.byte	19
 261 00e8 09       		.byte	9
 262 00e9 2C       		.byte	44
 263 00ea 0A       		.byte	10
 264 00eb 03       		.byte	3
 265 00ec 0B       		.byte	11
 266 00ed 43       		.byte	67
 267 00ee 0C       		.byte	12
 268 00ef 09       		.byte	9
 269 00f0 0E       		.byte	14
 270 00f1 D0       		.byte	-48
 271 00f2 14       		.byte	20
 272 00f3 14       		.byte	20
 273 00f4 19       		.byte	25
 274 00f5 71       		.byte	113
 275 00f6 1B       		.byte	27
 276 00f7 06       		.byte	6
 277 00f8 1F       		.byte	31
 278 00f9 08       		.byte	8
 279 00fa 20       		.byte	32
 280 00fb 10       		.byte	16
 281 00fc 22       		.byte	34
 282 00fd 40       		.byte	64
 283 00fe 23       		.byte	35
 284 00ff 0C       		.byte	12
 285 0100 26       		.byte	38
ARM GAS  C:\Users\zakis\AppData\Local\Temp\ccwkKr0R.s 			page 6


 286 0101 20       		.byte	32
 287 0102 28       		.byte	40
 288 0103 0C       		.byte	12
 289 0104 29       		.byte	41
 290 0105 71       		.byte	113
 291 0106 2A       		.byte	42
 292 0107 71       		.byte	113
 293 0108 2B       		.byte	43
 294 0109 0E       		.byte	14
 295 010a 31       		.byte	49
 296 010b C0       		.byte	-64
 297 010c 32       		.byte	50
 298 010d 1F       		.byte	31
 299 010e 33       		.byte	51
 300 010f 30       		.byte	48
 301 0110 34       		.byte	52
 302 0111 E0       		.byte	-32
 303 0112 35       		.byte	53
 304 0113 0F       		.byte	15
 305 0114 39       		.byte	57
 306 0115 0A       		.byte	10
 307 0116 3A       		.byte	58
 308 0117 22       		.byte	34
 309 0118 3B       		.byte	59
 310 0119 20       		.byte	32
 311 011a 3F       		.byte	63
 312 011b 04       		.byte	4
 313 011c 40       		.byte	64
 314 011d 03       		.byte	3
 315 011e 45       		.byte	69
 316 011f 40       		.byte	64
 317 0120 49       		.byte	73
 318 0121 FF       		.byte	-1
 319 0122 4A       		.byte	74
 320 0123 07       		.byte	7
 321 0124 4B       		.byte	75
 322 0125 FF       		.byte	-1
 323 0126 4C       		.byte	76
 324 0127 40       		.byte	64
 325 0128 4D       		.byte	77
 326 0129 20       		.byte	32
 327 012a 4E       		.byte	78
 328 012b F0       		.byte	-16
 329 012c 4F       		.byte	79
 330 012d 05       		.byte	5
 331 012e 50       		.byte	80
 332 012f 08       		.byte	8
 333 0130 58       		.byte	88
 334 0131 04       		.byte	4
 335 0132 59       		.byte	89
 336 0133 04       		.byte	4
 337 0134 5A       		.byte	90
 338 0135 04       		.byte	4
 339 0136 5F       		.byte	95
 340 0137 01       		.byte	1
 341 0138 60       		.byte	96
 342 0139 40       		.byte	64
ARM GAS  C:\Users\zakis\AppData\Local\Temp\ccwkKr0R.s 			page 7


 343 013a 61       		.byte	97
 344 013b A8       		.byte	-88
 345 013c 62       		.byte	98
 346 013d 40       		.byte	64
 347 013e 63       		.byte	99
 348 013f 20       		.byte	32
 349 0140 80       		.byte	-128
 350 0141 0A       		.byte	10
 351 0142 82       		.byte	-126
 352 0143 14       		.byte	20
 353 0144 84       		.byte	-124
 354 0145 40       		.byte	64
 355 0146 85       		.byte	-123
 356 0147 0C       		.byte	12
 357 0148 86       		.byte	-122
 358 0149 20       		.byte	32
 359 014a 88       		.byte	-120
 360 014b 13       		.byte	19
 361 014c 89       		.byte	-119
 362 014d 0C       		.byte	12
 363 014e 8A       		.byte	-118
 364 014f 0C       		.byte	12
 365 0150 8C       		.byte	-116
 366 0151 80       		.byte	-128
 367 0152 8E       		.byte	-114
 368 0153 20       		.byte	32
 369 0154 91       		.byte	-111
 370 0155 08       		.byte	8
 371 0156 93       		.byte	-109
 372 0157 04       		.byte	4
 373 0158 94       		.byte	-108
 374 0159 13       		.byte	19
 375 015a 95       		.byte	-107
 376 015b 10       		.byte	16
 377 015c 96       		.byte	-106
 378 015d 04       		.byte	4
 379 015e 98       		.byte	-104
 380 015f E0       		.byte	-32
 381 0160 9B       		.byte	-101
 382 0161 10       		.byte	16
 383 0162 9C       		.byte	-100
 384 0163 20       		.byte	32
 385 0164 9E       		.byte	-98
 386 0165 C0       		.byte	-64
 387 0166 A1       		.byte	-95
 388 0167 02       		.byte	2
 389 0168 A2       		.byte	-94
 390 0169 08       		.byte	8
 391 016a A5       		.byte	-91
 392 016b 04       		.byte	4
 393 016c A6       		.byte	-90
 394 016d 15       		.byte	21
 395 016e A7       		.byte	-89
 396 016f 09       		.byte	9
 397 0170 A8       		.byte	-88
 398 0171 E0       		.byte	-32
 399 0172 AB       		.byte	-85
ARM GAS  C:\Users\zakis\AppData\Local\Temp\ccwkKr0R.s 			page 8


 400 0173 10       		.byte	16
 401 0174 AC       		.byte	-84
 402 0175 03       		.byte	3
 403 0176 AD       		.byte	-83
 404 0177 10       		.byte	16
 405 0178 AE       		.byte	-82
 406 0179 14       		.byte	20
 407 017a B0       		.byte	-80
 408 017b 10       		.byte	16
 409 017c B1       		.byte	-79
 410 017d 10       		.byte	16
 411 017e B3       		.byte	-77
 412 017f 01       		.byte	1
 413 0180 B4       		.byte	-76
 414 0181 0F       		.byte	15
 415 0182 B5       		.byte	-75
 416 0183 02       		.byte	2
 417 0184 B6       		.byte	-74
 418 0185 E0       		.byte	-32
 419 0186 B7       		.byte	-73
 420 0187 0C       		.byte	12
 421 0188 B9       		.byte	-71
 422 0189 02       		.byte	2
 423 018a BA       		.byte	-70
 424 018b 20       		.byte	32
 425 018c BE       		.byte	-66
 426 018d 01       		.byte	1
 427 018e BF       		.byte	-65
 428 018f 10       		.byte	16
 429 0190 C0       		.byte	-64
 430 0191 36       		.byte	54
 431 0192 C1       		.byte	-63
 432 0193 02       		.byte	2
 433 0194 C5       		.byte	-59
 434 0195 0B       		.byte	11
 435 0196 C6       		.byte	-58
 436 0197 0E       		.byte	14
 437 0198 C7       		.byte	-57
 438 0199 C0       		.byte	-64
 439 019a C8       		.byte	-56
 440 019b 25       		.byte	37
 441 019c C9       		.byte	-55
 442 019d FF       		.byte	-1
 443 019e CA       		.byte	-54
 444 019f FF       		.byte	-1
 445 01a0 CB       		.byte	-53
 446 01a1 FF       		.byte	-1
 447 01a2 CE       		.byte	-50
 448 01a3 F0       		.byte	-16
 449 01a4 CF       		.byte	-49
 450 01a5 44       		.byte	68
 451 01a6 D0       		.byte	-48
 452 01a7 0C       		.byte	12
 453 01a8 D4       		.byte	-44
 454 01a9 01       		.byte	1
 455 01aa D6       		.byte	-42
 456 01ab 04       		.byte	4
ARM GAS  C:\Users\zakis\AppData\Local\Temp\ccwkKr0R.s 			page 9


 457 01ac D8       		.byte	-40
 458 01ad 04       		.byte	4
 459 01ae D9       		.byte	-39
 460 01af 04       		.byte	4
 461 01b0 DA       		.byte	-38
 462 01b1 04       		.byte	4
 463 01b2 DB       		.byte	-37
 464 01b3 04       		.byte	4
 465 01b4 DF       		.byte	-33
 466 01b5 01       		.byte	1
 467 01b6 E6       		.byte	-26
 468 01b7 C0       		.byte	-64
 469 01b8 EA       		.byte	-22
 470 01b9 40       		.byte	64
 471 01ba EB       		.byte	-21
 472 01bb 02       		.byte	2
 473 01bc 00       		.byte	0
 474 01bd 85       		.byte	-123
 475 01be 03       		.byte	3
 476 01bf 08       		.byte	8
 477 01c0 04       		.byte	4
 478 01c1 01       		.byte	1
 479 01c2 05       		.byte	5
 480 01c3 18       		.byte	24
 481 01c4 06       		.byte	6
 482 01c5 80       		.byte	-128
 483 01c6 07       		.byte	7
 484 01c7 01       		.byte	1
 485 01c8 0A       		.byte	10
 486 01c9 20       		.byte	32
 487 01ca 0C       		.byte	12
 488 01cb 04       		.byte	4
 489 01cc 0E       		.byte	14
 490 01cd 05       		.byte	5
 491 01ce 10       		.byte	16
 492 01cf 84       		.byte	-124
 493 01d0 11       		.byte	17
 494 01d1 04       		.byte	4
 495 01d2 14       		.byte	20
 496 01d3 40       		.byte	64
 497 01d4 15       		.byte	21
 498 01d5 16       		.byte	22
 499 01d6 16       		.byte	22
 500 01d7 01       		.byte	1
 501 01d8 19       		.byte	25
 502 01d9 21       		.byte	33
 503 01da 1B       		.byte	27
 504 01db 0A       		.byte	10
 505 01dc 1C       		.byte	28
 506 01dd 04       		.byte	4
 507 01de 1D       		.byte	29
 508 01df 10       		.byte	16
 509 01e0 1E       		.byte	30
 510 01e1 41       		.byte	65
 511 01e2 20       		.byte	32
 512 01e3 80       		.byte	-128
 513 01e4 21       		.byte	33
ARM GAS  C:\Users\zakis\AppData\Local\Temp\ccwkKr0R.s 			page 10


 514 01e5 19       		.byte	25
 515 01e6 25       		.byte	37
 516 01e7 01       		.byte	1
 517 01e8 26       		.byte	38
 518 01e9 08       		.byte	8
 519 01ea 27       		.byte	39
 520 01eb 09       		.byte	9
 521 01ec 28       		.byte	40
 522 01ed 44       		.byte	68
 523 01ee 29       		.byte	41
 524 01ef 20       		.byte	32
 525 01f0 2D       		.byte	45
 526 01f1 09       		.byte	9
 527 01f2 2F       		.byte	47
 528 01f3 86       		.byte	-122
 529 01f4 30       		.byte	48
 530 01f5 90       		.byte	-112
 531 01f6 31       		.byte	49
 532 01f7 10       		.byte	16
 533 01f8 36       		.byte	54
 534 01f9 14       		.byte	20
 535 01fa 37       		.byte	55
 536 01fb 01       		.byte	1
 537 01fc 38       		.byte	56
 538 01fd 08       		.byte	8
 539 01fe 39       		.byte	57
 540 01ff 24       		.byte	36
 541 0200 3D       		.byte	61
 542 0201 10       		.byte	16
 543 0202 3E       		.byte	62
 544 0203 04       		.byte	4
 545 0204 41       		.byte	65
 546 0205 08       		.byte	8
 547 0206 44       		.byte	68
 548 0207 14       		.byte	20
 549 0208 48       		.byte	72
 550 0209 80       		.byte	-128
 551 020a 4C       		.byte	76
 552 020b 04       		.byte	4
 553 020c 4E       		.byte	78
 554 020d 10       		.byte	16
 555 020e 50       		.byte	80
 556 020f 04       		.byte	4
 557 0210 56       		.byte	86
 558 0211 03       		.byte	3
 559 0212 57       		.byte	87
 560 0213 80       		.byte	-128
 561 0214 5C       		.byte	92
 562 0215 20       		.byte	32
 563 0216 5D       		.byte	93
 564 0217 01       		.byte	1
 565 0218 5E       		.byte	94
 566 0219 40       		.byte	64
 567 021a 5F       		.byte	95
 568 021b 08       		.byte	8
 569 021c 67       		.byte	103
 570 021d 40       		.byte	64
ARM GAS  C:\Users\zakis\AppData\Local\Temp\ccwkKr0R.s 			page 11


 571 021e 87       		.byte	-121
 572 021f 40       		.byte	64
 573 0220 89       		.byte	-119
 574 0221 18       		.byte	24
 575 0222 8A       		.byte	-118
 576 0223 80       		.byte	-128
 577 0224 8C       		.byte	-116
 578 0225 20       		.byte	32
 579 0226 8E       		.byte	-114
 580 0227 02       		.byte	2
 581 0228 91       		.byte	-111
 582 0229 10       		.byte	16
 583 022a 92       		.byte	-110
 584 022b 04       		.byte	4
 585 022c 93       		.byte	-109
 586 022d 08       		.byte	8
 587 022e 96       		.byte	-106
 588 022f 01       		.byte	1
 589 0230 9D       		.byte	-99
 590 0231 09       		.byte	9
 591 0232 9F       		.byte	-97
 592 0233 01       		.byte	1
 593 0234 A2       		.byte	-94
 594 0235 14       		.byte	20
 595 0236 A5       		.byte	-91
 596 0237 01       		.byte	1
 597 0238 A6       		.byte	-90
 598 0239 08       		.byte	8
 599 023a A7       		.byte	-89
 600 023b 08       		.byte	8
 601 023c B0       		.byte	-80
 602 023d 01       		.byte	1
 603 023e C0       		.byte	-64
 604 023f FF       		.byte	-1
 605 0240 C2       		.byte	-62
 606 0241 E4       		.byte	-28
 607 0242 C4       		.byte	-60
 608 0243 FE       		.byte	-2
 609 0244 CA       		.byte	-54
 610 0245 F5       		.byte	-11
 611 0246 CC       		.byte	-52
 612 0247 EC       		.byte	-20
 613 0248 CE       		.byte	-50
 614 0249 66       		.byte	102
 615 024a D0       		.byte	-48
 616 024b 62       		.byte	98
 617 024c D2       		.byte	-46
 618 024d 20       		.byte	32
 619 024e D6       		.byte	-42
 620 024f F0       		.byte	-16
 621 0250 D8       		.byte	-40
 622 0251 80       		.byte	-128
 623 0252 32       		.byte	50
 624 0253 40       		.byte	64
 625 0254 36       		.byte	54
 626 0255 20       		.byte	32
 627 0256 CC       		.byte	-52
ARM GAS  C:\Users\zakis\AppData\Local\Temp\ccwkKr0R.s 			page 12


 628 0257 30       		.byte	48
 629 0258 96       		.byte	-106
 630 0259 80       		.byte	-128
 631 025a A6       		.byte	-90
 632 025b 20       		.byte	32
 633 025c 96       		.byte	-106
 634 025d 80       		.byte	-128
 635 025e A6       		.byte	-90
 636 025f 20       		.byte	32
 637 0260 96       		.byte	-106
 638 0261 80       		.byte	-128
 639 0262 A6       		.byte	-90
 640 0263 20       		.byte	32
 641 0264 82       		.byte	-126
 642 0265 40       		.byte	64
 643 0266 96       		.byte	-106
 644 0267 80       		.byte	-128
 645 0268 A6       		.byte	-90
 646 0269 20       		.byte	32
 647 026a E6       		.byte	-26
 648 026b 80       		.byte	-128
 649 026c 86       		.byte	-122
 650 026d 20       		.byte	32
 651 026e A6       		.byte	-90
 652 026f 20       		.byte	32
 653 0270 E6       		.byte	-26
 654 0271 40       		.byte	64
 655 0272 10       		.byte	16
 656 0273 40       		.byte	64
 657 0274 75       		.byte	117
 658 0275 02       		.byte	2
 659 0276 88       		.byte	-120
 660 0277 40       		.byte	64
 661 0278 99       		.byte	-103
 662 0279 02       		.byte	2
 663 027a B1       		.byte	-79
 664 027b 02       		.byte	2
 665 027c C4       		.byte	-60
 666 027d 08       		.byte	8
 667 027e DE       		.byte	-34
 668 027f 04       		.byte	4
 669 0280 E2       		.byte	-30
 670 0281 01       		.byte	1
 671 0282 E8       		.byte	-24
 672 0283 01       		.byte	1
 673 0284 10       		.byte	16
 674 0285 01       		.byte	1
 675 0286 1C       		.byte	28
 676 0287 01       		.byte	1
 677 0288 00       		.byte	0
 678 0289 0F       		.byte	15
 679 028a 00       		.byte	0
 680 028b 00       		.byte	0
 681 028c 80       		.byte	-128
 682 028d 80       		.byte	-128
 683 028e 00       		.byte	0
 684 028f 00       		.byte	0
ARM GAS  C:\Users\zakis\AppData\Local\Temp\ccwkKr0R.s 			page 13


 685 0290 40       		.byte	64
 686 0291 00       		.byte	0
 687 0292 00       		.byte	0
 688 0293 00       		.byte	0
 689 0294 3F       		.byte	63
 690 0295 10       		.byte	16
 691 0296 00       		.byte	0
 692 0297 00       		.byte	0
 693 0298 01       		.byte	1
 694 0299 08       		.byte	8
 695 029a 80       		.byte	-128
 696 029b 00       		.byte	0
 697 029c 1F       		.byte	31
 698 029d 18       		.byte	24
 699 029e 20       		.byte	32
 700 029f 00       		.byte	0
 701 02a0 08       		.byte	8
 702 02a1 00       		.byte	0
 703 02a2 00       		.byte	0
 704 02a3 E3       		.byte	-29
 705 02a4 00       		.byte	0
 706 02a5 80       		.byte	-128
 707 02a6 23       		.byte	35
 708 02a7 00       		.byte	0
 709 02a8 1C       		.byte	28
 710 02a9 00       		.byte	0
 711 02aa 23       		.byte	35
 712 02ab 04       		.byte	4
 713 02ac 33       		.byte	51
 714 02ad 3C       		.byte	60
 715 02ae 0C       		.byte	12
 716 02af C2       		.byte	-62
 717 02b0 03       		.byte	3
 718 02b1 E7       		.byte	-25
 719 02b2 40       		.byte	64
 720 02b3 18       		.byte	24
 721 02b4 02       		.byte	2
 722 02b5 C0       		.byte	-64
 723 02b6 80       		.byte	-128
 724 02b7 00       		.byte	0
 725 02b8 04       		.byte	4
 726 02b9 44       		.byte	68
 727 02ba 00       		.byte	0
 728 02bb 00       		.byte	0
 729 02bc 0C       		.byte	12
 730 02bd 1C       		.byte	28
 731 02be 00       		.byte	0
 732 02bf E1       		.byte	-31
 733 02c0 00       		.byte	0
 734 02c1 FF       		.byte	-1
 735 02c2 00       		.byte	0
 736 02c3 00       		.byte	0
 737 02c4 10       		.byte	16
 738 02c5 00       		.byte	0
 739 02c6 2C       		.byte	44
 740 02c7 38       		.byte	56
 741 02c8 0F       		.byte	15
ARM GAS  C:\Users\zakis\AppData\Local\Temp\ccwkKr0R.s 			page 14


 742 02c9 1F       		.byte	31
 743 02ca C0       		.byte	-64
 744 02cb C0       		.byte	-64
 745 02cc 00       		.byte	0
 746 02cd 00       		.byte	0
 747 02ce 28       		.byte	40
 748 02cf 20       		.byte	32
 749 02d0 00       		.byte	0
 750 02d1 00       		.byte	0
 751 02d2 41       		.byte	65
 752 02d3 00       		.byte	0
 753 02d4 25       		.byte	37
 754 02d5 04       		.byte	4
 755 02d6 03       		.byte	3
 756 02d7 00       		.byte	0
 757 02d8 01       		.byte	1
 758 02d9 00       		.byte	0
 759 02da C0       		.byte	-64
 760 02db 0E       		.byte	14
 761 02dc 18       		.byte	24
 762 02dd FF       		.byte	-1
 763 02de FF       		.byte	-1
 764 02df FF       		.byte	-1
 765 02e0 62       		.byte	98
 766 02e1 A0       		.byte	-96
 767 02e2 F0       		.byte	-16
 768 02e3 41       		.byte	65
 769 02e4 0C       		.byte	12
 770 02e5 00       		.byte	0
 771 02e6 00       		.byte	0
 772 02e7 00       		.byte	0
 773 02e8 00       		.byte	0
 774 02e9 00       		.byte	0
 775 02ea 02       		.byte	2
 776 02eb 10       		.byte	16
 777 02ec 04       		.byte	4
 778 02ed 04       		.byte	4
 779 02ee 04       		.byte	4
 780 02ef 04       		.byte	4
 781 02f0 00       		.byte	0
 782 02f1 00       		.byte	0
 783 02f2 00       		.byte	0
 784 02f3 01       		.byte	1
 785 02f4 00       		.byte	0
 786 02f5 00       		.byte	0
 787 02f6 00       		.byte	0
 788 02f7 00       		.byte	0
 789 02f8 00       		.byte	0
 790 02f9 00       		.byte	0
 791 02fa 40       		.byte	64
 792 02fb 02       		.byte	2
 793 02fc 00       		.byte	0
 794 02fd 10       		.byte	16
 795 02fe 30       		.byte	48
 796 02ff 10       		.byte	16
 797 0300 00       		.byte	0
 798 0301 10       		.byte	16
ARM GAS  C:\Users\zakis\AppData\Local\Temp\ccwkKr0R.s 			page 15


 799 0302 10       		.byte	16
 800 0303 12       		.byte	18
 801 0304 00       		.byte	0
 802 0305 00       		.byte	0
 803 0306 00       		.byte	0
 804 0307 00       		.byte	0
 805 0308 00       		.byte	0
 806 0309 00       		.byte	0
 807 030a 00       		.byte	0
 808 030b 00       		.byte	0
 809 030c 00       		.byte	0
 810 030d 00       		.byte	0
 811 030e 00       		.byte	0
 812 030f 00       		.byte	0
 813 0310 00       		.byte	0
 814 0311 00       		.byte	0
 815 0312 00       		.byte	0
 816 0313 00       		.byte	0
 817 0314 80       		.byte	-128
 818 0315 00       		.byte	0
 819 0316 40       		.byte	64
 820 0317 80       		.byte	-128
 821 0318 80       		.byte	-128
 822 0319 00       		.byte	0
 823 031a 80       		.byte	-128
 824 031b 00       		.byte	0
 825 031c 00       		.byte	0
 826 031d 00       		.byte	0
 827 031e 00       		.byte	0
 828 031f 00       		.byte	0
 829 0320 00       		.byte	0
 830 0321 0B       		.byte	11
 831 0322 0B       		.byte	11
 832 0323 00       		.byte	0
 833 0324 00       		.byte	0
 834 0325 00       		.byte	0
 835 0326 00       		.byte	0
 836 0327 00       		.byte	0
 837              		.section	.cywolatch,"a",%progbits
 838              		.align	2
 839              		.type	cy_meta_wonvl, %object
 840              		.size	cy_meta_wonvl, 4
 841              	cy_meta_wonvl:
 842 0000 BC       		.byte	-68
 843 0001 90       		.byte	-112
 844 0002 AC       		.byte	-84
 845 0003 AF       		.byte	-81
 846              		.section	.cycustnvl,"a",%progbits
 847              		.align	2
 848              		.type	cy_meta_custnvl, %object
 849              		.size	cy_meta_custnvl, 4
 850              	cy_meta_custnvl:
 851 0000 00       		.byte	0
 852 0001 00       		.byte	0
 853 0002 40       		.byte	64
 854 0003 05       		.byte	5
 855              		.section	.cymeta,"a",%progbits
ARM GAS  C:\Users\zakis\AppData\Local\Temp\ccwkKr0R.s 			page 16


 856              		.align	2
 857              		.type	cy_metadata, %object
 858              		.size	cy_metadata, 12
 859              	cy_metadata:
 860 0000 00       		.byte	0
 861 0001 01       		.byte	1
 862 0002 2E       		.byte	46
 863 0003 16       		.byte	22
 864 0004 10       		.byte	16
 865 0005 69       		.byte	105
 866 0006 00       		.byte	0
 867 0007 01       		.byte	1
 868 0008 00       		.byte	0
 869 0009 00       		.byte	0
 870 000a 00       		.byte	0
 871 000b 00       		.byte	0
 872              		.section	.cyflashprotect,"a",%progbits
 873              		.align	2
 874              		.type	cy_meta_flashprotect, %object
 875              		.size	cy_meta_flashprotect, 256
 876              	cy_meta_flashprotect:
 877 0000 00000000 		.space	256
 877      00000000 
 877      00000000 
 877      00000000 
 877      00000000 
 878              		.text
 879              	.Letext0:
 880              		.file 1 "c:\\program files (x86)\\cypress\\psoc creator\\4.4\\psoc creator\\import\\gnu\\arm\\5.4.
 881              		.file 2 "c:\\program files (x86)\\cypress\\psoc creator\\4.4\\psoc creator\\import\\gnu\\arm\\5.4.
 882              		.file 3 "Generated_Source\\PSoC5\\cymetadata.c"
 883              		.section	.debug_info,"",%progbits
 884              	.Ldebug_info0:
 885 0000 31010000 		.4byte	0x131
 886 0004 0400     		.2byte	0x4
 887 0006 00000000 		.4byte	.Ldebug_abbrev0
 888 000a 04       		.byte	0x4
 889 000b 01       		.uleb128 0x1
 890 000c 76000000 		.4byte	.LASF17
 891 0010 0C       		.byte	0xc
 892 0011 D0010000 		.4byte	.LASF18
 893 0015 0A000000 		.4byte	.LASF19
 894 0019 00000000 		.4byte	.Ldebug_line0
 895 001d 02       		.uleb128 0x2
 896 001e 01       		.byte	0x1
 897 001f 06       		.byte	0x6
 898 0020 C4010000 		.4byte	.LASF0
 899 0024 03       		.uleb128 0x3
 900 0025 00000000 		.4byte	.LASF9
 901 0029 01       		.byte	0x1
 902 002a 1D       		.byte	0x1d
 903 002b 2F000000 		.4byte	0x2f
 904 002f 02       		.uleb128 0x2
 905 0030 01       		.byte	0x1
 906 0031 08       		.byte	0x8
 907 0032 68000000 		.4byte	.LASF1
 908 0036 02       		.uleb128 0x2
ARM GAS  C:\Users\zakis\AppData\Local\Temp\ccwkKr0R.s 			page 17


 909 0037 02       		.byte	0x2
 910 0038 05       		.byte	0x5
 911 0039 B1010000 		.4byte	.LASF2
 912 003d 02       		.uleb128 0x2
 913 003e 02       		.byte	0x2
 914 003f 07       		.byte	0x7
 915 0040 16010000 		.4byte	.LASF3
 916 0044 02       		.uleb128 0x2
 917 0045 04       		.byte	0x4
 918 0046 05       		.byte	0x5
 919 0047 BB010000 		.4byte	.LASF4
 920 004b 02       		.uleb128 0x2
 921 004c 04       		.byte	0x4
 922 004d 07       		.byte	0x7
 923 004e 04010000 		.4byte	.LASF5
 924 0052 02       		.uleb128 0x2
 925 0053 08       		.byte	0x8
 926 0054 05       		.byte	0x5
 927 0055 A3010000 		.4byte	.LASF6
 928 0059 02       		.uleb128 0x2
 929 005a 08       		.byte	0x8
 930 005b 07       		.byte	0x7
 931 005c 58010000 		.4byte	.LASF7
 932 0060 04       		.uleb128 0x4
 933 0061 04       		.byte	0x4
 934 0062 05       		.byte	0x5
 935 0063 696E7400 		.ascii	"int\000"
 936 0067 02       		.uleb128 0x2
 937 0068 04       		.byte	0x4
 938 0069 07       		.byte	0x7
 939 006a 4B010000 		.4byte	.LASF8
 940 006e 03       		.uleb128 0x3
 941 006f 6F010000 		.4byte	.LASF10
 942 0073 02       		.byte	0x2
 943 0074 18       		.byte	0x18
 944 0075 24000000 		.4byte	0x24
 945 0079 05       		.uleb128 0x5
 946 007a 91000000 		.4byte	0x91
 947 007e 8A000000 		.4byte	0x8a
 948 0082 06       		.uleb128 0x6
 949 0083 8A000000 		.4byte	0x8a
 950 0087 2703     		.2byte	0x327
 951 0089 00       		.byte	0
 952 008a 02       		.uleb128 0x2
 953 008b 04       		.byte	0x4
 954 008c 07       		.byte	0x7
 955 008d 9A010000 		.4byte	.LASF11
 956 0091 07       		.uleb128 0x7
 957 0092 6E000000 		.4byte	0x6e
 958 0096 08       		.uleb128 0x8
 959 0097 39010000 		.4byte	.LASF12
 960 009b 03       		.byte	0x3
 961 009c 1F       		.byte	0x1f
 962 009d A7000000 		.4byte	0xa7
 963 00a1 05       		.uleb128 0x5
 964 00a2 03       		.byte	0x3
 965 00a3 00000000 		.4byte	cy_meta_configecc
ARM GAS  C:\Users\zakis\AppData\Local\Temp\ccwkKr0R.s 			page 18


 966 00a7 07       		.uleb128 0x7
 967 00a8 79000000 		.4byte	0x79
 968 00ac 05       		.uleb128 0x5
 969 00ad 91000000 		.4byte	0x91
 970 00b1 BC000000 		.4byte	0xbc
 971 00b5 09       		.uleb128 0x9
 972 00b6 8A000000 		.4byte	0x8a
 973 00ba 03       		.byte	0x3
 974 00bb 00       		.byte	0
 975 00bc 08       		.uleb128 0x8
 976 00bd 29010000 		.4byte	.LASF13
 977 00c1 03       		.byte	0x3
 978 00c2 91       		.byte	0x91
 979 00c3 CD000000 		.4byte	0xcd
 980 00c7 05       		.uleb128 0x5
 981 00c8 03       		.byte	0x3
 982 00c9 00000000 		.4byte	cy_meta_custnvl
 983 00cd 07       		.uleb128 0x7
 984 00ce AC000000 		.4byte	0xac
 985 00d2 08       		.uleb128 0x8
 986 00d3 8C010000 		.4byte	.LASF14
 987 00d7 03       		.byte	0x3
 988 00d8 9F       		.byte	0x9f
 989 00d9 E3000000 		.4byte	0xe3
 990 00dd 05       		.uleb128 0x5
 991 00de 03       		.byte	0x3
 992 00df 00000000 		.4byte	cy_meta_wonvl
 993 00e3 07       		.uleb128 0x7
 994 00e4 AC000000 		.4byte	0xac
 995 00e8 05       		.uleb128 0x5
 996 00e9 91000000 		.4byte	0x91
 997 00ed F8000000 		.4byte	0xf8
 998 00f1 09       		.uleb128 0x9
 999 00f2 8A000000 		.4byte	0x8a
 1000 00f6 FF       		.byte	0xff
 1001 00f7 00       		.byte	0
 1002 00f8 08       		.uleb128 0x8
 1003 00f9 77010000 		.4byte	.LASF15
 1004 00fd 03       		.byte	0x3
 1005 00fe AD       		.byte	0xad
 1006 00ff 09010000 		.4byte	0x109
 1007 0103 05       		.uleb128 0x5
 1008 0104 03       		.byte	0x3
 1009 0105 00000000 		.4byte	cy_meta_flashprotect
 1010 0109 07       		.uleb128 0x7
 1011 010a E8000000 		.4byte	0xe8
 1012 010e 05       		.uleb128 0x5
 1013 010f 91000000 		.4byte	0x91
 1014 0113 1E010000 		.4byte	0x11e
 1015 0117 09       		.uleb128 0x9
 1016 0118 8A000000 		.4byte	0x8a
 1017 011c 0B       		.byte	0xb
 1018 011d 00       		.byte	0
 1019 011e 08       		.uleb128 0x8
 1020 011f 5C000000 		.4byte	.LASF16
 1021 0123 03       		.byte	0x3
 1022 0124 DA       		.byte	0xda
ARM GAS  C:\Users\zakis\AppData\Local\Temp\ccwkKr0R.s 			page 19


 1023 0125 2F010000 		.4byte	0x12f
 1024 0129 05       		.uleb128 0x5
 1025 012a 03       		.byte	0x3
 1026 012b 00000000 		.4byte	cy_metadata
 1027 012f 07       		.uleb128 0x7
 1028 0130 0E010000 		.4byte	0x10e
 1029 0134 00       		.byte	0
 1030              		.section	.debug_abbrev,"",%progbits
 1031              	.Ldebug_abbrev0:
 1032 0000 01       		.uleb128 0x1
 1033 0001 11       		.uleb128 0x11
 1034 0002 01       		.byte	0x1
 1035 0003 25       		.uleb128 0x25
 1036 0004 0E       		.uleb128 0xe
 1037 0005 13       		.uleb128 0x13
 1038 0006 0B       		.uleb128 0xb
 1039 0007 03       		.uleb128 0x3
 1040 0008 0E       		.uleb128 0xe
 1041 0009 1B       		.uleb128 0x1b
 1042 000a 0E       		.uleb128 0xe
 1043 000b 10       		.uleb128 0x10
 1044 000c 17       		.uleb128 0x17
 1045 000d 00       		.byte	0
 1046 000e 00       		.byte	0
 1047 000f 02       		.uleb128 0x2
 1048 0010 24       		.uleb128 0x24
 1049 0011 00       		.byte	0
 1050 0012 0B       		.uleb128 0xb
 1051 0013 0B       		.uleb128 0xb
 1052 0014 3E       		.uleb128 0x3e
 1053 0015 0B       		.uleb128 0xb
 1054 0016 03       		.uleb128 0x3
 1055 0017 0E       		.uleb128 0xe
 1056 0018 00       		.byte	0
 1057 0019 00       		.byte	0
 1058 001a 03       		.uleb128 0x3
 1059 001b 16       		.uleb128 0x16
 1060 001c 00       		.byte	0
 1061 001d 03       		.uleb128 0x3
 1062 001e 0E       		.uleb128 0xe
 1063 001f 3A       		.uleb128 0x3a
 1064 0020 0B       		.uleb128 0xb
 1065 0021 3B       		.uleb128 0x3b
 1066 0022 0B       		.uleb128 0xb
 1067 0023 49       		.uleb128 0x49
 1068 0024 13       		.uleb128 0x13
 1069 0025 00       		.byte	0
 1070 0026 00       		.byte	0
 1071 0027 04       		.uleb128 0x4
 1072 0028 24       		.uleb128 0x24
 1073 0029 00       		.byte	0
 1074 002a 0B       		.uleb128 0xb
 1075 002b 0B       		.uleb128 0xb
 1076 002c 3E       		.uleb128 0x3e
 1077 002d 0B       		.uleb128 0xb
 1078 002e 03       		.uleb128 0x3
 1079 002f 08       		.uleb128 0x8
ARM GAS  C:\Users\zakis\AppData\Local\Temp\ccwkKr0R.s 			page 20


 1080 0030 00       		.byte	0
 1081 0031 00       		.byte	0
 1082 0032 05       		.uleb128 0x5
 1083 0033 01       		.uleb128 0x1
 1084 0034 01       		.byte	0x1
 1085 0035 49       		.uleb128 0x49
 1086 0036 13       		.uleb128 0x13
 1087 0037 01       		.uleb128 0x1
 1088 0038 13       		.uleb128 0x13
 1089 0039 00       		.byte	0
 1090 003a 00       		.byte	0
 1091 003b 06       		.uleb128 0x6
 1092 003c 21       		.uleb128 0x21
 1093 003d 00       		.byte	0
 1094 003e 49       		.uleb128 0x49
 1095 003f 13       		.uleb128 0x13
 1096 0040 2F       		.uleb128 0x2f
 1097 0041 05       		.uleb128 0x5
 1098 0042 00       		.byte	0
 1099 0043 00       		.byte	0
 1100 0044 07       		.uleb128 0x7
 1101 0045 26       		.uleb128 0x26
 1102 0046 00       		.byte	0
 1103 0047 49       		.uleb128 0x49
 1104 0048 13       		.uleb128 0x13
 1105 0049 00       		.byte	0
 1106 004a 00       		.byte	0
 1107 004b 08       		.uleb128 0x8
 1108 004c 34       		.uleb128 0x34
 1109 004d 00       		.byte	0
 1110 004e 03       		.uleb128 0x3
 1111 004f 0E       		.uleb128 0xe
 1112 0050 3A       		.uleb128 0x3a
 1113 0051 0B       		.uleb128 0xb
 1114 0052 3B       		.uleb128 0x3b
 1115 0053 0B       		.uleb128 0xb
 1116 0054 49       		.uleb128 0x49
 1117 0055 13       		.uleb128 0x13
 1118 0056 3F       		.uleb128 0x3f
 1119 0057 19       		.uleb128 0x19
 1120 0058 02       		.uleb128 0x2
 1121 0059 18       		.uleb128 0x18
 1122 005a 00       		.byte	0
 1123 005b 00       		.byte	0
 1124 005c 09       		.uleb128 0x9
 1125 005d 21       		.uleb128 0x21
 1126 005e 00       		.byte	0
 1127 005f 49       		.uleb128 0x49
 1128 0060 13       		.uleb128 0x13
 1129 0061 2F       		.uleb128 0x2f
 1130 0062 0B       		.uleb128 0xb
 1131 0063 00       		.byte	0
 1132 0064 00       		.byte	0
 1133 0065 00       		.byte	0
 1134              		.section	.debug_aranges,"",%progbits
 1135 0000 14000000 		.4byte	0x14
 1136 0004 0200     		.2byte	0x2
ARM GAS  C:\Users\zakis\AppData\Local\Temp\ccwkKr0R.s 			page 21


 1137 0006 00000000 		.4byte	.Ldebug_info0
 1138 000a 04       		.byte	0x4
 1139 000b 00       		.byte	0
 1140 000c 0000     		.2byte	0
 1141 000e 0000     		.2byte	0
 1142 0010 00000000 		.4byte	0
 1143 0014 00000000 		.4byte	0
 1144              		.section	.debug_line,"",%progbits
 1145              	.Ldebug_line0:
 1146 0000 3D010000 		.section	.debug_str,"MS",%progbits,1
 1146      02003701 
 1146      00000201 
 1146      FB0E0D00 
 1146      01010101 
 1147              	.LASF9:
 1148 0000 5F5F7569 		.ascii	"__uint8_t\000"
 1148      6E74385F 
 1148      7400
 1149              	.LASF19:
 1150 000a 433A5C55 		.ascii	"C:\\Users\\zakis\\Documents\\EAA\\RTE_Gaspedal_Watc"
 1150      73657273 
 1150      5C7A616B 
 1150      69735C44 
 1150      6F63756D 
 1151 0038 68646F67 		.ascii	"hdog\\LabOne\\Gaspedal_Watchdog.cydsn\000"
 1151      5C4C6162 
 1151      4F6E655C 
 1151      47617370 
 1151      6564616C 
 1152              	.LASF16:
 1153 005c 63795F6D 		.ascii	"cy_metadata\000"
 1153      65746164 
 1153      61746100 
 1154              	.LASF1:
 1155 0068 756E7369 		.ascii	"unsigned char\000"
 1155      676E6564 
 1155      20636861 
 1155      7200
 1156              	.LASF17:
 1157 0076 474E5520 		.ascii	"GNU C11 5.4.1 20160609 (release) [ARM/embedded-5-br"
 1157      43313120 
 1157      352E342E 
 1157      31203230 
 1157      31363036 
 1158 00a9 616E6368 		.ascii	"anch revision 237715] -mcpu=cortex-m3 -mthumb -g -O"
 1158      20726576 
 1158      6973696F 
 1158      6E203233 
 1158      37373135 
 1159 00dc 67202D66 		.ascii	"g -ffunction-sections -ffat-lto-objects\000"
 1159      66756E63 
 1159      74696F6E 
 1159      2D736563 
 1159      74696F6E 
 1160              	.LASF5:
 1161 0104 6C6F6E67 		.ascii	"long unsigned int\000"
 1161      20756E73 
ARM GAS  C:\Users\zakis\AppData\Local\Temp\ccwkKr0R.s 			page 22


 1161      69676E65 
 1161      6420696E 
 1161      7400
 1162              	.LASF3:
 1163 0116 73686F72 		.ascii	"short unsigned int\000"
 1163      7420756E 
 1163      7369676E 
 1163      65642069 
 1163      6E7400
 1164              	.LASF13:
 1165 0129 63795F6D 		.ascii	"cy_meta_custnvl\000"
 1165      6574615F 
 1165      63757374 
 1165      6E766C00 
 1166              	.LASF12:
 1167 0139 63795F6D 		.ascii	"cy_meta_configecc\000"
 1167      6574615F 
 1167      636F6E66 
 1167      69676563 
 1167      6300
 1168              	.LASF8:
 1169 014b 756E7369 		.ascii	"unsigned int\000"
 1169      676E6564 
 1169      20696E74 
 1169      00
 1170              	.LASF7:
 1171 0158 6C6F6E67 		.ascii	"long long unsigned int\000"
 1171      206C6F6E 
 1171      6720756E 
 1171      7369676E 
 1171      65642069 
 1172              	.LASF10:
 1173 016f 75696E74 		.ascii	"uint8_t\000"
 1173      385F7400 
 1174              	.LASF15:
 1175 0177 63795F6D 		.ascii	"cy_meta_flashprotect\000"
 1175      6574615F 
 1175      666C6173 
 1175      6870726F 
 1175      74656374 
 1176              	.LASF14:
 1177 018c 63795F6D 		.ascii	"cy_meta_wonvl\000"
 1177      6574615F 
 1177      776F6E76 
 1177      6C00
 1178              	.LASF11:
 1179 019a 73697A65 		.ascii	"sizetype\000"
 1179      74797065 
 1179      00
 1180              	.LASF6:
 1181 01a3 6C6F6E67 		.ascii	"long long int\000"
 1181      206C6F6E 
 1181      6720696E 
 1181      7400
 1182              	.LASF2:
 1183 01b1 73686F72 		.ascii	"short int\000"
 1183      7420696E 
ARM GAS  C:\Users\zakis\AppData\Local\Temp\ccwkKr0R.s 			page 23


 1183      7400
 1184              	.LASF4:
 1185 01bb 6C6F6E67 		.ascii	"long int\000"
 1185      20696E74 
 1185      00
 1186              	.LASF0:
 1187 01c4 7369676E 		.ascii	"signed char\000"
 1187      65642063 
 1187      68617200 
 1188              	.LASF18:
 1189 01d0 47656E65 		.ascii	"Generated_Source\\PSoC5\\cymetadata.c\000"
 1189      72617465 
 1189      645F536F 
 1189      75726365 
 1189      5C50536F 
 1190              		.ident	"GCC: (GNU Tools for ARM Embedded Processors) 5.4.1 20160609 (release) [ARM/embedded-5-bran
