ARM GAS  C:\Users\zakis\AppData\Local\Temp\ccXELNHu.s 			page 1


   1              		.syntax unified
   2              		.cpu cortex-m3
   3              		.fpu softvfp
   4              		.eabi_attribute 20, 1
   5              		.eabi_attribute 21, 1
   6              		.eabi_attribute 23, 3
   7              		.eabi_attribute 24, 1
   8              		.eabi_attribute 25, 1
   9              		.eabi_attribute 26, 1
  10              		.eabi_attribute 30, 1
  11              		.eabi_attribute 34, 1
  12              		.eabi_attribute 18, 4
  13              		.thumb
  14              		.syntax unified
  15              		.file	"ErikaOS_1_eecfg.c"
  16              		.text
  17              	.Ltext0:
  18              		.cfi_sections	.debug_frame
  19              		.global	EE_oo_autostart_task_data
  20              		.comm	EE_ApplicationMode,4,4
  21              		.global	EE_oo_action_ROM
  22              		.comm	EE_oo_counter_object_RAM,32,4
  23              		.global	EE_oo_counter_object_ROM
  24              		.global	EE_ALARM_ID
  25              		.global	EE_ALARM_NAME
  26              		.global	EE_alarm_ROM
  27              		.global	EE_counter_RAM
  28              		.global	EE_counter_ROM
  29              		.global	EE_th_is_extended
  30              		.global	EE_th_waswaiting
  31              		.global	EE_th_event_waitmask
  32              		.global	EE_th_event_active
  33              		.global	EE_th_terminate_nextask
  34              		.global	EE_rq_free
  35              		.comm	EE_rq_pairs_tid,20,4
  36              		.global	EE_rq_pairs_next
  37              		.global	EE_rq_link
  38              		.global	EE_th_rnact_max
  39              		.global	EE_th_rnact
  40              		.global	EE_rq_bitmask
  41              		.global	EE_rq_queues_tail
  42              		.global	EE_rq_queues_head
  43              		.global	EE_sys_ceiling
  44              		.global	EE_stkfirst
  45              		.global	EE_th_next
  46              		.global	EE_th_status
  47              		.global	EE_th_dispatch_prio
  48              		.global	EE_EVENT_ID
  49              		.global	EE_EVENT_NAME
  50              		.global	EE_TASK_NAME
  51              		.global	EE_th_ready_prio
  52              		.global	EE_terminate_real_th_body
  53              		.comm	EE_terminate_data,20,4
  54              		.global	EE_hal_thread_body
  55              		.global	EE_cortex_mx_IRQ_tos
  56              		.global	EE_cortex_mx_active_tos
  57              		.global	EE_cortex_mx_system_tos
ARM GAS  C:\Users\zakis\AppData\Local\Temp\ccXELNHu.s 			page 2


  58              		.global	EE_std_thread_tos
  59              		.comm	EE_cortex_mx_stack_9,512,4
  60              		.comm	EE_cortex_mx_stack_5,1000,4
  61              		.comm	EE_cortex_mx_stack_4,1000,4
  62              		.comm	EE_cortex_mx_stack_3,1000,4
  63              		.section	.rodata
  64              		.align	2
  65              		.type	EE_oo_autostart_task_data, %object
  66              		.size	EE_oo_autostart_task_data, 8
  67              	EE_oo_autostart_task_data:
  68 0000 01000000 		.word	1
  69 0004 08000000 		.word	EE_oo_autostart_task_mode_OSDEFAULTAPPMODE
  70              		.type	EE_oo_autostart_task_mode_OSDEFAULTAPPMODE, %object
  71              		.size	EE_oo_autostart_task_mode_OSDEFAULTAPPMODE, 4
  72              	EE_oo_autostart_task_mode_OSDEFAULTAPPMODE:
  73 0008 00000000 		.space	4
  74              		.type	EE_oo_action_ROM, %object
  75              		.size	EE_oo_action_ROM, 40
  76              	EE_oo_action_ROM:
  77 000c 00       		.byte	0
  78 000d 000000   		.space	3
  79 0010 04000000 		.word	4
  80 0014 00000000 		.word	0
  81 0018 00000000 		.word	0
  82 001c FFFFFFFF 		.word	-1
  83 0020 00       		.byte	0
  84 0021 000000   		.space	3
  85 0024 02000000 		.word	2
  86 0028 00000000 		.word	0
  87 002c 00000000 		.word	0
  88 0030 FFFFFFFF 		.word	-1
  89              		.type	EE_oo_counter_object_ROM, %object
  90              		.size	EE_oo_counter_object_ROM, 24
  91              	EE_oo_counter_object_ROM:
  92 0034 00000000 		.word	0
  93 0038 00000000 		.word	0
  94 003c 00       		.byte	0
  95 003d 000000   		.space	3
  96 0040 00000000 		.word	0
  97 0044 01000000 		.word	1
  98 0048 00       		.byte	0
  99 0049 000000   		.space	3
 100              		.type	EE_ALARM_ID, %object
 101              		.size	EE_ALARM_ID, 8
 102              	EE_ALARM_ID:
 103 004c 00000000 		.word	0
 104 0050 01000000 		.word	1
 105              		.type	EE_alarm_ROM, %object
 106              		.size	EE_alarm_ROM, 8
 107              	EE_alarm_ROM:
 108 0054 00000000 		.word	0
 109 0058 01000000 		.word	1
 110              		.type	EE_counter_ROM, %object
 111              		.size	EE_counter_ROM, 12
 112              	EE_counter_ROM:
 113 005c 10270000 		.word	10000
 114 0060 01000000 		.word	1
ARM GAS  C:\Users\zakis\AppData\Local\Temp\ccXELNHu.s 			page 3


 115 0064 00000000 		.word	0
 116              		.type	EE_th_is_extended, %object
 117              		.size	EE_th_is_extended, 20
 118              	EE_th_is_extended:
 119 0068 00000000 		.word	0
 120 006c 00000000 		.word	0
 121 0070 01000000 		.word	1
 122 0074 01000000 		.word	1
 123 0078 00000000 		.word	0
 124              		.type	EE_th_rnact_max, %object
 125              		.size	EE_th_rnact_max, 20
 126              	EE_th_rnact_max:
 127 007c 01000000 		.word	1
 128 0080 01000000 		.word	1
 129 0084 01000000 		.word	1
 130 0088 01000000 		.word	1
 131 008c 01000000 		.word	1
 132              		.type	EE_th_dispatch_prio, %object
 133              		.size	EE_th_dispatch_prio, 20
 134              	EE_th_dispatch_prio:
 135 0090 80000000 		.word	128
 136 0094 02000000 		.word	2
 137 0098 04000000 		.word	4
 138 009c 08000000 		.word	8
 139 00a0 10000000 		.word	16
 140              		.type	EE_EVENT_ID, %object
 141              		.size	EE_EVENT_ID, 8
 142              	EE_EVENT_ID:
 143 00a4 01000000 		.word	1
 144 00a8 02000000 		.word	2
 145              		.type	EE_th_ready_prio, %object
 146              		.size	EE_th_ready_prio, 20
 147              	EE_th_ready_prio:
 148 00ac 01000000 		.word	1
 149 00b0 02000000 		.word	2
 150 00b4 04000000 		.word	4
 151 00b8 08000000 		.word	8
 152 00bc 10000000 		.word	16
 153              		.type	EE_terminate_real_th_body, %object
 154              		.size	EE_terminate_real_th_body, 20
 155              	EE_terminate_real_th_body:
 156 00c0 00000000 		.word	Functsk_init
 157 00c4 00000000 		.word	Functsk_background
 158 00c8 00000000 		.word	Functsk_output
 159 00cc 00000000 		.word	Functsk_control
 160 00d0 00000000 		.word	Functsk_input
 161              		.type	EE_hal_thread_body, %object
 162              		.size	EE_hal_thread_body, 20
 163              	EE_hal_thread_body:
 164 00d4 00000000 		.word	EE_oo_thread_stub
 165 00d8 00000000 		.word	EE_oo_thread_stub
 166 00dc 00000000 		.word	EE_oo_thread_stub
 167 00e0 00000000 		.word	EE_oo_thread_stub
 168 00e4 00000000 		.word	EE_oo_thread_stub
 169              		.type	EE_std_thread_tos, %object
 170              		.size	EE_std_thread_tos, 24
 171              	EE_std_thread_tos:
ARM GAS  C:\Users\zakis\AppData\Local\Temp\ccXELNHu.s 			page 4


 172 00e8 00000000 		.word	0
 173 00ec 00000000 		.word	0
 174 00f0 00000000 		.word	0
 175 00f4 01000000 		.word	1
 176 00f8 02000000 		.word	2
 177 00fc 03000000 		.word	3
 178              		.data
 179              		.align	2
 180              		.type	EE_ALARM_NAME, %object
 181              		.size	EE_ALARM_NAME, 8
 182              	EE_ALARM_NAME:
 183 0000 00000000 		.word	.LC0
 184 0004 10000000 		.word	.LC1
 185              		.type	EE_counter_RAM, %object
 186              		.size	EE_counter_RAM, 8
 187              	EE_counter_RAM:
 188 0008 00000000 		.word	0
 189 000c FFFFFFFF 		.word	-1
 190              		.type	EE_th_terminate_nextask, %object
 191              		.size	EE_th_terminate_nextask, 20
 192              	EE_th_terminate_nextask:
 193 0010 FFFFFFFF 		.word	-1
 194 0014 FFFFFFFF 		.word	-1
 195 0018 FFFFFFFF 		.word	-1
 196 001c FFFFFFFF 		.word	-1
 197 0020 FFFFFFFF 		.word	-1
 198              		.type	EE_rq_pairs_next, %object
 199              		.size	EE_rq_pairs_next, 20
 200              	EE_rq_pairs_next:
 201 0024 01000000 		.word	1
 202 0028 02000000 		.word	2
 203 002c 03000000 		.word	3
 204 0030 04000000 		.word	4
 205 0034 FFFFFFFF 		.word	-1
 206              		.type	EE_rq_link, %object
 207              		.size	EE_rq_link, 20
 208              	EE_rq_link:
 209 0038 00000000 		.word	0
 210 003c 01000000 		.word	1
 211 0040 02000000 		.word	2
 212 0044 03000000 		.word	3
 213 0048 04000000 		.word	4
 214              		.type	EE_th_rnact, %object
 215              		.size	EE_th_rnact, 20
 216              	EE_th_rnact:
 217 004c 01000000 		.word	1
 218 0050 01000000 		.word	1
 219 0054 01000000 		.word	1
 220 0058 01000000 		.word	1
 221 005c 01000000 		.word	1
 222              		.type	EE_rq_queues_tail, %object
 223              		.size	EE_rq_queues_tail, 64
 224              	EE_rq_queues_tail:
 225 0060 FFFFFFFF 		.word	-1
 226 0064 FFFFFFFF 		.word	-1
 227 0068 FFFFFFFF 		.word	-1
 228 006c FFFFFFFF 		.word	-1
ARM GAS  C:\Users\zakis\AppData\Local\Temp\ccXELNHu.s 			page 5


 229 0070 FFFFFFFF 		.word	-1
 230 0074 FFFFFFFF 		.word	-1
 231 0078 FFFFFFFF 		.word	-1
 232 007c FFFFFFFF 		.word	-1
 233 0080 FFFFFFFF 		.word	-1
 234 0084 FFFFFFFF 		.word	-1
 235 0088 FFFFFFFF 		.word	-1
 236 008c FFFFFFFF 		.word	-1
 237 0090 FFFFFFFF 		.word	-1
 238 0094 FFFFFFFF 		.word	-1
 239 0098 FFFFFFFF 		.word	-1
 240 009c FFFFFFFF 		.word	-1
 241              		.type	EE_rq_queues_head, %object
 242              		.size	EE_rq_queues_head, 64
 243              	EE_rq_queues_head:
 244 00a0 FFFFFFFF 		.word	-1
 245 00a4 FFFFFFFF 		.word	-1
 246 00a8 FFFFFFFF 		.word	-1
 247 00ac FFFFFFFF 		.word	-1
 248 00b0 FFFFFFFF 		.word	-1
 249 00b4 FFFFFFFF 		.word	-1
 250 00b8 FFFFFFFF 		.word	-1
 251 00bc FFFFFFFF 		.word	-1
 252 00c0 FFFFFFFF 		.word	-1
 253 00c4 FFFFFFFF 		.word	-1
 254 00c8 FFFFFFFF 		.word	-1
 255 00cc FFFFFFFF 		.word	-1
 256 00d0 FFFFFFFF 		.word	-1
 257 00d4 FFFFFFFF 		.word	-1
 258 00d8 FFFFFFFF 		.word	-1
 259 00dc FFFFFFFF 		.word	-1
 260              		.type	EE_stkfirst, %object
 261              		.size	EE_stkfirst, 4
 262              	EE_stkfirst:
 263 00e0 FFFFFFFF 		.word	-1
 264              		.type	EE_th_next, %object
 265              		.size	EE_th_next, 20
 266              	EE_th_next:
 267 00e4 FFFFFFFF 		.word	-1
 268 00e8 FFFFFFFF 		.word	-1
 269 00ec FFFFFFFF 		.word	-1
 270 00f0 FFFFFFFF 		.word	-1
 271 00f4 FFFFFFFF 		.word	-1
 272              		.type	EE_th_status, %object
 273              		.size	EE_th_status, 20
 274              	EE_th_status:
 275 00f8 03000000 		.word	3
 276 00fc 03000000 		.word	3
 277 0100 03000000 		.word	3
 278 0104 03000000 		.word	3
 279 0108 03000000 		.word	3
 280              		.type	EE_EVENT_NAME, %object
 281              		.size	EE_EVENT_NAME, 8
 282              	EE_EVENT_NAME:
 283 010c 1C000000 		.word	.LC2
 284 0110 30000000 		.word	.LC3
 285              		.type	EE_TASK_NAME, %object
ARM GAS  C:\Users\zakis\AppData\Local\Temp\ccXELNHu.s 			page 6


 286              		.size	EE_TASK_NAME, 20
 287              	EE_TASK_NAME:
 288 0114 40000000 		.word	.LC4
 289 0118 4C000000 		.word	.LC5
 290 011c 5C000000 		.word	.LC6
 291 0120 68000000 		.word	.LC7
 292 0124 74000000 		.word	.LC8
 293              		.type	EE_cortex_mx_IRQ_tos, %object
 294              		.size	EE_cortex_mx_IRQ_tos, 4
 295              	EE_cortex_mx_IRQ_tos:
 296 0128 00020000 		.word	EE_cortex_mx_stack_9+512
 297              		.type	EE_cortex_mx_system_tos, %object
 298              		.size	EE_cortex_mx_system_tos, 16
 299              	EE_cortex_mx_system_tos:
 300 012c 00000000 		.word	0
 301 0130 C0030000 		.word	EE_cortex_mx_stack_3+960
 302 0134 C0030000 		.word	EE_cortex_mx_stack_4+960
 303 0138 C0030000 		.word	EE_cortex_mx_stack_5+960
 304              		.section	.rodata.str1.4,"aMS",%progbits,1
 305              		.align	2
 306              	.LC0:
 307 0000 616C726D 		.ascii	"alrm_joystick\000"
 307      5F6A6F79 
 307      73746963 
 307      6B00
 308 000e 0000     		.space	2
 309              	.LC1:
 310 0010 616C726D 		.ascii	"alrm_engine\000"
 310      5F656E67 
 310      696E6500 
 311              	.LC2:
 312 001c 65765F6A 		.ascii	"ev_joystick_onData\000"
 312      6F797374 
 312      69636B5F 
 312      6F6E4461 
 312      746100
 313 002f 00       		.space	1
 314              	.LC3:
 315 0030 65765F73 		.ascii	"ev_speed_onData\000"
 315      70656564 
 315      5F6F6E44 
 315      61746100 
 316              	.LC4:
 317 0040 74736B5F 		.ascii	"tsk_init\000"
 317      696E6974 
 317      00
 318 0049 000000   		.space	3
 319              	.LC5:
 320 004c 74736B5F 		.ascii	"tsk_background\000"
 320      6261636B 
 320      67726F75 
 320      6E6400
 321 005b 00       		.space	1
 322              	.LC6:
 323 005c 74736B5F 		.ascii	"tsk_output\000"
 323      6F757470 
 323      757400
ARM GAS  C:\Users\zakis\AppData\Local\Temp\ccXELNHu.s 			page 7


 324 0067 00       		.space	1
 325              	.LC7:
 326 0068 74736B5F 		.ascii	"tsk_control\000"
 326      636F6E74 
 326      726F6C00 
 327              	.LC8:
 328 0074 74736B5F 		.ascii	"tsk_input\000"
 328      696E7075 
 328      7400
 329              		.bss
 330              		.align	2
 331              		.type	EE_th_waswaiting, %object
 332              		.size	EE_th_waswaiting, 20
 333              	EE_th_waswaiting:
 334 0000 00000000 		.space	20
 334      00000000 
 334      00000000 
 334      00000000 
 334      00000000 
 335              		.type	EE_th_event_waitmask, %object
 336              		.size	EE_th_event_waitmask, 20
 337              	EE_th_event_waitmask:
 338 0014 00000000 		.space	20
 338      00000000 
 338      00000000 
 338      00000000 
 338      00000000 
 339              		.type	EE_th_event_active, %object
 340              		.size	EE_th_event_active, 20
 341              	EE_th_event_active:
 342 0028 00000000 		.space	20
 342      00000000 
 342      00000000 
 342      00000000 
 342      00000000 
 343              		.type	EE_rq_free, %object
 344              		.size	EE_rq_free, 4
 345              	EE_rq_free:
 346 003c 00000000 		.space	4
 347              		.type	EE_rq_bitmask, %object
 348              		.size	EE_rq_bitmask, 2
 349              	EE_rq_bitmask:
 350 0040 0000     		.space	2
 351 0042 0000     		.space	2
 352              		.type	EE_sys_ceiling, %object
 353              		.size	EE_sys_ceiling, 4
 354              	EE_sys_ceiling:
 355 0044 00000000 		.space	4
 356              		.type	EE_cortex_mx_active_tos, %object
 357              		.size	EE_cortex_mx_active_tos, 4
 358              	EE_cortex_mx_active_tos:
 359 0048 00000000 		.space	4
 360              		.text
 361              	.Letext0:
 362              		.file 1 "Generated_Source\\PSoC5\\ErikaOS_1_common_ee_types.inc"
 363              		.file 2 "Generated_Source\\PSoC5\\ErikaOS_1_cortex_mx_ee_cpu.inc"
 364              		.file 3 "Generated_Source\\PSoC5\\ErikaOS_1_ee_oo_common.inc"
ARM GAS  C:\Users\zakis\AppData\Local\Temp\ccXELNHu.s 			page 8


 365              		.file 4 "Generated_Source\\PSoC5\\ErikaOS_1_common_ee_hal_structs.inc"
 366              		.file 5 "Generated_Source\\PSoC5\\ErikaOS_1_eecfg.c"
 367              		.file 6 "Generated_Source\\PSoC5\\ErikaOS_1_ee_oo_intfunc.inc"
 368              		.file 7 "Generated_Source\\PSoC5\\ErikaOS_1_cortex_mx_ee_context.inc"
 369              		.file 8 "Generated_Source\\PSoC5\\ErikaOS_1_common_ee_primitives.inc"
 370              		.section	.debug_info,"",%progbits
 371              	.Ldebug_info0:
 372 0000 B4080000 		.4byte	0x8b4
 373 0004 0400     		.2byte	0x4
 374 0006 00000000 		.4byte	.Ldebug_abbrev0
 375 000a 04       		.byte	0x4
 376 000b 01       		.uleb128 0x1
 377 000c FF040000 		.4byte	.LASF114
 378 0010 0C       		.byte	0xc
 379 0011 63070000 		.4byte	.LASF115
 380 0015 F2050000 		.4byte	.LASF116
 381 0019 00000000 		.4byte	.Ldebug_line0
 382 001d 02       		.uleb128 0x2
 383 001e 01       		.byte	0x1
 384 001f 06       		.byte	0x6
 385 0020 0F010000 		.4byte	.LASF0
 386 0024 02       		.uleb128 0x2
 387 0025 01       		.byte	0x1
 388 0026 08       		.byte	0x8
 389 0027 62040000 		.4byte	.LASF1
 390 002b 02       		.uleb128 0x2
 391 002c 02       		.byte	0x2
 392 002d 05       		.byte	0x5
 393 002e A7040000 		.4byte	.LASF2
 394 0032 02       		.uleb128 0x2
 395 0033 02       		.byte	0x2
 396 0034 07       		.byte	0x7
 397 0035 73020000 		.4byte	.LASF3
 398 0039 02       		.uleb128 0x2
 399 003a 04       		.byte	0x4
 400 003b 05       		.byte	0x5
 401 003c 96010000 		.4byte	.LASF4
 402 0040 02       		.uleb128 0x2
 403 0041 04       		.byte	0x4
 404 0042 07       		.byte	0x7
 405 0043 31020000 		.4byte	.LASF5
 406 0047 02       		.uleb128 0x2
 407 0048 08       		.byte	0x8
 408 0049 05       		.byte	0x5
 409 004a 01010000 		.4byte	.LASF6
 410 004e 02       		.uleb128 0x2
 411 004f 08       		.byte	0x8
 412 0050 07       		.byte	0x7
 413 0051 5E000000 		.4byte	.LASF7
 414 0055 03       		.uleb128 0x3
 415 0056 04       		.byte	0x4
 416 0057 05       		.byte	0x5
 417 0058 696E7400 		.ascii	"int\000"
 418 005c 02       		.uleb128 0x2
 419 005d 04       		.byte	0x4
 420 005e 07       		.byte	0x7
 421 005f F9010000 		.4byte	.LASF8
ARM GAS  C:\Users\zakis\AppData\Local\Temp\ccXELNHu.s 			page 9


 422 0063 02       		.uleb128 0x2
 423 0064 08       		.byte	0x8
 424 0065 04       		.byte	0x4
 425 0066 B0030000 		.4byte	.LASF9
 426 006a 04       		.uleb128 0x4
 427 006b 2F040000 		.4byte	.LASF10
 428 006f 01       		.byte	0x1
 429 0070 52       		.byte	0x52
 430 0071 32000000 		.4byte	0x32
 431 0075 04       		.uleb128 0x4
 432 0076 48070000 		.4byte	.LASF11
 433 007a 01       		.byte	0x1
 434 007b 53       		.byte	0x53
 435 007c 55000000 		.4byte	0x55
 436 0080 04       		.uleb128 0x4
 437 0081 3E070000 		.4byte	.LASF12
 438 0085 01       		.byte	0x1
 439 0086 54       		.byte	0x54
 440 0087 5C000000 		.4byte	0x5c
 441 008b 04       		.uleb128 0x4
 442 008c CE070000 		.4byte	.LASF13
 443 0090 01       		.byte	0x1
 444 0091 64       		.byte	0x64
 445 0092 96000000 		.4byte	0x96
 446 0096 05       		.uleb128 0x5
 447 0097 04       		.byte	0x4
 448 0098 06       		.uleb128 0x6
 449 0099 04       		.byte	0x4
 450 009a 9E000000 		.4byte	0x9e
 451 009e 07       		.uleb128 0x7
 452 009f 04       		.uleb128 0x4
 453 00a0 33030000 		.4byte	.LASF14
 454 00a4 01       		.byte	0x1
 455 00a5 70       		.byte	0x70
 456 00a6 98000000 		.4byte	0x98
 457 00aa 04       		.uleb128 0x4
 458 00ab 99050000 		.4byte	.LASF15
 459 00af 01       		.byte	0x1
 460 00b0 73       		.byte	0x73
 461 00b1 98000000 		.4byte	0x98
 462 00b5 04       		.uleb128 0x4
 463 00b6 06020000 		.4byte	.LASF16
 464 00ba 02       		.byte	0x2
 465 00bb 4D       		.byte	0x4d
 466 00bc 80000000 		.4byte	0x80
 467 00c0 04       		.uleb128 0x4
 468 00c1 D2030000 		.4byte	.LASF17
 469 00c5 02       		.byte	0x2
 470 00c6 4E       		.byte	0x4e
 471 00c7 75000000 		.4byte	0x75
 472 00cb 04       		.uleb128 0x4
 473 00cc E8070000 		.4byte	.LASF18
 474 00d0 02       		.byte	0x2
 475 00d1 4F       		.byte	0x4f
 476 00d2 80000000 		.4byte	0x80
 477 00d6 04       		.uleb128 0x4
 478 00d7 3D000000 		.4byte	.LASF19
ARM GAS  C:\Users\zakis\AppData\Local\Temp\ccXELNHu.s 			page 10


 479 00db 02       		.byte	0x2
 480 00dc 54       		.byte	0x54
 481 00dd B5000000 		.4byte	0xb5
 482 00e1 04       		.uleb128 0x4
 483 00e2 EC010000 		.4byte	.LASF20
 484 00e6 02       		.byte	0x2
 485 00e7 78       		.byte	0x78
 486 00e8 75000000 		.4byte	0x75
 487 00ec 08       		.uleb128 0x8
 488 00ed B3000000 		.4byte	.LASF61
 489 00f1 04       		.byte	0x4
 490 00f2 04       		.byte	0x4
 491 00f3 4D       		.byte	0x4d
 492 00f4 05010000 		.4byte	0x105
 493 00f8 09       		.uleb128 0x9
 494 00f9 BA070000 		.4byte	.LASF28
 495 00fd 04       		.byte	0x4
 496 00fe 4E       		.byte	0x4e
 497 00ff 8B000000 		.4byte	0x8b
 498 0103 00       		.byte	0
 499 0104 00       		.byte	0
 500 0105 0A       		.uleb128 0xa
 501 0106 97030000 		.4byte	.LASF21
 502 010a 03       		.byte	0x3
 503 010b 1101     		.2byte	0x111
 504 010d 6A000000 		.4byte	0x6a
 505 0111 0A       		.uleb128 0xa
 506 0112 AA000000 		.4byte	.LASF22
 507 0116 03       		.byte	0x3
 508 0117 F701     		.2byte	0x1f7
 509 0119 E1000000 		.4byte	0xe1
 510 011d 0A       		.uleb128 0xa
 511 011e 32010000 		.4byte	.LASF23
 512 0122 03       		.byte	0x3
 513 0123 2C02     		.2byte	0x22c
 514 0125 B5000000 		.4byte	0xb5
 515 0129 0A       		.uleb128 0xa
 516 012a 1D000000 		.4byte	.LASF24
 517 012e 03       		.byte	0x3
 518 012f 3502     		.2byte	0x235
 519 0131 B5000000 		.4byte	0xb5
 520 0135 0A       		.uleb128 0xa
 521 0136 A8070000 		.4byte	.LASF25
 522 013a 03       		.byte	0x3
 523 013b 5D02     		.2byte	0x25d
 524 013d B5000000 		.4byte	0xb5
 525 0141 0A       		.uleb128 0xa
 526 0142 32000000 		.4byte	.LASF26
 527 0146 03       		.byte	0x3
 528 0147 6302     		.2byte	0x263
 529 0149 B5000000 		.4byte	0xb5
 530 014d 0A       		.uleb128 0xa
 531 014e 44030000 		.4byte	.LASF27
 532 0152 03       		.byte	0x3
 533 0153 6C02     		.2byte	0x26c
 534 0155 B5000000 		.4byte	0xb5
 535 0159 0B       		.uleb128 0xb
ARM GAS  C:\Users\zakis\AppData\Local\Temp\ccXELNHu.s 			page 11


 536 015a 0C       		.byte	0xc
 537 015b 03       		.byte	0x3
 538 015c 7202     		.2byte	0x272
 539 015e 8A010000 		.4byte	0x18a
 540 0162 0C       		.uleb128 0xc
 541 0163 BA000000 		.4byte	.LASF29
 542 0167 03       		.byte	0x3
 543 0168 7302     		.2byte	0x273
 544 016a 29010000 		.4byte	0x129
 545 016e 00       		.byte	0
 546 016f 0C       		.uleb128 0xc
 547 0170 DA030000 		.4byte	.LASF30
 548 0174 03       		.byte	0x3
 549 0175 7402     		.2byte	0x274
 550 0177 29010000 		.4byte	0x129
 551 017b 04       		.byte	0x4
 552 017c 0C       		.uleb128 0xc
 553 017d E3010000 		.4byte	.LASF31
 554 0181 03       		.byte	0x3
 555 0182 7502     		.2byte	0x275
 556 0184 29010000 		.4byte	0x129
 557 0188 08       		.byte	0x8
 558 0189 00       		.byte	0
 559 018a 0A       		.uleb128 0xa
 560 018b E8040000 		.4byte	.LASF32
 561 018f 03       		.byte	0x3
 562 0190 7A02     		.2byte	0x27a
 563 0192 59010000 		.4byte	0x159
 564 0196 0B       		.uleb128 0xb
 565 0197 08       		.byte	0x8
 566 0198 03       		.byte	0x3
 567 0199 7D02     		.2byte	0x27d
 568 019b BA010000 		.4byte	0x1ba
 569 019f 0C       		.uleb128 0xc
 570 01a0 F3010000 		.4byte	.LASF33
 571 01a4 03       		.byte	0x3
 572 01a5 7E02     		.2byte	0x27e
 573 01a7 29010000 		.4byte	0x129
 574 01ab 00       		.byte	0
 575 01ac 0C       		.uleb128 0xc
 576 01ad EC050000 		.4byte	.LASF34
 577 01b1 03       		.byte	0x3
 578 01b2 7F02     		.2byte	0x27f
 579 01b4 35010000 		.4byte	0x135
 580 01b8 04       		.byte	0x4
 581 01b9 00       		.byte	0
 582 01ba 0A       		.uleb128 0xa
 583 01bb 73010000 		.4byte	.LASF35
 584 01bf 03       		.byte	0x3
 585 01c0 8002     		.2byte	0x280
 586 01c2 96010000 		.4byte	0x196
 587 01c6 0D       		.uleb128 0xd
 588 01c7 01       		.byte	0x1
 589 01c8 24000000 		.4byte	0x24
 590 01cc 03       		.byte	0x3
 591 01cd 8A02     		.2byte	0x28a
 592 01cf E0010000 		.4byte	0x1e0
ARM GAS  C:\Users\zakis\AppData\Local\Temp\ccXELNHu.s 			page 12


 593 01d3 0E       		.uleb128 0xe
 594 01d4 70040000 		.4byte	.LASF36
 595 01d8 00       		.byte	0
 596 01d9 0E       		.uleb128 0xe
 597 01da 39040000 		.4byte	.LASF37
 598 01de 01       		.byte	0x1
 599 01df 00       		.byte	0
 600 01e0 0A       		.uleb128 0xa
 601 01e1 9E020000 		.4byte	.LASF38
 602 01e5 03       		.byte	0x3
 603 01e6 8D02     		.2byte	0x28d
 604 01e8 C6010000 		.4byte	0x1c6
 605 01ec 0A       		.uleb128 0xa
 606 01ed CA020000 		.4byte	.LASF39
 607 01f1 03       		.byte	0x3
 608 01f2 9002     		.2byte	0x290
 609 01f4 E0010000 		.4byte	0x1e0
 610 01f8 0B       		.uleb128 0xb
 611 01f9 0C       		.byte	0xc
 612 01fa 03       		.byte	0x3
 613 01fb 9402     		.2byte	0x294
 614 01fd 27020000 		.4byte	0x227
 615 0201 0F       		.uleb128 0xf
 616 0202 6300     		.ascii	"c\000"
 617 0204 03       		.byte	0x3
 618 0205 9602     		.2byte	0x296
 619 0207 4D010000 		.4byte	0x14d
 620 020b 00       		.byte	0
 621 020c 0C       		.uleb128 0xc
 622 020d 89060000 		.4byte	.LASF40
 623 0211 03       		.byte	0x3
 624 0212 9802     		.2byte	0x298
 625 0214 35010000 		.4byte	0x135
 626 0218 04       		.byte	0x4
 627 0219 0C       		.uleb128 0xc
 628 021a 6E020000 		.4byte	.LASF41
 629 021e 03       		.byte	0x3
 630 021f 9A02     		.2byte	0x29a
 631 0221 EC010000 		.4byte	0x1ec
 632 0225 08       		.byte	0x8
 633 0226 00       		.byte	0
 634 0227 0A       		.uleb128 0xa
 635 0228 7B000000 		.4byte	.LASF42
 636 022c 03       		.byte	0x3
 637 022d 9B02     		.2byte	0x29b
 638 022f F8010000 		.4byte	0x1f8
 639 0233 0B       		.uleb128 0xb
 640 0234 10       		.byte	0x10
 641 0235 03       		.byte	0x3
 642 0236 9F02     		.2byte	0x29f
 643 0238 71020000 		.4byte	0x271
 644 023c 0C       		.uleb128 0xc
 645 023d E7030000 		.4byte	.LASF43
 646 0241 03       		.byte	0x3
 647 0242 A002     		.2byte	0x2a0
 648 0244 D6000000 		.4byte	0xd6
 649 0248 00       		.byte	0
ARM GAS  C:\Users\zakis\AppData\Local\Temp\ccXELNHu.s 			page 13


 650 0249 0C       		.uleb128 0xc
 651 024a 9F070000 		.4byte	.LASF44
 652 024e 03       		.byte	0x3
 653 024f A102     		.2byte	0x2a1
 654 0251 29010000 		.4byte	0x129
 655 0255 04       		.byte	0x4
 656 0256 0C       		.uleb128 0xc
 657 0257 75000000 		.4byte	.LASF45
 658 025b 03       		.byte	0x3
 659 025c A202     		.2byte	0x2a2
 660 025e 29010000 		.4byte	0x129
 661 0262 08       		.byte	0x8
 662 0263 0C       		.uleb128 0xc
 663 0264 00000000 		.4byte	.LASF46
 664 0268 03       		.byte	0x3
 665 0269 A302     		.2byte	0x2a3
 666 026b 35010000 		.4byte	0x135
 667 026f 0C       		.byte	0xc
 668 0270 00       		.byte	0
 669 0271 0A       		.uleb128 0xa
 670 0272 EC030000 		.4byte	.LASF47
 671 0276 03       		.byte	0x3
 672 0277 A402     		.2byte	0x2a4
 673 0279 33020000 		.4byte	0x233
 674 027d 0D       		.uleb128 0xd
 675 027e 01       		.byte	0x1
 676 027f 24000000 		.4byte	0x24
 677 0283 03       		.byte	0x3
 678 0284 A702     		.2byte	0x2a7
 679 0286 A3020000 		.4byte	0x2a3
 680 028a 0E       		.uleb128 0xe
 681 028b 49060000 		.4byte	.LASF48
 682 028f 00       		.byte	0
 683 0290 0E       		.uleb128 0xe
 684 0291 91060000 		.4byte	.LASF49
 685 0295 01       		.byte	0x1
 686 0296 0E       		.uleb128 0xe
 687 0297 68060000 		.4byte	.LASF50
 688 029b 02       		.byte	0x2
 689 029c 0E       		.uleb128 0xe
 690 029d CB050000 		.4byte	.LASF51
 691 02a1 03       		.byte	0x3
 692 02a2 00       		.byte	0
 693 02a3 0A       		.uleb128 0xa
 694 02a4 1B010000 		.4byte	.LASF52
 695 02a8 03       		.byte	0x3
 696 02a9 AC02     		.2byte	0x2ac
 697 02ab 7D020000 		.4byte	0x27d
 698 02af 0A       		.uleb128 0xa
 699 02b0 ED060000 		.4byte	.LASF53
 700 02b4 03       		.byte	0x3
 701 02b5 AF02     		.2byte	0x2af
 702 02b7 A3020000 		.4byte	0x2a3
 703 02bb 0B       		.uleb128 0xb
 704 02bc 14       		.byte	0x14
 705 02bd 03       		.byte	0x3
 706 02be B202     		.2byte	0x2b2
ARM GAS  C:\Users\zakis\AppData\Local\Temp\ccXELNHu.s 			page 14


 707 02c0 04030000 		.4byte	0x304
 708 02c4 0C       		.uleb128 0xc
 709 02c5 C3060000 		.4byte	.LASF54
 710 02c9 03       		.byte	0x3
 711 02ca B302     		.2byte	0x2b3
 712 02cc AF020000 		.4byte	0x2af
 713 02d0 00       		.byte	0
 714 02d1 0C       		.uleb128 0xc
 715 02d2 C2070000 		.4byte	.LASF55
 716 02d6 03       		.byte	0x3
 717 02d7 B402     		.2byte	0x2b4
 718 02d9 11010000 		.4byte	0x111
 719 02dd 04       		.byte	0x4
 720 02de 0C       		.uleb128 0xc
 721 02df 8D050000 		.4byte	.LASF56
 722 02e3 03       		.byte	0x3
 723 02e4 B602     		.2byte	0x2b6
 724 02e6 1D010000 		.4byte	0x11d
 725 02ea 08       		.byte	0x8
 726 02eb 0F       		.uleb128 0xf
 727 02ec 6600     		.ascii	"f\000"
 728 02ee 03       		.byte	0x3
 729 02ef B802     		.2byte	0x2b8
 730 02f1 9F000000 		.4byte	0x9f
 731 02f5 0C       		.byte	0xc
 732 02f6 0C       		.uleb128 0xc
 733 02f7 9E040000 		.4byte	.LASF57
 734 02fb 03       		.byte	0x3
 735 02fc BA02     		.2byte	0x2ba
 736 02fe 4D010000 		.4byte	0x14d
 737 0302 10       		.byte	0x10
 738 0303 00       		.byte	0
 739 0304 0A       		.uleb128 0xa
 740 0305 19040000 		.4byte	.LASF58
 741 0309 03       		.byte	0x3
 742 030a BB02     		.2byte	0x2bb
 743 030c BB020000 		.4byte	0x2bb
 744 0310 0B       		.uleb128 0xb
 745 0311 04       		.byte	0x4
 746 0312 03       		.byte	0x3
 747 0313 BD02     		.2byte	0x2bd
 748 0315 27030000 		.4byte	0x327
 749 0319 0C       		.uleb128 0xc
 750 031a 69030000 		.4byte	.LASF59
 751 031e 03       		.byte	0x3
 752 031f BF02     		.2byte	0x2bf
 753 0321 41010000 		.4byte	0x141
 754 0325 00       		.byte	0
 755 0326 00       		.byte	0
 756 0327 0A       		.uleb128 0xa
 757 0328 0E020000 		.4byte	.LASF60
 758 032c 03       		.byte	0x3
 759 032d C402     		.2byte	0x2c4
 760 032f 10030000 		.4byte	0x310
 761 0333 10       		.uleb128 0x10
 762 0334 54020000 		.4byte	.LASF62
 763 0338 08       		.byte	0x8
ARM GAS  C:\Users\zakis\AppData\Local\Temp\ccXELNHu.s 			page 15


 764 0339 03       		.byte	0x3
 765 033a 0E04     		.2byte	0x40e
 766 033c 5A030000 		.4byte	0x35a
 767 0340 0F       		.uleb128 0xf
 768 0341 6E7400   		.ascii	"nt\000"
 769 0344 03       		.byte	0x3
 770 0345 0F04     		.2byte	0x40f
 771 0347 B5000000 		.4byte	0xb5
 772 034b 00       		.byte	0
 773 034c 0C       		.uleb128 0xc
 774 034d CF060000 		.4byte	.LASF63
 775 0351 03       		.byte	0x3
 776 0352 1004     		.2byte	0x410
 777 0354 6A030000 		.4byte	0x36a
 778 0358 04       		.byte	0x4
 779 0359 00       		.byte	0
 780 035a 11       		.uleb128 0x11
 781 035b 65030000 		.4byte	0x365
 782 035f 65030000 		.4byte	0x365
 783 0363 12       		.uleb128 0x12
 784 0364 00       		.byte	0
 785 0365 13       		.uleb128 0x13
 786 0366 E1000000 		.4byte	0xe1
 787 036a 06       		.uleb128 0x6
 788 036b 04       		.byte	0x4
 789 036c 5A030000 		.4byte	0x35a
 790 0370 11       		.uleb128 0x11
 791 0371 65030000 		.4byte	0x365
 792 0375 80030000 		.4byte	0x380
 793 0379 14       		.uleb128 0x14
 794 037a 80030000 		.4byte	0x380
 795 037e 00       		.byte	0
 796 037f 00       		.byte	0
 797 0380 02       		.uleb128 0x2
 798 0381 04       		.byte	0x4
 799 0382 07       		.byte	0x7
 800 0383 A7030000 		.4byte	.LASF64
 801 0387 15       		.uleb128 0x15
 802 0388 CA000000 		.4byte	.LASF117
 803 038c 05       		.byte	0x5
 804 038d 6507     		.2byte	0x765
 805 038f 99030000 		.4byte	0x399
 806 0393 05       		.uleb128 0x5
 807 0394 03       		.byte	0x3
 808 0395 08000000 		.4byte	EE_oo_autostart_task_mode_OSDEFAULTAPPMODE
 809 0399 13       		.uleb128 0x13
 810 039a 70030000 		.4byte	0x370
 811 039e 11       		.uleb128 0x11
 812 039f AE030000 		.4byte	0x3ae
 813 03a3 AE030000 		.4byte	0x3ae
 814 03a7 14       		.uleb128 0x14
 815 03a8 80030000 		.4byte	0x380
 816 03ac 04       		.byte	0x4
 817 03ad 00       		.byte	0
 818 03ae 13       		.uleb128 0x13
 819 03af AA000000 		.4byte	0xaa
 820 03b3 16       		.uleb128 0x16
ARM GAS  C:\Users\zakis\AppData\Local\Temp\ccXELNHu.s 			page 16


 821 03b4 A1060000 		.4byte	.LASF65
 822 03b8 05       		.byte	0x5
 823 03b9 D2       		.byte	0xd2
 824 03ba C4030000 		.4byte	0x3c4
 825 03be 05       		.uleb128 0x5
 826 03bf 03       		.byte	0x3
 827 03c0 00000000 		.4byte	EE_hal_thread_body
 828 03c4 13       		.uleb128 0x13
 829 03c5 9E030000 		.4byte	0x39e
 830 03c9 11       		.uleb128 0x11
 831 03ca D9030000 		.4byte	0x3d9
 832 03ce D9030000 		.4byte	0x3d9
 833 03d2 14       		.uleb128 0x14
 834 03d3 80030000 		.4byte	0x380
 835 03d7 05       		.byte	0x5
 836 03d8 00       		.byte	0
 837 03d9 13       		.uleb128 0x13
 838 03da B5000000 		.4byte	0xb5
 839 03de 16       		.uleb128 0x16
 840 03df B9050000 		.4byte	.LASF66
 841 03e3 05       		.byte	0x5
 842 03e4 71       		.byte	0x71
 843 03e5 EF030000 		.4byte	0x3ef
 844 03e9 05       		.uleb128 0x5
 845 03ea 03       		.byte	0x3
 846 03eb 00000000 		.4byte	EE_std_thread_tos
 847 03ef 13       		.uleb128 0x13
 848 03f0 C9030000 		.4byte	0x3c9
 849 03f4 11       		.uleb128 0x11
 850 03f5 80000000 		.4byte	0x80
 851 03f9 04040000 		.4byte	0x404
 852 03fd 14       		.uleb128 0x14
 853 03fe 80030000 		.4byte	0x380
 854 0402 04       		.byte	0x4
 855 0403 00       		.byte	0
 856 0404 16       		.uleb128 0x16
 857 0405 51070000 		.4byte	.LASF67
 858 0409 05       		.byte	0x5
 859 040a ED       		.byte	0xed
 860 040b F4030000 		.4byte	0x3f4
 861 040f 05       		.uleb128 0x5
 862 0410 03       		.byte	0x3
 863 0411 00000000 		.4byte	EE_terminate_data
 864 0415 16       		.uleb128 0x16
 865 0416 84040000 		.4byte	.LASF68
 866 041a 05       		.byte	0x5
 867 041b F0       		.byte	0xf0
 868 041c 26040000 		.4byte	0x426
 869 0420 05       		.uleb128 0x5
 870 0421 03       		.byte	0x3
 871 0422 00000000 		.4byte	EE_terminate_real_th_body
 872 0426 13       		.uleb128 0x13
 873 0427 9E030000 		.4byte	0x39e
 874 042b 11       		.uleb128 0x11
 875 042c EC000000 		.4byte	0xec
 876 0430 3B040000 		.4byte	0x43b
 877 0434 14       		.uleb128 0x14
ARM GAS  C:\Users\zakis\AppData\Local\Temp\ccXELNHu.s 			page 17


 878 0435 80030000 		.4byte	0x380
 879 0439 03       		.byte	0x3
 880 043a 00       		.byte	0
 881 043b 16       		.uleb128 0x16
 882 043c 4A040000 		.4byte	.LASF69
 883 0440 05       		.byte	0x5
 884 0441 8D       		.byte	0x8d
 885 0442 2B040000 		.4byte	0x42b
 886 0446 05       		.uleb128 0x5
 887 0447 03       		.byte	0x3
 888 0448 00000000 		.4byte	EE_cortex_mx_system_tos
 889 044c 16       		.uleb128 0x16
 890 044d 5B010000 		.4byte	.LASF70
 891 0451 05       		.byte	0x5
 892 0452 A9       		.byte	0xa9
 893 0453 B5000000 		.4byte	0xb5
 894 0457 05       		.uleb128 0x5
 895 0458 03       		.byte	0x3
 896 0459 00000000 		.4byte	EE_cortex_mx_active_tos
 897 045d 11       		.uleb128 0x11
 898 045e D9030000 		.4byte	0x3d9
 899 0462 6D040000 		.4byte	0x46d
 900 0466 14       		.uleb128 0x14
 901 0467 80030000 		.4byte	0x380
 902 046b 04       		.byte	0x4
 903 046c 00       		.byte	0
 904 046d 17       		.uleb128 0x17
 905 046e 58060000 		.4byte	.LASF71
 906 0472 05       		.byte	0x5
 907 0473 E202     		.2byte	0x2e2
 908 0475 7F040000 		.4byte	0x47f
 909 0479 05       		.uleb128 0x5
 910 047a 03       		.byte	0x3
 911 047b 00000000 		.4byte	EE_th_rnact_max
 912 047f 13       		.uleb128 0x13
 913 0480 5D040000 		.4byte	0x45d
 914 0484 17       		.uleb128 0x17
 915 0485 FC060000 		.4byte	.LASF72
 916 0489 05       		.byte	0x5
 917 048a 0C01     		.2byte	0x10c
 918 048c 96040000 		.4byte	0x496
 919 0490 05       		.uleb128 0x5
 920 0491 03       		.byte	0x3
 921 0492 00000000 		.4byte	EE_th_ready_prio
 922 0496 13       		.uleb128 0x13
 923 0497 5D040000 		.4byte	0x45d
 924 049b 17       		.uleb128 0x17
 925 049c E0020000 		.4byte	.LASF73
 926 04a0 05       		.byte	0x5
 927 04a1 4502     		.2byte	0x245
 928 04a3 AD040000 		.4byte	0x4ad
 929 04a7 05       		.uleb128 0x5
 930 04a8 03       		.byte	0x3
 931 04a9 00000000 		.4byte	EE_th_dispatch_prio
 932 04ad 13       		.uleb128 0x13
 933 04ae 5D040000 		.4byte	0x45d
 934 04b2 11       		.uleb128 0x11
ARM GAS  C:\Users\zakis\AppData\Local\Temp\ccXELNHu.s 			page 18


 935 04b3 C2040000 		.4byte	0x4c2
 936 04b7 C2040000 		.4byte	0x4c2
 937 04bb 14       		.uleb128 0x14
 938 04bc 80030000 		.4byte	0x380
 939 04c0 04       		.byte	0x4
 940 04c1 00       		.byte	0
 941 04c2 06       		.uleb128 0x6
 942 04c3 04       		.byte	0x4
 943 04c4 CF040000 		.4byte	0x4cf
 944 04c8 02       		.uleb128 0x2
 945 04c9 01       		.byte	0x1
 946 04ca 08       		.byte	0x8
 947 04cb 44060000 		.4byte	.LASF74
 948 04cf 13       		.uleb128 0x13
 949 04d0 C8040000 		.4byte	0x4c8
 950 04d4 17       		.uleb128 0x17
 951 04d5 DB040000 		.4byte	.LASF75
 952 04d9 05       		.byte	0x5
 953 04da 2801     		.2byte	0x128
 954 04dc B2040000 		.4byte	0x4b2
 955 04e0 05       		.uleb128 0x5
 956 04e1 03       		.byte	0x3
 957 04e2 00000000 		.4byte	EE_TASK_NAME
 958 04e6 11       		.uleb128 0x11
 959 04e7 C2040000 		.4byte	0x4c2
 960 04eb F6040000 		.4byte	0x4f6
 961 04ef 14       		.uleb128 0x14
 962 04f0 80030000 		.4byte	0x380
 963 04f4 01       		.byte	0x1
 964 04f5 00       		.byte	0
 965 04f6 17       		.uleb128 0x17
 966 04f7 40010000 		.4byte	.LASF76
 967 04fb 05       		.byte	0x5
 968 04fc 8101     		.2byte	0x181
 969 04fe E6040000 		.4byte	0x4e6
 970 0502 05       		.uleb128 0x5
 971 0503 03       		.byte	0x3
 972 0504 00000000 		.4byte	EE_EVENT_NAME
 973 0508 17       		.uleb128 0x17
 974 0509 23020000 		.4byte	.LASF77
 975 050d 05       		.byte	0x5
 976 050e 3D06     		.2byte	0x63d
 977 0510 E6040000 		.4byte	0x4e6
 978 0514 05       		.uleb128 0x5
 979 0515 03       		.byte	0x3
 980 0516 00000000 		.4byte	EE_ALARM_NAME
 981 051a 11       		.uleb128 0x11
 982 051b 2A050000 		.4byte	0x52a
 983 051f 2A050000 		.4byte	0x52a
 984 0523 14       		.uleb128 0x14
 985 0524 80030000 		.4byte	0x380
 986 0528 01       		.byte	0x1
 987 0529 00       		.byte	0
 988 052a 13       		.uleb128 0x13
 989 052b 40000000 		.4byte	0x40
 990 052f 17       		.uleb128 0x17
 991 0530 8A010000 		.4byte	.LASF78
ARM GAS  C:\Users\zakis\AppData\Local\Temp\ccXELNHu.s 			page 19


 992 0534 05       		.byte	0x5
 993 0535 E201     		.2byte	0x1e2
 994 0537 41050000 		.4byte	0x541
 995 053b 05       		.uleb128 0x5
 996 053c 03       		.byte	0x3
 997 053d 00000000 		.4byte	EE_EVENT_ID
 998 0541 13       		.uleb128 0x13
 999 0542 1A050000 		.4byte	0x51a
 1000 0546 17       		.uleb128 0x17
 1001 0547 F5000000 		.4byte	.LASF79
 1002 054b 05       		.byte	0x5
 1003 054c 5906     		.2byte	0x659
 1004 054e 58050000 		.4byte	0x558
 1005 0552 05       		.uleb128 0x5
 1006 0553 03       		.byte	0x3
 1007 0554 00000000 		.4byte	EE_ALARM_ID
 1008 0558 13       		.uleb128 0x13
 1009 0559 1A050000 		.4byte	0x51a
 1010 055d 11       		.uleb128 0x11
 1011 055e B5000000 		.4byte	0xb5
 1012 0562 6D050000 		.4byte	0x56d
 1013 0566 14       		.uleb128 0x14
 1014 0567 80030000 		.4byte	0x380
 1015 056b 04       		.byte	0x4
 1016 056c 00       		.byte	0
 1017 056d 17       		.uleb128 0x17
 1018 056e BD020000 		.4byte	.LASF80
 1019 0572 05       		.byte	0x5
 1020 0573 8102     		.2byte	0x281
 1021 0575 5D050000 		.4byte	0x55d
 1022 0579 05       		.uleb128 0x5
 1023 057a 03       		.byte	0x3
 1024 057b 00000000 		.4byte	EE_th_status
 1025 057f 11       		.uleb128 0x11
 1026 0580 E1000000 		.4byte	0xe1
 1027 0584 8F050000 		.4byte	0x58f
 1028 0588 14       		.uleb128 0x14
 1029 0589 80030000 		.4byte	0x380
 1030 058d 04       		.byte	0x4
 1031 058e 00       		.byte	0
 1032 058f 17       		.uleb128 0x17
 1033 0590 79040000 		.4byte	.LASF81
 1034 0594 05       		.byte	0x5
 1035 0595 9D02     		.2byte	0x29d
 1036 0597 7F050000 		.4byte	0x57f
 1037 059b 05       		.uleb128 0x5
 1038 059c 03       		.byte	0x3
 1039 059d 00000000 		.4byte	EE_th_next
 1040 05a1 17       		.uleb128 0x17
 1041 05a2 0D070000 		.4byte	.LASF82
 1042 05a6 05       		.byte	0x5
 1043 05a7 C702     		.2byte	0x2c7
 1044 05a9 5D050000 		.4byte	0x55d
 1045 05ad 05       		.uleb128 0x5
 1046 05ae 03       		.byte	0x3
 1047 05af 00000000 		.4byte	EE_th_rnact
 1048 05b3 17       		.uleb128 0x17
ARM GAS  C:\Users\zakis\AppData\Local\Temp\ccXELNHu.s 			page 20


 1049 05b4 05000000 		.4byte	.LASF83
 1050 05b8 05       		.byte	0x5
 1051 05b9 7703     		.2byte	0x377
 1052 05bb 7F050000 		.4byte	0x57f
 1053 05bf 05       		.uleb128 0x5
 1054 05c0 03       		.byte	0x3
 1055 05c1 00000000 		.4byte	EE_th_terminate_nextask
 1056 05c5 17       		.uleb128 0x17
 1057 05c6 26000000 		.4byte	.LASF84
 1058 05ca 05       		.byte	0x5
 1059 05cb B902     		.2byte	0x2b9
 1060 05cd E1000000 		.4byte	0xe1
 1061 05d1 05       		.uleb128 0x5
 1062 05d2 03       		.byte	0x3
 1063 05d3 00000000 		.4byte	EE_stkfirst
 1064 05d7 17       		.uleb128 0x17
 1065 05d8 B4060000 		.4byte	.LASF85
 1066 05dc 05       		.byte	0x5
 1067 05dd BC02     		.2byte	0x2bc
 1068 05df B5000000 		.4byte	0xb5
 1069 05e3 05       		.uleb128 0x5
 1070 05e4 03       		.byte	0x3
 1071 05e5 00000000 		.4byte	EE_sys_ceiling
 1072 05e9 17       		.uleb128 0x17
 1073 05ea C7030000 		.4byte	.LASF86
 1074 05ee 05       		.byte	0x5
 1075 05ef FD02     		.2byte	0x2fd
 1076 05f1 5D050000 		.4byte	0x55d
 1077 05f5 05       		.uleb128 0x5
 1078 05f6 03       		.byte	0x3
 1079 05f7 00000000 		.4byte	EE_rq_link
 1080 05fb 11       		.uleb128 0x11
 1081 05fc C0000000 		.4byte	0xc0
 1082 0600 0B060000 		.4byte	0x60b
 1083 0604 14       		.uleb128 0x14
 1084 0605 80030000 		.4byte	0x380
 1085 0609 0F       		.byte	0xf
 1086 060a 00       		.byte	0
 1087 060b 17       		.uleb128 0x17
 1088 060c 9F010000 		.4byte	.LASF87
 1089 0610 05       		.byte	0x5
 1090 0611 BF02     		.2byte	0x2bf
 1091 0613 FB050000 		.4byte	0x5fb
 1092 0617 05       		.uleb128 0x5
 1093 0618 03       		.byte	0x3
 1094 0619 00000000 		.4byte	EE_rq_queues_head
 1095 061d 17       		.uleb128 0x17
 1096 061e A7050000 		.4byte	.LASF88
 1097 0622 05       		.byte	0x5
 1098 0623 C102     		.2byte	0x2c1
 1099 0625 FB050000 		.4byte	0x5fb
 1100 0629 05       		.uleb128 0x5
 1101 062a 03       		.byte	0x3
 1102 062b 00000000 		.4byte	EE_rq_queues_tail
 1103 062f 11       		.uleb128 0x11
 1104 0630 C0000000 		.4byte	0xc0
 1105 0634 3F060000 		.4byte	0x63f
ARM GAS  C:\Users\zakis\AppData\Local\Temp\ccXELNHu.s 			page 21


 1106 0638 14       		.uleb128 0x14
 1107 0639 80030000 		.4byte	0x380
 1108 063d 04       		.byte	0x4
 1109 063e 00       		.byte	0
 1110 063f 17       		.uleb128 0x17
 1111 0640 99000000 		.4byte	.LASF89
 1112 0644 05       		.byte	0x5
 1113 0645 1B03     		.2byte	0x31b
 1114 0647 2F060000 		.4byte	0x62f
 1115 064b 05       		.uleb128 0x5
 1116 064c 03       		.byte	0x3
 1117 064d 00000000 		.4byte	EE_rq_pairs_next
 1118 0651 17       		.uleb128 0x17
 1119 0652 19070000 		.4byte	.LASF90
 1120 0656 05       		.byte	0x5
 1121 0657 7003     		.2byte	0x370
 1122 0659 7F050000 		.4byte	0x57f
 1123 065d 05       		.uleb128 0x5
 1124 065e 03       		.byte	0x3
 1125 065f 00000000 		.4byte	EE_rq_pairs_tid
 1126 0663 17       		.uleb128 0x17
 1127 0664 DE050000 		.4byte	.LASF91
 1128 0668 05       		.byte	0x5
 1129 0669 C402     		.2byte	0x2c4
 1130 066b 05010000 		.4byte	0x105
 1131 066f 05       		.uleb128 0x5
 1132 0670 03       		.byte	0x3
 1133 0671 00000000 		.4byte	EE_rq_bitmask
 1134 0675 17       		.uleb128 0x17
 1135 0676 BC030000 		.4byte	.LASF92
 1136 067a 05       		.byte	0x5
 1137 067b 7303     		.2byte	0x373
 1138 067d C0000000 		.4byte	0xc0
 1139 0681 05       		.uleb128 0x5
 1140 0682 03       		.byte	0x3
 1141 0683 00000000 		.4byte	EE_rq_free
 1142 0687 17       		.uleb128 0x17
 1143 0688 8C070000 		.4byte	.LASF93
 1144 068c 05       		.byte	0x5
 1145 068d 9A03     		.2byte	0x39a
 1146 068f 5D050000 		.4byte	0x55d
 1147 0693 05       		.uleb128 0x5
 1148 0694 03       		.byte	0x3
 1149 0695 00000000 		.4byte	EE_th_event_active
 1150 0699 17       		.uleb128 0x17
 1151 069a B1040000 		.4byte	.LASF94
 1152 069e 05       		.byte	0x5
 1153 069f B603     		.2byte	0x3b6
 1154 06a1 5D050000 		.4byte	0x55d
 1155 06a5 05       		.uleb128 0x5
 1156 06a6 03       		.byte	0x3
 1157 06a7 00000000 		.4byte	EE_th_event_waitmask
 1158 06ab 11       		.uleb128 0x11
 1159 06ac D6000000 		.4byte	0xd6
 1160 06b0 BB060000 		.4byte	0x6bb
 1161 06b4 14       		.uleb128 0x14
 1162 06b5 80030000 		.4byte	0x380
ARM GAS  C:\Users\zakis\AppData\Local\Temp\ccXELNHu.s 			page 22


 1163 06b9 04       		.byte	0x4
 1164 06ba 00       		.byte	0
 1165 06bb 17       		.uleb128 0x17
 1166 06bc 43020000 		.4byte	.LASF95
 1167 06c0 05       		.byte	0x5
 1168 06c1 D203     		.2byte	0x3d2
 1169 06c3 AB060000 		.4byte	0x6ab
 1170 06c7 05       		.uleb128 0x5
 1171 06c8 03       		.byte	0x3
 1172 06c9 00000000 		.4byte	EE_th_waswaiting
 1173 06cd 17       		.uleb128 0x17
 1174 06ce D6070000 		.4byte	.LASF96
 1175 06d2 05       		.byte	0x5
 1176 06d3 EE03     		.2byte	0x3ee
 1177 06d5 DF060000 		.4byte	0x6df
 1178 06d9 05       		.uleb128 0x5
 1179 06da 03       		.byte	0x3
 1180 06db 00000000 		.4byte	EE_th_is_extended
 1181 06df 13       		.uleb128 0x13
 1182 06e0 5D040000 		.4byte	0x45d
 1183 06e4 11       		.uleb128 0x11
 1184 06e5 F4060000 		.4byte	0x6f4
 1185 06e9 F4060000 		.4byte	0x6f4
 1186 06ed 14       		.uleb128 0x14
 1187 06ee 80030000 		.4byte	0x380
 1188 06f2 00       		.byte	0
 1189 06f3 00       		.byte	0
 1190 06f4 13       		.uleb128 0x13
 1191 06f5 8A010000 		.4byte	0x18a
 1192 06f9 17       		.uleb128 0x17
 1193 06fa 0A040000 		.4byte	.LASF97
 1194 06fe 05       		.byte	0x5
 1195 06ff FF05     		.2byte	0x5ff
 1196 0701 0B070000 		.4byte	0x70b
 1197 0705 05       		.uleb128 0x5
 1198 0706 03       		.byte	0x3
 1199 0707 00000000 		.4byte	EE_counter_ROM
 1200 070b 13       		.uleb128 0x13
 1201 070c E4060000 		.4byte	0x6e4
 1202 0710 11       		.uleb128 0x11
 1203 0711 20070000 		.4byte	0x720
 1204 0715 20070000 		.4byte	0x720
 1205 0719 14       		.uleb128 0x14
 1206 071a 80030000 		.4byte	0x380
 1207 071e 01       		.byte	0x1
 1208 071f 00       		.byte	0
 1209 0720 13       		.uleb128 0x13
 1210 0721 27020000 		.4byte	0x227
 1211 0725 17       		.uleb128 0x17
 1212 0726 50030000 		.4byte	.LASF98
 1213 072a 05       		.byte	0x5
 1214 072b 9606     		.2byte	0x696
 1215 072d 37070000 		.4byte	0x737
 1216 0731 05       		.uleb128 0x5
 1217 0732 03       		.byte	0x3
 1218 0733 00000000 		.4byte	EE_oo_counter_object_ROM
 1219 0737 13       		.uleb128 0x13
ARM GAS  C:\Users\zakis\AppData\Local\Temp\ccXELNHu.s 			page 23


 1220 0738 10070000 		.4byte	0x710
 1221 073c 11       		.uleb128 0x11
 1222 073d 4C070000 		.4byte	0x74c
 1223 0741 4C070000 		.4byte	0x74c
 1224 0745 14       		.uleb128 0x14
 1225 0746 80030000 		.4byte	0x380
 1226 074a 01       		.byte	0x1
 1227 074b 00       		.byte	0
 1228 074c 13       		.uleb128 0x13
 1229 074d 04030000 		.4byte	0x304
 1230 0751 17       		.uleb128 0x17
 1231 0752 86030000 		.4byte	.LASF99
 1232 0756 05       		.byte	0x5
 1233 0757 BA06     		.2byte	0x6ba
 1234 0759 63070000 		.4byte	0x763
 1235 075d 05       		.uleb128 0x5
 1236 075e 03       		.byte	0x3
 1237 075f 00000000 		.4byte	EE_oo_action_ROM
 1238 0763 13       		.uleb128 0x13
 1239 0764 3C070000 		.4byte	0x73c
 1240 0768 11       		.uleb128 0x11
 1241 0769 78070000 		.4byte	0x778
 1242 076d 78070000 		.4byte	0x778
 1243 0771 14       		.uleb128 0x14
 1244 0772 80030000 		.4byte	0x380
 1245 0776 01       		.byte	0x1
 1246 0777 00       		.byte	0
 1247 0778 13       		.uleb128 0x13
 1248 0779 27030000 		.4byte	0x327
 1249 077d 17       		.uleb128 0x17
 1250 077e 4E010000 		.4byte	.LASF100
 1251 0782 05       		.byte	0x5
 1252 0783 2006     		.2byte	0x620
 1253 0785 8F070000 		.4byte	0x78f
 1254 0789 05       		.uleb128 0x5
 1255 078a 03       		.byte	0x3
 1256 078b 00000000 		.4byte	EE_alarm_ROM
 1257 078f 13       		.uleb128 0x13
 1258 0790 68070000 		.4byte	0x768
 1259 0794 11       		.uleb128 0x11
 1260 0795 BA010000 		.4byte	0x1ba
 1261 0799 A4070000 		.4byte	0x7a4
 1262 079d 14       		.uleb128 0x14
 1263 079e 80030000 		.4byte	0x380
 1264 07a2 00       		.byte	0
 1265 07a3 00       		.byte	0
 1266 07a4 17       		.uleb128 0x17
 1267 07a5 7A060000 		.4byte	.LASF101
 1268 07a9 05       		.byte	0x5
 1269 07aa 0C06     		.2byte	0x60c
 1270 07ac 94070000 		.4byte	0x794
 1271 07b0 05       		.uleb128 0x5
 1272 07b1 03       		.byte	0x3
 1273 07b2 00000000 		.4byte	EE_counter_RAM
 1274 07b6 11       		.uleb128 0x11
 1275 07b7 71020000 		.4byte	0x271
 1276 07bb C6070000 		.4byte	0x7c6
ARM GAS  C:\Users\zakis\AppData\Local\Temp\ccXELNHu.s 			page 24


 1277 07bf 14       		.uleb128 0x14
 1278 07c0 80030000 		.4byte	0x380
 1279 07c4 01       		.byte	0x1
 1280 07c5 00       		.byte	0
 1281 07c6 17       		.uleb128 0x17
 1282 07c7 D4060000 		.4byte	.LASF102
 1283 07cb 05       		.byte	0x5
 1284 07cc B106     		.2byte	0x6b1
 1285 07ce B6070000 		.4byte	0x7b6
 1286 07d2 05       		.uleb128 0x5
 1287 07d3 03       		.byte	0x3
 1288 07d4 00000000 		.4byte	EE_oo_counter_object_RAM
 1289 07d8 11       		.uleb128 0x11
 1290 07d9 E8070000 		.4byte	0x7e8
 1291 07dd E8070000 		.4byte	0x7e8
 1292 07e1 14       		.uleb128 0x14
 1293 07e2 80030000 		.4byte	0x380
 1294 07e6 00       		.byte	0
 1295 07e7 00       		.byte	0
 1296 07e8 13       		.uleb128 0x13
 1297 07e9 33030000 		.4byte	0x333
 1298 07ed 17       		.uleb128 0x17
 1299 07ee F0070000 		.4byte	.LASF103
 1300 07f2 05       		.byte	0x5
 1301 07f3 9607     		.2byte	0x796
 1302 07f5 FF070000 		.4byte	0x7ff
 1303 07f9 05       		.uleb128 0x5
 1304 07fa 03       		.byte	0x3
 1305 07fb 00000000 		.4byte	EE_oo_autostart_task_data
 1306 07ff 13       		.uleb128 0x13
 1307 0800 D8070000 		.4byte	0x7d8
 1308 0804 18       		.uleb128 0x18
 1309 0805 86020000 		.4byte	.LASF104
 1310 0809 06       		.byte	0x6
 1311 080a 40       		.byte	0x40
 1312 080b B5000000 		.4byte	0xb5
 1313 080f 18       		.uleb128 0x18
 1314 0810 B1010000 		.4byte	.LASF105
 1315 0814 06       		.byte	0x6
 1316 0815 47       		.byte	0x47
 1317 0816 CB000000 		.4byte	0xcb
 1318 081a 17       		.uleb128 0x17
 1319 081b 73030000 		.4byte	.LASF106
 1320 081f 05       		.byte	0x5
 1321 0820 5C07     		.2byte	0x75c
 1322 0822 B5000000 		.4byte	0xb5
 1323 0826 05       		.uleb128 0x5
 1324 0827 03       		.byte	0x3
 1325 0828 00000000 		.4byte	EE_ApplicationMode
 1326 082c 18       		.uleb128 0x18
 1327 082d CA010000 		.4byte	.LASF107
 1328 0831 07       		.byte	0x7
 1329 0832 48       		.byte	0x48
 1330 0833 E1000000 		.4byte	0xe1
 1331 0837 18       		.uleb128 0x18
 1332 0838 29070000 		.4byte	.LASF108
 1333 083c 08       		.byte	0x8
ARM GAS  C:\Users\zakis\AppData\Local\Temp\ccXELNHu.s 			page 25


 1334 083d 44       		.byte	0x44
 1335 083e B5000000 		.4byte	0xb5
 1336 0842 16       		.uleb128 0x16
 1337 0843 49000000 		.4byte	.LASF109
 1338 0847 05       		.byte	0x5
 1339 0848 AD       		.byte	0xad
 1340 0849 EC000000 		.4byte	0xec
 1341 084d 05       		.uleb128 0x5
 1342 084e 03       		.byte	0x3
 1343 084f 00000000 		.4byte	EE_cortex_mx_IRQ_tos
 1344 0853 11       		.uleb128 0x11
 1345 0854 55000000 		.4byte	0x55
 1346 0858 63080000 		.4byte	0x863
 1347 085c 14       		.uleb128 0x14
 1348 085d 80030000 		.4byte	0x380
 1349 0861 F9       		.byte	0xf9
 1350 0862 00       		.byte	0
 1351 0863 16       		.uleb128 0x16
 1352 0864 C6040000 		.4byte	.LASF110
 1353 0868 05       		.byte	0x5
 1354 0869 19       		.byte	0x19
 1355 086a 53080000 		.4byte	0x853
 1356 086e 05       		.uleb128 0x5
 1357 086f 03       		.byte	0x3
 1358 0870 00000000 		.4byte	EE_cortex_mx_stack_3
 1359 0874 16       		.uleb128 0x16
 1360 0875 F4020000 		.4byte	.LASF111
 1361 0879 05       		.byte	0x5
 1362 087a 1D       		.byte	0x1d
 1363 087b 53080000 		.4byte	0x853
 1364 087f 05       		.uleb128 0x5
 1365 0880 03       		.byte	0x3
 1366 0881 00000000 		.4byte	EE_cortex_mx_stack_4
 1367 0885 16       		.uleb128 0x16
 1368 0886 09030000 		.4byte	.LASF112
 1369 088a 05       		.byte	0x5
 1370 088b 21       		.byte	0x21
 1371 088c 53080000 		.4byte	0x853
 1372 0890 05       		.uleb128 0x5
 1373 0891 03       		.byte	0x3
 1374 0892 00000000 		.4byte	EE_cortex_mx_stack_5
 1375 0896 11       		.uleb128 0x11
 1376 0897 55000000 		.4byte	0x55
 1377 089b A6080000 		.4byte	0x8a6
 1378 089f 14       		.uleb128 0x14
 1379 08a0 80030000 		.4byte	0x380
 1380 08a4 7F       		.byte	0x7f
 1381 08a5 00       		.byte	0
 1382 08a6 16       		.uleb128 0x16
 1383 08a7 1E030000 		.4byte	.LASF113
 1384 08ab 05       		.byte	0x5
 1385 08ac 32       		.byte	0x32
 1386 08ad 96080000 		.4byte	0x896
 1387 08b1 05       		.uleb128 0x5
 1388 08b2 03       		.byte	0x3
 1389 08b3 00000000 		.4byte	EE_cortex_mx_stack_9
 1390 08b7 00       		.byte	0
ARM GAS  C:\Users\zakis\AppData\Local\Temp\ccXELNHu.s 			page 26


 1391              		.section	.debug_abbrev,"",%progbits
 1392              	.Ldebug_abbrev0:
 1393 0000 01       		.uleb128 0x1
 1394 0001 11       		.uleb128 0x11
 1395 0002 01       		.byte	0x1
 1396 0003 25       		.uleb128 0x25
 1397 0004 0E       		.uleb128 0xe
 1398 0005 13       		.uleb128 0x13
 1399 0006 0B       		.uleb128 0xb
 1400 0007 03       		.uleb128 0x3
 1401 0008 0E       		.uleb128 0xe
 1402 0009 1B       		.uleb128 0x1b
 1403 000a 0E       		.uleb128 0xe
 1404 000b 10       		.uleb128 0x10
 1405 000c 17       		.uleb128 0x17
 1406 000d 00       		.byte	0
 1407 000e 00       		.byte	0
 1408 000f 02       		.uleb128 0x2
 1409 0010 24       		.uleb128 0x24
 1410 0011 00       		.byte	0
 1411 0012 0B       		.uleb128 0xb
 1412 0013 0B       		.uleb128 0xb
 1413 0014 3E       		.uleb128 0x3e
 1414 0015 0B       		.uleb128 0xb
 1415 0016 03       		.uleb128 0x3
 1416 0017 0E       		.uleb128 0xe
 1417 0018 00       		.byte	0
 1418 0019 00       		.byte	0
 1419 001a 03       		.uleb128 0x3
 1420 001b 24       		.uleb128 0x24
 1421 001c 00       		.byte	0
 1422 001d 0B       		.uleb128 0xb
 1423 001e 0B       		.uleb128 0xb
 1424 001f 3E       		.uleb128 0x3e
 1425 0020 0B       		.uleb128 0xb
 1426 0021 03       		.uleb128 0x3
 1427 0022 08       		.uleb128 0x8
 1428 0023 00       		.byte	0
 1429 0024 00       		.byte	0
 1430 0025 04       		.uleb128 0x4
 1431 0026 16       		.uleb128 0x16
 1432 0027 00       		.byte	0
 1433 0028 03       		.uleb128 0x3
 1434 0029 0E       		.uleb128 0xe
 1435 002a 3A       		.uleb128 0x3a
 1436 002b 0B       		.uleb128 0xb
 1437 002c 3B       		.uleb128 0x3b
 1438 002d 0B       		.uleb128 0xb
 1439 002e 49       		.uleb128 0x49
 1440 002f 13       		.uleb128 0x13
 1441 0030 00       		.byte	0
 1442 0031 00       		.byte	0
 1443 0032 05       		.uleb128 0x5
 1444 0033 0F       		.uleb128 0xf
 1445 0034 00       		.byte	0
 1446 0035 0B       		.uleb128 0xb
 1447 0036 0B       		.uleb128 0xb
ARM GAS  C:\Users\zakis\AppData\Local\Temp\ccXELNHu.s 			page 27


 1448 0037 00       		.byte	0
 1449 0038 00       		.byte	0
 1450 0039 06       		.uleb128 0x6
 1451 003a 0F       		.uleb128 0xf
 1452 003b 00       		.byte	0
 1453 003c 0B       		.uleb128 0xb
 1454 003d 0B       		.uleb128 0xb
 1455 003e 49       		.uleb128 0x49
 1456 003f 13       		.uleb128 0x13
 1457 0040 00       		.byte	0
 1458 0041 00       		.byte	0
 1459 0042 07       		.uleb128 0x7
 1460 0043 15       		.uleb128 0x15
 1461 0044 00       		.byte	0
 1462 0045 27       		.uleb128 0x27
 1463 0046 19       		.uleb128 0x19
 1464 0047 00       		.byte	0
 1465 0048 00       		.byte	0
 1466 0049 08       		.uleb128 0x8
 1467 004a 13       		.uleb128 0x13
 1468 004b 01       		.byte	0x1
 1469 004c 03       		.uleb128 0x3
 1470 004d 0E       		.uleb128 0xe
 1471 004e 0B       		.uleb128 0xb
 1472 004f 0B       		.uleb128 0xb
 1473 0050 3A       		.uleb128 0x3a
 1474 0051 0B       		.uleb128 0xb
 1475 0052 3B       		.uleb128 0x3b
 1476 0053 0B       		.uleb128 0xb
 1477 0054 01       		.uleb128 0x1
 1478 0055 13       		.uleb128 0x13
 1479 0056 00       		.byte	0
 1480 0057 00       		.byte	0
 1481 0058 09       		.uleb128 0x9
 1482 0059 0D       		.uleb128 0xd
 1483 005a 00       		.byte	0
 1484 005b 03       		.uleb128 0x3
 1485 005c 0E       		.uleb128 0xe
 1486 005d 3A       		.uleb128 0x3a
 1487 005e 0B       		.uleb128 0xb
 1488 005f 3B       		.uleb128 0x3b
 1489 0060 0B       		.uleb128 0xb
 1490 0061 49       		.uleb128 0x49
 1491 0062 13       		.uleb128 0x13
 1492 0063 38       		.uleb128 0x38
 1493 0064 0B       		.uleb128 0xb
 1494 0065 00       		.byte	0
 1495 0066 00       		.byte	0
 1496 0067 0A       		.uleb128 0xa
 1497 0068 16       		.uleb128 0x16
 1498 0069 00       		.byte	0
 1499 006a 03       		.uleb128 0x3
 1500 006b 0E       		.uleb128 0xe
 1501 006c 3A       		.uleb128 0x3a
 1502 006d 0B       		.uleb128 0xb
 1503 006e 3B       		.uleb128 0x3b
 1504 006f 05       		.uleb128 0x5
ARM GAS  C:\Users\zakis\AppData\Local\Temp\ccXELNHu.s 			page 28


 1505 0070 49       		.uleb128 0x49
 1506 0071 13       		.uleb128 0x13
 1507 0072 00       		.byte	0
 1508 0073 00       		.byte	0
 1509 0074 0B       		.uleb128 0xb
 1510 0075 13       		.uleb128 0x13
 1511 0076 01       		.byte	0x1
 1512 0077 0B       		.uleb128 0xb
 1513 0078 0B       		.uleb128 0xb
 1514 0079 3A       		.uleb128 0x3a
 1515 007a 0B       		.uleb128 0xb
 1516 007b 3B       		.uleb128 0x3b
 1517 007c 05       		.uleb128 0x5
 1518 007d 01       		.uleb128 0x1
 1519 007e 13       		.uleb128 0x13
 1520 007f 00       		.byte	0
 1521 0080 00       		.byte	0
 1522 0081 0C       		.uleb128 0xc
 1523 0082 0D       		.uleb128 0xd
 1524 0083 00       		.byte	0
 1525 0084 03       		.uleb128 0x3
 1526 0085 0E       		.uleb128 0xe
 1527 0086 3A       		.uleb128 0x3a
 1528 0087 0B       		.uleb128 0xb
 1529 0088 3B       		.uleb128 0x3b
 1530 0089 05       		.uleb128 0x5
 1531 008a 49       		.uleb128 0x49
 1532 008b 13       		.uleb128 0x13
 1533 008c 38       		.uleb128 0x38
 1534 008d 0B       		.uleb128 0xb
 1535 008e 00       		.byte	0
 1536 008f 00       		.byte	0
 1537 0090 0D       		.uleb128 0xd
 1538 0091 04       		.uleb128 0x4
 1539 0092 01       		.byte	0x1
 1540 0093 0B       		.uleb128 0xb
 1541 0094 0B       		.uleb128 0xb
 1542 0095 49       		.uleb128 0x49
 1543 0096 13       		.uleb128 0x13
 1544 0097 3A       		.uleb128 0x3a
 1545 0098 0B       		.uleb128 0xb
 1546 0099 3B       		.uleb128 0x3b
 1547 009a 05       		.uleb128 0x5
 1548 009b 01       		.uleb128 0x1
 1549 009c 13       		.uleb128 0x13
 1550 009d 00       		.byte	0
 1551 009e 00       		.byte	0
 1552 009f 0E       		.uleb128 0xe
 1553 00a0 28       		.uleb128 0x28
 1554 00a1 00       		.byte	0
 1555 00a2 03       		.uleb128 0x3
 1556 00a3 0E       		.uleb128 0xe
 1557 00a4 1C       		.uleb128 0x1c
 1558 00a5 0B       		.uleb128 0xb
 1559 00a6 00       		.byte	0
 1560 00a7 00       		.byte	0
 1561 00a8 0F       		.uleb128 0xf
ARM GAS  C:\Users\zakis\AppData\Local\Temp\ccXELNHu.s 			page 29


 1562 00a9 0D       		.uleb128 0xd
 1563 00aa 00       		.byte	0
 1564 00ab 03       		.uleb128 0x3
 1565 00ac 08       		.uleb128 0x8
 1566 00ad 3A       		.uleb128 0x3a
 1567 00ae 0B       		.uleb128 0xb
 1568 00af 3B       		.uleb128 0x3b
 1569 00b0 05       		.uleb128 0x5
 1570 00b1 49       		.uleb128 0x49
 1571 00b2 13       		.uleb128 0x13
 1572 00b3 38       		.uleb128 0x38
 1573 00b4 0B       		.uleb128 0xb
 1574 00b5 00       		.byte	0
 1575 00b6 00       		.byte	0
 1576 00b7 10       		.uleb128 0x10
 1577 00b8 13       		.uleb128 0x13
 1578 00b9 01       		.byte	0x1
 1579 00ba 03       		.uleb128 0x3
 1580 00bb 0E       		.uleb128 0xe
 1581 00bc 0B       		.uleb128 0xb
 1582 00bd 0B       		.uleb128 0xb
 1583 00be 3A       		.uleb128 0x3a
 1584 00bf 0B       		.uleb128 0xb
 1585 00c0 3B       		.uleb128 0x3b
 1586 00c1 05       		.uleb128 0x5
 1587 00c2 01       		.uleb128 0x1
 1588 00c3 13       		.uleb128 0x13
 1589 00c4 00       		.byte	0
 1590 00c5 00       		.byte	0
 1591 00c6 11       		.uleb128 0x11
 1592 00c7 01       		.uleb128 0x1
 1593 00c8 01       		.byte	0x1
 1594 00c9 49       		.uleb128 0x49
 1595 00ca 13       		.uleb128 0x13
 1596 00cb 01       		.uleb128 0x1
 1597 00cc 13       		.uleb128 0x13
 1598 00cd 00       		.byte	0
 1599 00ce 00       		.byte	0
 1600 00cf 12       		.uleb128 0x12
 1601 00d0 21       		.uleb128 0x21
 1602 00d1 00       		.byte	0
 1603 00d2 00       		.byte	0
 1604 00d3 00       		.byte	0
 1605 00d4 13       		.uleb128 0x13
 1606 00d5 26       		.uleb128 0x26
 1607 00d6 00       		.byte	0
 1608 00d7 49       		.uleb128 0x49
 1609 00d8 13       		.uleb128 0x13
 1610 00d9 00       		.byte	0
 1611 00da 00       		.byte	0
 1612 00db 14       		.uleb128 0x14
 1613 00dc 21       		.uleb128 0x21
 1614 00dd 00       		.byte	0
 1615 00de 49       		.uleb128 0x49
 1616 00df 13       		.uleb128 0x13
 1617 00e0 2F       		.uleb128 0x2f
 1618 00e1 0B       		.uleb128 0xb
ARM GAS  C:\Users\zakis\AppData\Local\Temp\ccXELNHu.s 			page 30


 1619 00e2 00       		.byte	0
 1620 00e3 00       		.byte	0
 1621 00e4 15       		.uleb128 0x15
 1622 00e5 34       		.uleb128 0x34
 1623 00e6 00       		.byte	0
 1624 00e7 03       		.uleb128 0x3
 1625 00e8 0E       		.uleb128 0xe
 1626 00e9 3A       		.uleb128 0x3a
 1627 00ea 0B       		.uleb128 0xb
 1628 00eb 3B       		.uleb128 0x3b
 1629 00ec 05       		.uleb128 0x5
 1630 00ed 49       		.uleb128 0x49
 1631 00ee 13       		.uleb128 0x13
 1632 00ef 02       		.uleb128 0x2
 1633 00f0 18       		.uleb128 0x18
 1634 00f1 00       		.byte	0
 1635 00f2 00       		.byte	0
 1636 00f3 16       		.uleb128 0x16
 1637 00f4 34       		.uleb128 0x34
 1638 00f5 00       		.byte	0
 1639 00f6 03       		.uleb128 0x3
 1640 00f7 0E       		.uleb128 0xe
 1641 00f8 3A       		.uleb128 0x3a
 1642 00f9 0B       		.uleb128 0xb
 1643 00fa 3B       		.uleb128 0x3b
 1644 00fb 0B       		.uleb128 0xb
 1645 00fc 49       		.uleb128 0x49
 1646 00fd 13       		.uleb128 0x13
 1647 00fe 3F       		.uleb128 0x3f
 1648 00ff 19       		.uleb128 0x19
 1649 0100 02       		.uleb128 0x2
 1650 0101 18       		.uleb128 0x18
 1651 0102 00       		.byte	0
 1652 0103 00       		.byte	0
 1653 0104 17       		.uleb128 0x17
 1654 0105 34       		.uleb128 0x34
 1655 0106 00       		.byte	0
 1656 0107 03       		.uleb128 0x3
 1657 0108 0E       		.uleb128 0xe
 1658 0109 3A       		.uleb128 0x3a
 1659 010a 0B       		.uleb128 0xb
 1660 010b 3B       		.uleb128 0x3b
 1661 010c 05       		.uleb128 0x5
 1662 010d 49       		.uleb128 0x49
 1663 010e 13       		.uleb128 0x13
 1664 010f 3F       		.uleb128 0x3f
 1665 0110 19       		.uleb128 0x19
 1666 0111 02       		.uleb128 0x2
 1667 0112 18       		.uleb128 0x18
 1668 0113 00       		.byte	0
 1669 0114 00       		.byte	0
 1670 0115 18       		.uleb128 0x18
 1671 0116 34       		.uleb128 0x34
 1672 0117 00       		.byte	0
 1673 0118 03       		.uleb128 0x3
 1674 0119 0E       		.uleb128 0xe
 1675 011a 3A       		.uleb128 0x3a
ARM GAS  C:\Users\zakis\AppData\Local\Temp\ccXELNHu.s 			page 31


 1676 011b 0B       		.uleb128 0xb
 1677 011c 3B       		.uleb128 0x3b
 1678 011d 0B       		.uleb128 0xb
 1679 011e 49       		.uleb128 0x49
 1680 011f 13       		.uleb128 0x13
 1681 0120 3F       		.uleb128 0x3f
 1682 0121 19       		.uleb128 0x19
 1683 0122 3C       		.uleb128 0x3c
 1684 0123 19       		.uleb128 0x19
 1685 0124 00       		.byte	0
 1686 0125 00       		.byte	0
 1687 0126 00       		.byte	0
 1688              		.section	.debug_aranges,"",%progbits
 1689 0000 14000000 		.4byte	0x14
 1690 0004 0200     		.2byte	0x2
 1691 0006 00000000 		.4byte	.Ldebug_info0
 1692 000a 04       		.byte	0x4
 1693 000b 00       		.byte	0
 1694 000c 0000     		.2byte	0
 1695 000e 0000     		.2byte	0
 1696 0010 00000000 		.4byte	0
 1697 0014 00000000 		.4byte	0
 1698              		.section	.debug_line,"",%progbits
 1699              	.Ldebug_line0:
 1700 0000 38010000 		.section	.debug_str,"MS",%progbits,1
 1700      02003201 
 1700      00000201 
 1700      FB0E0D00 
 1700      01010101 
 1701              	.LASF46:
 1702 0000 6E657874 		.ascii	"next\000"
 1702      00
 1703              	.LASF83:
 1704 0005 45455F74 		.ascii	"EE_th_terminate_nextask\000"
 1704      685F7465 
 1704      726D696E 
 1704      6174655F 
 1704      6E657874 
 1705              	.LASF24:
 1706 001d 5469636B 		.ascii	"TickType\000"
 1706      54797065 
 1706      00
 1707              	.LASF84:
 1708 0026 45455F73 		.ascii	"EE_stkfirst\000"
 1708      746B6669 
 1708      72737400 
 1709              	.LASF26:
 1710 0032 41637469 		.ascii	"ActionType\000"
 1710      6F6E5479 
 1710      706500
 1711              	.LASF19:
 1712 003d 45455F54 		.ascii	"EE_TYPEBOOL\000"
 1712      59504542 
 1712      4F4F4C00 
 1713              	.LASF109:
 1714 0049 45455F63 		.ascii	"EE_cortex_mx_IRQ_tos\000"
 1714      6F727465 
ARM GAS  C:\Users\zakis\AppData\Local\Temp\ccXELNHu.s 			page 32


 1714      785F6D78 
 1714      5F495251 
 1714      5F746F73 
 1715              	.LASF7:
 1716 005e 6C6F6E67 		.ascii	"long long unsigned int\000"
 1716      206C6F6E 
 1716      6720756E 
 1716      7369676E 
 1716      65642069 
 1717              	.LASF45:
 1718 0075 64656C74 		.ascii	"delta\000"
 1718      6100
 1719              	.LASF42:
 1720 007b 45455F6F 		.ascii	"EE_oo_counter_object_ROM_type\000"
 1720      6F5F636F 
 1720      756E7465 
 1720      725F6F62 
 1720      6A656374 
 1721              	.LASF89:
 1722 0099 45455F72 		.ascii	"EE_rq_pairs_next\000"
 1722      715F7061 
 1722      6972735F 
 1722      6E657874 
 1722      00
 1723              	.LASF22:
 1724 00aa 5461736B 		.ascii	"TaskType\000"
 1724      54797065 
 1724      00
 1725              	.LASF61:
 1726 00b3 45455F54 		.ascii	"EE_TOS\000"
 1726      4F5300
 1727              	.LASF29:
 1728 00ba 6D617861 		.ascii	"maxallowedvalue\000"
 1728      6C6C6F77 
 1728      65647661 
 1728      6C756500 
 1729              	.LASF117:
 1730 00ca 45455F6F 		.ascii	"EE_oo_autostart_task_mode_OSDEFAULTAPPMODE\000"
 1730      6F5F6175 
 1730      746F7374 
 1730      6172745F 
 1730      7461736B 
 1731              	.LASF79:
 1732 00f5 45455F41 		.ascii	"EE_ALARM_ID\000"
 1732      4C41524D 
 1732      5F494400 
 1733              	.LASF6:
 1734 0101 6C6F6E67 		.ascii	"long long int\000"
 1734      206C6F6E 
 1734      6720696E 
 1734      7400
 1735              	.LASF0:
 1736 010f 7369676E 		.ascii	"signed char\000"
 1736      65642063 
 1736      68617200 
 1737              	.LASF52:
 1738 011b 45455F6F 		.ascii	"EE_oo_action_kind_type\000"
ARM GAS  C:\Users\zakis\AppData\Local\Temp\ccXELNHu.s 			page 33


 1738      6F5F6163 
 1738      74696F6E 
 1738      5F6B696E 
 1738      645F7479 
 1739              	.LASF23:
 1740 0132 4576656E 		.ascii	"EventMaskType\000"
 1740      744D6173 
 1740      6B547970 
 1740      6500
 1741              	.LASF76:
 1742 0140 45455F45 		.ascii	"EE_EVENT_NAME\000"
 1742      56454E54 
 1742      5F4E414D 
 1742      4500
 1743              	.LASF100:
 1744 014e 45455F61 		.ascii	"EE_alarm_ROM\000"
 1744      6C61726D 
 1744      5F524F4D 
 1744      00
 1745              	.LASF70:
 1746 015b 45455F63 		.ascii	"EE_cortex_mx_active_tos\000"
 1746      6F727465 
 1746      785F6D78 
 1746      5F616374 
 1746      6976655F 
 1747              	.LASF35:
 1748 0173 45455F6F 		.ascii	"EE_oo_counter_RAM_type\000"
 1748      6F5F636F 
 1748      756E7465 
 1748      725F5241 
 1748      4D5F7479 
 1749              	.LASF78:
 1750 018a 45455F45 		.ascii	"EE_EVENT_ID\000"
 1750      56454E54 
 1750      5F494400 
 1751              	.LASF4:
 1752 0196 6C6F6E67 		.ascii	"long int\000"
 1752      20696E74 
 1752      00
 1753              	.LASF87:
 1754 019f 45455F72 		.ascii	"EE_rq_queues_head\000"
 1754      715F7175 
 1754      65756573 
 1754      5F686561 
 1754      6400
 1755              	.LASF105:
 1756 01b1 45455F6F 		.ascii	"EE_oo_IRQ_suspend_status\000"
 1756      6F5F4952 
 1756      515F7375 
 1756      7370656E 
 1756      645F7374 
 1757              	.LASF107:
 1758 01ca 45455F73 		.ascii	"EE_std_endcycle_next_tid\000"
 1758      74645F65 
 1758      6E646379 
 1758      636C655F 
 1758      6E657874 
ARM GAS  C:\Users\zakis\AppData\Local\Temp\ccXELNHu.s 			page 34


 1759              	.LASF31:
 1760 01e3 6D696E63 		.ascii	"mincycle\000"
 1760      79636C65 
 1760      00
 1761              	.LASF20:
 1762 01ec 45455F54 		.ascii	"EE_TID\000"
 1762      494400
 1763              	.LASF33:
 1764 01f3 76616C75 		.ascii	"value\000"
 1764      6500
 1765              	.LASF8:
 1766 01f9 756E7369 		.ascii	"unsigned int\000"
 1766      676E6564 
 1766      20696E74 
 1766      00
 1767              	.LASF16:
 1768 0206 45455F55 		.ascii	"EE_UREG\000"
 1768      52454700 
 1769              	.LASF60:
 1770 020e 45455F6F 		.ascii	"EE_oo_alarm_ROM_type\000"
 1770      6F5F616C 
 1770      61726D5F 
 1770      524F4D5F 
 1770      74797065 
 1771              	.LASF77:
 1772 0223 45455F41 		.ascii	"EE_ALARM_NAME\000"
 1772      4C41524D 
 1772      5F4E414D 
 1772      4500
 1773              	.LASF5:
 1774 0231 6C6F6E67 		.ascii	"long unsigned int\000"
 1774      20756E73 
 1774      69676E65 
 1774      6420696E 
 1774      7400
 1775              	.LASF95:
 1776 0243 45455F74 		.ascii	"EE_th_waswaiting\000"
 1776      685F7761 
 1776      73776169 
 1776      74696E67 
 1776      00
 1777              	.LASF62:
 1778 0254 45455F6F 		.ascii	"EE_oo_autostart_task_type\000"
 1778      6F5F6175 
 1778      746F7374 
 1778      6172745F 
 1778      7461736B 
 1779              	.LASF41:
 1780 026e 6B696E64 		.ascii	"kind\000"
 1780      00
 1781              	.LASF3:
 1782 0273 73686F72 		.ascii	"short unsigned int\000"
 1782      7420756E 
 1782      7369676E 
 1782      65642069 
 1782      6E7400
 1783              	.LASF104:
ARM GAS  C:\Users\zakis\AppData\Local\Temp\ccXELNHu.s 			page 35


 1784 0286 45455F6F 		.ascii	"EE_oo_IRQ_disable_count\000"
 1784      6F5F4952 
 1784      515F6469 
 1784      7361626C 
 1784      655F636F 
 1785              	.LASF38:
 1786 029e 45455F6F 		.ascii	"EE_oo_counter_object_kind_type\000"
 1786      6F5F636F 
 1786      756E7465 
 1786      725F6F62 
 1786      6A656374 
 1787              	.LASF80:
 1788 02bd 45455F74 		.ascii	"EE_th_status\000"
 1788      685F7374 
 1788      61747573 
 1788      00
 1789              	.LASF39:
 1790 02ca 436F756E 		.ascii	"CounterObjectKindType\000"
 1790      7465724F 
 1790      626A6563 
 1790      744B696E 
 1790      64547970 
 1791              	.LASF73:
 1792 02e0 45455F74 		.ascii	"EE_th_dispatch_prio\000"
 1792      685F6469 
 1792      73706174 
 1792      63685F70 
 1792      72696F00 
 1793              	.LASF111:
 1794 02f4 45455F63 		.ascii	"EE_cortex_mx_stack_4\000"
 1794      6F727465 
 1794      785F6D78 
 1794      5F737461 
 1794      636B5F34 
 1795              	.LASF112:
 1796 0309 45455F63 		.ascii	"EE_cortex_mx_stack_5\000"
 1796      6F727465 
 1796      785F6D78 
 1796      5F737461 
 1796      636B5F35 
 1797              	.LASF113:
 1798 031e 45455F63 		.ascii	"EE_cortex_mx_stack_9\000"
 1798      6F727465 
 1798      785F6D78 
 1798      5F737461 
 1798      636B5F39 
 1799              	.LASF14:
 1800 0333 45455F56 		.ascii	"EE_VOID_CALLBACK\000"
 1800      4F49445F 
 1800      43414C4C 
 1800      4241434B 
 1800      00
 1801              	.LASF27:
 1802 0344 436F756E 		.ascii	"CounterType\000"
 1802      74657254 
 1802      79706500 
 1803              	.LASF98:
ARM GAS  C:\Users\zakis\AppData\Local\Temp\ccXELNHu.s 			page 36


 1804 0350 45455F6F 		.ascii	"EE_oo_counter_object_ROM\000"
 1804      6F5F636F 
 1804      756E7465 
 1804      725F6F62 
 1804      6A656374 
 1805              	.LASF59:
 1806 0369 61637469 		.ascii	"action_id\000"
 1806      6F6E5F69 
 1806      6400
 1807              	.LASF106:
 1808 0373 45455F41 		.ascii	"EE_ApplicationMode\000"
 1808      70706C69 
 1808      63617469 
 1808      6F6E4D6F 
 1808      646500
 1809              	.LASF99:
 1810 0386 45455F6F 		.ascii	"EE_oo_action_ROM\000"
 1810      6F5F6163 
 1810      74696F6E 
 1810      5F524F4D 
 1810      00
 1811              	.LASF21:
 1812 0397 45455F54 		.ascii	"EE_TYPE_RQ_MASK\000"
 1812      5950455F 
 1812      52515F4D 
 1812      41534B00 
 1813              	.LASF64:
 1814 03a7 73697A65 		.ascii	"sizetype\000"
 1814      74797065 
 1814      00
 1815              	.LASF9:
 1816 03b0 6C6F6E67 		.ascii	"long double\000"
 1816      20646F75 
 1816      626C6500 
 1817              	.LASF92:
 1818 03bc 45455F72 		.ascii	"EE_rq_free\000"
 1818      715F6672 
 1818      656500
 1819              	.LASF86:
 1820 03c7 45455F72 		.ascii	"EE_rq_link\000"
 1820      715F6C69 
 1820      6E6B00
 1821              	.LASF17:
 1822 03d2 45455F53 		.ascii	"EE_SREG\000"
 1822      52454700 
 1823              	.LASF30:
 1824 03da 7469636B 		.ascii	"ticksperbase\000"
 1824      73706572 
 1824      62617365 
 1824      00
 1825              	.LASF43:
 1826 03e7 75736564 		.ascii	"used\000"
 1826      00
 1827              	.LASF47:
 1828 03ec 45455F6F 		.ascii	"EE_oo_counter_object_RAM_type\000"
 1828      6F5F636F 
 1828      756E7465 
ARM GAS  C:\Users\zakis\AppData\Local\Temp\ccXELNHu.s 			page 37


 1828      725F6F62 
 1828      6A656374 
 1829              	.LASF97:
 1830 040a 45455F63 		.ascii	"EE_counter_ROM\000"
 1830      6F756E74 
 1830      65725F52 
 1830      4F4D00
 1831              	.LASF58:
 1832 0419 45455F6F 		.ascii	"EE_oo_action_ROM_type\000"
 1832      6F5F6163 
 1832      74696F6E 
 1832      5F524F4D 
 1832      5F747970 
 1833              	.LASF10:
 1834 042f 45455F55 		.ascii	"EE_UINT16\000"
 1834      494E5431 
 1834      3600
 1835              	.LASF37:
 1836 0439 45455F53 		.ascii	"EE_SCHEDULETABLE\000"
 1836      43484544 
 1836      554C4554 
 1836      41424C45 
 1836      00
 1837              	.LASF69:
 1838 044a 45455F63 		.ascii	"EE_cortex_mx_system_tos\000"
 1838      6F727465 
 1838      785F6D78 
 1838      5F737973 
 1838      74656D5F 
 1839              	.LASF1:
 1840 0462 756E7369 		.ascii	"unsigned char\000"
 1840      676E6564 
 1840      20636861 
 1840      7200
 1841              	.LASF36:
 1842 0470 45455F41 		.ascii	"EE_ALARM\000"
 1842      4C41524D 
 1842      00
 1843              	.LASF81:
 1844 0479 45455F74 		.ascii	"EE_th_next\000"
 1844      685F6E65 
 1844      787400
 1845              	.LASF68:
 1846 0484 45455F74 		.ascii	"EE_terminate_real_th_body\000"
 1846      65726D69 
 1846      6E617465 
 1846      5F726561 
 1846      6C5F7468 
 1847              	.LASF57:
 1848 049e 696E6363 		.ascii	"inccount\000"
 1848      6F756E74 
 1848      00
 1849              	.LASF2:
 1850 04a7 73686F72 		.ascii	"short int\000"
 1850      7420696E 
 1850      7400
 1851              	.LASF94:
ARM GAS  C:\Users\zakis\AppData\Local\Temp\ccXELNHu.s 			page 38


 1852 04b1 45455F74 		.ascii	"EE_th_event_waitmask\000"
 1852      685F6576 
 1852      656E745F 
 1852      77616974 
 1852      6D61736B 
 1853              	.LASF110:
 1854 04c6 45455F63 		.ascii	"EE_cortex_mx_stack_3\000"
 1854      6F727465 
 1854      785F6D78 
 1854      5F737461 
 1854      636B5F33 
 1855              	.LASF75:
 1856 04db 45455F54 		.ascii	"EE_TASK_NAME\000"
 1856      41534B5F 
 1856      4E414D45 
 1856      00
 1857              	.LASF32:
 1858 04e8 45455F6F 		.ascii	"EE_oo_counter_ROM_type\000"
 1858      6F5F636F 
 1858      756E7465 
 1858      725F524F 
 1858      4D5F7479 
 1859              	.LASF114:
 1860 04ff 474E5520 		.ascii	"GNU C11 5.4.1 20160609 (release) [ARM/embedded-5-br"
 1860      43313120 
 1860      352E342E 
 1860      31203230 
 1860      31363036 
 1861 0532 616E6368 		.ascii	"anch revision 237715] -mcpu=cortex-m3 -mthumb -g -O"
 1861      20726576 
 1861      6973696F 
 1861      6E203233 
 1861      37373135 
 1862 0565 67202D66 		.ascii	"g -ffunction-sections -ffat-lto-objects\000"
 1862      66756E63 
 1862      74696F6E 
 1862      2D736563 
 1862      74696F6E 
 1863              	.LASF56:
 1864 058d 61637469 		.ascii	"action_mask\000"
 1864      6F6E5F6D 
 1864      61736B00 
 1865              	.LASF15:
 1866 0599 45455F54 		.ascii	"EE_THREAD_PTR\000"
 1866      48524541 
 1866      445F5054 
 1866      5200
 1867              	.LASF88:
 1868 05a7 45455F72 		.ascii	"EE_rq_queues_tail\000"
 1868      715F7175 
 1868      65756573 
 1868      5F746169 
 1868      6C00
 1869              	.LASF66:
 1870 05b9 45455F73 		.ascii	"EE_std_thread_tos\000"
 1870      74645F74 
 1870      68726561 
ARM GAS  C:\Users\zakis\AppData\Local\Temp\ccXELNHu.s 			page 39


 1870      645F746F 
 1870      7300
 1871              	.LASF51:
 1872 05cb 45455F41 		.ascii	"EE_ACTION_CALLBACK\000"
 1872      4354494F 
 1872      4E5F4341 
 1872      4C4C4241 
 1872      434B00
 1873              	.LASF91:
 1874 05de 45455F72 		.ascii	"EE_rq_bitmask\000"
 1874      715F6269 
 1874      746D6173 
 1874      6B00
 1875              	.LASF34:
 1876 05ec 66697273 		.ascii	"first\000"
 1876      7400
 1877              	.LASF116:
 1878 05f2 433A5C55 		.ascii	"C:\\Users\\zakis\\Documents\\EAA\\RTE_Gaspedal_Watc"
 1878      73657273 
 1878      5C7A616B 
 1878      69735C44 
 1878      6F63756D 
 1879 0620 68646F67 		.ascii	"hdog\\LabOne\\Gaspedal_Watchdog.cydsn\000"
 1879      5C4C6162 
 1879      4F6E655C 
 1879      47617370 
 1879      6564616C 
 1880              	.LASF74:
 1881 0644 63686172 		.ascii	"char\000"
 1881      00
 1882              	.LASF48:
 1883 0649 45455F41 		.ascii	"EE_ACTION_TASK\000"
 1883      4354494F 
 1883      4E5F5441 
 1883      534B00
 1884              	.LASF71:
 1885 0658 45455F74 		.ascii	"EE_th_rnact_max\000"
 1885      685F726E 
 1885      6163745F 
 1885      6D617800 
 1886              	.LASF50:
 1887 0668 45455F41 		.ascii	"EE_ACTION_COUNTER\000"
 1887      4354494F 
 1887      4E5F434F 
 1887      554E5445 
 1887      5200
 1888              	.LASF101:
 1889 067a 45455F63 		.ascii	"EE_counter_RAM\000"
 1889      6F756E74 
 1889      65725F52 
 1889      414D00
 1890              	.LASF40:
 1891 0689 73706563 		.ascii	"spec_id\000"
 1891      5F696400 
 1892              	.LASF49:
 1893 0691 45455F41 		.ascii	"EE_ACTION_EVENT\000"
 1893      4354494F 
ARM GAS  C:\Users\zakis\AppData\Local\Temp\ccXELNHu.s 			page 40


 1893      4E5F4556 
 1893      454E5400 
 1894              	.LASF65:
 1895 06a1 45455F68 		.ascii	"EE_hal_thread_body\000"
 1895      616C5F74 
 1895      68726561 
 1895      645F626F 
 1895      647900
 1896              	.LASF85:
 1897 06b4 45455F73 		.ascii	"EE_sys_ceiling\000"
 1897      79735F63 
 1897      65696C69 
 1897      6E6700
 1898              	.LASF54:
 1899 06c3 61637469 		.ascii	"action_kind\000"
 1899      6F6E5F6B 
 1899      696E6400 
 1900              	.LASF63:
 1901 06cf 7461736B 		.ascii	"task\000"
 1901      00
 1902              	.LASF102:
 1903 06d4 45455F6F 		.ascii	"EE_oo_counter_object_RAM\000"
 1903      6F5F636F 
 1903      756E7465 
 1903      725F6F62 
 1903      6A656374 
 1904              	.LASF53:
 1905 06ed 41637469 		.ascii	"ActionKindType\000"
 1905      6F6E4B69 
 1905      6E645479 
 1905      706500
 1906              	.LASF72:
 1907 06fc 45455F74 		.ascii	"EE_th_ready_prio\000"
 1907      685F7265 
 1907      6164795F 
 1907      7072696F 
 1907      00
 1908              	.LASF82:
 1909 070d 45455F74 		.ascii	"EE_th_rnact\000"
 1909      685F726E 
 1909      61637400 
 1910              	.LASF90:
 1911 0719 45455F72 		.ascii	"EE_rq_pairs_tid\000"
 1911      715F7061 
 1911      6972735F 
 1911      74696400 
 1912              	.LASF108:
 1913 0729 45455F49 		.ascii	"EE_IRQ_nesting_level\000"
 1913      52515F6E 
 1913      65737469 
 1913      6E675F6C 
 1913      6576656C 
 1914              	.LASF12:
 1915 073e 45455F55 		.ascii	"EE_UINT32\000"
 1915      494E5433 
 1915      3200
 1916              	.LASF11:
ARM GAS  C:\Users\zakis\AppData\Local\Temp\ccXELNHu.s 			page 41


 1917 0748 45455F49 		.ascii	"EE_INT32\000"
 1917      4E543332 
 1917      00
 1918              	.LASF67:
 1919 0751 45455F74 		.ascii	"EE_terminate_data\000"
 1919      65726D69 
 1919      6E617465 
 1919      5F646174 
 1919      6100
 1920              	.LASF115:
 1921 0763 47656E65 		.ascii	"Generated_Source\\PSoC5\\ErikaOS_1_eecfg.c\000"
 1921      72617465 
 1921      645F536F 
 1921      75726365 
 1921      5C50536F 
 1922              	.LASF93:
 1923 078c 45455F74 		.ascii	"EE_th_event_active\000"
 1923      685F6576 
 1923      656E745F 
 1923      61637469 
 1923      766500
 1924              	.LASF44:
 1925 079f 636E7463 		.ascii	"cntcycle\000"
 1925      79636C65 
 1925      00
 1926              	.LASF25:
 1927 07a8 436F756E 		.ascii	"CounterObjectType\000"
 1927      7465724F 
 1927      626A6563 
 1927      74547970 
 1927      6500
 1928              	.LASF28:
 1929 07ba 5359535F 		.ascii	"SYS_tos\000"
 1929      746F7300 
 1930              	.LASF55:
 1931 07c2 61637469 		.ascii	"action_task\000"
 1931      6F6E5F74 
 1931      61736B00 
 1932              	.LASF13:
 1933 07ce 45455F41 		.ascii	"EE_ADDR\000"
 1933      44445200 
 1934              	.LASF96:
 1935 07d6 45455F74 		.ascii	"EE_th_is_extended\000"
 1935      685F6973 
 1935      5F657874 
 1935      656E6465 
 1935      6400
 1936              	.LASF18:
 1937 07e8 45455F46 		.ascii	"EE_FREG\000"
 1937      52454700 
 1938              	.LASF103:
 1939 07f0 45455F6F 		.ascii	"EE_oo_autostart_task_data\000"
 1939      6F5F6175 
 1939      746F7374 
 1939      6172745F 
 1939      7461736B 
 1940              		.ident	"GCC: (GNU Tools for ARM Embedded Processors) 5.4.1 20160609 (release) [ARM/embedded-5-bran
ARM GAS  C:\Users\zakis\AppData\Local\Temp\ccXELNHu.s 			page 42


