ARM GAS  C:\Users\zakis\AppData\Local\Temp\ccDLGaph.s 			page 1


   1              		.syntax unified
   2              		.cpu cortex-m3
   3              		.fpu softvfp
   4              		.eabi_attribute 20, 1
   5              		.eabi_attribute 21, 1
   6              		.eabi_attribute 23, 3
   7              		.eabi_attribute 24, 1
   8              		.eabi_attribute 25, 1
   9              		.eabi_attribute 26, 1
  10              		.eabi_attribute 30, 1
  11              		.eabi_attribute 34, 1
  12              		.eabi_attribute 18, 4
  13              		.thumb
  14              		.syntax unified
  15              		.file	"ErikaOS_ee_ulockallres.c"
  16              		.text
  17              	.Ltext0:
  18              		.cfi_sections	.debug_frame
  19              		.section	.text.EE_oo_release_all_resources,"ax",%progbits
  20              		.align	2
  21              		.global	EE_oo_release_all_resources
  22              		.thumb
  23              		.thumb_func
  24              		.type	EE_oo_release_all_resources, %function
  25              	EE_oo_release_all_resources:
  26              	.LFB70:
  27              		.file 1 "Generated_Source\\PSoC5\\ErikaOS_ee_ulockallres.c"
   1:Generated_Source\PSoC5/ErikaOS_ee_ulockallres.c **** /* ###*B*###
   2:Generated_Source\PSoC5/ErikaOS_ee_ulockallres.c ****  * ERIKA Enterprise - a tiny RTOS for small microcontrollers
   3:Generated_Source\PSoC5/ErikaOS_ee_ulockallres.c ****  *
   4:Generated_Source\PSoC5/ErikaOS_ee_ulockallres.c ****  * Copyright (C) 2002-2008  Evidence Srl
   5:Generated_Source\PSoC5/ErikaOS_ee_ulockallres.c ****  *
   6:Generated_Source\PSoC5/ErikaOS_ee_ulockallres.c ****  * This file is part of ERIKA Enterprise.
   7:Generated_Source\PSoC5/ErikaOS_ee_ulockallres.c ****  *
   8:Generated_Source\PSoC5/ErikaOS_ee_ulockallres.c ****  * ERIKA Enterprise is free software; you can redistribute it
   9:Generated_Source\PSoC5/ErikaOS_ee_ulockallres.c ****  * and/or modify it under the terms of the GNU General Public License
  10:Generated_Source\PSoC5/ErikaOS_ee_ulockallres.c ****  * version 2 as published by the Free Software Foundation, 
  11:Generated_Source\PSoC5/ErikaOS_ee_ulockallres.c ****  * (with a special exception described below).
  12:Generated_Source\PSoC5/ErikaOS_ee_ulockallres.c ****  *
  13:Generated_Source\PSoC5/ErikaOS_ee_ulockallres.c ****  * Linking this code statically or dynamically with other modules is
  14:Generated_Source\PSoC5/ErikaOS_ee_ulockallres.c ****  * making a combined work based on this code.  Thus, the terms and
  15:Generated_Source\PSoC5/ErikaOS_ee_ulockallres.c ****  * conditions of the GNU General Public License cover the whole
  16:Generated_Source\PSoC5/ErikaOS_ee_ulockallres.c ****  * combination.
  17:Generated_Source\PSoC5/ErikaOS_ee_ulockallres.c ****  *
  18:Generated_Source\PSoC5/ErikaOS_ee_ulockallres.c ****  * As a special exception, the copyright holders of this library give you
  19:Generated_Source\PSoC5/ErikaOS_ee_ulockallres.c ****  * permission to link this code with independent modules to produce an
  20:Generated_Source\PSoC5/ErikaOS_ee_ulockallres.c ****  * executable, regardless of the license terms of these independent
  21:Generated_Source\PSoC5/ErikaOS_ee_ulockallres.c ****  * modules, and to copy and distribute the resulting executable under
  22:Generated_Source\PSoC5/ErikaOS_ee_ulockallres.c ****  * terms of your choice, provided that you also meet, for each linked
  23:Generated_Source\PSoC5/ErikaOS_ee_ulockallres.c ****  * independent module, the terms and conditions of the license of that
  24:Generated_Source\PSoC5/ErikaOS_ee_ulockallres.c ****  * module.  An independent module is a module which is not derived from
  25:Generated_Source\PSoC5/ErikaOS_ee_ulockallres.c ****  * or based on this library.  If you modify this code, you may extend
  26:Generated_Source\PSoC5/ErikaOS_ee_ulockallres.c ****  * this exception to your version of the code, but you are not
  27:Generated_Source\PSoC5/ErikaOS_ee_ulockallres.c ****  * obligated to do so.  If you do not wish to do so, delete this
  28:Generated_Source\PSoC5/ErikaOS_ee_ulockallres.c ****  * exception statement from your version.
  29:Generated_Source\PSoC5/ErikaOS_ee_ulockallres.c ****  *
  30:Generated_Source\PSoC5/ErikaOS_ee_ulockallres.c ****  * ERIKA Enterprise is distributed in the hope that it will be
ARM GAS  C:\Users\zakis\AppData\Local\Temp\ccDLGaph.s 			page 2


  31:Generated_Source\PSoC5/ErikaOS_ee_ulockallres.c ****  * useful, but WITHOUT ANY WARRANTY; without even the implied warranty
  32:Generated_Source\PSoC5/ErikaOS_ee_ulockallres.c ****  * of MERCHANTABILITY or FITNESS FOR A PARTICULAR PURPOSE.  See the
  33:Generated_Source\PSoC5/ErikaOS_ee_ulockallres.c ****  * GNU General Public License version 2 for more details.
  34:Generated_Source\PSoC5/ErikaOS_ee_ulockallres.c ****  *
  35:Generated_Source\PSoC5/ErikaOS_ee_ulockallres.c ****  * You should have received a copy of the GNU General Public License
  36:Generated_Source\PSoC5/ErikaOS_ee_ulockallres.c ****  * version 2 along with ERIKA Enterprise; if not, write to the
  37:Generated_Source\PSoC5/ErikaOS_ee_ulockallres.c ****  * Free Software Foundation, Inc., 51 Franklin Street, Fifth Floor,
  38:Generated_Source\PSoC5/ErikaOS_ee_ulockallres.c ****  * Boston, MA 02110-1301 USA.
  39:Generated_Source\PSoC5/ErikaOS_ee_ulockallres.c ****  * ###*E*### */
  40:Generated_Source\PSoC5/ErikaOS_ee_ulockallres.c **** 
  41:Generated_Source\PSoC5/ErikaOS_ee_ulockallres.c **** /*
  42:Generated_Source\PSoC5/ErikaOS_ee_ulockallres.c ****  * Author: 2011 Errico Guidieri
  43:Generated_Source\PSoC5/ErikaOS_ee_ulockallres.c ****  */
  44:Generated_Source\PSoC5/ErikaOS_ee_ulockallres.c **** 
  45:Generated_Source\PSoC5/ErikaOS_ee_ulockallres.c **** /*
  46:Generated_Source\PSoC5/ErikaOS_ee_ulockallres.c ****  * PSoC Port and API Generation
  47:Generated_Source\PSoC5/ErikaOS_ee_ulockallres.c ****  * Carlos Fernando Meier Martinez
  48:Generated_Source\PSoC5/ErikaOS_ee_ulockallres.c ****  * Hochschule Darmstadt, Germany. 2017.
  49:Generated_Source\PSoC5/ErikaOS_ee_ulockallres.c ****  */
  50:Generated_Source\PSoC5/ErikaOS_ee_ulockallres.c **** 
  51:Generated_Source\PSoC5/ErikaOS_ee_ulockallres.c **** #include "ErikaOS_ee_internal.inc"
  52:Generated_Source\PSoC5/ErikaOS_ee_ulockallres.c **** #if (defined(__OO_BCC1__) || defined(__OO_BCC2__) || defined(__OO_ECC1__) || defined(__OO_ECC2__)) 
  53:Generated_Source\PSoC5/ErikaOS_ee_ulockallres.c **** 
  54:Generated_Source\PSoC5/ErikaOS_ee_ulockallres.c **** /*
  55:Generated_Source\PSoC5/ErikaOS_ee_ulockallres.c ****   Method to Release All Resources locked by a Thread,
  56:Generated_Source\PSoC5/ErikaOS_ee_ulockallres.c ****   used to fulfill AS requirement OS070
  57:Generated_Source\PSoC5/ErikaOS_ee_ulockallres.c **** */
  58:Generated_Source\PSoC5/ErikaOS_ee_ulockallres.c **** 
  59:Generated_Source\PSoC5/ErikaOS_ee_ulockallres.c **** #if ( (defined(__OO_EXTENDED_STATUS__)) || (defined(__OO_ISR2_RESOURCES__)) ) \
  60:Generated_Source\PSoC5/ErikaOS_ee_ulockallres.c ****   && (!defined(__PRIVATE_RELEASEALLRESOURCE__))
  61:Generated_Source\PSoC5/ErikaOS_ee_ulockallres.c **** 
  62:Generated_Source\PSoC5/ErikaOS_ee_ulockallres.c **** #if 0
  63:Generated_Source\PSoC5/ErikaOS_ee_ulockallres.c **** #ifdef __MSRP__
  64:Generated_Source\PSoC5/ErikaOS_ee_ulockallres.c **** #warning "MSRP multiprocessor kernel protocol is not completly supported!"
  65:Generated_Source\PSoC5/ErikaOS_ee_ulockallres.c **** static void EE_oo_unlock_others(EE_UREG ResID)
  66:Generated_Source\PSoC5/ErikaOS_ee_ulockallres.c **** {
  67:Generated_Source\PSoC5/ErikaOS_ee_ulockallres.c ****   /* TODO Understand what I need to do for global resources
  68:Generated_Source\PSoC5/ErikaOS_ee_ulockallres.c ****    * PSEUDO code:
  69:Generated_Source\PSoC5/ErikaOS_ee_ulockallres.c ****    *  if(EE_oo_isGlobal(ResID))
  70:Generated_Source\PSoC5/ErikaOS_ee_ulockallres.c ****    *    EE_hal_spin_out((EE_TYPESPIN)ResID);
  71:Generated_Source\PSoC5/ErikaOS_ee_ulockallres.c ****    * but i cannot rely on EE_GLOBAL_MUTEX flag!
  72:Generated_Source\PSoC5/ErikaOS_ee_ulockallres.c ****    * EG:
  73:Generated_Source\PSoC5/ErikaOS_ee_ulockallres.c ****    * Global resources are going to disappear!
  74:Generated_Source\PSoC5/ErikaOS_ee_ulockallres.c ****    */
  75:Generated_Source\PSoC5/ErikaOS_ee_ulockallres.c **** }
  76:Generated_Source\PSoC5/ErikaOS_ee_ulockallres.c **** #else
  77:Generated_Source\PSoC5/ErikaOS_ee_ulockallres.c **** #define EE_oo_unlock_others(ResID)  ((void)0)
  78:Generated_Source\PSoC5/ErikaOS_ee_ulockallres.c **** #endif
  79:Generated_Source\PSoC5/ErikaOS_ee_ulockallres.c **** #endif 
  80:Generated_Source\PSoC5/ErikaOS_ee_ulockallres.c **** 
  81:Generated_Source\PSoC5/ErikaOS_ee_ulockallres.c **** EE_UREG EE_oo_release_all_resources( EE_TID tid ) {
  28              		.loc 1 81 0
  29              		.cfi_startproc
  30              		@ args = 0, pretend = 0, frame = 0
  31              		@ frame_needed = 0, uses_anonymous_args = 0
  32              		@ link register save eliminated.
  33              	.LVL0:
ARM GAS  C:\Users\zakis\AppData\Local\Temp\ccDLGaph.s 			page 3


  34 0000 10B4     		push	{r4}
  35              		.cfi_def_cfa_offset 4
  36              		.cfi_offset 4, -4
  37              	.LVL1:
  82:Generated_Source\PSoC5/ErikaOS_ee_ulockallres.c ****   /* ALLERT! this method have to be called only inside a critical section
  83:Generated_Source\PSoC5/ErikaOS_ee_ulockallres.c ****      (e.g. interrupt disabled) */
  84:Generated_Source\PSoC5/ErikaOS_ee_ulockallres.c ****   register EE_UREG curRes, ResID = EE_UREG_MINUS1;
  85:Generated_Source\PSoC5/ErikaOS_ee_ulockallres.c **** 
  86:Generated_Source\PSoC5/ErikaOS_ee_ulockallres.c ****   curRes = EE_th_resource_last[tid];
  38              		.loc 1 86 0
  39 0002 104B     		ldr	r3, .L6
  40 0004 53F82030 		ldr	r3, [r3, r0, lsl #2]
  41              	.LVL2:
  84:Generated_Source\PSoC5/ErikaOS_ee_ulockallres.c **** 
  42              		.loc 1 84 0
  43 0008 4FF0FF31 		mov	r1, #-1
  87:Generated_Source\PSoC5/ErikaOS_ee_ulockallres.c ****   while ( curRes != EE_UREG_MINUS1 ) {
  44              		.loc 1 87 0
  45 000c 0BE0     		b	.L2
  46              	.LVL3:
  47              	.L3:
  88:Generated_Source\PSoC5/ErikaOS_ee_ulockallres.c ****     ResID = curRes;
  89:Generated_Source\PSoC5/ErikaOS_ee_ulockallres.c ****     /* remove the last entry from the data structure */
  90:Generated_Source\PSoC5/ErikaOS_ee_ulockallres.c ****     EE_th_resource_last[tid] =
  91:Generated_Source\PSoC5/ErikaOS_ee_ulockallres.c ****       EE_resource_stack[ResID];
  48              		.loc 1 91 0
  49 000e 0E4A     		ldr	r2, .L6+4
  50 0010 52F82320 		ldr	r2, [r2, r3, lsl #2]
  90:Generated_Source\PSoC5/ErikaOS_ee_ulockallres.c ****       EE_resource_stack[ResID];
  51              		.loc 1 90 0
  52 0014 0B49     		ldr	r1, .L6
  53 0016 41F82020 		str	r2, [r1, r0, lsl #2]
  92:Generated_Source\PSoC5/ErikaOS_ee_ulockallres.c **** #ifdef __OO_EXTENDED_STATUS__
  93:Generated_Source\PSoC5/ErikaOS_ee_ulockallres.c ****     /* free the resource */
  94:Generated_Source\PSoC5/ErikaOS_ee_ulockallres.c ****     EE_resource_locked[ResID] = EE_FALSE;
  54              		.loc 1 94 0
  55 001a 0024     		movs	r4, #0
  56 001c 0B49     		ldr	r1, .L6+8
  57 001e 41F82340 		str	r4, [r1, r3, lsl #2]
  58              	.LVL4:
  88:Generated_Source\PSoC5/ErikaOS_ee_ulockallres.c ****     /* remove the last entry from the data structure */
  59              		.loc 1 88 0
  60 0022 1946     		mov	r1, r3
  95:Generated_Source\PSoC5/ErikaOS_ee_ulockallres.c **** #endif /* __OO_EXTENDED_STATUS__ */
  96:Generated_Source\PSoC5/ErikaOS_ee_ulockallres.c ****     /* TODO choose the fate of global resources */
  97:Generated_Source\PSoC5/ErikaOS_ee_ulockallres.c **** #if 0
  98:Generated_Source\PSoC5/ErikaOS_ee_ulockallres.c ****     EE_oo_unlock_others(ResID);
  99:Generated_Source\PSoC5/ErikaOS_ee_ulockallres.c **** #endif
 100:Generated_Source\PSoC5/ErikaOS_ee_ulockallres.c **** 
 101:Generated_Source\PSoC5/ErikaOS_ee_ulockallres.c ****     curRes = EE_th_resource_last[tid];
  61              		.loc 1 101 0
  62 0024 1346     		mov	r3, r2
  63              	.LVL5:
  64              	.L2:
  87:Generated_Source\PSoC5/ErikaOS_ee_ulockallres.c ****     ResID = curRes;
  65              		.loc 1 87 0
  66 0026 B3F1FF3F 		cmp	r3, #-1
ARM GAS  C:\Users\zakis\AppData\Local\Temp\ccDLGaph.s 			page 4


  67 002a F0D1     		bne	.L3
 102:Generated_Source\PSoC5/ErikaOS_ee_ulockallres.c ****   }
 103:Generated_Source\PSoC5/ErikaOS_ee_ulockallres.c **** 
 104:Generated_Source\PSoC5/ErikaOS_ee_ulockallres.c ****   /* Check if at least one resource have been freed */
 105:Generated_Source\PSoC5/ErikaOS_ee_ulockallres.c ****   if ( ResID != EE_UREG_MINUS1 ) {
  68              		.loc 1 105 0
  69 002c B1F1FF3F 		cmp	r1, #-1
  70 0030 04D0     		beq	.L4
 106:Generated_Source\PSoC5/ErikaOS_ee_ulockallres.c ****     /* Restore the sys-ceiling with the old value from the bottom of the
 107:Generated_Source\PSoC5/ErikaOS_ee_ulockallres.c ****        resource stack */
 108:Generated_Source\PSoC5/ErikaOS_ee_ulockallres.c ****     EE_sys_ceiling = EE_resource_oldceiling[ResID];
  71              		.loc 1 108 0
  72 0032 074B     		ldr	r3, .L6+12
  73              	.LVL6:
  74 0034 53F82120 		ldr	r2, [r3, r1, lsl #2]
  75 0038 064B     		ldr	r3, .L6+16
  76 003a 1A60     		str	r2, [r3]
  77              	.L4:
 109:Generated_Source\PSoC5/ErikaOS_ee_ulockallres.c **** 
 110:Generated_Source\PSoC5/ErikaOS_ee_ulockallres.c **** #ifdef __OO_ISR2_RESOURCES__
 111:Generated_Source\PSoC5/ErikaOS_ee_ulockallres.c ****     /* Restore the isr2 prio with the old value from the bottom of the
 112:Generated_Source\PSoC5/ErikaOS_ee_ulockallres.c ****        resource stack */
 113:Generated_Source\PSoC5/ErikaOS_ee_ulockallres.c ****     EE_hal_set_int_prio(EE_isr2_oldpriority[ResID]);
 114:Generated_Source\PSoC5/ErikaOS_ee_ulockallres.c **** #endif /* __OO_ISR2_RESOURCES__ */
 115:Generated_Source\PSoC5/ErikaOS_ee_ulockallres.c **** 
 116:Generated_Source\PSoC5/ErikaOS_ee_ulockallres.c **** #ifdef __OO_ORTI_PRIORITY__
 117:Generated_Source\PSoC5/ErikaOS_ee_ulockallres.c ****     /* Restore the ORTI priority with the old value from the bottom of the
 118:Generated_Source\PSoC5/ErikaOS_ee_ulockallres.c ****        resource stack */
 119:Generated_Source\PSoC5/ErikaOS_ee_ulockallres.c ****     EE_ORTI_th_priority[tid] = EE_ORTI_resource_oldpriority[ResID];
 120:Generated_Source\PSoC5/ErikaOS_ee_ulockallres.c **** #endif /* __OO_ORTI_PRIORITY__ */
 121:Generated_Source\PSoC5/ErikaOS_ee_ulockallres.c ****   }
 122:Generated_Source\PSoC5/ErikaOS_ee_ulockallres.c ****   return ResID;
 123:Generated_Source\PSoC5/ErikaOS_ee_ulockallres.c **** }
  78              		.loc 1 123 0
  79 003c 0846     		mov	r0, r1
  80              	.LVL7:
  81 003e 10BC     		pop	{r4}
  82              		.cfi_restore 4
  83              		.cfi_def_cfa_offset 0
  84 0040 7047     		bx	lr
  85              	.L7:
  86 0042 00BF     		.align	2
  87              	.L6:
  88 0044 00000000 		.word	EE_th_resource_last
  89 0048 00000000 		.word	EE_resource_stack
  90 004c 00000000 		.word	EE_resource_locked
  91 0050 00000000 		.word	EE_resource_oldceiling
  92 0054 00000000 		.word	EE_sys_ceiling
  93              		.cfi_endproc
  94              	.LFE70:
  95              		.size	EE_oo_release_all_resources, .-EE_oo_release_all_resources
  96              		.text
  97              	.Letext0:
  98              		.file 2 "Generated_Source\\PSoC5\\ErikaOS_common_ee_types.inc"
  99              		.file 3 "Generated_Source\\PSoC5\\ErikaOS_cortex_mx_ee_cpu.inc"
 100              		.file 4 "Generated_Source\\PSoC5\\ErikaOS_ee_oo_common.inc"
 101              		.file 5 "Generated_Source\\PSoC5\\ErikaOS_common_ee_primitives.inc"
ARM GAS  C:\Users\zakis\AppData\Local\Temp\ccDLGaph.s 			page 5


 102              		.file 6 "Generated_Source\\PSoC5\\ErikaOS_cortex_mx_ee_context.inc"
 103              		.file 7 "Generated_Source\\PSoC5\\ErikaOS_ee_oo_intfunc.inc"
 104              		.file 8 "Generated_Source\\PSoC5\\ErikaOS_ee_oo_internal.inc"
 105              		.section	.debug_info,"",%progbits
 106              	.Ldebug_info0:
 107 0000 3A040000 		.4byte	0x43a
 108 0004 0400     		.2byte	0x4
 109 0006 00000000 		.4byte	.Ldebug_abbrev0
 110 000a 04       		.byte	0x4
 111 000b 01       		.uleb128 0x1
 112 000c 50040000 		.4byte	.LASF68
 113 0010 0C       		.byte	0xc
 114 0011 DA030000 		.4byte	.LASF69
 115 0015 19020000 		.4byte	.LASF70
 116 0019 00000000 		.4byte	.Ldebug_ranges0+0
 117 001d 00000000 		.4byte	0
 118 0021 00000000 		.4byte	.Ldebug_line0
 119 0025 02       		.uleb128 0x2
 120 0026 01       		.byte	0x1
 121 0027 06       		.byte	0x6
 122 0028 A7020000 		.4byte	.LASF0
 123 002c 02       		.uleb128 0x2
 124 002d 01       		.byte	0x1
 125 002e 08       		.byte	0x8
 126 002f 80020000 		.4byte	.LASF1
 127 0033 02       		.uleb128 0x2
 128 0034 02       		.byte	0x2
 129 0035 05       		.byte	0x5
 130 0036 4C000000 		.4byte	.LASF2
 131 003a 02       		.uleb128 0x2
 132 003b 02       		.byte	0x2
 133 003c 07       		.byte	0x7
 134 003d 21030000 		.4byte	.LASF3
 135 0041 02       		.uleb128 0x2
 136 0042 04       		.byte	0x4
 137 0043 05       		.byte	0x5
 138 0044 70010000 		.4byte	.LASF4
 139 0048 02       		.uleb128 0x2
 140 0049 04       		.byte	0x4
 141 004a 07       		.byte	0x7
 142 004b 9C030000 		.4byte	.LASF5
 143 004f 02       		.uleb128 0x2
 144 0050 08       		.byte	0x8
 145 0051 05       		.byte	0x5
 146 0052 39010000 		.4byte	.LASF6
 147 0056 02       		.uleb128 0x2
 148 0057 08       		.byte	0x8
 149 0058 07       		.byte	0x7
 150 0059 B3020000 		.4byte	.LASF7
 151 005d 03       		.uleb128 0x3
 152 005e 04       		.byte	0x4
 153 005f 05       		.byte	0x5
 154 0060 696E7400 		.ascii	"int\000"
 155 0064 02       		.uleb128 0x2
 156 0065 04       		.byte	0x4
 157 0066 07       		.byte	0x7
 158 0067 CA020000 		.4byte	.LASF8
ARM GAS  C:\Users\zakis\AppData\Local\Temp\ccDLGaph.s 			page 6


 159 006b 02       		.uleb128 0x2
 160 006c 08       		.byte	0x8
 161 006d 04       		.byte	0x4
 162 006e 0D020000 		.4byte	.LASF9
 163 0072 04       		.uleb128 0x4
 164 0073 47010000 		.4byte	.LASF10
 165 0077 02       		.byte	0x2
 166 0078 3F       		.byte	0x3f
 167 0079 25000000 		.4byte	0x25
 168 007d 04       		.uleb128 0x4
 169 007e 70030000 		.4byte	.LASF11
 170 0082 02       		.byte	0x2
 171 0083 52       		.byte	0x52
 172 0084 3A000000 		.4byte	0x3a
 173 0088 04       		.uleb128 0x4
 174 0089 FC020000 		.4byte	.LASF12
 175 008d 02       		.byte	0x2
 176 008e 53       		.byte	0x53
 177 008f 5D000000 		.4byte	0x5d
 178 0093 04       		.uleb128 0x4
 179 0094 8B000000 		.4byte	.LASF13
 180 0098 02       		.byte	0x2
 181 0099 54       		.byte	0x54
 182 009a 64000000 		.4byte	0x64
 183 009e 04       		.uleb128 0x4
 184 009f 13000000 		.4byte	.LASF14
 185 00a3 03       		.byte	0x3
 186 00a4 4D       		.byte	0x4d
 187 00a5 93000000 		.4byte	0x93
 188 00a9 04       		.uleb128 0x4
 189 00aa 6D000000 		.4byte	.LASF15
 190 00ae 03       		.byte	0x3
 191 00af 4F       		.byte	0x4f
 192 00b0 93000000 		.4byte	0x93
 193 00b4 04       		.uleb128 0x4
 194 00b5 AE030000 		.4byte	.LASF16
 195 00b9 03       		.byte	0x3
 196 00ba 54       		.byte	0x54
 197 00bb 9E000000 		.4byte	0x9e
 198 00bf 04       		.uleb128 0x4
 199 00c0 A6000000 		.4byte	.LASF17
 200 00c4 03       		.byte	0x3
 201 00c5 78       		.byte	0x78
 202 00c6 88000000 		.4byte	0x88
 203 00ca 05       		.uleb128 0x5
 204 00cb 4F010000 		.4byte	.LASF18
 205 00cf 04       		.byte	0x4
 206 00d0 1101     		.2byte	0x111
 207 00d2 7D000000 		.4byte	0x7d
 208 00d6 05       		.uleb128 0x5
 209 00d7 E3010000 		.4byte	.LASF19
 210 00db 04       		.byte	0x4
 211 00dc 3502     		.2byte	0x235
 212 00de 9E000000 		.4byte	0x9e
 213 00e2 05       		.uleb128 0x5
 214 00e3 FB010000 		.4byte	.LASF20
 215 00e7 04       		.byte	0x4
ARM GAS  C:\Users\zakis\AppData\Local\Temp\ccDLGaph.s 			page 7


 216 00e8 5D02     		.2byte	0x25d
 217 00ea 9E000000 		.4byte	0x9e
 218 00ee 05       		.uleb128 0x5
 219 00ef 18040000 		.4byte	.LASF21
 220 00f3 04       		.byte	0x4
 221 00f4 6C02     		.2byte	0x26c
 222 00f6 9E000000 		.4byte	0x9e
 223 00fa 06       		.uleb128 0x6
 224 00fb 0C       		.byte	0xc
 225 00fc 04       		.byte	0x4
 226 00fd 7202     		.2byte	0x272
 227 00ff 2B010000 		.4byte	0x12b
 228 0103 07       		.uleb128 0x7
 229 0104 79010000 		.4byte	.LASF22
 230 0108 04       		.byte	0x4
 231 0109 7302     		.2byte	0x273
 232 010b D6000000 		.4byte	0xd6
 233 010f 00       		.byte	0
 234 0110 07       		.uleb128 0x7
 235 0111 1B000000 		.4byte	.LASF23
 236 0115 04       		.byte	0x4
 237 0116 7402     		.2byte	0x274
 238 0118 D6000000 		.4byte	0xd6
 239 011c 04       		.byte	0x4
 240 011d 07       		.uleb128 0x7
 241 011e AD000000 		.4byte	.LASF24
 242 0122 04       		.byte	0x4
 243 0123 7502     		.2byte	0x275
 244 0125 D6000000 		.4byte	0xd6
 245 0129 08       		.byte	0x8
 246 012a 00       		.byte	0
 247 012b 05       		.uleb128 0x5
 248 012c CC010000 		.4byte	.LASF25
 249 0130 04       		.byte	0x4
 250 0131 7A02     		.2byte	0x27a
 251 0133 FA000000 		.4byte	0xfa
 252 0137 06       		.uleb128 0x6
 253 0138 08       		.byte	0x8
 254 0139 04       		.byte	0x4
 255 013a 7D02     		.2byte	0x27d
 256 013c 5B010000 		.4byte	0x15b
 257 0140 07       		.uleb128 0x7
 258 0141 B6000000 		.4byte	.LASF26
 259 0145 04       		.byte	0x4
 260 0146 7E02     		.2byte	0x27e
 261 0148 D6000000 		.4byte	0xd6
 262 014c 00       		.byte	0
 263 014d 07       		.uleb128 0x7
 264 014e 11050000 		.4byte	.LASF27
 265 0152 04       		.byte	0x4
 266 0153 7F02     		.2byte	0x27f
 267 0155 E2000000 		.4byte	0xe2
 268 0159 04       		.byte	0x4
 269 015a 00       		.byte	0
 270 015b 05       		.uleb128 0x5
 271 015c 09010000 		.4byte	.LASF28
 272 0160 04       		.byte	0x4
ARM GAS  C:\Users\zakis\AppData\Local\Temp\ccDLGaph.s 			page 8


 273 0161 8002     		.2byte	0x280
 274 0163 37010000 		.4byte	0x137
 275 0167 08       		.uleb128 0x8
 276 0168 01       		.byte	0x1
 277 0169 2C000000 		.4byte	0x2c
 278 016d 04       		.byte	0x4
 279 016e 8A02     		.2byte	0x28a
 280 0170 81010000 		.4byte	0x181
 281 0174 09       		.uleb128 0x9
 282 0175 0A040000 		.4byte	.LASF29
 283 0179 00       		.byte	0
 284 017a 09       		.uleb128 0x9
 285 017b 5F010000 		.4byte	.LASF30
 286 017f 01       		.byte	0x1
 287 0180 00       		.byte	0
 288 0181 05       		.uleb128 0x5
 289 0182 D5000000 		.4byte	.LASF31
 290 0186 04       		.byte	0x4
 291 0187 8D02     		.2byte	0x28d
 292 0189 67010000 		.4byte	0x167
 293 018d 05       		.uleb128 0x5
 294 018e 75000000 		.4byte	.LASF32
 295 0192 04       		.byte	0x4
 296 0193 9002     		.2byte	0x290
 297 0195 81010000 		.4byte	0x181
 298 0199 06       		.uleb128 0x6
 299 019a 0C       		.byte	0xc
 300 019b 04       		.byte	0x4
 301 019c 9402     		.2byte	0x294
 302 019e C8010000 		.4byte	0x1c8
 303 01a2 0A       		.uleb128 0xa
 304 01a3 6300     		.ascii	"c\000"
 305 01a5 04       		.byte	0x4
 306 01a6 9602     		.2byte	0x296
 307 01a8 EE000000 		.4byte	0xee
 308 01ac 00       		.byte	0
 309 01ad 07       		.uleb128 0x7
 310 01ae 65000000 		.4byte	.LASF33
 311 01b2 04       		.byte	0x4
 312 01b3 9802     		.2byte	0x298
 313 01b5 E2000000 		.4byte	0xe2
 314 01b9 04       		.byte	0x4
 315 01ba 07       		.uleb128 0x7
 316 01bb 00000000 		.4byte	.LASF34
 317 01bf 04       		.byte	0x4
 318 01c0 9A02     		.2byte	0x29a
 319 01c2 8D010000 		.4byte	0x18d
 320 01c6 08       		.byte	0x8
 321 01c7 00       		.byte	0
 322 01c8 05       		.uleb128 0x5
 323 01c9 34030000 		.4byte	.LASF35
 324 01cd 04       		.byte	0x4
 325 01ce 9B02     		.2byte	0x29b
 326 01d0 99010000 		.4byte	0x199
 327 01d4 06       		.uleb128 0x6
 328 01d5 10       		.byte	0x10
 329 01d6 04       		.byte	0x4
ARM GAS  C:\Users\zakis\AppData\Local\Temp\ccDLGaph.s 			page 9


 330 01d7 9F02     		.2byte	0x29f
 331 01d9 12020000 		.4byte	0x212
 332 01dd 07       		.uleb128 0x7
 333 01de 13040000 		.4byte	.LASF36
 334 01e2 04       		.byte	0x4
 335 01e3 A002     		.2byte	0x2a0
 336 01e5 B4000000 		.4byte	0xb4
 337 01e9 00       		.byte	0
 338 01ea 07       		.uleb128 0x7
 339 01eb DE040000 		.4byte	.LASF37
 340 01ef 04       		.byte	0x4
 341 01f0 A102     		.2byte	0x2a1
 342 01f2 D6000000 		.4byte	0xd6
 343 01f6 04       		.byte	0x4
 344 01f7 07       		.uleb128 0x7
 345 01f8 5F000000 		.4byte	.LASF38
 346 01fc 04       		.byte	0x4
 347 01fd A202     		.2byte	0x2a2
 348 01ff D6000000 		.4byte	0xd6
 349 0203 08       		.byte	0x8
 350 0204 07       		.uleb128 0x7
 351 0205 FF040000 		.4byte	.LASF39
 352 0209 04       		.byte	0x4
 353 020a A302     		.2byte	0x2a3
 354 020c E2000000 		.4byte	0xe2
 355 0210 0C       		.byte	0xc
 356 0211 00       		.byte	0
 357 0212 05       		.uleb128 0x5
 358 0213 89010000 		.4byte	.LASF40
 359 0217 04       		.byte	0x4
 360 0218 A402     		.2byte	0x2a4
 361 021a D4010000 		.4byte	0x1d4
 362 021e 0B       		.uleb128 0xb
 363 021f 05030000 		.4byte	.LASF71
 364 0223 01       		.byte	0x1
 365 0224 51       		.byte	0x51
 366 0225 9E000000 		.4byte	0x9e
 367 0229 00000000 		.4byte	.LFB70
 368 022d 58000000 		.4byte	.LFE70-.LFB70
 369 0231 01       		.uleb128 0x1
 370 0232 9C       		.byte	0x9c
 371 0233 65020000 		.4byte	0x265
 372 0237 0C       		.uleb128 0xc
 373 0238 74696400 		.ascii	"tid\000"
 374 023c 01       		.byte	0x1
 375 023d 51       		.byte	0x51
 376 023e BF000000 		.4byte	0xbf
 377 0242 00000000 		.4byte	.LLST0
 378 0246 0D       		.uleb128 0xd
 379 0247 52030000 		.4byte	.LASF41
 380 024b 01       		.byte	0x1
 381 024c 54       		.byte	0x54
 382 024d 9E000000 		.4byte	0x9e
 383 0251 21000000 		.4byte	.LLST1
 384 0255 0D       		.uleb128 0xd
 385 0256 7A020000 		.4byte	.LASF42
 386 025a 01       		.byte	0x1
ARM GAS  C:\Users\zakis\AppData\Local\Temp\ccDLGaph.s 			page 10


 387 025b 54       		.byte	0x54
 388 025c 9E000000 		.4byte	0x9e
 389 0260 4A000000 		.4byte	.LLST2
 390 0264 00       		.byte	0
 391 0265 0E       		.uleb128 0xe
 392 0266 F4000000 		.4byte	.LASF43
 393 026a 05       		.byte	0x5
 394 026b 44       		.byte	0x44
 395 026c 9E000000 		.4byte	0x9e
 396 0270 0E       		.uleb128 0xe
 397 0271 E3020000 		.4byte	.LASF44
 398 0275 06       		.byte	0x6
 399 0276 48       		.byte	0x48
 400 0277 BF000000 		.4byte	0xbf
 401 027b 0F       		.uleb128 0xf
 402 027c 92020000 		.4byte	0x292
 403 0280 8B020000 		.4byte	0x28b
 404 0284 10       		.uleb128 0x10
 405 0285 8B020000 		.4byte	0x28b
 406 0289 04       		.byte	0x4
 407 028a 00       		.byte	0
 408 028b 02       		.uleb128 0x2
 409 028c 04       		.byte	0x4
 410 028d 07       		.byte	0x7
 411 028e 56000000 		.4byte	.LASF45
 412 0292 11       		.uleb128 0x11
 413 0293 9E000000 		.4byte	0x9e
 414 0297 0E       		.uleb128 0xe
 415 0298 95000000 		.4byte	.LASF46
 416 029c 04       		.byte	0x4
 417 029d B2       		.byte	0xb2
 418 029e A2020000 		.4byte	0x2a2
 419 02a2 11       		.uleb128 0x11
 420 02a3 7B020000 		.4byte	0x27b
 421 02a7 0E       		.uleb128 0xe
 422 02a8 31040000 		.4byte	.LASF47
 423 02ac 04       		.byte	0x4
 424 02ad B3       		.byte	0xb3
 425 02ae B2020000 		.4byte	0x2b2
 426 02b2 11       		.uleb128 0x11
 427 02b3 7B020000 		.4byte	0x27b
 428 02b7 0F       		.uleb128 0xf
 429 02b8 9E000000 		.4byte	0x9e
 430 02bc C7020000 		.4byte	0x2c7
 431 02c0 10       		.uleb128 0x10
 432 02c1 8B020000 		.4byte	0x28b
 433 02c5 04       		.byte	0x4
 434 02c6 00       		.byte	0
 435 02c7 0E       		.uleb128 0xe
 436 02c8 24040000 		.4byte	.LASF48
 437 02cc 04       		.byte	0x4
 438 02cd CA       		.byte	0xca
 439 02ce B7020000 		.4byte	0x2b7
 440 02d2 0F       		.uleb128 0xf
 441 02d3 BF000000 		.4byte	0xbf
 442 02d7 E2020000 		.4byte	0x2e2
 443 02db 10       		.uleb128 0x10
ARM GAS  C:\Users\zakis\AppData\Local\Temp\ccDLGaph.s 			page 11


 444 02dc 8B020000 		.4byte	0x28b
 445 02e0 04       		.byte	0x4
 446 02e1 00       		.byte	0
 447 02e2 0E       		.uleb128 0xe
 448 02e3 45040000 		.4byte	.LASF49
 449 02e7 04       		.byte	0x4
 450 02e8 D2       		.byte	0xd2
 451 02e9 D2020000 		.4byte	0x2d2
 452 02ed 0E       		.uleb128 0xe
 453 02ee D7020000 		.4byte	.LASF50
 454 02f2 04       		.byte	0x4
 455 02f3 DA       		.byte	0xda
 456 02f4 B7020000 		.4byte	0x2b7
 457 02f8 0E       		.uleb128 0xe
 458 02f9 CE030000 		.4byte	.LASF51
 459 02fd 04       		.byte	0x4
 460 02fe E2       		.byte	0xe2
 461 02ff BF000000 		.4byte	0xbf
 462 0303 0E       		.uleb128 0xe
 463 0304 EC010000 		.4byte	.LASF52
 464 0308 04       		.byte	0x4
 465 0309 F7       		.byte	0xf7
 466 030a 9E000000 		.4byte	0x9e
 467 030e 12       		.uleb128 0x12
 468 030f 05000000 		.4byte	.LASF53
 469 0313 04       		.byte	0x4
 470 0314 3F01     		.2byte	0x13f
 471 0316 CA000000 		.4byte	0xca
 472 031a 12       		.uleb128 0x12
 473 031b 28000000 		.4byte	.LASF54
 474 031f 04       		.byte	0x4
 475 0320 5C01     		.2byte	0x15c
 476 0322 B7020000 		.4byte	0x2b7
 477 0326 0F       		.uleb128 0xf
 478 0327 B4000000 		.4byte	0xb4
 479 032b 36030000 		.4byte	0x336
 480 032f 10       		.uleb128 0x10
 481 0330 8B020000 		.4byte	0x28b
 482 0334 04       		.byte	0x4
 483 0335 00       		.byte	0
 484 0336 12       		.uleb128 0x12
 485 0337 3B000000 		.4byte	.LASF55
 486 033b 04       		.byte	0x4
 487 033c 6701     		.2byte	0x167
 488 033e 26030000 		.4byte	0x326
 489 0342 12       		.uleb128 0x12
 490 0343 59030000 		.4byte	.LASF56
 491 0347 04       		.byte	0x4
 492 0348 8F01     		.2byte	0x18f
 493 034a B7020000 		.4byte	0x2b7
 494 034e 12       		.uleb128 0x12
 495 034f A7010000 		.4byte	.LASF57
 496 0353 04       		.byte	0x4
 497 0354 9E01     		.2byte	0x19e
 498 0356 26030000 		.4byte	0x326
 499 035a 12       		.uleb128 0x12
 500 035b BA030000 		.4byte	.LASF58
ARM GAS  C:\Users\zakis\AppData\Local\Temp\ccDLGaph.s 			page 12


 501 035f 04       		.byte	0x4
 502 0360 BA01     		.2byte	0x1ba
 503 0362 B7020000 		.4byte	0x2b7
 504 0366 12       		.uleb128 0x12
 505 0367 BA010000 		.4byte	.LASF59
 506 036b 04       		.byte	0x4
 507 036c BF01     		.2byte	0x1bf
 508 036e B7020000 		.4byte	0x2b7
 509 0372 0F       		.uleb128 0xf
 510 0373 82030000 		.4byte	0x382
 511 0377 82030000 		.4byte	0x382
 512 037b 10       		.uleb128 0x10
 513 037c 8B020000 		.4byte	0x28b
 514 0380 00       		.byte	0
 515 0381 00       		.byte	0
 516 0382 11       		.uleb128 0x11
 517 0383 2B010000 		.4byte	0x12b
 518 0387 12       		.uleb128 0x12
 519 0388 6B020000 		.4byte	.LASF60
 520 038c 04       		.byte	0x4
 521 038d CA02     		.2byte	0x2ca
 522 038f 93030000 		.4byte	0x393
 523 0393 11       		.uleb128 0x11
 524 0394 72030000 		.4byte	0x372
 525 0398 0F       		.uleb128 0xf
 526 0399 A8030000 		.4byte	0x3a8
 527 039d A8030000 		.4byte	0x3a8
 528 03a1 10       		.uleb128 0x10
 529 03a2 8B020000 		.4byte	0x28b
 530 03a6 00       		.byte	0
 531 03a7 00       		.byte	0
 532 03a8 11       		.uleb128 0x11
 533 03a9 C8010000 		.4byte	0x1c8
 534 03ad 12       		.uleb128 0x12
 535 03ae BC000000 		.4byte	.LASF61
 536 03b2 04       		.byte	0x4
 537 03b3 DD02     		.2byte	0x2dd
 538 03b5 B9030000 		.4byte	0x3b9
 539 03b9 11       		.uleb128 0x11
 540 03ba 98030000 		.4byte	0x398
 541 03be 0F       		.uleb128 0xf
 542 03bf 5B010000 		.4byte	0x15b
 543 03c3 CE030000 		.4byte	0x3ce
 544 03c7 10       		.uleb128 0x10
 545 03c8 8B020000 		.4byte	0x28b
 546 03cc 00       		.byte	0
 547 03cd 00       		.byte	0
 548 03ce 12       		.uleb128 0x12
 549 03cf 7A030000 		.4byte	.LASF62
 550 03d3 04       		.byte	0x4
 551 03d4 FB02     		.2byte	0x2fb
 552 03d6 BE030000 		.4byte	0x3be
 553 03da 0F       		.uleb128 0xf
 554 03db 12020000 		.4byte	0x212
 555 03df EA030000 		.4byte	0x3ea
 556 03e3 10       		.uleb128 0x10
 557 03e4 8B020000 		.4byte	0x28b
ARM GAS  C:\Users\zakis\AppData\Local\Temp\ccDLGaph.s 			page 13


 558 03e8 00       		.byte	0
 559 03e9 00       		.byte	0
 560 03ea 12       		.uleb128 0x12
 561 03eb 8E020000 		.4byte	.LASF63
 562 03ef 04       		.byte	0x4
 563 03f0 0403     		.2byte	0x304
 564 03f2 DA030000 		.4byte	0x3da
 565 03f6 0E       		.uleb128 0xe
 566 03f7 E7040000 		.4byte	.LASF64
 567 03fb 07       		.byte	0x7
 568 03fc 40       		.byte	0x40
 569 03fd 9E000000 		.4byte	0x9e
 570 0401 0E       		.uleb128 0xe
 571 0402 20010000 		.4byte	.LASF65
 572 0406 07       		.byte	0x7
 573 0407 47       		.byte	0x47
 574 0408 A9000000 		.4byte	0xa9
 575 040c 0E       		.uleb128 0xe
 576 040d 89030000 		.4byte	.LASF66
 577 0411 07       		.byte	0x7
 578 0412 4A       		.byte	0x4a
 579 0413 9E000000 		.4byte	0x9e
 580 0417 0F       		.uleb128 0xf
 581 0418 27040000 		.4byte	0x427
 582 041c 27040000 		.4byte	0x427
 583 0420 10       		.uleb128 0x10
 584 0421 8B020000 		.4byte	0x28b
 585 0425 FF       		.byte	0xff
 586 0426 00       		.byte	0
 587 0427 11       		.uleb128 0x11
 588 0428 72000000 		.4byte	0x72
 589 042c 12       		.uleb128 0x12
 590 042d 04050000 		.4byte	.LASF67
 591 0431 08       		.byte	0x8
 592 0432 AB01     		.2byte	0x1ab
 593 0434 38040000 		.4byte	0x438
 594 0438 11       		.uleb128 0x11
 595 0439 17040000 		.4byte	0x417
 596 043d 00       		.byte	0
 597              		.section	.debug_abbrev,"",%progbits
 598              	.Ldebug_abbrev0:
 599 0000 01       		.uleb128 0x1
 600 0001 11       		.uleb128 0x11
 601 0002 01       		.byte	0x1
 602 0003 25       		.uleb128 0x25
 603 0004 0E       		.uleb128 0xe
 604 0005 13       		.uleb128 0x13
 605 0006 0B       		.uleb128 0xb
 606 0007 03       		.uleb128 0x3
 607 0008 0E       		.uleb128 0xe
 608 0009 1B       		.uleb128 0x1b
 609 000a 0E       		.uleb128 0xe
 610 000b 55       		.uleb128 0x55
 611 000c 17       		.uleb128 0x17
 612 000d 11       		.uleb128 0x11
 613 000e 01       		.uleb128 0x1
 614 000f 10       		.uleb128 0x10
ARM GAS  C:\Users\zakis\AppData\Local\Temp\ccDLGaph.s 			page 14


 615 0010 17       		.uleb128 0x17
 616 0011 00       		.byte	0
 617 0012 00       		.byte	0
 618 0013 02       		.uleb128 0x2
 619 0014 24       		.uleb128 0x24
 620 0015 00       		.byte	0
 621 0016 0B       		.uleb128 0xb
 622 0017 0B       		.uleb128 0xb
 623 0018 3E       		.uleb128 0x3e
 624 0019 0B       		.uleb128 0xb
 625 001a 03       		.uleb128 0x3
 626 001b 0E       		.uleb128 0xe
 627 001c 00       		.byte	0
 628 001d 00       		.byte	0
 629 001e 03       		.uleb128 0x3
 630 001f 24       		.uleb128 0x24
 631 0020 00       		.byte	0
 632 0021 0B       		.uleb128 0xb
 633 0022 0B       		.uleb128 0xb
 634 0023 3E       		.uleb128 0x3e
 635 0024 0B       		.uleb128 0xb
 636 0025 03       		.uleb128 0x3
 637 0026 08       		.uleb128 0x8
 638 0027 00       		.byte	0
 639 0028 00       		.byte	0
 640 0029 04       		.uleb128 0x4
 641 002a 16       		.uleb128 0x16
 642 002b 00       		.byte	0
 643 002c 03       		.uleb128 0x3
 644 002d 0E       		.uleb128 0xe
 645 002e 3A       		.uleb128 0x3a
 646 002f 0B       		.uleb128 0xb
 647 0030 3B       		.uleb128 0x3b
 648 0031 0B       		.uleb128 0xb
 649 0032 49       		.uleb128 0x49
 650 0033 13       		.uleb128 0x13
 651 0034 00       		.byte	0
 652 0035 00       		.byte	0
 653 0036 05       		.uleb128 0x5
 654 0037 16       		.uleb128 0x16
 655 0038 00       		.byte	0
 656 0039 03       		.uleb128 0x3
 657 003a 0E       		.uleb128 0xe
 658 003b 3A       		.uleb128 0x3a
 659 003c 0B       		.uleb128 0xb
 660 003d 3B       		.uleb128 0x3b
 661 003e 05       		.uleb128 0x5
 662 003f 49       		.uleb128 0x49
 663 0040 13       		.uleb128 0x13
 664 0041 00       		.byte	0
 665 0042 00       		.byte	0
 666 0043 06       		.uleb128 0x6
 667 0044 13       		.uleb128 0x13
 668 0045 01       		.byte	0x1
 669 0046 0B       		.uleb128 0xb
 670 0047 0B       		.uleb128 0xb
 671 0048 3A       		.uleb128 0x3a
ARM GAS  C:\Users\zakis\AppData\Local\Temp\ccDLGaph.s 			page 15


 672 0049 0B       		.uleb128 0xb
 673 004a 3B       		.uleb128 0x3b
 674 004b 05       		.uleb128 0x5
 675 004c 01       		.uleb128 0x1
 676 004d 13       		.uleb128 0x13
 677 004e 00       		.byte	0
 678 004f 00       		.byte	0
 679 0050 07       		.uleb128 0x7
 680 0051 0D       		.uleb128 0xd
 681 0052 00       		.byte	0
 682 0053 03       		.uleb128 0x3
 683 0054 0E       		.uleb128 0xe
 684 0055 3A       		.uleb128 0x3a
 685 0056 0B       		.uleb128 0xb
 686 0057 3B       		.uleb128 0x3b
 687 0058 05       		.uleb128 0x5
 688 0059 49       		.uleb128 0x49
 689 005a 13       		.uleb128 0x13
 690 005b 38       		.uleb128 0x38
 691 005c 0B       		.uleb128 0xb
 692 005d 00       		.byte	0
 693 005e 00       		.byte	0
 694 005f 08       		.uleb128 0x8
 695 0060 04       		.uleb128 0x4
 696 0061 01       		.byte	0x1
 697 0062 0B       		.uleb128 0xb
 698 0063 0B       		.uleb128 0xb
 699 0064 49       		.uleb128 0x49
 700 0065 13       		.uleb128 0x13
 701 0066 3A       		.uleb128 0x3a
 702 0067 0B       		.uleb128 0xb
 703 0068 3B       		.uleb128 0x3b
 704 0069 05       		.uleb128 0x5
 705 006a 01       		.uleb128 0x1
 706 006b 13       		.uleb128 0x13
 707 006c 00       		.byte	0
 708 006d 00       		.byte	0
 709 006e 09       		.uleb128 0x9
 710 006f 28       		.uleb128 0x28
 711 0070 00       		.byte	0
 712 0071 03       		.uleb128 0x3
 713 0072 0E       		.uleb128 0xe
 714 0073 1C       		.uleb128 0x1c
 715 0074 0B       		.uleb128 0xb
 716 0075 00       		.byte	0
 717 0076 00       		.byte	0
 718 0077 0A       		.uleb128 0xa
 719 0078 0D       		.uleb128 0xd
 720 0079 00       		.byte	0
 721 007a 03       		.uleb128 0x3
 722 007b 08       		.uleb128 0x8
 723 007c 3A       		.uleb128 0x3a
 724 007d 0B       		.uleb128 0xb
 725 007e 3B       		.uleb128 0x3b
 726 007f 05       		.uleb128 0x5
 727 0080 49       		.uleb128 0x49
 728 0081 13       		.uleb128 0x13
ARM GAS  C:\Users\zakis\AppData\Local\Temp\ccDLGaph.s 			page 16


 729 0082 38       		.uleb128 0x38
 730 0083 0B       		.uleb128 0xb
 731 0084 00       		.byte	0
 732 0085 00       		.byte	0
 733 0086 0B       		.uleb128 0xb
 734 0087 2E       		.uleb128 0x2e
 735 0088 01       		.byte	0x1
 736 0089 3F       		.uleb128 0x3f
 737 008a 19       		.uleb128 0x19
 738 008b 03       		.uleb128 0x3
 739 008c 0E       		.uleb128 0xe
 740 008d 3A       		.uleb128 0x3a
 741 008e 0B       		.uleb128 0xb
 742 008f 3B       		.uleb128 0x3b
 743 0090 0B       		.uleb128 0xb
 744 0091 27       		.uleb128 0x27
 745 0092 19       		.uleb128 0x19
 746 0093 49       		.uleb128 0x49
 747 0094 13       		.uleb128 0x13
 748 0095 11       		.uleb128 0x11
 749 0096 01       		.uleb128 0x1
 750 0097 12       		.uleb128 0x12
 751 0098 06       		.uleb128 0x6
 752 0099 40       		.uleb128 0x40
 753 009a 18       		.uleb128 0x18
 754 009b 9742     		.uleb128 0x2117
 755 009d 19       		.uleb128 0x19
 756 009e 01       		.uleb128 0x1
 757 009f 13       		.uleb128 0x13
 758 00a0 00       		.byte	0
 759 00a1 00       		.byte	0
 760 00a2 0C       		.uleb128 0xc
 761 00a3 05       		.uleb128 0x5
 762 00a4 00       		.byte	0
 763 00a5 03       		.uleb128 0x3
 764 00a6 08       		.uleb128 0x8
 765 00a7 3A       		.uleb128 0x3a
 766 00a8 0B       		.uleb128 0xb
 767 00a9 3B       		.uleb128 0x3b
 768 00aa 0B       		.uleb128 0xb
 769 00ab 49       		.uleb128 0x49
 770 00ac 13       		.uleb128 0x13
 771 00ad 02       		.uleb128 0x2
 772 00ae 17       		.uleb128 0x17
 773 00af 00       		.byte	0
 774 00b0 00       		.byte	0
 775 00b1 0D       		.uleb128 0xd
 776 00b2 34       		.uleb128 0x34
 777 00b3 00       		.byte	0
 778 00b4 03       		.uleb128 0x3
 779 00b5 0E       		.uleb128 0xe
 780 00b6 3A       		.uleb128 0x3a
 781 00b7 0B       		.uleb128 0xb
 782 00b8 3B       		.uleb128 0x3b
 783 00b9 0B       		.uleb128 0xb
 784 00ba 49       		.uleb128 0x49
 785 00bb 13       		.uleb128 0x13
ARM GAS  C:\Users\zakis\AppData\Local\Temp\ccDLGaph.s 			page 17


 786 00bc 02       		.uleb128 0x2
 787 00bd 17       		.uleb128 0x17
 788 00be 00       		.byte	0
 789 00bf 00       		.byte	0
 790 00c0 0E       		.uleb128 0xe
 791 00c1 34       		.uleb128 0x34
 792 00c2 00       		.byte	0
 793 00c3 03       		.uleb128 0x3
 794 00c4 0E       		.uleb128 0xe
 795 00c5 3A       		.uleb128 0x3a
 796 00c6 0B       		.uleb128 0xb
 797 00c7 3B       		.uleb128 0x3b
 798 00c8 0B       		.uleb128 0xb
 799 00c9 49       		.uleb128 0x49
 800 00ca 13       		.uleb128 0x13
 801 00cb 3F       		.uleb128 0x3f
 802 00cc 19       		.uleb128 0x19
 803 00cd 3C       		.uleb128 0x3c
 804 00ce 19       		.uleb128 0x19
 805 00cf 00       		.byte	0
 806 00d0 00       		.byte	0
 807 00d1 0F       		.uleb128 0xf
 808 00d2 01       		.uleb128 0x1
 809 00d3 01       		.byte	0x1
 810 00d4 49       		.uleb128 0x49
 811 00d5 13       		.uleb128 0x13
 812 00d6 01       		.uleb128 0x1
 813 00d7 13       		.uleb128 0x13
 814 00d8 00       		.byte	0
 815 00d9 00       		.byte	0
 816 00da 10       		.uleb128 0x10
 817 00db 21       		.uleb128 0x21
 818 00dc 00       		.byte	0
 819 00dd 49       		.uleb128 0x49
 820 00de 13       		.uleb128 0x13
 821 00df 2F       		.uleb128 0x2f
 822 00e0 0B       		.uleb128 0xb
 823 00e1 00       		.byte	0
 824 00e2 00       		.byte	0
 825 00e3 11       		.uleb128 0x11
 826 00e4 26       		.uleb128 0x26
 827 00e5 00       		.byte	0
 828 00e6 49       		.uleb128 0x49
 829 00e7 13       		.uleb128 0x13
 830 00e8 00       		.byte	0
 831 00e9 00       		.byte	0
 832 00ea 12       		.uleb128 0x12
 833 00eb 34       		.uleb128 0x34
 834 00ec 00       		.byte	0
 835 00ed 03       		.uleb128 0x3
 836 00ee 0E       		.uleb128 0xe
 837 00ef 3A       		.uleb128 0x3a
 838 00f0 0B       		.uleb128 0xb
 839 00f1 3B       		.uleb128 0x3b
 840 00f2 05       		.uleb128 0x5
 841 00f3 49       		.uleb128 0x49
 842 00f4 13       		.uleb128 0x13
ARM GAS  C:\Users\zakis\AppData\Local\Temp\ccDLGaph.s 			page 18


 843 00f5 3F       		.uleb128 0x3f
 844 00f6 19       		.uleb128 0x19
 845 00f7 3C       		.uleb128 0x3c
 846 00f8 19       		.uleb128 0x19
 847 00f9 00       		.byte	0
 848 00fa 00       		.byte	0
 849 00fb 00       		.byte	0
 850              		.section	.debug_loc,"",%progbits
 851              	.Ldebug_loc0:
 852              	.LLST0:
 853 0000 00000000 		.4byte	.LVL0
 854 0004 3E000000 		.4byte	.LVL7
 855 0008 0100     		.2byte	0x1
 856 000a 50       		.byte	0x50
 857 000b 3E000000 		.4byte	.LVL7
 858 000f 58000000 		.4byte	.LFE70
 859 0013 0400     		.2byte	0x4
 860 0015 F3       		.byte	0xf3
 861 0016 01       		.uleb128 0x1
 862 0017 50       		.byte	0x50
 863 0018 9F       		.byte	0x9f
 864 0019 00000000 		.4byte	0
 865 001d 00000000 		.4byte	0
 866              	.LLST1:
 867 0021 08000000 		.4byte	.LVL2
 868 0025 22000000 		.4byte	.LVL4
 869 0029 0100     		.2byte	0x1
 870 002b 53       		.byte	0x53
 871 002c 22000000 		.4byte	.LVL4
 872 0030 26000000 		.4byte	.LVL5
 873 0034 0100     		.2byte	0x1
 874 0036 52       		.byte	0x52
 875 0037 26000000 		.4byte	.LVL5
 876 003b 34000000 		.4byte	.LVL6
 877 003f 0100     		.2byte	0x1
 878 0041 53       		.byte	0x53
 879 0042 00000000 		.4byte	0
 880 0046 00000000 		.4byte	0
 881              	.LLST2:
 882 004a 02000000 		.4byte	.LVL1
 883 004e 0E000000 		.4byte	.LVL3
 884 0052 0300     		.2byte	0x3
 885 0054 09       		.byte	0x9
 886 0055 FF       		.byte	0xff
 887 0056 9F       		.byte	0x9f
 888 0057 0E000000 		.4byte	.LVL3
 889 005b 26000000 		.4byte	.LVL5
 890 005f 0100     		.2byte	0x1
 891 0061 53       		.byte	0x53
 892 0062 26000000 		.4byte	.LVL5
 893 0066 58000000 		.4byte	.LFE70
 894 006a 0100     		.2byte	0x1
 895 006c 51       		.byte	0x51
 896 006d 00000000 		.4byte	0
 897 0071 00000000 		.4byte	0
 898              		.section	.debug_aranges,"",%progbits
 899 0000 1C000000 		.4byte	0x1c
ARM GAS  C:\Users\zakis\AppData\Local\Temp\ccDLGaph.s 			page 19


 900 0004 0200     		.2byte	0x2
 901 0006 00000000 		.4byte	.Ldebug_info0
 902 000a 04       		.byte	0x4
 903 000b 00       		.byte	0
 904 000c 0000     		.2byte	0
 905 000e 0000     		.2byte	0
 906 0010 00000000 		.4byte	.LFB70
 907 0014 58000000 		.4byte	.LFE70-.LFB70
 908 0018 00000000 		.4byte	0
 909 001c 00000000 		.4byte	0
 910              		.section	.debug_ranges,"",%progbits
 911              	.Ldebug_ranges0:
 912 0000 00000000 		.4byte	.LFB70
 913 0004 58000000 		.4byte	.LFE70
 914 0008 00000000 		.4byte	0
 915 000c 00000000 		.4byte	0
 916              		.section	.debug_line,"",%progbits
 917              	.Ldebug_line0:
 918 0000 50010000 		.section	.debug_str,"MS",%progbits,1
 918      02002401 
 918      00000201 
 918      FB0E0D00 
 918      01010101 
 919              	.LASF34:
 920 0000 6B696E64 		.ascii	"kind\000"
 920      00
 921              	.LASF53:
 922 0005 45455F72 		.ascii	"EE_rq_bitmask\000"
 922      715F6269 
 922      746D6173 
 922      6B00
 923              	.LASF14:
 924 0013 45455F55 		.ascii	"EE_UREG\000"
 924      52454700 
 925              	.LASF23:
 926 001b 7469636B 		.ascii	"ticksperbase\000"
 926      73706572 
 926      62617365 
 926      00
 927              	.LASF54:
 928 0028 45455F74 		.ascii	"EE_th_event_active\000"
 928      685F6576 
 928      656E745F 
 928      61637469 
 928      766500
 929              	.LASF55:
 930 003b 45455F74 		.ascii	"EE_th_waswaiting\000"
 930      685F7761 
 930      73776169 
 930      74696E67 
 930      00
 931              	.LASF2:
 932 004c 73686F72 		.ascii	"short int\000"
 932      7420696E 
 932      7400
 933              	.LASF45:
 934 0056 73697A65 		.ascii	"sizetype\000"
ARM GAS  C:\Users\zakis\AppData\Local\Temp\ccDLGaph.s 			page 20


 934      74797065 
 934      00
 935              	.LASF38:
 936 005f 64656C74 		.ascii	"delta\000"
 936      6100
 937              	.LASF33:
 938 0065 73706563 		.ascii	"spec_id\000"
 938      5F696400 
 939              	.LASF15:
 940 006d 45455F46 		.ascii	"EE_FREG\000"
 940      52454700 
 941              	.LASF32:
 942 0075 436F756E 		.ascii	"CounterObjectKindType\000"
 942      7465724F 
 942      626A6563 
 942      744B696E 
 942      64547970 
 943              	.LASF13:
 944 008b 45455F55 		.ascii	"EE_UINT32\000"
 944      494E5433 
 944      3200
 945              	.LASF46:
 946 0095 45455F74 		.ascii	"EE_th_ready_prio\000"
 946      685F7265 
 946      6164795F 
 946      7072696F 
 946      00
 947              	.LASF17:
 948 00a6 45455F54 		.ascii	"EE_TID\000"
 948      494400
 949              	.LASF24:
 950 00ad 6D696E63 		.ascii	"mincycle\000"
 950      79636C65 
 950      00
 951              	.LASF26:
 952 00b6 76616C75 		.ascii	"value\000"
 952      6500
 953              	.LASF61:
 954 00bc 45455F6F 		.ascii	"EE_oo_counter_object_ROM\000"
 954      6F5F636F 
 954      756E7465 
 954      725F6F62 
 954      6A656374 
 955              	.LASF31:
 956 00d5 45455F6F 		.ascii	"EE_oo_counter_object_kind_type\000"
 956      6F5F636F 
 956      756E7465 
 956      725F6F62 
 956      6A656374 
 957              	.LASF43:
 958 00f4 45455F49 		.ascii	"EE_IRQ_nesting_level\000"
 958      52515F6E 
 958      65737469 
 958      6E675F6C 
 958      6576656C 
 959              	.LASF28:
 960 0109 45455F6F 		.ascii	"EE_oo_counter_RAM_type\000"
ARM GAS  C:\Users\zakis\AppData\Local\Temp\ccDLGaph.s 			page 21


 960      6F5F636F 
 960      756E7465 
 960      725F5241 
 960      4D5F7479 
 961              	.LASF65:
 962 0120 45455F6F 		.ascii	"EE_oo_IRQ_suspend_status\000"
 962      6F5F4952 
 962      515F7375 
 962      7370656E 
 962      645F7374 
 963              	.LASF6:
 964 0139 6C6F6E67 		.ascii	"long long int\000"
 964      206C6F6E 
 964      6720696E 
 964      7400
 965              	.LASF10:
 966 0147 45455F49 		.ascii	"EE_INT8\000"
 966      4E543800 
 967              	.LASF18:
 968 014f 45455F54 		.ascii	"EE_TYPE_RQ_MASK\000"
 968      5950455F 
 968      52515F4D 
 968      41534B00 
 969              	.LASF30:
 970 015f 45455F53 		.ascii	"EE_SCHEDULETABLE\000"
 970      43484544 
 970      554C4554 
 970      41424C45 
 970      00
 971              	.LASF4:
 972 0170 6C6F6E67 		.ascii	"long int\000"
 972      20696E74 
 972      00
 973              	.LASF22:
 974 0179 6D617861 		.ascii	"maxallowedvalue\000"
 974      6C6C6F77 
 974      65647661 
 974      6C756500 
 975              	.LASF40:
 976 0189 45455F6F 		.ascii	"EE_oo_counter_object_RAM_type\000"
 976      6F5F636F 
 976      756E7465 
 976      725F6F62 
 976      6A656374 
 977              	.LASF57:
 978 01a7 45455F72 		.ascii	"EE_resource_locked\000"
 978      65736F75 
 978      7263655F 
 978      6C6F636B 
 978      656400
 979              	.LASF59:
 980 01ba 45455F72 		.ascii	"EE_resource_stack\000"
 980      65736F75 
 980      7263655F 
 980      73746163 
 980      6B00
 981              	.LASF25:
ARM GAS  C:\Users\zakis\AppData\Local\Temp\ccDLGaph.s 			page 22


 982 01cc 45455F6F 		.ascii	"EE_oo_counter_ROM_type\000"
 982      6F5F636F 
 982      756E7465 
 982      725F524F 
 982      4D5F7479 
 983              	.LASF19:
 984 01e3 5469636B 		.ascii	"TickType\000"
 984      54797065 
 984      00
 985              	.LASF52:
 986 01ec 45455F73 		.ascii	"EE_sys_ceiling\000"
 986      79735F63 
 986      65696C69 
 986      6E6700
 987              	.LASF20:
 988 01fb 436F756E 		.ascii	"CounterObjectType\000"
 988      7465724F 
 988      626A6563 
 988      74547970 
 988      6500
 989              	.LASF9:
 990 020d 6C6F6E67 		.ascii	"long double\000"
 990      20646F75 
 990      626C6500 
 991              	.LASF70:
 992 0219 433A5C55 		.ascii	"C:\\Users\\zakis\\Documents\\EAA\\RTE_Gaspedal_Watc"
 992      73657273 
 992      5C7A616B 
 992      69735C44 
 992      6F63756D 
 993 0247 68646F67 		.ascii	"hdog\\LabOne\\Gaspedal_Watchdog.cydsn\000"
 993      5C4C6162 
 993      4F6E655C 
 993      47617370 
 993      6564616C 
 994              	.LASF60:
 995 026b 45455F63 		.ascii	"EE_counter_ROM\000"
 995      6F756E74 
 995      65725F52 
 995      4F4D00
 996              	.LASF42:
 997 027a 52657349 		.ascii	"ResID\000"
 997      4400
 998              	.LASF1:
 999 0280 756E7369 		.ascii	"unsigned char\000"
 999      676E6564 
 999      20636861 
 999      7200
 1000              	.LASF63:
 1001 028e 45455F6F 		.ascii	"EE_oo_counter_object_RAM\000"
 1001      6F5F636F 
 1001      756E7465 
 1001      725F6F62 
 1001      6A656374 
 1002              	.LASF0:
 1003 02a7 7369676E 		.ascii	"signed char\000"
 1003      65642063 
ARM GAS  C:\Users\zakis\AppData\Local\Temp\ccDLGaph.s 			page 23


 1003      68617200 
 1004              	.LASF7:
 1005 02b3 6C6F6E67 		.ascii	"long long unsigned int\000"
 1005      206C6F6E 
 1005      6720756E 
 1005      7369676E 
 1005      65642069 
 1006              	.LASF8:
 1007 02ca 756E7369 		.ascii	"unsigned int\000"
 1007      676E6564 
 1007      20696E74 
 1007      00
 1008              	.LASF50:
 1009 02d7 45455F74 		.ascii	"EE_th_rnact\000"
 1009      685F726E 
 1009      61637400 
 1010              	.LASF44:
 1011 02e3 45455F73 		.ascii	"EE_std_endcycle_next_tid\000"
 1011      74645F65 
 1011      6E646379 
 1011      636C655F 
 1011      6E657874 
 1012              	.LASF12:
 1013 02fc 45455F49 		.ascii	"EE_INT32\000"
 1013      4E543332 
 1013      00
 1014              	.LASF71:
 1015 0305 45455F6F 		.ascii	"EE_oo_release_all_resources\000"
 1015      6F5F7265 
 1015      6C656173 
 1015      655F616C 
 1015      6C5F7265 
 1016              	.LASF3:
 1017 0321 73686F72 		.ascii	"short unsigned int\000"
 1017      7420756E 
 1017      7369676E 
 1017      65642069 
 1017      6E7400
 1018              	.LASF35:
 1019 0334 45455F6F 		.ascii	"EE_oo_counter_object_ROM_type\000"
 1019      6F5F636F 
 1019      756E7465 
 1019      725F6F62 
 1019      6A656374 
 1020              	.LASF41:
 1021 0352 63757252 		.ascii	"curRes\000"
 1021      657300
 1022              	.LASF56:
 1023 0359 45455F72 		.ascii	"EE_resource_oldceiling\000"
 1023      65736F75 
 1023      7263655F 
 1023      6F6C6463 
 1023      65696C69 
 1024              	.LASF11:
 1025 0370 45455F55 		.ascii	"EE_UINT16\000"
 1025      494E5431 
 1025      3600
ARM GAS  C:\Users\zakis\AppData\Local\Temp\ccDLGaph.s 			page 24


 1026              	.LASF62:
 1027 037a 45455F63 		.ascii	"EE_counter_RAM\000"
 1027      6F756E74 
 1027      65725F52 
 1027      414D00
 1028              	.LASF66:
 1029 0389 45455F41 		.ascii	"EE_ApplicationMode\000"
 1029      70706C69 
 1029      63617469 
 1029      6F6E4D6F 
 1029      646500
 1030              	.LASF5:
 1031 039c 6C6F6E67 		.ascii	"long unsigned int\000"
 1031      20756E73 
 1031      69676E65 
 1031      6420696E 
 1031      7400
 1032              	.LASF16:
 1033 03ae 45455F54 		.ascii	"EE_TYPEBOOL\000"
 1033      59504542 
 1033      4F4F4C00 
 1034              	.LASF58:
 1035 03ba 45455F74 		.ascii	"EE_th_resource_last\000"
 1035      685F7265 
 1035      736F7572 
 1035      63655F6C 
 1035      61737400 
 1036              	.LASF51:
 1037 03ce 45455F73 		.ascii	"EE_stkfirst\000"
 1037      746B6669 
 1037      72737400 
 1038              	.LASF69:
 1039 03da 47656E65 		.ascii	"Generated_Source\\PSoC5\\ErikaOS_ee_ulockallres.c\000"
 1039      72617465 
 1039      645F536F 
 1039      75726365 
 1039      5C50536F 
 1040              	.LASF29:
 1041 040a 45455F41 		.ascii	"EE_ALARM\000"
 1041      4C41524D 
 1041      00
 1042              	.LASF36:
 1043 0413 75736564 		.ascii	"used\000"
 1043      00
 1044              	.LASF21:
 1045 0418 436F756E 		.ascii	"CounterType\000"
 1045      74657254 
 1045      79706500 
 1046              	.LASF48:
 1047 0424 45455F74 		.ascii	"EE_th_status\000"
 1047      685F7374 
 1047      61747573 
 1047      00
 1048              	.LASF47:
 1049 0431 45455F74 		.ascii	"EE_th_dispatch_prio\000"
 1049      685F6469 
 1049      73706174 
ARM GAS  C:\Users\zakis\AppData\Local\Temp\ccDLGaph.s 			page 25


 1049      63685F70 
 1049      72696F00 
 1050              	.LASF49:
 1051 0445 45455F74 		.ascii	"EE_th_next\000"
 1051      685F6E65 
 1051      787400
 1052              	.LASF68:
 1053 0450 474E5520 		.ascii	"GNU C11 5.4.1 20160609 (release) [ARM/embedded-5-br"
 1053      43313120 
 1053      352E342E 
 1053      31203230 
 1053      31363036 
 1054 0483 616E6368 		.ascii	"anch revision 237715] -mcpu=cortex-m3 -mthumb -g -O"
 1054      20726576 
 1054      6973696F 
 1054      6E203233 
 1054      37373135 
 1055 04b6 67202D66 		.ascii	"g -ffunction-sections -ffat-lto-objects\000"
 1055      66756E63 
 1055      74696F6E 
 1055      2D736563 
 1055      74696F6E 
 1056              	.LASF37:
 1057 04de 636E7463 		.ascii	"cntcycle\000"
 1057      79636C65 
 1057      00
 1058              	.LASF64:
 1059 04e7 45455F6F 		.ascii	"EE_oo_IRQ_disable_count\000"
 1059      6F5F4952 
 1059      515F6469 
 1059      7361626C 
 1059      655F636F 
 1060              	.LASF39:
 1061 04ff 6E657874 		.ascii	"next\000"
 1061      00
 1062              	.LASF67:
 1063 0504 45455F72 		.ascii	"EE_rq_lookup\000"
 1063      715F6C6F 
 1063      6F6B7570 
 1063      00
 1064              	.LASF27:
 1065 0511 66697273 		.ascii	"first\000"
 1065      7400
 1066              		.ident	"GCC: (GNU Tools for ARM Embedded Processors) 5.4.1 20160609 (release) [ARM/embedded-5-bran
