ARM GAS  C:\Users\zakis\AppData\Local\Temp\ccllALja.s 			page 1


   1              		.syntax unified
   2              		.cpu cortex-m3
   3              		.fpu softvfp
   4              		.eabi_attribute 20, 1
   5              		.eabi_attribute 21, 1
   6              		.eabi_attribute 23, 3
   7              		.eabi_attribute 24, 1
   8              		.eabi_attribute 25, 1
   9              		.eabi_attribute 26, 1
  10              		.eabi_attribute 30, 1
  11              		.eabi_attribute 34, 1
  12              		.eabi_attribute 18, 4
  13              		.thumb
  14              		.syntax unified
  15              		.file	"error.c"
  16              		.text
  17              	.Ltext0:
  18              		.cfi_sections	.debug_frame
  19              		.section	.text.ERROR_disableRunnable,"ax",%progbits
  20              		.align	2
  21              		.global	ERROR_disableRunnable
  22              		.thumb
  23              		.thumb_func
  24              		.type	ERROR_disableRunnable, %function
  25              	ERROR_disableRunnable:
  26              	.LFB110:
  27              		.file 1 "source\\bsw\\error.c"
   1:source\bsw/error.c **** /**
   2:source\bsw/error.c **** * \file uart.c
   3:source\bsw/error.c **** * \author P. Fromm
   4:source\bsw/error.c **** * \date 8.12.19
   5:source\bsw/error.c **** *
   6:source\bsw/error.c **** * \brief UART wrapper
   7:source\bsw/error.c **** *
   8:source\bsw/error.c **** * \copyright Copyright ©2016
   9:source\bsw/error.c **** * Department of electrical engineering and information technology, Hochschule Darmstadt - Universit
  10:source\bsw/error.c **** * Permission to use, copy, modify, and distribute this software and its documentation for education
  11:source\bsw/error.c **** * (unless permitted by h_da) and official h_da projects, is hereby granted for enrolled students of
  12:source\bsw/error.c **** * this paragraph and the following paragraph appear in all copies, modifications, and distributions
  13:source\bsw/error.c **** * Contact Prof.Dr.-Ing. Peter Fromm, peter.fromm@h-da.de, Birkenweg 8 64295 Darmstadt - GERMANY for
  14:source\bsw/error.c **** *
  15:source\bsw/error.c **** * \warning This software is a PROTOTYPE version and is not designed or intended for use in producti
  16:source\bsw/error.c **** * The user represents and warrants that it will NOT use or redistribute the Software for such purpo
  17:source\bsw/error.c **** * This prototype is for research purposes only. This software is provided "AS IS," without a warran
  18:source\bsw/error.c **** */
  19:source\bsw/error.c **** 
  20:source\bsw/error.c **** /*****************************************************************************/
  21:source\bsw/error.c **** /* Include files                                                             */
  22:source\bsw/error.c **** /*****************************************************************************/
  23:source\bsw/error.c **** 
  24:source\bsw/error.c **** #include "project.h"
  25:source\bsw/error.c **** #include "error.h"
  26:source\bsw/error.c **** 
  27:source\bsw/error.c **** /*****************************************************************************/
  28:source\bsw/error.c **** /* Local pre-processor symbols/macros ('#define')                            */
  29:source\bsw/error.c **** /*****************************************************************************/
  30:source\bsw/error.c **** 
ARM GAS  C:\Users\zakis\AppData\Local\Temp\ccllALja.s 			page 2


  31:source\bsw/error.c **** /*****************************************************************************/
  32:source\bsw/error.c **** /* Global variable definitions (declared in header file with 'extern')       */
  33:source\bsw/error.c **** /*****************************************************************************/
  34:source\bsw/error.c **** 
  35:source\bsw/error.c **** uint8_t runnablesStatus[numberOfRunnables] = {1, 1, 1, 1, 1};
  36:source\bsw/error.c **** 
  37:source\bsw/error.c **** /*****************************************************************************/
  38:source\bsw/error.c **** /* Local type definitions ('typedef')                                        */
  39:source\bsw/error.c **** /*****************************************************************************/
  40:source\bsw/error.c **** 
  41:source\bsw/error.c **** 
  42:source\bsw/error.c **** 
  43:source\bsw/error.c **** /*****************************************************************************/
  44:source\bsw/error.c **** /* Local variable definitions ('static')                                     */
  45:source\bsw/error.c **** /*****************************************************************************/
  46:source\bsw/error.c **** 
  47:source\bsw/error.c **** 
  48:source\bsw/error.c **** 
  49:source\bsw/error.c **** /*****************************************************************************/
  50:source\bsw/error.c **** /* Local function prototypes ('static')                                      */
  51:source\bsw/error.c **** /*****************************************************************************/
  52:source\bsw/error.c **** 
  53:source\bsw/error.c **** 
  54:source\bsw/error.c **** /*****************************************************************************/
  55:source\bsw/error.c **** /* Function implementation - global ('extern') and local ('static')          */
  56:source\bsw/error.c **** /*****************************************************************************/
  57:source\bsw/error.c **** RC_t ERROR_disableRunnable(ERROR_Runnable_t runnable){
  28              		.loc 1 57 0
  29              		.cfi_startproc
  30              		@ args = 0, pretend = 0, frame = 0
  31              		@ frame_needed = 0, uses_anonymous_args = 0
  32              		@ link register save eliminated.
  33              	.LVL0:
  58:source\bsw/error.c ****     
  59:source\bsw/error.c ****     runnablesStatus[runnable] = 0;
  34              		.loc 1 59 0
  35 0000 0023     		movs	r3, #0
  36 0002 024A     		ldr	r2, .L2
  37 0004 1354     		strb	r3, [r2, r0]
  60:source\bsw/error.c ****     return RC_SUCCESS;
  61:source\bsw/error.c **** }
  38              		.loc 1 61 0
  39 0006 1846     		mov	r0, r3
  40              	.LVL1:
  41 0008 7047     		bx	lr
  42              	.L3:
  43 000a 00BF     		.align	2
  44              	.L2:
  45 000c 00000000 		.word	.LANCHOR0
  46              		.cfi_endproc
  47              	.LFE110:
  48              		.size	ERROR_disableRunnable, .-ERROR_disableRunnable
  49              		.section	.text.ERROR_enableRunnable,"ax",%progbits
  50              		.align	2
  51              		.global	ERROR_enableRunnable
  52              		.thumb
  53              		.thumb_func
ARM GAS  C:\Users\zakis\AppData\Local\Temp\ccllALja.s 			page 3


  54              		.type	ERROR_enableRunnable, %function
  55              	ERROR_enableRunnable:
  56              	.LFB111:
  62:source\bsw/error.c **** 
  63:source\bsw/error.c **** RC_t ERROR_enableRunnable(ERROR_Runnable_t runnable){
  57              		.loc 1 63 0
  58              		.cfi_startproc
  59              		@ args = 0, pretend = 0, frame = 0
  60              		@ frame_needed = 0, uses_anonymous_args = 0
  61              		@ link register save eliminated.
  62              	.LVL2:
  64:source\bsw/error.c ****     
  65:source\bsw/error.c ****     runnablesStatus[runnable] = 1;
  63              		.loc 1 65 0
  64 0000 0122     		movs	r2, #1
  65 0002 024B     		ldr	r3, .L5
  66 0004 1A54     		strb	r2, [r3, r0]
  66:source\bsw/error.c ****     return RC_SUCCESS;
  67:source\bsw/error.c **** 
  68:source\bsw/error.c **** }
  67              		.loc 1 68 0
  68 0006 0020     		movs	r0, #0
  69              	.LVL3:
  70 0008 7047     		bx	lr
  71              	.L6:
  72 000a 00BF     		.align	2
  73              	.L5:
  74 000c 00000000 		.word	.LANCHOR0
  75              		.cfi_endproc
  76              	.LFE111:
  77              		.size	ERROR_enableRunnable, .-ERROR_enableRunnable
  78              		.section	.text.ERROR_isRunnableActive,"ax",%progbits
  79              		.align	2
  80              		.global	ERROR_isRunnableActive
  81              		.thumb
  82              		.thumb_func
  83              		.type	ERROR_isRunnableActive, %function
  84              	ERROR_isRunnableActive:
  85              	.LFB112:
  69:source\bsw/error.c **** 
  70:source\bsw/error.c **** boolean_t ERROR_isRunnableActive(ERROR_Runnable_t runnable){
  86              		.loc 1 70 0
  87              		.cfi_startproc
  88              		@ args = 0, pretend = 0, frame = 0
  89              		@ frame_needed = 0, uses_anonymous_args = 0
  90              		@ link register save eliminated.
  91              	.LVL4:
  71:source\bsw/error.c ****     
  72:source\bsw/error.c ****     boolean_t status = FALSE;
  73:source\bsw/error.c ****     
  74:source\bsw/error.c ****     if (runnablesStatus[runnable] == 1){
  92              		.loc 1 74 0
  93 0000 034B     		ldr	r3, .L10
  94 0002 1B5C     		ldrb	r3, [r3, r0]	@ zero_extendqisi2
  95 0004 012B     		cmp	r3, #1
  96 0006 01D1     		bne	.L9
  75:source\bsw/error.c ****         status = TRUE;
ARM GAS  C:\Users\zakis\AppData\Local\Temp\ccllALja.s 			page 4


  97              		.loc 1 75 0
  98 0008 0120     		movs	r0, #1
  99              	.LVL5:
 100 000a 7047     		bx	lr
 101              	.LVL6:
 102              	.L9:
  76:source\bsw/error.c ****     
  77:source\bsw/error.c ****     } else {
  78:source\bsw/error.c ****         status = FALSE;
 103              		.loc 1 78 0
 104 000c 0020     		movs	r0, #0
 105              	.LVL7:
  79:source\bsw/error.c ****     }
  80:source\bsw/error.c ****     return status;
  81:source\bsw/error.c **** }...
 106              		.loc 1 81 0
 107 000e 7047     		bx	lr
 108              	.L11:
 109              		.align	2
 110              	.L10:
 111 0010 00000000 		.word	.LANCHOR0
 112              		.cfi_endproc
 113              	.LFE112:
 114              		.size	ERROR_isRunnableActive, .-ERROR_isRunnableActive
 115              		.global	runnablesStatus
 116              		.data
 117              		.align	2
 118              		.set	.LANCHOR0,. + 0
 119              		.type	runnablesStatus, %object
 120              		.size	runnablesStatus, 5
 121              	runnablesStatus:
 122 0000 01       		.byte	1
 123 0001 01       		.byte	1
 124 0002 01       		.byte	1
 125 0003 01       		.byte	1
 126 0004 01       		.byte	1
 127              		.text
 128              	.Letext0:
 129              		.file 2 "c:\\program files (x86)\\cypress\\psoc creator\\4.4\\psoc creator\\import\\gnu\\arm\\5.4.
 130              		.file 3 "c:\\program files (x86)\\cypress\\psoc creator\\4.4\\psoc creator\\import\\gnu\\arm\\5.4.
 131              		.file 4 "Generated_Source\\PSoC5/ErikaOS_common_ee_types.inc"
 132              		.file 5 "Generated_Source\\PSoC5/ErikaOS_cortex_mx_ee_cpu.inc"
 133              		.file 6 "source\\bsw\\global.h"
 134              		.file 7 "source\\bsw\\error.h"
 135              		.file 8 "Generated_Source\\PSoC5/ErikaOS_ee_oo_intfunc.inc"
 136              		.file 9 "Generated_Source\\PSoC5/ErikaOS_cortex_mx_ee_context.inc"
 137              		.file 10 "Generated_Source\\PSoC5/ErikaOS_common_ee_primitives.inc"
 138              		.file 11 "Generated_Source\\PSoC5/core_cm3.h"
 139              		.section	.debug_info,"",%progbits
 140              	.Ldebug_info0:
 141 0000 D6020000 		.4byte	0x2d6
 142 0004 0400     		.2byte	0x4
 143 0006 00000000 		.4byte	.Ldebug_abbrev0
 144 000a 04       		.byte	0x4
 145 000b 01       		.uleb128 0x1
 146 000c 3D030000 		.4byte	.LASF68
 147 0010 0C       		.byte	0xc
ARM GAS  C:\Users\zakis\AppData\Local\Temp\ccllALja.s 			page 5


 148 0011 33000000 		.4byte	.LASF69
 149 0015 31020000 		.4byte	.LASF70
 150 0019 00000000 		.4byte	.Ldebug_ranges0+0
 151 001d 00000000 		.4byte	0
 152 0021 00000000 		.4byte	.Ldebug_line0
 153 0025 02       		.uleb128 0x2
 154 0026 01       		.byte	0x1
 155 0027 06       		.byte	0x6
 156 0028 A2020000 		.4byte	.LASF0
 157 002c 03       		.uleb128 0x3
 158 002d EE010000 		.4byte	.LASF4
 159 0031 02       		.byte	0x2
 160 0032 1D       		.byte	0x1d
 161 0033 37000000 		.4byte	0x37
 162 0037 02       		.uleb128 0x2
 163 0038 01       		.byte	0x1
 164 0039 08       		.byte	0x8
 165 003a 83020000 		.4byte	.LASF1
 166 003e 02       		.uleb128 0x2
 167 003f 02       		.byte	0x2
 168 0040 05       		.byte	0x5
 169 0041 5A000000 		.4byte	.LASF2
 170 0045 02       		.uleb128 0x2
 171 0046 02       		.byte	0x2
 172 0047 07       		.byte	0x7
 173 0048 23030000 		.4byte	.LASF3
 174 004c 03       		.uleb128 0x3
 175 004d 82040000 		.4byte	.LASF5
 176 0051 02       		.byte	0x2
 177 0052 3F       		.byte	0x3f
 178 0053 57000000 		.4byte	0x57
 179 0057 02       		.uleb128 0x2
 180 0058 04       		.byte	0x4
 181 0059 05       		.byte	0x5
 182 005a C5010000 		.4byte	.LASF6
 183 005e 02       		.uleb128 0x2
 184 005f 04       		.byte	0x4
 185 0060 07       		.byte	0x7
 186 0061 1C040000 		.4byte	.LASF7
 187 0065 02       		.uleb128 0x2
 188 0066 08       		.byte	0x8
 189 0067 05       		.byte	0x5
 190 0068 7A010000 		.4byte	.LASF8
 191 006c 02       		.uleb128 0x2
 192 006d 08       		.byte	0x8
 193 006e 07       		.byte	0x7
 194 006f AE020000 		.4byte	.LASF9
 195 0073 04       		.uleb128 0x4
 196 0074 04       		.byte	0x4
 197 0075 05       		.byte	0x5
 198 0076 696E7400 		.ascii	"int\000"
 199 007a 02       		.uleb128 0x2
 200 007b 04       		.byte	0x4
 201 007c 07       		.byte	0x7
 202 007d C5020000 		.4byte	.LASF10
 203 0081 03       		.uleb128 0x3
 204 0082 E8000000 		.4byte	.LASF11
ARM GAS  C:\Users\zakis\AppData\Local\Temp\ccllALja.s 			page 6


 205 0086 03       		.byte	0x3
 206 0087 18       		.byte	0x18
 207 0088 2C000000 		.4byte	0x2c
 208 008c 03       		.uleb128 0x3
 209 008d E5030000 		.4byte	.LASF12
 210 0091 03       		.byte	0x3
 211 0092 2C       		.byte	0x2c
 212 0093 4C000000 		.4byte	0x4c
 213 0097 02       		.uleb128 0x2
 214 0098 04       		.byte	0x4
 215 0099 04       		.byte	0x4
 216 009a 5B010000 		.4byte	.LASF13
 217 009e 02       		.uleb128 0x2
 218 009f 08       		.byte	0x8
 219 00a0 04       		.byte	0x4
 220 00a1 2E040000 		.4byte	.LASF14
 221 00a5 02       		.uleb128 0x2
 222 00a6 01       		.byte	0x1
 223 00a7 08       		.byte	0x8
 224 00a8 CB030000 		.4byte	.LASF15
 225 00ac 02       		.uleb128 0x2
 226 00ad 08       		.byte	0x8
 227 00ae 04       		.byte	0x4
 228 00af 25020000 		.4byte	.LASF16
 229 00b3 03       		.uleb128 0x3
 230 00b4 1A030000 		.4byte	.LASF17
 231 00b8 04       		.byte	0x4
 232 00b9 53       		.byte	0x53
 233 00ba 73000000 		.4byte	0x73
 234 00be 03       		.uleb128 0x3
 235 00bf D7000000 		.4byte	.LASF18
 236 00c3 04       		.byte	0x4
 237 00c4 54       		.byte	0x54
 238 00c5 7A000000 		.4byte	0x7a
 239 00c9 03       		.uleb128 0x3
 240 00ca 65040000 		.4byte	.LASF19
 241 00ce 05       		.byte	0x5
 242 00cf 4D       		.byte	0x4d
 243 00d0 BE000000 		.4byte	0xbe
 244 00d4 03       		.uleb128 0x3
 245 00d5 BB000000 		.4byte	.LASF20
 246 00d9 05       		.byte	0x5
 247 00da 4F       		.byte	0x4f
 248 00db BE000000 		.4byte	0xbe
 249 00df 03       		.uleb128 0x3
 250 00e0 E1000000 		.4byte	.LASF21
 251 00e4 05       		.byte	0x5
 252 00e5 78       		.byte	0x78
 253 00e6 B3000000 		.4byte	0xb3
 254 00ea 02       		.uleb128 0x2
 255 00eb 04       		.byte	0x4
 256 00ec 07       		.byte	0x7
 257 00ed 8C040000 		.4byte	.LASF22
 258 00f1 03       		.uleb128 0x3
 259 00f2 1B020000 		.4byte	.LASF23
 260 00f6 06       		.byte	0x6
 261 00f7 9C       		.byte	0x9c
ARM GAS  C:\Users\zakis\AppData\Local\Temp\ccllALja.s 			page 7


 262 00f8 37000000 		.4byte	0x37
 263 00fc 05       		.uleb128 0x5
 264 00fd 01       		.byte	0x1
 265 00fe 25000000 		.4byte	0x25
 266 0102 06       		.byte	0x6
 267 0103 CF       		.byte	0xcf
 268 0104 A5010000 		.4byte	0x1a5
 269 0108 06       		.uleb128 0x6
 270 0109 28000000 		.4byte	.LASF24
 271 010d 00       		.byte	0
 272 010e 07       		.uleb128 0x7
 273 010f C5040000 		.4byte	.LASF25
 274 0113 7F       		.sleb128 -1
 275 0114 07       		.uleb128 0x7
 276 0115 F6020000 		.4byte	.LASF26
 277 0119 7E       		.sleb128 -2
 278 011a 07       		.uleb128 0x7
 279 011b AD000000 		.4byte	.LASF27
 280 011f 7D       		.sleb128 -3
 281 0120 07       		.uleb128 0x7
 282 0121 CE040000 		.4byte	.LASF28
 283 0125 7C       		.sleb128 -4
 284 0126 07       		.uleb128 0x7
 285 0127 4C010000 		.4byte	.LASF29
 286 012b 7B       		.sleb128 -5
 287 012c 07       		.uleb128 0x7
 288 012d 64000000 		.4byte	.LASF30
 289 0131 7A       		.sleb128 -6
 290 0132 07       		.uleb128 0x7
 291 0133 CE010000 		.4byte	.LASF31
 292 0137 79       		.sleb128 -7
 293 0138 07       		.uleb128 0x7
 294 0139 D0030000 		.4byte	.LASF32
 295 013d 78       		.sleb128 -8
 296 013e 07       		.uleb128 0x7
 297 013f 04030000 		.4byte	.LASF33
 298 0143 77       		.sleb128 -9
 299 0144 07       		.uleb128 0x7
 300 0145 E0010000 		.4byte	.LASF34
 301 0149 76       		.sleb128 -10
 302 014a 07       		.uleb128 0x7
 303 014b FB040000 		.4byte	.LASF35
 304 014f 75       		.sleb128 -11
 305 0150 07       		.uleb128 0x7
 306 0151 D2020000 		.4byte	.LASF36
 307 0155 74       		.sleb128 -12
 308 0156 07       		.uleb128 0x7
 309 0157 53040000 		.4byte	.LASF37
 310 015b 73       		.sleb128 -13
 311 015c 07       		.uleb128 0x7
 312 015d 15000000 		.4byte	.LASF38
 313 0161 72       		.sleb128 -14
 314 0162 07       		.uleb128 0x7
 315 0163 46000000 		.4byte	.LASF39
 316 0167 71       		.sleb128 -15
 317 0168 07       		.uleb128 0x7
 318 0169 F8010000 		.4byte	.LASF40
ARM GAS  C:\Users\zakis\AppData\Local\Temp\ccllALja.s 			page 8


 319 016d 70       		.sleb128 -16
 320 016e 07       		.uleb128 0x7
 321 016f C3000000 		.4byte	.LASF41
 322 0173 6F       		.sleb128 -17
 323 0174 07       		.uleb128 0x7
 324 0175 75000000 		.4byte	.LASF42
 325 0179 6E       		.sleb128 -18
 326 017a 07       		.uleb128 0x7
 327 017b A1010000 		.4byte	.LASF43
 328 017f 6D       		.sleb128 -19
 329 0180 07       		.uleb128 0x7
 330 0181 F6030000 		.4byte	.LASF44
 331 0185 6C       		.sleb128 -20
 332 0186 07       		.uleb128 0x7
 333 0187 09020000 		.4byte	.LASF45
 334 018b 6B       		.sleb128 -21
 335 018c 07       		.uleb128 0x7
 336 018d 95040000 		.4byte	.LASF46
 337 0191 6A       		.sleb128 -22
 338 0192 07       		.uleb128 0x7
 339 0193 F0000000 		.4byte	.LASF47
 340 0197 69       		.sleb128 -23
 341 0198 07       		.uleb128 0x7
 342 0199 B4010000 		.4byte	.LASF48
 343 019d 68       		.sleb128 -24
 344 019e 07       		.uleb128 0x7
 345 019f 61010000 		.4byte	.LASF49
 346 01a3 67       		.sleb128 -25
 347 01a4 00       		.byte	0
 348 01a5 03       		.uleb128 0x3
 349 01a6 F6040000 		.4byte	.LASF50
 350 01aa 06       		.byte	0x6
 351 01ab EA       		.byte	0xea
 352 01ac FC000000 		.4byte	0xfc
 353 01b0 05       		.uleb128 0x5
 354 01b1 01       		.byte	0x1
 355 01b2 37000000 		.4byte	0x37
 356 01b6 07       		.byte	0x7
 357 01b7 2B       		.byte	0x2b
 358 01b8 DB010000 		.4byte	0x1db
 359 01bc 06       		.uleb128 0x6
 360 01bd 6D040000 		.4byte	.LASF51
 361 01c1 00       		.byte	0
 362 01c2 06       		.uleb128 0x6
 363 01c3 9F000000 		.4byte	.LASF52
 364 01c7 01       		.byte	0x1
 365 01c8 06       		.uleb128 0x6
 366 01c9 91020000 		.4byte	.LASF53
 367 01cd 02       		.byte	0x2
 368 01ce 06       		.uleb128 0x6
 369 01cf 8A000000 		.4byte	.LASF54
 370 01d3 03       		.byte	0x3
 371 01d4 06       		.uleb128 0x6
 372 01d5 B7040000 		.4byte	.LASF55
 373 01d9 04       		.byte	0x4
 374 01da 00       		.byte	0
 375 01db 03       		.uleb128 0x3
ARM GAS  C:\Users\zakis\AppData\Local\Temp\ccllALja.s 			page 9


 376 01dc 35040000 		.4byte	.LASF56
 377 01e0 07       		.byte	0x7
 378 01e1 31       		.byte	0x31
 379 01e2 B0010000 		.4byte	0x1b0
 380 01e6 08       		.uleb128 0x8
 381 01e7 E0020000 		.4byte	.LASF57
 382 01eb 01       		.byte	0x1
 383 01ec 39       		.byte	0x39
 384 01ed A5010000 		.4byte	0x1a5
 385 01f1 00000000 		.4byte	.LFB110
 386 01f5 10000000 		.4byte	.LFE110-.LFB110
 387 01f9 01       		.uleb128 0x1
 388 01fa 9C       		.byte	0x9c
 389 01fb 0F020000 		.4byte	0x20f
 390 01ff 09       		.uleb128 0x9
 391 0200 ED030000 		.4byte	.LASF59
 392 0204 01       		.byte	0x1
 393 0205 39       		.byte	0x39
 394 0206 DB010000 		.4byte	0x1db
 395 020a 00000000 		.4byte	.LLST0
 396 020e 00       		.byte	0
 397 020f 08       		.uleb128 0x8
 398 0210 00000000 		.4byte	.LASF58
 399 0214 01       		.byte	0x1
 400 0215 3F       		.byte	0x3f
 401 0216 A5010000 		.4byte	0x1a5
 402 021a 00000000 		.4byte	.LFB111
 403 021e 10000000 		.4byte	.LFE111-.LFB111
 404 0222 01       		.uleb128 0x1
 405 0223 9C       		.byte	0x9c
 406 0224 38020000 		.4byte	0x238
 407 0228 09       		.uleb128 0x9
 408 0229 ED030000 		.4byte	.LASF59
 409 022d 01       		.byte	0x1
 410 022e 3F       		.byte	0x3f
 411 022f DB010000 		.4byte	0x1db
 412 0233 21000000 		.4byte	.LLST1
 413 0237 00       		.byte	0
 414 0238 08       		.uleb128 0x8
 415 0239 1C010000 		.4byte	.LASF60
 416 023d 01       		.byte	0x1
 417 023e 46       		.byte	0x46
 418 023f F1000000 		.4byte	0xf1
 419 0243 00000000 		.4byte	.LFB112
 420 0247 14000000 		.4byte	.LFE112-.LFB112
 421 024b 01       		.uleb128 0x1
 422 024c 9C       		.byte	0x9c
 423 024d 70020000 		.4byte	0x270
 424 0251 09       		.uleb128 0x9
 425 0252 ED030000 		.4byte	.LASF59
 426 0256 01       		.byte	0x1
 427 0257 46       		.byte	0x46
 428 0258 DB010000 		.4byte	0x1db
 429 025c 42000000 		.4byte	.LLST2
 430 0260 0A       		.uleb128 0xa
 431 0261 36030000 		.4byte	.LASF71
 432 0265 01       		.byte	0x1
ARM GAS  C:\Users\zakis\AppData\Local\Temp\ccllALja.s 			page 10


 433 0266 48       		.byte	0x48
 434 0267 F1000000 		.4byte	0xf1
 435 026b 7C000000 		.4byte	.LLST3
 436 026f 00       		.byte	0
 437 0270 0B       		.uleb128 0xb
 438 0271 DE040000 		.4byte	.LASF61
 439 0275 08       		.byte	0x8
 440 0276 40       		.byte	0x40
 441 0277 C9000000 		.4byte	0xc9
 442 027b 0B       		.uleb128 0xb
 443 027c 88010000 		.4byte	.LASF62
 444 0280 08       		.byte	0x8
 445 0281 47       		.byte	0x47
 446 0282 D4000000 		.4byte	0xd4
 447 0286 0B       		.uleb128 0xb
 448 0287 09040000 		.4byte	.LASF63
 449 028b 08       		.byte	0x8
 450 028c 4A       		.byte	0x4a
 451 028d C9000000 		.4byte	0xc9
 452 0291 0B       		.uleb128 0xb
 453 0292 33010000 		.4byte	.LASF64
 454 0296 09       		.byte	0x9
 455 0297 48       		.byte	0x48
 456 0298 DF000000 		.4byte	0xdf
 457 029c 0B       		.uleb128 0xb
 458 029d 07010000 		.4byte	.LASF65
 459 02a1 0A       		.byte	0xa
 460 02a2 44       		.byte	0x44
 461 02a3 C9000000 		.4byte	0xc9
 462 02a7 0C       		.uleb128 0xc
 463 02a8 46040000 		.4byte	.LASF66
 464 02ac 0B       		.byte	0xb
 465 02ad 1207     		.2byte	0x712
 466 02af B3020000 		.4byte	0x2b3
 467 02b3 0D       		.uleb128 0xd
 468 02b4 8C000000 		.4byte	0x8c
 469 02b8 0E       		.uleb128 0xe
 470 02b9 81000000 		.4byte	0x81
 471 02bd C8020000 		.4byte	0x2c8
 472 02c1 0F       		.uleb128 0xf
 473 02c2 EA000000 		.4byte	0xea
 474 02c6 04       		.byte	0x4
 475 02c7 00       		.byte	0
 476 02c8 10       		.uleb128 0x10
 477 02c9 A7040000 		.4byte	.LASF67
 478 02cd 01       		.byte	0x1
 479 02ce 23       		.byte	0x23
 480 02cf B8020000 		.4byte	0x2b8
 481 02d3 05       		.uleb128 0x5
 482 02d4 03       		.byte	0x3
 483 02d5 00000000 		.4byte	runnablesStatus
 484 02d9 00       		.byte	0
 485              		.section	.debug_abbrev,"",%progbits
 486              	.Ldebug_abbrev0:
 487 0000 01       		.uleb128 0x1
 488 0001 11       		.uleb128 0x11
 489 0002 01       		.byte	0x1
ARM GAS  C:\Users\zakis\AppData\Local\Temp\ccllALja.s 			page 11


 490 0003 25       		.uleb128 0x25
 491 0004 0E       		.uleb128 0xe
 492 0005 13       		.uleb128 0x13
 493 0006 0B       		.uleb128 0xb
 494 0007 03       		.uleb128 0x3
 495 0008 0E       		.uleb128 0xe
 496 0009 1B       		.uleb128 0x1b
 497 000a 0E       		.uleb128 0xe
 498 000b 55       		.uleb128 0x55
 499 000c 17       		.uleb128 0x17
 500 000d 11       		.uleb128 0x11
 501 000e 01       		.uleb128 0x1
 502 000f 10       		.uleb128 0x10
 503 0010 17       		.uleb128 0x17
 504 0011 00       		.byte	0
 505 0012 00       		.byte	0
 506 0013 02       		.uleb128 0x2
 507 0014 24       		.uleb128 0x24
 508 0015 00       		.byte	0
 509 0016 0B       		.uleb128 0xb
 510 0017 0B       		.uleb128 0xb
 511 0018 3E       		.uleb128 0x3e
 512 0019 0B       		.uleb128 0xb
 513 001a 03       		.uleb128 0x3
 514 001b 0E       		.uleb128 0xe
 515 001c 00       		.byte	0
 516 001d 00       		.byte	0
 517 001e 03       		.uleb128 0x3
 518 001f 16       		.uleb128 0x16
 519 0020 00       		.byte	0
 520 0021 03       		.uleb128 0x3
 521 0022 0E       		.uleb128 0xe
 522 0023 3A       		.uleb128 0x3a
 523 0024 0B       		.uleb128 0xb
 524 0025 3B       		.uleb128 0x3b
 525 0026 0B       		.uleb128 0xb
 526 0027 49       		.uleb128 0x49
 527 0028 13       		.uleb128 0x13
 528 0029 00       		.byte	0
 529 002a 00       		.byte	0
 530 002b 04       		.uleb128 0x4
 531 002c 24       		.uleb128 0x24
 532 002d 00       		.byte	0
 533 002e 0B       		.uleb128 0xb
 534 002f 0B       		.uleb128 0xb
 535 0030 3E       		.uleb128 0x3e
 536 0031 0B       		.uleb128 0xb
 537 0032 03       		.uleb128 0x3
 538 0033 08       		.uleb128 0x8
 539 0034 00       		.byte	0
 540 0035 00       		.byte	0
 541 0036 05       		.uleb128 0x5
 542 0037 04       		.uleb128 0x4
 543 0038 01       		.byte	0x1
 544 0039 0B       		.uleb128 0xb
 545 003a 0B       		.uleb128 0xb
 546 003b 49       		.uleb128 0x49
ARM GAS  C:\Users\zakis\AppData\Local\Temp\ccllALja.s 			page 12


 547 003c 13       		.uleb128 0x13
 548 003d 3A       		.uleb128 0x3a
 549 003e 0B       		.uleb128 0xb
 550 003f 3B       		.uleb128 0x3b
 551 0040 0B       		.uleb128 0xb
 552 0041 01       		.uleb128 0x1
 553 0042 13       		.uleb128 0x13
 554 0043 00       		.byte	0
 555 0044 00       		.byte	0
 556 0045 06       		.uleb128 0x6
 557 0046 28       		.uleb128 0x28
 558 0047 00       		.byte	0
 559 0048 03       		.uleb128 0x3
 560 0049 0E       		.uleb128 0xe
 561 004a 1C       		.uleb128 0x1c
 562 004b 0B       		.uleb128 0xb
 563 004c 00       		.byte	0
 564 004d 00       		.byte	0
 565 004e 07       		.uleb128 0x7
 566 004f 28       		.uleb128 0x28
 567 0050 00       		.byte	0
 568 0051 03       		.uleb128 0x3
 569 0052 0E       		.uleb128 0xe
 570 0053 1C       		.uleb128 0x1c
 571 0054 0D       		.uleb128 0xd
 572 0055 00       		.byte	0
 573 0056 00       		.byte	0
 574 0057 08       		.uleb128 0x8
 575 0058 2E       		.uleb128 0x2e
 576 0059 01       		.byte	0x1
 577 005a 3F       		.uleb128 0x3f
 578 005b 19       		.uleb128 0x19
 579 005c 03       		.uleb128 0x3
 580 005d 0E       		.uleb128 0xe
 581 005e 3A       		.uleb128 0x3a
 582 005f 0B       		.uleb128 0xb
 583 0060 3B       		.uleb128 0x3b
 584 0061 0B       		.uleb128 0xb
 585 0062 27       		.uleb128 0x27
 586 0063 19       		.uleb128 0x19
 587 0064 49       		.uleb128 0x49
 588 0065 13       		.uleb128 0x13
 589 0066 11       		.uleb128 0x11
 590 0067 01       		.uleb128 0x1
 591 0068 12       		.uleb128 0x12
 592 0069 06       		.uleb128 0x6
 593 006a 40       		.uleb128 0x40
 594 006b 18       		.uleb128 0x18
 595 006c 9742     		.uleb128 0x2117
 596 006e 19       		.uleb128 0x19
 597 006f 01       		.uleb128 0x1
 598 0070 13       		.uleb128 0x13
 599 0071 00       		.byte	0
 600 0072 00       		.byte	0
 601 0073 09       		.uleb128 0x9
 602 0074 05       		.uleb128 0x5
 603 0075 00       		.byte	0
ARM GAS  C:\Users\zakis\AppData\Local\Temp\ccllALja.s 			page 13


 604 0076 03       		.uleb128 0x3
 605 0077 0E       		.uleb128 0xe
 606 0078 3A       		.uleb128 0x3a
 607 0079 0B       		.uleb128 0xb
 608 007a 3B       		.uleb128 0x3b
 609 007b 0B       		.uleb128 0xb
 610 007c 49       		.uleb128 0x49
 611 007d 13       		.uleb128 0x13
 612 007e 02       		.uleb128 0x2
 613 007f 17       		.uleb128 0x17
 614 0080 00       		.byte	0
 615 0081 00       		.byte	0
 616 0082 0A       		.uleb128 0xa
 617 0083 34       		.uleb128 0x34
 618 0084 00       		.byte	0
 619 0085 03       		.uleb128 0x3
 620 0086 0E       		.uleb128 0xe
 621 0087 3A       		.uleb128 0x3a
 622 0088 0B       		.uleb128 0xb
 623 0089 3B       		.uleb128 0x3b
 624 008a 0B       		.uleb128 0xb
 625 008b 49       		.uleb128 0x49
 626 008c 13       		.uleb128 0x13
 627 008d 02       		.uleb128 0x2
 628 008e 17       		.uleb128 0x17
 629 008f 00       		.byte	0
 630 0090 00       		.byte	0
 631 0091 0B       		.uleb128 0xb
 632 0092 34       		.uleb128 0x34
 633 0093 00       		.byte	0
 634 0094 03       		.uleb128 0x3
 635 0095 0E       		.uleb128 0xe
 636 0096 3A       		.uleb128 0x3a
 637 0097 0B       		.uleb128 0xb
 638 0098 3B       		.uleb128 0x3b
 639 0099 0B       		.uleb128 0xb
 640 009a 49       		.uleb128 0x49
 641 009b 13       		.uleb128 0x13
 642 009c 3F       		.uleb128 0x3f
 643 009d 19       		.uleb128 0x19
 644 009e 3C       		.uleb128 0x3c
 645 009f 19       		.uleb128 0x19
 646 00a0 00       		.byte	0
 647 00a1 00       		.byte	0
 648 00a2 0C       		.uleb128 0xc
 649 00a3 34       		.uleb128 0x34
 650 00a4 00       		.byte	0
 651 00a5 03       		.uleb128 0x3
 652 00a6 0E       		.uleb128 0xe
 653 00a7 3A       		.uleb128 0x3a
 654 00a8 0B       		.uleb128 0xb
 655 00a9 3B       		.uleb128 0x3b
 656 00aa 05       		.uleb128 0x5
 657 00ab 49       		.uleb128 0x49
 658 00ac 13       		.uleb128 0x13
 659 00ad 3F       		.uleb128 0x3f
 660 00ae 19       		.uleb128 0x19
ARM GAS  C:\Users\zakis\AppData\Local\Temp\ccllALja.s 			page 14


 661 00af 3C       		.uleb128 0x3c
 662 00b0 19       		.uleb128 0x19
 663 00b1 00       		.byte	0
 664 00b2 00       		.byte	0
 665 00b3 0D       		.uleb128 0xd
 666 00b4 35       		.uleb128 0x35
 667 00b5 00       		.byte	0
 668 00b6 49       		.uleb128 0x49
 669 00b7 13       		.uleb128 0x13
 670 00b8 00       		.byte	0
 671 00b9 00       		.byte	0
 672 00ba 0E       		.uleb128 0xe
 673 00bb 01       		.uleb128 0x1
 674 00bc 01       		.byte	0x1
 675 00bd 49       		.uleb128 0x49
 676 00be 13       		.uleb128 0x13
 677 00bf 01       		.uleb128 0x1
 678 00c0 13       		.uleb128 0x13
 679 00c1 00       		.byte	0
 680 00c2 00       		.byte	0
 681 00c3 0F       		.uleb128 0xf
 682 00c4 21       		.uleb128 0x21
 683 00c5 00       		.byte	0
 684 00c6 49       		.uleb128 0x49
 685 00c7 13       		.uleb128 0x13
 686 00c8 2F       		.uleb128 0x2f
 687 00c9 0B       		.uleb128 0xb
 688 00ca 00       		.byte	0
 689 00cb 00       		.byte	0
 690 00cc 10       		.uleb128 0x10
 691 00cd 34       		.uleb128 0x34
 692 00ce 00       		.byte	0
 693 00cf 03       		.uleb128 0x3
 694 00d0 0E       		.uleb128 0xe
 695 00d1 3A       		.uleb128 0x3a
 696 00d2 0B       		.uleb128 0xb
 697 00d3 3B       		.uleb128 0x3b
 698 00d4 0B       		.uleb128 0xb
 699 00d5 49       		.uleb128 0x49
 700 00d6 13       		.uleb128 0x13
 701 00d7 3F       		.uleb128 0x3f
 702 00d8 19       		.uleb128 0x19
 703 00d9 02       		.uleb128 0x2
 704 00da 18       		.uleb128 0x18
 705 00db 00       		.byte	0
 706 00dc 00       		.byte	0
 707 00dd 00       		.byte	0
 708              		.section	.debug_loc,"",%progbits
 709              	.Ldebug_loc0:
 710              	.LLST0:
 711 0000 00000000 		.4byte	.LVL0
 712 0004 08000000 		.4byte	.LVL1
 713 0008 0100     		.2byte	0x1
 714 000a 50       		.byte	0x50
 715 000b 08000000 		.4byte	.LVL1
 716 000f 10000000 		.4byte	.LFE110
 717 0013 0400     		.2byte	0x4
ARM GAS  C:\Users\zakis\AppData\Local\Temp\ccllALja.s 			page 15


 718 0015 F3       		.byte	0xf3
 719 0016 01       		.uleb128 0x1
 720 0017 50       		.byte	0x50
 721 0018 9F       		.byte	0x9f
 722 0019 00000000 		.4byte	0
 723 001d 00000000 		.4byte	0
 724              	.LLST1:
 725 0021 00000000 		.4byte	.LVL2
 726 0025 08000000 		.4byte	.LVL3
 727 0029 0100     		.2byte	0x1
 728 002b 50       		.byte	0x50
 729 002c 08000000 		.4byte	.LVL3
 730 0030 10000000 		.4byte	.LFE111
 731 0034 0400     		.2byte	0x4
 732 0036 F3       		.byte	0xf3
 733 0037 01       		.uleb128 0x1
 734 0038 50       		.byte	0x50
 735 0039 9F       		.byte	0x9f
 736 003a 00000000 		.4byte	0
 737 003e 00000000 		.4byte	0
 738              	.LLST2:
 739 0042 00000000 		.4byte	.LVL4
 740 0046 0A000000 		.4byte	.LVL5
 741 004a 0100     		.2byte	0x1
 742 004c 50       		.byte	0x50
 743 004d 0A000000 		.4byte	.LVL5
 744 0051 0C000000 		.4byte	.LVL6
 745 0055 0400     		.2byte	0x4
 746 0057 F3       		.byte	0xf3
 747 0058 01       		.uleb128 0x1
 748 0059 50       		.byte	0x50
 749 005a 9F       		.byte	0x9f
 750 005b 0C000000 		.4byte	.LVL6
 751 005f 0E000000 		.4byte	.LVL7
 752 0063 0100     		.2byte	0x1
 753 0065 50       		.byte	0x50
 754 0066 0E000000 		.4byte	.LVL7
 755 006a 14000000 		.4byte	.LFE112
 756 006e 0400     		.2byte	0x4
 757 0070 F3       		.byte	0xf3
 758 0071 01       		.uleb128 0x1
 759 0072 50       		.byte	0x50
 760 0073 9F       		.byte	0x9f
 761 0074 00000000 		.4byte	0
 762 0078 00000000 		.4byte	0
 763              	.LLST3:
 764 007c 00000000 		.4byte	.LVL4
 765 0080 0E000000 		.4byte	.LVL7
 766 0084 0200     		.2byte	0x2
 767 0086 30       		.byte	0x30
 768 0087 9F       		.byte	0x9f
 769 0088 0E000000 		.4byte	.LVL7
 770 008c 14000000 		.4byte	.LFE112
 771 0090 0100     		.2byte	0x1
 772 0092 50       		.byte	0x50
 773 0093 00000000 		.4byte	0
 774 0097 00000000 		.4byte	0
ARM GAS  C:\Users\zakis\AppData\Local\Temp\ccllALja.s 			page 16


 775              		.section	.debug_aranges,"",%progbits
 776 0000 2C000000 		.4byte	0x2c
 777 0004 0200     		.2byte	0x2
 778 0006 00000000 		.4byte	.Ldebug_info0
 779 000a 04       		.byte	0x4
 780 000b 00       		.byte	0
 781 000c 0000     		.2byte	0
 782 000e 0000     		.2byte	0
 783 0010 00000000 		.4byte	.LFB110
 784 0014 10000000 		.4byte	.LFE110-.LFB110
 785 0018 00000000 		.4byte	.LFB111
 786 001c 10000000 		.4byte	.LFE111-.LFB111
 787 0020 00000000 		.4byte	.LFB112
 788 0024 14000000 		.4byte	.LFE112-.LFB112
 789 0028 00000000 		.4byte	0
 790 002c 00000000 		.4byte	0
 791              		.section	.debug_ranges,"",%progbits
 792              	.Ldebug_ranges0:
 793 0000 00000000 		.4byte	.LFB110
 794 0004 10000000 		.4byte	.LFE110
 795 0008 00000000 		.4byte	.LFB111
 796 000c 10000000 		.4byte	.LFE111
 797 0010 00000000 		.4byte	.LFB112
 798 0014 14000000 		.4byte	.LFE112
 799 0018 00000000 		.4byte	0
 800 001c 00000000 		.4byte	0
 801              		.section	.debug_line,"",%progbits
 802              	.Ldebug_line0:
 803 0000 42020000 		.section	.debug_str,"MS",%progbits,1
 803      02000602 
 803      00000201 
 803      FB0E0D00 
 803      01010101 
 804              	.LASF58:
 805 0000 4552524F 		.ascii	"ERROR_enableRunnable\000"
 805      525F656E 
 805      61626C65 
 805      52756E6E 
 805      61626C65 
 806              	.LASF38:
 807 0015 52435F45 		.ascii	"RC_ERROR_READ_ONLY\000"
 807      52524F52 
 807      5F524541 
 807      445F4F4E 
 807      4C5900
 808              	.LASF24:
 809 0028 52435F53 		.ascii	"RC_SUCCESS\000"
 809      55434345 
 809      535300
 810              	.LASF69:
 811 0033 736F7572 		.ascii	"source\\bsw\\error.c\000"
 811      63655C62 
 811      73775C65 
 811      72726F72 
 811      2E6300
 812              	.LASF39:
 813 0046 52435F45 		.ascii	"RC_ERROR_WRITE_ONLY\000"
ARM GAS  C:\Users\zakis\AppData\Local\Temp\ccllALja.s 			page 17


 813      52524F52 
 813      5F575249 
 813      54455F4F 
 813      4E4C5900 
 814              	.LASF2:
 815 005a 73686F72 		.ascii	"short int\000"
 815      7420696E 
 815      7400
 816              	.LASF30:
 817 0064 52435F45 		.ascii	"RC_ERROR_OVERRUN\000"
 817      52524F52 
 817      5F4F5645 
 817      5252554E 
 817      00
 818              	.LASF42:
 819 0075 52435F45 		.ascii	"RC_ERROR_WRITE_FAILS\000"
 819      52524F52 
 819      5F575249 
 819      54455F46 
 819      41494C53 
 820              	.LASF54:
 821 008a 4552524F 		.ascii	"ERROR_SET_BRAKELIGHT\000"
 821      525F5345 
 821      545F4252 
 821      414B454C 
 821      49474854 
 822              	.LASF52:
 823 009f 4552524F 		.ascii	"ERROR_CONTROL\000"
 823      525F434F 
 823      4E54524F 
 823      4C00
 824              	.LASF27:
 825 00ad 52435F45 		.ascii	"RC_ERROR_ZERO\000"
 825      52524F52 
 825      5F5A4552 
 825      4F00
 826              	.LASF20:
 827 00bb 45455F46 		.ascii	"EE_FREG\000"
 827      52454700 
 828              	.LASF41:
 829 00c3 52435F45 		.ascii	"RC_ERROR_READ_FAILS\000"
 829      52524F52 
 829      5F524541 
 829      445F4641 
 829      494C5300 
 830              	.LASF18:
 831 00d7 45455F55 		.ascii	"EE_UINT32\000"
 831      494E5433 
 831      3200
 832              	.LASF21:
 833 00e1 45455F54 		.ascii	"EE_TID\000"
 833      494400
 834              	.LASF11:
 835 00e8 75696E74 		.ascii	"uint8_t\000"
 835      385F7400 
 836              	.LASF47:
 837 00f0 52435F45 		.ascii	"RC_ERROR_INVALID_STATE\000"
ARM GAS  C:\Users\zakis\AppData\Local\Temp\ccllALja.s 			page 18


 837      52524F52 
 837      5F494E56 
 837      414C4944 
 837      5F535441 
 838              	.LASF65:
 839 0107 45455F49 		.ascii	"EE_IRQ_nesting_level\000"
 839      52515F6E 
 839      65737469 
 839      6E675F6C 
 839      6576656C 
 840              	.LASF60:
 841 011c 4552524F 		.ascii	"ERROR_isRunnableActive\000"
 841      525F6973 
 841      52756E6E 
 841      61626C65 
 841      41637469 
 842              	.LASF64:
 843 0133 45455F73 		.ascii	"EE_std_endcycle_next_tid\000"
 843      74645F65 
 843      6E646379 
 843      636C655F 
 843      6E657874 
 844              	.LASF29:
 845 014c 52435F45 		.ascii	"RC_ERROR_RANGE\000"
 845      52524F52 
 845      5F52414E 
 845      474500
 846              	.LASF13:
 847 015b 666C6F61 		.ascii	"float\000"
 847      7400
 848              	.LASF49:
 849 0161 52435F45 		.ascii	"RC_ERROR_NOT_IMPLEMENTED\000"
 849      52524F52 
 849      5F4E4F54 
 849      5F494D50 
 849      4C454D45 
 850              	.LASF8:
 851 017a 6C6F6E67 		.ascii	"long long int\000"
 851      206C6F6E 
 851      6720696E 
 851      7400
 852              	.LASF62:
 853 0188 45455F6F 		.ascii	"EE_oo_IRQ_suspend_status\000"
 853      6F5F4952 
 853      515F7375 
 853      7370656E 
 853      645F7374 
 854              	.LASF43:
 855 01a1 52435F45 		.ascii	"RC_ERROR_NOT_MATCH\000"
 855      52524F52 
 855      5F4E4F54 
 855      5F4D4154 
 855      434800
 856              	.LASF48:
 857 01b4 52435F45 		.ascii	"RC_ERROR_UNKNOWN\000"
 857      52524F52 
 857      5F554E4B 
ARM GAS  C:\Users\zakis\AppData\Local\Temp\ccllALja.s 			page 19


 857      4E4F574E 
 857      00
 858              	.LASF6:
 859 01c5 6C6F6E67 		.ascii	"long int\000"
 859      20696E74 
 859      00
 860              	.LASF31:
 861 01ce 52435F45 		.ascii	"RC_ERROR_UNDERRUN\000"
 861      52524F52 
 861      5F554E44 
 861      45525255 
 861      4E00
 862              	.LASF34:
 863 01e0 52435F45 		.ascii	"RC_ERROR_BUSY\000"
 863      52524F52 
 863      5F425553 
 863      5900
 864              	.LASF4:
 865 01ee 5F5F7569 		.ascii	"__uint8_t\000"
 865      6E74385F 
 865      7400
 866              	.LASF40:
 867 01f8 52435F45 		.ascii	"RC_ERROR_INVALID\000"
 867      52524F52 
 867      5F494E56 
 867      414C4944 
 867      00
 868              	.LASF45:
 869 0209 52435F45 		.ascii	"RC_ERROR_BAD_DATA\000"
 869      52524F52 
 869      5F424144 
 869      5F444154 
 869      4100
 870              	.LASF23:
 871 021b 626F6F6C 		.ascii	"boolean_t\000"
 871      65616E5F 
 871      7400
 872              	.LASF16:
 873 0225 6C6F6E67 		.ascii	"long double\000"
 873      20646F75 
 873      626C6500 
 874              	.LASF70:
 875 0231 433A5C55 		.ascii	"C:\\Users\\zakis\\Documents\\EAA\\RTE_Gaspedal_Watc"
 875      73657273 
 875      5C7A616B 
 875      69735C44 
 875      6F63756D 
 876 025f 68646F67 		.ascii	"hdog\\LabOne\\Gaspedal_Watchdog.cydsn\000"
 876      5C4C6162 
 876      4F6E655C 
 876      47617370 
 876      6564616C 
 877              	.LASF1:
 878 0283 756E7369 		.ascii	"unsigned char\000"
 878      676E6564 
 878      20636861 
 878      7200
ARM GAS  C:\Users\zakis\AppData\Local\Temp\ccllALja.s 			page 20


 879              	.LASF53:
 880 0291 4552524F 		.ascii	"ERROR_SET_ENGINE\000"
 880      525F5345 
 880      545F454E 
 880      47494E45 
 880      00
 881              	.LASF0:
 882 02a2 7369676E 		.ascii	"signed char\000"
 882      65642063 
 882      68617200 
 883              	.LASF9:
 884 02ae 6C6F6E67 		.ascii	"long long unsigned int\000"
 884      206C6F6E 
 884      6720756E 
 884      7369676E 
 884      65642069 
 885              	.LASF10:
 886 02c5 756E7369 		.ascii	"unsigned int\000"
 886      676E6564 
 886      20696E74 
 886      00
 887              	.LASF36:
 888 02d2 52435F45 		.ascii	"RC_ERROR_OPEN\000"
 888      52524F52 
 888      5F4F5045 
 888      4E00
 889              	.LASF57:
 890 02e0 4552524F 		.ascii	"ERROR_disableRunnable\000"
 890      525F6469 
 890      7361626C 
 890      6552756E 
 890      6E61626C 
 891              	.LASF26:
 892 02f6 52435F45 		.ascii	"RC_ERROR_NULL\000"
 892      52524F52 
 892      5F4E554C 
 892      4C00
 893              	.LASF33:
 894 0304 52435F45 		.ascii	"RC_ERROR_BUFFER_EMTPY\000"
 894      52524F52 
 894      5F425546 
 894      4645525F 
 894      454D5450 
 895              	.LASF17:
 896 031a 45455F49 		.ascii	"EE_INT32\000"
 896      4E543332 
 896      00
 897              	.LASF3:
 898 0323 73686F72 		.ascii	"short unsigned int\000"
 898      7420756E 
 898      7369676E 
 898      65642069 
 898      6E7400
 899              	.LASF71:
 900 0336 73746174 		.ascii	"status\000"
 900      757300
 901              	.LASF68:
ARM GAS  C:\Users\zakis\AppData\Local\Temp\ccllALja.s 			page 21


 902 033d 474E5520 		.ascii	"GNU C11 5.4.1 20160609 (release) [ARM/embedded-5-br"
 902      43313120 
 902      352E342E 
 902      31203230 
 902      31363036 
 903 0370 616E6368 		.ascii	"anch revision 237715] -mcpu=cortex-m3 -mthumb -g -O"
 903      20726576 
 903      6973696F 
 903      6E203233 
 903      37373135 
 904 03a3 67202D66 		.ascii	"g -ffunction-sections -ffat-lto-objects\000"
 904      66756E63 
 904      74696F6E 
 904      2D736563 
 904      74696F6E 
 905              	.LASF15:
 906 03cb 63686172 		.ascii	"char\000"
 906      00
 907              	.LASF32:
 908 03d0 52435F45 		.ascii	"RC_ERROR_BUFFER_FULL\000"
 908      52524F52 
 908      5F425546 
 908      4645525F 
 908      46554C4C 
 909              	.LASF12:
 910 03e5 696E7433 		.ascii	"int32_t\000"
 910      325F7400 
 911              	.LASF59:
 912 03ed 72756E6E 		.ascii	"runnable\000"
 912      61626C65 
 912      00
 913              	.LASF44:
 914 03f6 52435F45 		.ascii	"RC_ERROR_BAD_PARAM\000"
 914      52524F52 
 914      5F424144 
 914      5F504152 
 914      414D00
 915              	.LASF63:
 916 0409 45455F41 		.ascii	"EE_ApplicationMode\000"
 916      70706C69 
 916      63617469 
 916      6F6E4D6F 
 916      646500
 917              	.LASF7:
 918 041c 6C6F6E67 		.ascii	"long unsigned int\000"
 918      20756E73 
 918      69676E65 
 918      6420696E 
 918      7400
 919              	.LASF14:
 920 042e 646F7562 		.ascii	"double\000"
 920      6C6500
 921              	.LASF56:
 922 0435 4552524F 		.ascii	"ERROR_Runnable_t\000"
 922      525F5275 
 922      6E6E6162 
 922      6C655F74 
ARM GAS  C:\Users\zakis\AppData\Local\Temp\ccllALja.s 			page 22


 922      00
 923              	.LASF66:
 924 0446 49544D5F 		.ascii	"ITM_RxBuffer\000"
 924      52784275 
 924      66666572 
 924      00
 925              	.LASF37:
 926 0453 52435F45 		.ascii	"RC_ERROR_CHECKSUM\000"
 926      52524F52 
 926      5F434845 
 926      434B5355 
 926      4D00
 927              	.LASF19:
 928 0465 45455F55 		.ascii	"EE_UREG\000"
 928      52454700 
 929              	.LASF51:
 930 046d 4552524F 		.ascii	"ERROR_INPUT_JOYSTICK\000"
 930      525F494E 
 930      5055545F 
 930      4A4F5953 
 930      5449434B 
 931              	.LASF5:
 932 0482 5F5F696E 		.ascii	"__int32_t\000"
 932      7433325F 
 932      7400
 933              	.LASF22:
 934 048c 73697A65 		.ascii	"sizetype\000"
 934      74797065 
 934      00
 935              	.LASF46:
 936 0495 52435F45 		.ascii	"RC_ERROR_CANCELED\000"
 936      52524F52 
 936      5F43414E 
 936      43454C45 
 936      4400
 937              	.LASF67:
 938 04a7 72756E6E 		.ascii	"runnablesStatus\000"
 938      61626C65 
 938      73537461 
 938      74757300 
 939              	.LASF55:
 940 04b7 4552524F 		.ascii	"ERROR_LOGGING\000"
 940      525F4C4F 
 940      4747494E 
 940      4700
 941              	.LASF25:
 942 04c5 52435F45 		.ascii	"RC_ERROR\000"
 942      52524F52 
 942      00
 943              	.LASF28:
 944 04ce 52435F45 		.ascii	"RC_ERROR_MEMORY\000"
 944      52524F52 
 944      5F4D454D 
 944      4F525900 
 945              	.LASF61:
 946 04de 45455F6F 		.ascii	"EE_oo_IRQ_disable_count\000"
 946      6F5F4952 
ARM GAS  C:\Users\zakis\AppData\Local\Temp\ccllALja.s 			page 23


 946      515F6469 
 946      7361626C 
 946      655F636F 
 947              	.LASF50:
 948 04f6 52435F74 		.ascii	"RC_t\000"
 948      00
 949              	.LASF35:
 950 04fb 52435F45 		.ascii	"RC_ERROR_TIME_OUT\000"
 950      52524F52 
 950      5F54494D 
 950      455F4F55 
 950      5400
 951              		.ident	"GCC: (GNU Tools for ARM Embedded Processors) 5.4.1 20160609 (release) [ARM/embedded-5-bran
