ARM GAS  C:\Users\zakis\AppData\Local\Temp\ccLRojdb.s 			page 1


   1              		.syntax unified
   2              		.cpu cortex-m3
   3              		.fpu softvfp
   4              		.eabi_attribute 20, 1
   5              		.eabi_attribute 21, 1
   6              		.eabi_attribute 23, 3
   7              		.eabi_attribute 24, 1
   8              		.eabi_attribute 25, 1
   9              		.eabi_attribute 26, 1
  10              		.eabi_attribute 30, 1
  11              		.eabi_attribute 34, 1
  12              		.eabi_attribute 18, 4
  13              		.thumb
  14              		.syntax unified
  15              		.file	"rte.c"
  16              		.text
  17              	.Ltext0:
  18              		.cfi_sections	.debug_frame
  19              		.section	.text.RTE_ProcessCyclicTable,"ax",%progbits
  20              		.align	2
  21              		.global	RTE_ProcessCyclicTable
  22              		.thumb
  23              		.thumb_func
  24              		.type	RTE_ProcessCyclicTable, %function
  25              	RTE_ProcessCyclicTable:
  26              	.LFB110:
  27              		.file 1 "source\\rte\\rte.c"
   1:source\rte/rte.c **** /**
   2:source\rte/rte.c **** * \file rte.c
   3:source\rte/rte.c **** * \author P. Fromm
   4:source\rte/rte.c **** * \date 8.12.18
   5:source\rte/rte.c **** *
   6:source\rte/rte.c **** * \brief Runnable dispatcher
   7:source\rte/rte.c **** *
   8:source\rte/rte.c **** * \copyright Copyright ©2016
   9:source\rte/rte.c **** * Department of electrical engineering and information technology, Hochschule Darmstadt - Universit
  10:source\rte/rte.c **** * Permission to use, copy, modify, and distribute this software and its documentation for education
  11:source\rte/rte.c **** * (unless permitted by h_da) and official h_da projects, is hereby granted for enrolled students of
  12:source\rte/rte.c **** * this paragraph and the following paragraph appear in all copies, modifications, and distributions
  13:source\rte/rte.c **** * Contact Prof.Dr.-Ing. Peter Fromm, peter.fromm@h-da.de, Birkenweg 8 64295 Darmstadt - GERMANY for
  14:source\rte/rte.c **** *
  15:source\rte/rte.c **** * \warning This software is a PROTOTYPE version and is not designed or intended for use in producti
  16:source\rte/rte.c **** * The user represents and warrants that it will NOT use or redistribute the Software for such purpo
  17:source\rte/rte.c **** * This prototype is for research purposes only. This software is provided "AS IS," without a warran
  18:source\rte/rte.c **** */
  19:source\rte/rte.c **** 
  20:source\rte/rte.c **** /*****************************************************************************/
  21:source\rte/rte.c **** /* Include files                                                             */
  22:source\rte/rte.c **** /*****************************************************************************/
  23:source\rte/rte.c **** #include "rte.h"
  24:source\rte/rte.c **** 
  25:source\rte/rte.c **** /*****************************************************************************/
  26:source\rte/rte.c **** /* Local pre-processor symbols/macros ('#define')                            */
  27:source\rte/rte.c **** /*****************************************************************************/
  28:source\rte/rte.c **** 
  29:source\rte/rte.c **** /*****************************************************************************/
  30:source\rte/rte.c **** /* Global variable definitions (declared in header file with 'extern')       */
ARM GAS  C:\Users\zakis\AppData\Local\Temp\ccLRojdb.s 			page 2


  31:source\rte/rte.c **** /*****************************************************************************/
  32:source\rte/rte.c **** 
  33:source\rte/rte.c **** /*****************************************************************************/
  34:source\rte/rte.c **** /* Local type definitions ('typedef')                                        */
  35:source\rte/rte.c **** /*****************************************************************************/
  36:source\rte/rte.c **** 
  37:source\rte/rte.c **** /*****************************************************************************/
  38:source\rte/rte.c **** /* Local variable definitions ('static')                                     */
  39:source\rte/rte.c **** /*****************************************************************************/
  40:source\rte/rte.c **** 
  41:source\rte/rte.c **** 
  42:source\rte/rte.c **** 
  43:source\rte/rte.c **** /*****************************************************************************/
  44:source\rte/rte.c **** /* Local function prototypes ('static')                                      */
  45:source\rte/rte.c **** /*****************************************************************************/
  46:source\rte/rte.c **** 
  47:source\rte/rte.c **** 
  48:source\rte/rte.c **** /*****************************************************************************/
  49:source\rte/rte.c **** /* Function implementation - global ('extern') and local ('static')          */
  50:source\rte/rte.c **** /*****************************************************************************/
  51:source\rte/rte.c **** 
  52:source\rte/rte.c **** /**
  53:source\rte/rte.c ****  * Will call all cyclic runnables when due
  54:source\rte/rte.c ****  * \param RTE_cyclicTable_t const *const table : [IN] table to be processed
  55:source\rte/rte.c ****  * \param uint16_t tableSize : [IN] table size
  56:source\rte/rte.c ****  * \param uint32_t* time : [IN] ticktime elapsed since start in ms
  57:source\rte/rte.c ****  * \return RC_SUCCESS if all ok, error code otherwise
  58:source\rte/rte.c ****  */
  59:source\rte/rte.c **** RC_t RTE_ProcessCyclicTable(RTE_cyclicTable_t const *const table, uint16_t tableSize, uint32_t time
  60:source\rte/rte.c **** {
  28              		.loc 1 60 0
  29              		.cfi_startproc
  30              		@ args = 0, pretend = 0, frame = 0
  31              		@ frame_needed = 0, uses_anonymous_args = 0
  32              	.LVL0:
  33 0000 F8B5     		push	{r3, r4, r5, r6, r7, lr}
  34              		.cfi_def_cfa_offset 24
  35              		.cfi_offset 3, -24
  36              		.cfi_offset 4, -20
  37              		.cfi_offset 5, -16
  38              		.cfi_offset 6, -12
  39              		.cfi_offset 7, -8
  40              		.cfi_offset 14, -4
  41 0002 0646     		mov	r6, r0
  42 0004 0F46     		mov	r7, r1
  43 0006 1546     		mov	r5, r2
  44              	.LVL1:
  45              	.LBB2:
  61:source\rte/rte.c **** 	RC_t rc = RC_SUCCESS;
  62:source\rte/rte.c ****     
  63:source\rte/rte.c ****     for (uint16_t i = 0; i < tableSize; i++)
  46              		.loc 1 63 0
  47 0008 0024     		movs	r4, #0
  48 000a 0DE0     		b	.L2
  49              	.LVL2:
  50              	.L4:
  64:source\rte/rte.c ****     {
ARM GAS  C:\Users\zakis\AppData\Local\Temp\ccLRojdb.s 			page 3


  65:source\rte/rte.c ****         if (0 == (time % table[i].cycleTime))
  51              		.loc 1 65 0
  52 000c 06EBC403 		add	r3, r6, r4, lsl #3
  53 0010 9A88     		ldrh	r2, [r3, #4]
  54 0012 B5FBF2F3 		udiv	r3, r5, r2
  55 0016 02FB1353 		mls	r3, r2, r3, r5
  56 001a 1BB9     		cbnz	r3, .L3
  66:source\rte/rte.c ****         {
  67:source\rte/rte.c **** 			//No event information in this case
  68:source\rte/rte.c ****             table[i].run(0);
  57              		.loc 1 68 0
  58 001c 56F83430 		ldr	r3, [r6, r4, lsl #3]
  59 0020 0020     		movs	r0, #0
  60 0022 9847     		blx	r3
  61              	.LVL3:
  62              	.L3:
  63:source\rte/rte.c ****     {
  63              		.loc 1 63 0 discriminator 2
  64 0024 0134     		adds	r4, r4, #1
  65              	.LVL4:
  66 0026 A4B2     		uxth	r4, r4
  67              	.LVL5:
  68              	.L2:
  63:source\rte/rte.c ****     {
  69              		.loc 1 63 0 is_stmt 0 discriminator 1
  70 0028 BC42     		cmp	r4, r7
  71 002a EFD3     		bcc	.L4
  72              	.LBE2:
  69:source\rte/rte.c ****         }
  70:source\rte/rte.c ****     }
  71:source\rte/rte.c **** 	
  72:source\rte/rte.c **** 	return rc;
  73:source\rte/rte.c ****     
  74:source\rte/rte.c **** }
  73              		.loc 1 74 0 is_stmt 1
  74 002c 0020     		movs	r0, #0
  75 002e F8BD     		pop	{r3, r4, r5, r6, r7, pc}
  76              		.cfi_endproc
  77              	.LFE110:
  78              		.size	RTE_ProcessCyclicTable, .-RTE_ProcessCyclicTable
  79              		.section	.text.RTE_ProcessEventTable,"ax",%progbits
  80              		.align	2
  81              		.global	RTE_ProcessEventTable
  82              		.thumb
  83              		.thumb_func
  84              		.type	RTE_ProcessEventTable, %function
  85              	RTE_ProcessEventTable:
  86              	.LFB111:
  75:source\rte/rte.c ****     
  76:source\rte/rte.c **** /**
  77:source\rte/rte.c ****  * Will call all event runnables when due
  78:source\rte/rte.c ****  * \param RTE_eventTable_t const *const table : [IN] table to be processed
  79:source\rte/rte.c ****  * \param uint16_t tableSize : [IN] table size
  80:source\rte/rte.c ****  * \param EventMaskType ev : [IN] event mask to be processed
  81:source\rte/rte.c ****  * \return RC_SUCCESS if all ok, error code otherwise
  82:source\rte/rte.c ****  */
  83:source\rte/rte.c **** RC_t RTE_ProcessEventTable(RTE_eventTable_t const *const table, uint16_t tableSize, EventMaskType e
ARM GAS  C:\Users\zakis\AppData\Local\Temp\ccLRojdb.s 			page 4


  84:source\rte/rte.c **** {
  87              		.loc 1 84 0
  88              		.cfi_startproc
  89              		@ args = 0, pretend = 0, frame = 0
  90              		@ frame_needed = 0, uses_anonymous_args = 0
  91              	.LVL6:
  92 0000 F8B5     		push	{r3, r4, r5, r6, r7, lr}
  93              		.cfi_def_cfa_offset 24
  94              		.cfi_offset 3, -24
  95              		.cfi_offset 4, -20
  96              		.cfi_offset 5, -16
  97              		.cfi_offset 6, -12
  98              		.cfi_offset 7, -8
  99              		.cfi_offset 14, -4
 100 0002 0546     		mov	r5, r0
 101 0004 0E46     		mov	r6, r1
 102 0006 1746     		mov	r7, r2
 103              	.LVL7:
 104              	.LBB3:
  85:source\rte/rte.c ****     RC_t rc = RC_SUCCESS;
  86:source\rte/rte.c **** 	
  87:source\rte/rte.c ****     for (uint16_t i = 0; i < tableSize; i++)
 105              		.loc 1 87 0
 106 0008 0024     		movs	r4, #0
 107 000a 09E0     		b	.L7
 108              	.LVL8:
 109              	.L9:
  88:source\rte/rte.c ****     {
  89:source\rte/rte.c ****         if (ev & table[i].event)
 110              		.loc 1 89 0
 111 000c 05EBC403 		add	r3, r5, r4, lsl #3
 112 0010 5868     		ldr	r0, [r3, #4]
 113 0012 3842     		tst	r0, r7
 114 0014 02D0     		beq	.L8
  90:source\rte/rte.c ****         {
  91:source\rte/rte.c **** 			//Fire activating event
  92:source\rte/rte.c ****             table[i].run(table[i].event);
 115              		.loc 1 92 0
 116 0016 55F83430 		ldr	r3, [r5, r4, lsl #3]
 117 001a 9847     		blx	r3
 118              	.LVL9:
 119              	.L8:
  87:source\rte/rte.c ****     {
 120              		.loc 1 87 0 discriminator 2
 121 001c 0134     		adds	r4, r4, #1
 122              	.LVL10:
 123 001e A4B2     		uxth	r4, r4
 124              	.LVL11:
 125              	.L7:
  87:source\rte/rte.c ****     {
 126              		.loc 1 87 0 is_stmt 0 discriminator 1
 127 0020 B442     		cmp	r4, r6
 128 0022 F3D3     		bcc	.L9
 129              	.LBE3:
  93:source\rte/rte.c ****         }
  94:source\rte/rte.c ****     }
  95:source\rte/rte.c **** 	
ARM GAS  C:\Users\zakis\AppData\Local\Temp\ccLRojdb.s 			page 5


  96:source\rte/rte.c **** 	return rc;
  97:source\rte/rte.c ****     
  98:source\rte/rte.c **** }...
 130              		.loc 1 98 0 is_stmt 1
 131 0024 0020     		movs	r0, #0
 132 0026 F8BD     		pop	{r3, r4, r5, r6, r7, pc}
 133              		.cfi_endproc
 134              	.LFE111:
 135              		.size	RTE_ProcessEventTable, .-RTE_ProcessEventTable
 136              		.text
 137              	.Letext0:
 138              		.file 2 ".\\source\\bsw/global.h"
 139              		.file 3 "c:\\program files (x86)\\cypress\\psoc creator\\4.4\\psoc creator\\import\\gnu\\arm\\5.4.
 140              		.file 4 "c:\\program files (x86)\\cypress\\psoc creator\\4.4\\psoc creator\\import\\gnu\\arm\\5.4.
 141              		.file 5 "Generated_Source\\PSoC5/ErikaOS_common_ee_types.inc"
 142              		.file 6 "Generated_Source\\PSoC5/ErikaOS_cortex_mx_ee_cpu.inc"
 143              		.file 7 "Generated_Source\\PSoC5/ErikaOS_ee_oo_common.inc"
 144              		.file 8 "source\\rte\\rte_types.h"
 145              		.file 9 "source\\rte\\rte.h"
 146              		.file 10 "Generated_Source\\PSoC5/ErikaOS_ee_oo_intfunc.inc"
 147              		.file 11 "Generated_Source\\PSoC5/ErikaOS_cortex_mx_ee_context.inc"
 148              		.file 12 "Generated_Source\\PSoC5/ErikaOS_common_ee_primitives.inc"
 149              		.file 13 "Generated_Source\\PSoC5/core_cm3.h"
 150              		.section	.debug_info,"",%progbits
 151              	.Ldebug_info0:
 152 0000 71030000 		.4byte	0x371
 153 0004 0400     		.2byte	0x4
 154 0006 00000000 		.4byte	.Ldebug_abbrev0
 155 000a 04       		.byte	0x4
 156 000b 01       		.uleb128 0x1
 157 000c F8020000 		.4byte	.LASF68
 158 0010 0C       		.byte	0xc
 159 0011 4C040000 		.4byte	.LASF69
 160 0015 DF010000 		.4byte	.LASF70
 161 0019 00000000 		.4byte	.Ldebug_ranges0+0
 162 001d 00000000 		.4byte	0
 163 0021 00000000 		.4byte	.Ldebug_line0
 164 0025 02       		.uleb128 0x2
 165 0026 01       		.byte	0x1
 166 0027 06       		.byte	0x6
 167 0028 49020000 		.4byte	.LASF0
 168 002c 02       		.uleb128 0x2
 169 002d 01       		.byte	0x1
 170 002e 08       		.byte	0x8
 171 002f 31020000 		.4byte	.LASF1
 172 0033 02       		.uleb128 0x2
 173 0034 02       		.byte	0x2
 174 0035 05       		.byte	0x5
 175 0036 40000000 		.4byte	.LASF2
 176 003a 03       		.uleb128 0x3
 177 003b A1020000 		.4byte	.LASF5
 178 003f 02       		.byte	0x2
 179 0040 93       		.byte	0x93
 180 0041 45000000 		.4byte	0x45
 181 0045 02       		.uleb128 0x2
 182 0046 02       		.byte	0x2
 183 0047 07       		.byte	0x7
ARM GAS  C:\Users\zakis\AppData\Local\Temp\ccLRojdb.s 			page 6


 184 0048 D3020000 		.4byte	.LASF3
 185 004c 02       		.uleb128 0x2
 186 004d 04       		.byte	0x4
 187 004e 05       		.byte	0x5
 188 004f 87010000 		.4byte	.LASF4
 189 0053 03       		.uleb128 0x3
 190 0054 7D020000 		.4byte	.LASF6
 191 0058 02       		.byte	0x2
 192 0059 96       		.byte	0x96
 193 005a 5E000000 		.4byte	0x5e
 194 005e 02       		.uleb128 0x2
 195 005f 04       		.byte	0x4
 196 0060 07       		.byte	0x7
 197 0061 E4030000 		.4byte	.LASF7
 198 0065 02       		.uleb128 0x2
 199 0066 04       		.byte	0x4
 200 0067 04       		.byte	0x4
 201 0068 1D010000 		.4byte	.LASF8
 202 006c 02       		.uleb128 0x2
 203 006d 08       		.byte	0x8
 204 006e 04       		.byte	0x4
 205 006f F6030000 		.4byte	.LASF9
 206 0073 02       		.uleb128 0x2
 207 0074 08       		.byte	0x8
 208 0075 05       		.byte	0x5
 209 0076 3C010000 		.4byte	.LASF10
 210 007a 02       		.uleb128 0x2
 211 007b 08       		.byte	0x8
 212 007c 07       		.byte	0x7
 213 007d 55020000 		.4byte	.LASF11
 214 0081 02       		.uleb128 0x2
 215 0082 01       		.byte	0x1
 216 0083 08       		.byte	0x8
 217 0084 86030000 		.4byte	.LASF12
 218 0088 04       		.uleb128 0x4
 219 0089 01       		.byte	0x1
 220 008a 25000000 		.4byte	0x25
 221 008e 02       		.byte	0x2
 222 008f CF       		.byte	0xcf
 223 0090 31010000 		.4byte	0x131
 224 0094 05       		.uleb128 0x5
 225 0095 21000000 		.4byte	.LASF13
 226 0099 00       		.byte	0
 227 009a 06       		.uleb128 0x6
 228 009b 8A040000 		.4byte	.LASF14
 229 009f 7F       		.sleb128 -1
 230 00a0 06       		.uleb128 0x6
 231 00a1 AA020000 		.4byte	.LASF15
 232 00a5 7E       		.sleb128 -2
 233 00a6 06       		.uleb128 0x6
 234 00a7 79000000 		.4byte	.LASF16
 235 00ab 7D       		.sleb128 -3
 236 00ac 06       		.uleb128 0x6
 237 00ad 93040000 		.4byte	.LASF17
 238 00b1 7C       		.sleb128 -4
 239 00b2 06       		.uleb128 0x6
 240 00b3 0E010000 		.4byte	.LASF18
ARM GAS  C:\Users\zakis\AppData\Local\Temp\ccLRojdb.s 			page 7


 241 00b7 7B       		.sleb128 -5
 242 00b8 06       		.uleb128 0x6
 243 00b9 4A000000 		.4byte	.LASF19
 244 00bd 7A       		.sleb128 -6
 245 00be 06       		.uleb128 0x6
 246 00bf 90010000 		.4byte	.LASF20
 247 00c3 79       		.sleb128 -7
 248 00c4 06       		.uleb128 0x6
 249 00c5 8B030000 		.4byte	.LASF21
 250 00c9 78       		.sleb128 -8
 251 00ca 06       		.uleb128 0x6
 252 00cb B8020000 		.4byte	.LASF22
 253 00cf 77       		.sleb128 -9
 254 00d0 06       		.uleb128 0x6
 255 00d1 A2010000 		.4byte	.LASF23
 256 00d5 76       		.sleb128 -10
 257 00d6 06       		.uleb128 0x6
 258 00d7 C0040000 		.4byte	.LASF24
 259 00db 75       		.sleb128 -11
 260 00dc 06       		.uleb128 0x6
 261 00dd 93020000 		.4byte	.LASF25
 262 00e1 74       		.sleb128 -12
 263 00e2 06       		.uleb128 0x6
 264 00e3 FD030000 		.4byte	.LASF26
 265 00e7 73       		.sleb128 -13
 266 00e8 06       		.uleb128 0x6
 267 00e9 0E000000 		.4byte	.LASF27
 268 00ed 72       		.sleb128 -14
 269 00ee 06       		.uleb128 0x6
 270 00ef 2C000000 		.4byte	.LASF28
 271 00f3 71       		.sleb128 -15
 272 00f4 06       		.uleb128 0x6
 273 00f5 B0010000 		.4byte	.LASF29
 274 00f9 70       		.sleb128 -16
 275 00fa 06       		.uleb128 0x6
 276 00fb 8F000000 		.4byte	.LASF30
 277 00ff 6F       		.sleb128 -17
 278 0100 06       		.uleb128 0x6
 279 0101 5B000000 		.4byte	.LASF31
 280 0105 6E       		.sleb128 -18
 281 0106 06       		.uleb128 0x6
 282 0107 63010000 		.4byte	.LASF32
 283 010b 6D       		.sleb128 -19
 284 010c 06       		.uleb128 0x6
 285 010d BE030000 		.4byte	.LASF33
 286 0111 6C       		.sleb128 -20
 287 0112 06       		.uleb128 0x6
 288 0113 C1010000 		.4byte	.LASF34
 289 0117 6B       		.sleb128 -21
 290 0118 06       		.uleb128 0x6
 291 0119 5D040000 		.4byte	.LASF35
 292 011d 6A       		.sleb128 -22
 293 011e 06       		.uleb128 0x6
 294 011f B0000000 		.4byte	.LASF36
 295 0123 69       		.sleb128 -23
 296 0124 06       		.uleb128 0x6
 297 0125 76010000 		.4byte	.LASF37
ARM GAS  C:\Users\zakis\AppData\Local\Temp\ccLRojdb.s 			page 8


 298 0129 68       		.sleb128 -24
 299 012a 06       		.uleb128 0x6
 300 012b 23010000 		.4byte	.LASF38
 301 012f 67       		.sleb128 -25
 302 0130 00       		.byte	0
 303 0131 03       		.uleb128 0x3
 304 0132 BB040000 		.4byte	.LASF39
 305 0136 02       		.byte	0x2
 306 0137 EA       		.byte	0xea
 307 0138 88000000 		.4byte	0x88
 308 013c 03       		.uleb128 0x3
 309 013d 38040000 		.4byte	.LASF40
 310 0141 03       		.byte	0x3
 311 0142 3F       		.byte	0x3f
 312 0143 4C000000 		.4byte	0x4c
 313 0147 07       		.uleb128 0x7
 314 0148 04       		.byte	0x4
 315 0149 05       		.byte	0x5
 316 014a 696E7400 		.ascii	"int\000"
 317 014e 02       		.uleb128 0x2
 318 014f 04       		.byte	0x4
 319 0150 07       		.byte	0x7
 320 0151 86020000 		.4byte	.LASF41
 321 0155 03       		.uleb128 0x3
 322 0156 A0030000 		.4byte	.LASF42
 323 015a 04       		.byte	0x4
 324 015b 2C       		.byte	0x2c
 325 015c 3C010000 		.4byte	0x13c
 326 0160 02       		.uleb128 0x2
 327 0161 08       		.byte	0x8
 328 0162 04       		.byte	0x4
 329 0163 D3010000 		.4byte	.LASF43
 330 0167 03       		.uleb128 0x3
 331 0168 E2000000 		.4byte	.LASF44
 332 016c 05       		.byte	0x5
 333 016d 53       		.byte	0x53
 334 016e 47010000 		.4byte	0x147
 335 0172 03       		.uleb128 0x3
 336 0173 3F020000 		.4byte	.LASF45
 337 0177 05       		.byte	0x5
 338 0178 54       		.byte	0x54
 339 0179 4E010000 		.4byte	0x14e
 340 017d 03       		.uleb128 0x3
 341 017e 0F040000 		.4byte	.LASF46
 342 0182 06       		.byte	0x6
 343 0183 4D       		.byte	0x4d
 344 0184 72010000 		.4byte	0x172
 345 0188 03       		.uleb128 0x3
 346 0189 87000000 		.4byte	.LASF47
 347 018d 06       		.byte	0x6
 348 018e 4F       		.byte	0x4f
 349 018f 72010000 		.4byte	0x172
 350 0193 03       		.uleb128 0x3
 351 0194 A9000000 		.4byte	.LASF48
 352 0198 06       		.byte	0x6
 353 0199 78       		.byte	0x78
 354 019a 67010000 		.4byte	0x167
ARM GAS  C:\Users\zakis\AppData\Local\Temp\ccLRojdb.s 			page 9


 355 019e 08       		.uleb128 0x8
 356 019f 00000000 		.4byte	.LASF49
 357 01a3 07       		.byte	0x7
 358 01a4 2C02     		.2byte	0x22c
 359 01a6 7D010000 		.4byte	0x17d
 360 01aa 02       		.uleb128 0x2
 361 01ab 04       		.byte	0x4
 362 01ac 07       		.byte	0x7
 363 01ad 70000000 		.4byte	.LASF50
 364 01b1 03       		.uleb128 0x3
 365 01b2 42040000 		.4byte	.LASF51
 366 01b6 08       		.byte	0x8
 367 01b7 21       		.byte	0x21
 368 01b8 9E010000 		.4byte	0x19e
 369 01bc 03       		.uleb128 0x3
 370 01bd 6F040000 		.4byte	.LASF52
 371 01c1 09       		.byte	0x9
 372 01c2 66       		.byte	0x66
 373 01c3 C7010000 		.4byte	0x1c7
 374 01c7 09       		.uleb128 0x9
 375 01c8 04       		.byte	0x4
 376 01c9 CD010000 		.4byte	0x1cd
 377 01cd 0A       		.uleb128 0xa
 378 01ce D8010000 		.4byte	0x1d8
 379 01d2 0B       		.uleb128 0xb
 380 01d3 B1010000 		.4byte	0x1b1
 381 01d7 00       		.byte	0
 382 01d8 0C       		.uleb128 0xc
 383 01d9 08       		.byte	0x8
 384 01da 09       		.byte	0x9
 385 01db 6B       		.byte	0x6b
 386 01dc F9010000 		.4byte	0x1f9
 387 01e0 0D       		.uleb128 0xd
 388 01e1 72756E00 		.ascii	"run\000"
 389 01e5 09       		.byte	0x9
 390 01e6 6D       		.byte	0x6d
 391 01e7 BC010000 		.4byte	0x1bc
 392 01eb 00       		.byte	0
 393 01ec 0E       		.uleb128 0xe
 394 01ed EB000000 		.4byte	.LASF53
 395 01f1 09       		.byte	0x9
 396 01f2 6E       		.byte	0x6e
 397 01f3 3A000000 		.4byte	0x3a
 398 01f7 04       		.byte	0x4
 399 01f8 00       		.byte	0
 400 01f9 03       		.uleb128 0x3
 401 01fa E6020000 		.4byte	.LASF54
 402 01fe 09       		.byte	0x9
 403 01ff 6F       		.byte	0x6f
 404 0200 D8010000 		.4byte	0x1d8
 405 0204 0C       		.uleb128 0xc
 406 0205 08       		.byte	0x8
 407 0206 09       		.byte	0x9
 408 0207 74       		.byte	0x74
 409 0208 25020000 		.4byte	0x225
 410 020c 0D       		.uleb128 0xd
 411 020d 72756E00 		.ascii	"run\000"
ARM GAS  C:\Users\zakis\AppData\Local\Temp\ccLRojdb.s 			page 10


 412 0211 09       		.byte	0x9
 413 0212 76       		.byte	0x76
 414 0213 BC010000 		.4byte	0x1bc
 415 0217 00       		.byte	0
 416 0218 0E       		.uleb128 0xe
 417 0219 A3000000 		.4byte	.LASF55
 418 021d 09       		.byte	0x9
 419 021e 77       		.byte	0x77
 420 021f 9E010000 		.4byte	0x19e
 421 0223 04       		.byte	0x4
 422 0224 00       		.byte	0
 423 0225 03       		.uleb128 0x3
 424 0226 6C020000 		.4byte	.LASF56
 425 022a 09       		.byte	0x9
 426 022b 78       		.byte	0x78
 427 022c 04020000 		.4byte	0x204
 428 0230 0F       		.uleb128 0xf
 429 0231 21040000 		.4byte	.LASF60
 430 0235 01       		.byte	0x1
 431 0236 3B       		.byte	0x3b
 432 0237 31010000 		.4byte	0x131
 433 023b 00000000 		.4byte	.LFB110
 434 023f 30000000 		.4byte	.LFE110-.LFB110
 435 0243 01       		.uleb128 0x1
 436 0244 9C       		.byte	0x9c
 437 0245 A4020000 		.4byte	0x2a4
 438 0249 10       		.uleb128 0x10
 439 024a C7000000 		.4byte	.LASF57
 440 024e 01       		.byte	0x1
 441 024f 3B       		.byte	0x3b
 442 0250 AF020000 		.4byte	0x2af
 443 0254 00000000 		.4byte	.LLST0
 444 0258 10       		.uleb128 0x10
 445 0259 17040000 		.4byte	.LASF58
 446 025d 01       		.byte	0x1
 447 025e 3B       		.byte	0x3b
 448 025f 3A000000 		.4byte	0x3a
 449 0263 1E000000 		.4byte	.LLST1
 450 0267 10       		.uleb128 0x10
 451 0268 CE020000 		.4byte	.LASF59
 452 026c 01       		.byte	0x1
 453 026d 3B       		.byte	0x3b
 454 026e 53000000 		.4byte	0x53
 455 0272 3F000000 		.4byte	.LLST2
 456 0276 11       		.uleb128 0x11
 457 0277 726300   		.ascii	"rc\000"
 458 027a 01       		.byte	0x1
 459 027b 3D       		.byte	0x3d
 460 027c 31010000 		.4byte	0x131
 461 0280 00       		.byte	0
 462 0281 12       		.uleb128 0x12
 463 0282 08000000 		.4byte	.LBB2
 464 0286 24000000 		.4byte	.LBE2-.LBB2
 465 028a 13       		.uleb128 0x13
 466 028b 6900     		.ascii	"i\000"
 467 028d 01       		.byte	0x1
 468 028e 3F       		.byte	0x3f
ARM GAS  C:\Users\zakis\AppData\Local\Temp\ccLRojdb.s 			page 11


 469 028f 3A000000 		.4byte	0x3a
 470 0293 5D000000 		.4byte	.LLST3
 471 0297 14       		.uleb128 0x14
 472 0298 24000000 		.4byte	.LVL3
 473 029c 15       		.uleb128 0x15
 474 029d 01       		.uleb128 0x1
 475 029e 50       		.byte	0x50
 476 029f 01       		.uleb128 0x1
 477 02a0 30       		.byte	0x30
 478 02a1 00       		.byte	0
 479 02a2 00       		.byte	0
 480 02a3 00       		.byte	0
 481 02a4 09       		.uleb128 0x9
 482 02a5 04       		.byte	0x4
 483 02a6 AA020000 		.4byte	0x2aa
 484 02aa 16       		.uleb128 0x16
 485 02ab F9010000 		.4byte	0x1f9
 486 02af 16       		.uleb128 0x16
 487 02b0 A4020000 		.4byte	0x2a4
 488 02b4 17       		.uleb128 0x17
 489 02b5 A8030000 		.4byte	.LASF61
 490 02b9 01       		.byte	0x1
 491 02ba 53       		.byte	0x53
 492 02bb 31010000 		.4byte	0x131
 493 02bf 00000000 		.4byte	.LFB111
 494 02c3 28000000 		.4byte	.LFE111-.LFB111
 495 02c7 01       		.uleb128 0x1
 496 02c8 9C       		.byte	0x9c
 497 02c9 1C030000 		.4byte	0x31c
 498 02cd 10       		.uleb128 0x10
 499 02ce C7000000 		.4byte	.LASF57
 500 02d2 01       		.byte	0x1
 501 02d3 53       		.byte	0x53
 502 02d4 27030000 		.4byte	0x327
 503 02d8 87000000 		.4byte	.LLST4
 504 02dc 10       		.uleb128 0x10
 505 02dd 17040000 		.4byte	.LASF58
 506 02e1 01       		.byte	0x1
 507 02e2 53       		.byte	0x53
 508 02e3 3A000000 		.4byte	0x3a
 509 02e7 A5000000 		.4byte	.LLST5
 510 02eb 18       		.uleb128 0x18
 511 02ec 657600   		.ascii	"ev\000"
 512 02ef 01       		.byte	0x1
 513 02f0 53       		.byte	0x53
 514 02f1 9E010000 		.4byte	0x19e
 515 02f5 C6000000 		.4byte	.LLST6
 516 02f9 11       		.uleb128 0x11
 517 02fa 726300   		.ascii	"rc\000"
 518 02fd 01       		.byte	0x1
 519 02fe 55       		.byte	0x55
 520 02ff 31010000 		.4byte	0x131
 521 0303 00       		.byte	0
 522 0304 12       		.uleb128 0x12
 523 0305 08000000 		.4byte	.LBB3
 524 0309 1C000000 		.4byte	.LBE3-.LBB3
 525 030d 13       		.uleb128 0x13
ARM GAS  C:\Users\zakis\AppData\Local\Temp\ccLRojdb.s 			page 12


 526 030e 6900     		.ascii	"i\000"
 527 0310 01       		.byte	0x1
 528 0311 57       		.byte	0x57
 529 0312 3A000000 		.4byte	0x3a
 530 0316 E4000000 		.4byte	.LLST7
 531 031a 00       		.byte	0
 532 031b 00       		.byte	0
 533 031c 09       		.uleb128 0x9
 534 031d 04       		.byte	0x4
 535 031e 22030000 		.4byte	0x322
 536 0322 16       		.uleb128 0x16
 537 0323 25020000 		.4byte	0x225
 538 0327 16       		.uleb128 0x16
 539 0328 1C030000 		.4byte	0x31c
 540 032c 19       		.uleb128 0x19
 541 032d A3040000 		.4byte	.LASF62
 542 0331 0A       		.byte	0xa
 543 0332 40       		.byte	0x40
 544 0333 7D010000 		.4byte	0x17d
 545 0337 19       		.uleb128 0x19
 546 0338 4A010000 		.4byte	.LASF63
 547 033c 0A       		.byte	0xa
 548 033d 47       		.byte	0x47
 549 033e 88010000 		.4byte	0x188
 550 0342 19       		.uleb128 0x19
 551 0343 D1030000 		.4byte	.LASF64
 552 0347 0A       		.byte	0xa
 553 0348 4A       		.byte	0x4a
 554 0349 7D010000 		.4byte	0x17d
 555 034d 19       		.uleb128 0x19
 556 034e F5000000 		.4byte	.LASF65
 557 0352 0B       		.byte	0xb
 558 0353 48       		.byte	0x48
 559 0354 93010000 		.4byte	0x193
 560 0358 19       		.uleb128 0x19
 561 0359 CD000000 		.4byte	.LASF66
 562 035d 0C       		.byte	0xc
 563 035e 44       		.byte	0x44
 564 035f 7D010000 		.4byte	0x17d
 565 0363 1A       		.uleb128 0x1a
 566 0364 7D040000 		.4byte	.LASF67
 567 0368 0D       		.byte	0xd
 568 0369 1207     		.2byte	0x712
 569 036b 6F030000 		.4byte	0x36f
 570 036f 1B       		.uleb128 0x1b
 571 0370 55010000 		.4byte	0x155
 572 0374 00       		.byte	0
 573              		.section	.debug_abbrev,"",%progbits
 574              	.Ldebug_abbrev0:
 575 0000 01       		.uleb128 0x1
 576 0001 11       		.uleb128 0x11
 577 0002 01       		.byte	0x1
 578 0003 25       		.uleb128 0x25
 579 0004 0E       		.uleb128 0xe
 580 0005 13       		.uleb128 0x13
 581 0006 0B       		.uleb128 0xb
 582 0007 03       		.uleb128 0x3
ARM GAS  C:\Users\zakis\AppData\Local\Temp\ccLRojdb.s 			page 13


 583 0008 0E       		.uleb128 0xe
 584 0009 1B       		.uleb128 0x1b
 585 000a 0E       		.uleb128 0xe
 586 000b 55       		.uleb128 0x55
 587 000c 17       		.uleb128 0x17
 588 000d 11       		.uleb128 0x11
 589 000e 01       		.uleb128 0x1
 590 000f 10       		.uleb128 0x10
 591 0010 17       		.uleb128 0x17
 592 0011 00       		.byte	0
 593 0012 00       		.byte	0
 594 0013 02       		.uleb128 0x2
 595 0014 24       		.uleb128 0x24
 596 0015 00       		.byte	0
 597 0016 0B       		.uleb128 0xb
 598 0017 0B       		.uleb128 0xb
 599 0018 3E       		.uleb128 0x3e
 600 0019 0B       		.uleb128 0xb
 601 001a 03       		.uleb128 0x3
 602 001b 0E       		.uleb128 0xe
 603 001c 00       		.byte	0
 604 001d 00       		.byte	0
 605 001e 03       		.uleb128 0x3
 606 001f 16       		.uleb128 0x16
 607 0020 00       		.byte	0
 608 0021 03       		.uleb128 0x3
 609 0022 0E       		.uleb128 0xe
 610 0023 3A       		.uleb128 0x3a
 611 0024 0B       		.uleb128 0xb
 612 0025 3B       		.uleb128 0x3b
 613 0026 0B       		.uleb128 0xb
 614 0027 49       		.uleb128 0x49
 615 0028 13       		.uleb128 0x13
 616 0029 00       		.byte	0
 617 002a 00       		.byte	0
 618 002b 04       		.uleb128 0x4
 619 002c 04       		.uleb128 0x4
 620 002d 01       		.byte	0x1
 621 002e 0B       		.uleb128 0xb
 622 002f 0B       		.uleb128 0xb
 623 0030 49       		.uleb128 0x49
 624 0031 13       		.uleb128 0x13
 625 0032 3A       		.uleb128 0x3a
 626 0033 0B       		.uleb128 0xb
 627 0034 3B       		.uleb128 0x3b
 628 0035 0B       		.uleb128 0xb
 629 0036 01       		.uleb128 0x1
 630 0037 13       		.uleb128 0x13
 631 0038 00       		.byte	0
 632 0039 00       		.byte	0
 633 003a 05       		.uleb128 0x5
 634 003b 28       		.uleb128 0x28
 635 003c 00       		.byte	0
 636 003d 03       		.uleb128 0x3
 637 003e 0E       		.uleb128 0xe
 638 003f 1C       		.uleb128 0x1c
 639 0040 0B       		.uleb128 0xb
ARM GAS  C:\Users\zakis\AppData\Local\Temp\ccLRojdb.s 			page 14


 640 0041 00       		.byte	0
 641 0042 00       		.byte	0
 642 0043 06       		.uleb128 0x6
 643 0044 28       		.uleb128 0x28
 644 0045 00       		.byte	0
 645 0046 03       		.uleb128 0x3
 646 0047 0E       		.uleb128 0xe
 647 0048 1C       		.uleb128 0x1c
 648 0049 0D       		.uleb128 0xd
 649 004a 00       		.byte	0
 650 004b 00       		.byte	0
 651 004c 07       		.uleb128 0x7
 652 004d 24       		.uleb128 0x24
 653 004e 00       		.byte	0
 654 004f 0B       		.uleb128 0xb
 655 0050 0B       		.uleb128 0xb
 656 0051 3E       		.uleb128 0x3e
 657 0052 0B       		.uleb128 0xb
 658 0053 03       		.uleb128 0x3
 659 0054 08       		.uleb128 0x8
 660 0055 00       		.byte	0
 661 0056 00       		.byte	0
 662 0057 08       		.uleb128 0x8
 663 0058 16       		.uleb128 0x16
 664 0059 00       		.byte	0
 665 005a 03       		.uleb128 0x3
 666 005b 0E       		.uleb128 0xe
 667 005c 3A       		.uleb128 0x3a
 668 005d 0B       		.uleb128 0xb
 669 005e 3B       		.uleb128 0x3b
 670 005f 05       		.uleb128 0x5
 671 0060 49       		.uleb128 0x49
 672 0061 13       		.uleb128 0x13
 673 0062 00       		.byte	0
 674 0063 00       		.byte	0
 675 0064 09       		.uleb128 0x9
 676 0065 0F       		.uleb128 0xf
 677 0066 00       		.byte	0
 678 0067 0B       		.uleb128 0xb
 679 0068 0B       		.uleb128 0xb
 680 0069 49       		.uleb128 0x49
 681 006a 13       		.uleb128 0x13
 682 006b 00       		.byte	0
 683 006c 00       		.byte	0
 684 006d 0A       		.uleb128 0xa
 685 006e 15       		.uleb128 0x15
 686 006f 01       		.byte	0x1
 687 0070 27       		.uleb128 0x27
 688 0071 19       		.uleb128 0x19
 689 0072 01       		.uleb128 0x1
 690 0073 13       		.uleb128 0x13
 691 0074 00       		.byte	0
 692 0075 00       		.byte	0
 693 0076 0B       		.uleb128 0xb
 694 0077 05       		.uleb128 0x5
 695 0078 00       		.byte	0
 696 0079 49       		.uleb128 0x49
ARM GAS  C:\Users\zakis\AppData\Local\Temp\ccLRojdb.s 			page 15


 697 007a 13       		.uleb128 0x13
 698 007b 00       		.byte	0
 699 007c 00       		.byte	0
 700 007d 0C       		.uleb128 0xc
 701 007e 13       		.uleb128 0x13
 702 007f 01       		.byte	0x1
 703 0080 0B       		.uleb128 0xb
 704 0081 0B       		.uleb128 0xb
 705 0082 3A       		.uleb128 0x3a
 706 0083 0B       		.uleb128 0xb
 707 0084 3B       		.uleb128 0x3b
 708 0085 0B       		.uleb128 0xb
 709 0086 01       		.uleb128 0x1
 710 0087 13       		.uleb128 0x13
 711 0088 00       		.byte	0
 712 0089 00       		.byte	0
 713 008a 0D       		.uleb128 0xd
 714 008b 0D       		.uleb128 0xd
 715 008c 00       		.byte	0
 716 008d 03       		.uleb128 0x3
 717 008e 08       		.uleb128 0x8
 718 008f 3A       		.uleb128 0x3a
 719 0090 0B       		.uleb128 0xb
 720 0091 3B       		.uleb128 0x3b
 721 0092 0B       		.uleb128 0xb
 722 0093 49       		.uleb128 0x49
 723 0094 13       		.uleb128 0x13
 724 0095 38       		.uleb128 0x38
 725 0096 0B       		.uleb128 0xb
 726 0097 00       		.byte	0
 727 0098 00       		.byte	0
 728 0099 0E       		.uleb128 0xe
 729 009a 0D       		.uleb128 0xd
 730 009b 00       		.byte	0
 731 009c 03       		.uleb128 0x3
 732 009d 0E       		.uleb128 0xe
 733 009e 3A       		.uleb128 0x3a
 734 009f 0B       		.uleb128 0xb
 735 00a0 3B       		.uleb128 0x3b
 736 00a1 0B       		.uleb128 0xb
 737 00a2 49       		.uleb128 0x49
 738 00a3 13       		.uleb128 0x13
 739 00a4 38       		.uleb128 0x38
 740 00a5 0B       		.uleb128 0xb
 741 00a6 00       		.byte	0
 742 00a7 00       		.byte	0
 743 00a8 0F       		.uleb128 0xf
 744 00a9 2E       		.uleb128 0x2e
 745 00aa 01       		.byte	0x1
 746 00ab 3F       		.uleb128 0x3f
 747 00ac 19       		.uleb128 0x19
 748 00ad 03       		.uleb128 0x3
 749 00ae 0E       		.uleb128 0xe
 750 00af 3A       		.uleb128 0x3a
 751 00b0 0B       		.uleb128 0xb
 752 00b1 3B       		.uleb128 0x3b
 753 00b2 0B       		.uleb128 0xb
ARM GAS  C:\Users\zakis\AppData\Local\Temp\ccLRojdb.s 			page 16


 754 00b3 27       		.uleb128 0x27
 755 00b4 19       		.uleb128 0x19
 756 00b5 49       		.uleb128 0x49
 757 00b6 13       		.uleb128 0x13
 758 00b7 11       		.uleb128 0x11
 759 00b8 01       		.uleb128 0x1
 760 00b9 12       		.uleb128 0x12
 761 00ba 06       		.uleb128 0x6
 762 00bb 40       		.uleb128 0x40
 763 00bc 18       		.uleb128 0x18
 764 00bd 9742     		.uleb128 0x2117
 765 00bf 19       		.uleb128 0x19
 766 00c0 01       		.uleb128 0x1
 767 00c1 13       		.uleb128 0x13
 768 00c2 00       		.byte	0
 769 00c3 00       		.byte	0
 770 00c4 10       		.uleb128 0x10
 771 00c5 05       		.uleb128 0x5
 772 00c6 00       		.byte	0
 773 00c7 03       		.uleb128 0x3
 774 00c8 0E       		.uleb128 0xe
 775 00c9 3A       		.uleb128 0x3a
 776 00ca 0B       		.uleb128 0xb
 777 00cb 3B       		.uleb128 0x3b
 778 00cc 0B       		.uleb128 0xb
 779 00cd 49       		.uleb128 0x49
 780 00ce 13       		.uleb128 0x13
 781 00cf 02       		.uleb128 0x2
 782 00d0 17       		.uleb128 0x17
 783 00d1 00       		.byte	0
 784 00d2 00       		.byte	0
 785 00d3 11       		.uleb128 0x11
 786 00d4 34       		.uleb128 0x34
 787 00d5 00       		.byte	0
 788 00d6 03       		.uleb128 0x3
 789 00d7 08       		.uleb128 0x8
 790 00d8 3A       		.uleb128 0x3a
 791 00d9 0B       		.uleb128 0xb
 792 00da 3B       		.uleb128 0x3b
 793 00db 0B       		.uleb128 0xb
 794 00dc 49       		.uleb128 0x49
 795 00dd 13       		.uleb128 0x13
 796 00de 1C       		.uleb128 0x1c
 797 00df 0B       		.uleb128 0xb
 798 00e0 00       		.byte	0
 799 00e1 00       		.byte	0
 800 00e2 12       		.uleb128 0x12
 801 00e3 0B       		.uleb128 0xb
 802 00e4 01       		.byte	0x1
 803 00e5 11       		.uleb128 0x11
 804 00e6 01       		.uleb128 0x1
 805 00e7 12       		.uleb128 0x12
 806 00e8 06       		.uleb128 0x6
 807 00e9 00       		.byte	0
 808 00ea 00       		.byte	0
 809 00eb 13       		.uleb128 0x13
 810 00ec 34       		.uleb128 0x34
ARM GAS  C:\Users\zakis\AppData\Local\Temp\ccLRojdb.s 			page 17


 811 00ed 00       		.byte	0
 812 00ee 03       		.uleb128 0x3
 813 00ef 08       		.uleb128 0x8
 814 00f0 3A       		.uleb128 0x3a
 815 00f1 0B       		.uleb128 0xb
 816 00f2 3B       		.uleb128 0x3b
 817 00f3 0B       		.uleb128 0xb
 818 00f4 49       		.uleb128 0x49
 819 00f5 13       		.uleb128 0x13
 820 00f6 02       		.uleb128 0x2
 821 00f7 17       		.uleb128 0x17
 822 00f8 00       		.byte	0
 823 00f9 00       		.byte	0
 824 00fa 14       		.uleb128 0x14
 825 00fb 898201   		.uleb128 0x4109
 826 00fe 01       		.byte	0x1
 827 00ff 11       		.uleb128 0x11
 828 0100 01       		.uleb128 0x1
 829 0101 00       		.byte	0
 830 0102 00       		.byte	0
 831 0103 15       		.uleb128 0x15
 832 0104 8A8201   		.uleb128 0x410a
 833 0107 00       		.byte	0
 834 0108 02       		.uleb128 0x2
 835 0109 18       		.uleb128 0x18
 836 010a 9142     		.uleb128 0x2111
 837 010c 18       		.uleb128 0x18
 838 010d 00       		.byte	0
 839 010e 00       		.byte	0
 840 010f 16       		.uleb128 0x16
 841 0110 26       		.uleb128 0x26
 842 0111 00       		.byte	0
 843 0112 49       		.uleb128 0x49
 844 0113 13       		.uleb128 0x13
 845 0114 00       		.byte	0
 846 0115 00       		.byte	0
 847 0116 17       		.uleb128 0x17
 848 0117 2E       		.uleb128 0x2e
 849 0118 01       		.byte	0x1
 850 0119 3F       		.uleb128 0x3f
 851 011a 19       		.uleb128 0x19
 852 011b 03       		.uleb128 0x3
 853 011c 0E       		.uleb128 0xe
 854 011d 3A       		.uleb128 0x3a
 855 011e 0B       		.uleb128 0xb
 856 011f 3B       		.uleb128 0x3b
 857 0120 0B       		.uleb128 0xb
 858 0121 27       		.uleb128 0x27
 859 0122 19       		.uleb128 0x19
 860 0123 49       		.uleb128 0x49
 861 0124 13       		.uleb128 0x13
 862 0125 11       		.uleb128 0x11
 863 0126 01       		.uleb128 0x1
 864 0127 12       		.uleb128 0x12
 865 0128 06       		.uleb128 0x6
 866 0129 40       		.uleb128 0x40
 867 012a 18       		.uleb128 0x18
ARM GAS  C:\Users\zakis\AppData\Local\Temp\ccLRojdb.s 			page 18


 868 012b 9642     		.uleb128 0x2116
 869 012d 19       		.uleb128 0x19
 870 012e 01       		.uleb128 0x1
 871 012f 13       		.uleb128 0x13
 872 0130 00       		.byte	0
 873 0131 00       		.byte	0
 874 0132 18       		.uleb128 0x18
 875 0133 05       		.uleb128 0x5
 876 0134 00       		.byte	0
 877 0135 03       		.uleb128 0x3
 878 0136 08       		.uleb128 0x8
 879 0137 3A       		.uleb128 0x3a
 880 0138 0B       		.uleb128 0xb
 881 0139 3B       		.uleb128 0x3b
 882 013a 0B       		.uleb128 0xb
 883 013b 49       		.uleb128 0x49
 884 013c 13       		.uleb128 0x13
 885 013d 02       		.uleb128 0x2
 886 013e 17       		.uleb128 0x17
 887 013f 00       		.byte	0
 888 0140 00       		.byte	0
 889 0141 19       		.uleb128 0x19
 890 0142 34       		.uleb128 0x34
 891 0143 00       		.byte	0
 892 0144 03       		.uleb128 0x3
 893 0145 0E       		.uleb128 0xe
 894 0146 3A       		.uleb128 0x3a
 895 0147 0B       		.uleb128 0xb
 896 0148 3B       		.uleb128 0x3b
 897 0149 0B       		.uleb128 0xb
 898 014a 49       		.uleb128 0x49
 899 014b 13       		.uleb128 0x13
 900 014c 3F       		.uleb128 0x3f
 901 014d 19       		.uleb128 0x19
 902 014e 3C       		.uleb128 0x3c
 903 014f 19       		.uleb128 0x19
 904 0150 00       		.byte	0
 905 0151 00       		.byte	0
 906 0152 1A       		.uleb128 0x1a
 907 0153 34       		.uleb128 0x34
 908 0154 00       		.byte	0
 909 0155 03       		.uleb128 0x3
 910 0156 0E       		.uleb128 0xe
 911 0157 3A       		.uleb128 0x3a
 912 0158 0B       		.uleb128 0xb
 913 0159 3B       		.uleb128 0x3b
 914 015a 05       		.uleb128 0x5
 915 015b 49       		.uleb128 0x49
 916 015c 13       		.uleb128 0x13
 917 015d 3F       		.uleb128 0x3f
 918 015e 19       		.uleb128 0x19
 919 015f 3C       		.uleb128 0x3c
 920 0160 19       		.uleb128 0x19
 921 0161 00       		.byte	0
 922 0162 00       		.byte	0
 923 0163 1B       		.uleb128 0x1b
 924 0164 35       		.uleb128 0x35
ARM GAS  C:\Users\zakis\AppData\Local\Temp\ccLRojdb.s 			page 19


 925 0165 00       		.byte	0
 926 0166 49       		.uleb128 0x49
 927 0167 13       		.uleb128 0x13
 928 0168 00       		.byte	0
 929 0169 00       		.byte	0
 930 016a 00       		.byte	0
 931              		.section	.debug_loc,"",%progbits
 932              	.Ldebug_loc0:
 933              	.LLST0:
 934 0000 00000000 		.4byte	.LVL0
 935 0004 0C000000 		.4byte	.LVL2
 936 0008 0100     		.2byte	0x1
 937 000a 50       		.byte	0x50
 938 000b 0C000000 		.4byte	.LVL2
 939 000f 30000000 		.4byte	.LFE110
 940 0013 0100     		.2byte	0x1
 941 0015 56       		.byte	0x56
 942 0016 00000000 		.4byte	0
 943 001a 00000000 		.4byte	0
 944              	.LLST1:
 945 001e 00000000 		.4byte	.LVL0
 946 0022 0C000000 		.4byte	.LVL2
 947 0026 0100     		.2byte	0x1
 948 0028 51       		.byte	0x51
 949 0029 0C000000 		.4byte	.LVL2
 950 002d 30000000 		.4byte	.LFE110
 951 0031 0400     		.2byte	0x4
 952 0033 F3       		.byte	0xf3
 953 0034 01       		.uleb128 0x1
 954 0035 51       		.byte	0x51
 955 0036 9F       		.byte	0x9f
 956 0037 00000000 		.4byte	0
 957 003b 00000000 		.4byte	0
 958              	.LLST2:
 959 003f 00000000 		.4byte	.LVL0
 960 0043 0C000000 		.4byte	.LVL2
 961 0047 0100     		.2byte	0x1
 962 0049 52       		.byte	0x52
 963 004a 0C000000 		.4byte	.LVL2
 964 004e 30000000 		.4byte	.LFE110
 965 0052 0100     		.2byte	0x1
 966 0054 55       		.byte	0x55
 967 0055 00000000 		.4byte	0
 968 0059 00000000 		.4byte	0
 969              	.LLST3:
 970 005d 08000000 		.4byte	.LVL1
 971 0061 0C000000 		.4byte	.LVL2
 972 0065 0200     		.2byte	0x2
 973 0067 30       		.byte	0x30
 974 0068 9F       		.byte	0x9f
 975 0069 0C000000 		.4byte	.LVL2
 976 006d 26000000 		.4byte	.LVL4
 977 0071 0100     		.2byte	0x1
 978 0073 54       		.byte	0x54
 979 0074 28000000 		.4byte	.LVL5
 980 0078 30000000 		.4byte	.LFE110
 981 007c 0100     		.2byte	0x1
ARM GAS  C:\Users\zakis\AppData\Local\Temp\ccLRojdb.s 			page 20


 982 007e 54       		.byte	0x54
 983 007f 00000000 		.4byte	0
 984 0083 00000000 		.4byte	0
 985              	.LLST4:
 986 0087 00000000 		.4byte	.LVL6
 987 008b 0C000000 		.4byte	.LVL8
 988 008f 0100     		.2byte	0x1
 989 0091 50       		.byte	0x50
 990 0092 0C000000 		.4byte	.LVL8
 991 0096 28000000 		.4byte	.LFE111
 992 009a 0100     		.2byte	0x1
 993 009c 55       		.byte	0x55
 994 009d 00000000 		.4byte	0
 995 00a1 00000000 		.4byte	0
 996              	.LLST5:
 997 00a5 00000000 		.4byte	.LVL6
 998 00a9 0C000000 		.4byte	.LVL8
 999 00ad 0100     		.2byte	0x1
 1000 00af 51       		.byte	0x51
 1001 00b0 0C000000 		.4byte	.LVL8
 1002 00b4 28000000 		.4byte	.LFE111
 1003 00b8 0400     		.2byte	0x4
 1004 00ba F3       		.byte	0xf3
 1005 00bb 01       		.uleb128 0x1
 1006 00bc 51       		.byte	0x51
 1007 00bd 9F       		.byte	0x9f
 1008 00be 00000000 		.4byte	0
 1009 00c2 00000000 		.4byte	0
 1010              	.LLST6:
 1011 00c6 00000000 		.4byte	.LVL6
 1012 00ca 0C000000 		.4byte	.LVL8
 1013 00ce 0100     		.2byte	0x1
 1014 00d0 52       		.byte	0x52
 1015 00d1 0C000000 		.4byte	.LVL8
 1016 00d5 28000000 		.4byte	.LFE111
 1017 00d9 0100     		.2byte	0x1
 1018 00db 57       		.byte	0x57
 1019 00dc 00000000 		.4byte	0
 1020 00e0 00000000 		.4byte	0
 1021              	.LLST7:
 1022 00e4 08000000 		.4byte	.LVL7
 1023 00e8 0C000000 		.4byte	.LVL8
 1024 00ec 0200     		.2byte	0x2
 1025 00ee 30       		.byte	0x30
 1026 00ef 9F       		.byte	0x9f
 1027 00f0 0C000000 		.4byte	.LVL8
 1028 00f4 1E000000 		.4byte	.LVL10
 1029 00f8 0100     		.2byte	0x1
 1030 00fa 54       		.byte	0x54
 1031 00fb 20000000 		.4byte	.LVL11
 1032 00ff 28000000 		.4byte	.LFE111
 1033 0103 0100     		.2byte	0x1
 1034 0105 54       		.byte	0x54
 1035 0106 00000000 		.4byte	0
 1036 010a 00000000 		.4byte	0
 1037              		.section	.debug_aranges,"",%progbits
 1038 0000 24000000 		.4byte	0x24
ARM GAS  C:\Users\zakis\AppData\Local\Temp\ccLRojdb.s 			page 21


 1039 0004 0200     		.2byte	0x2
 1040 0006 00000000 		.4byte	.Ldebug_info0
 1041 000a 04       		.byte	0x4
 1042 000b 00       		.byte	0
 1043 000c 0000     		.2byte	0
 1044 000e 0000     		.2byte	0
 1045 0010 00000000 		.4byte	.LFB110
 1046 0014 30000000 		.4byte	.LFE110-.LFB110
 1047 0018 00000000 		.4byte	.LFB111
 1048 001c 28000000 		.4byte	.LFE111-.LFB111
 1049 0020 00000000 		.4byte	0
 1050 0024 00000000 		.4byte	0
 1051              		.section	.debug_ranges,"",%progbits
 1052              	.Ldebug_ranges0:
 1053 0000 00000000 		.4byte	.LFB110
 1054 0004 30000000 		.4byte	.LFE110
 1055 0008 00000000 		.4byte	.LFB111
 1056 000c 28000000 		.4byte	.LFE111
 1057 0010 00000000 		.4byte	0
 1058 0014 00000000 		.4byte	0
 1059              		.section	.debug_line,"",%progbits
 1060              	.Ldebug_line0:
 1061 0000 83020000 		.section	.debug_str,"MS",%progbits,1
 1061      02003A02 
 1061      00000201 
 1061      FB0E0D00 
 1061      01010101 
 1062              	.LASF49:
 1063 0000 4576656E 		.ascii	"EventMaskType\000"
 1063      744D6173 
 1063      6B547970 
 1063      6500
 1064              	.LASF27:
 1065 000e 52435F45 		.ascii	"RC_ERROR_READ_ONLY\000"
 1065      52524F52 
 1065      5F524541 
 1065      445F4F4E 
 1065      4C5900
 1066              	.LASF13:
 1067 0021 52435F53 		.ascii	"RC_SUCCESS\000"
 1067      55434345 
 1067      535300
 1068              	.LASF28:
 1069 002c 52435F45 		.ascii	"RC_ERROR_WRITE_ONLY\000"
 1069      52524F52 
 1069      5F575249 
 1069      54455F4F 
 1069      4E4C5900 
 1070              	.LASF2:
 1071 0040 73686F72 		.ascii	"short int\000"
 1071      7420696E 
 1071      7400
 1072              	.LASF19:
 1073 004a 52435F45 		.ascii	"RC_ERROR_OVERRUN\000"
 1073      52524F52 
 1073      5F4F5645 
 1073      5252554E 
ARM GAS  C:\Users\zakis\AppData\Local\Temp\ccLRojdb.s 			page 22


 1073      00
 1074              	.LASF31:
 1075 005b 52435F45 		.ascii	"RC_ERROR_WRITE_FAILS\000"
 1075      52524F52 
 1075      5F575249 
 1075      54455F46 
 1075      41494C53 
 1076              	.LASF50:
 1077 0070 73697A65 		.ascii	"sizetype\000"
 1077      74797065 
 1077      00
 1078              	.LASF16:
 1079 0079 52435F45 		.ascii	"RC_ERROR_ZERO\000"
 1079      52524F52 
 1079      5F5A4552 
 1079      4F00
 1080              	.LASF47:
 1081 0087 45455F46 		.ascii	"EE_FREG\000"
 1081      52454700 
 1082              	.LASF30:
 1083 008f 52435F45 		.ascii	"RC_ERROR_READ_FAILS\000"
 1083      52524F52 
 1083      5F524541 
 1083      445F4641 
 1083      494C5300 
 1084              	.LASF55:
 1085 00a3 6576656E 		.ascii	"event\000"
 1085      7400
 1086              	.LASF48:
 1087 00a9 45455F54 		.ascii	"EE_TID\000"
 1087      494400
 1088              	.LASF36:
 1089 00b0 52435F45 		.ascii	"RC_ERROR_INVALID_STATE\000"
 1089      52524F52 
 1089      5F494E56 
 1089      414C4944 
 1089      5F535441 
 1090              	.LASF57:
 1091 00c7 7461626C 		.ascii	"table\000"
 1091      6500
 1092              	.LASF66:
 1093 00cd 45455F49 		.ascii	"EE_IRQ_nesting_level\000"
 1093      52515F6E 
 1093      65737469 
 1093      6E675F6C 
 1093      6576656C 
 1094              	.LASF44:
 1095 00e2 45455F49 		.ascii	"EE_INT32\000"
 1095      4E543332 
 1095      00
 1096              	.LASF53:
 1097 00eb 6379636C 		.ascii	"cycleTime\000"
 1097      6554696D 
 1097      6500
 1098              	.LASF65:
 1099 00f5 45455F73 		.ascii	"EE_std_endcycle_next_tid\000"
 1099      74645F65 
ARM GAS  C:\Users\zakis\AppData\Local\Temp\ccLRojdb.s 			page 23


 1099      6E646379 
 1099      636C655F 
 1099      6E657874 
 1100              	.LASF18:
 1101 010e 52435F45 		.ascii	"RC_ERROR_RANGE\000"
 1101      52524F52 
 1101      5F52414E 
 1101      474500
 1102              	.LASF8:
 1103 011d 666C6F61 		.ascii	"float\000"
 1103      7400
 1104              	.LASF38:
 1105 0123 52435F45 		.ascii	"RC_ERROR_NOT_IMPLEMENTED\000"
 1105      52524F52 
 1105      5F4E4F54 
 1105      5F494D50 
 1105      4C454D45 
 1106              	.LASF10:
 1107 013c 6C6F6E67 		.ascii	"long long int\000"
 1107      206C6F6E 
 1107      6720696E 
 1107      7400
 1108              	.LASF63:
 1109 014a 45455F6F 		.ascii	"EE_oo_IRQ_suspend_status\000"
 1109      6F5F4952 
 1109      515F7375 
 1109      7370656E 
 1109      645F7374 
 1110              	.LASF32:
 1111 0163 52435F45 		.ascii	"RC_ERROR_NOT_MATCH\000"
 1111      52524F52 
 1111      5F4E4F54 
 1111      5F4D4154 
 1111      434800
 1112              	.LASF37:
 1113 0176 52435F45 		.ascii	"RC_ERROR_UNKNOWN\000"
 1113      52524F52 
 1113      5F554E4B 
 1113      4E4F574E 
 1113      00
 1114              	.LASF4:
 1115 0187 6C6F6E67 		.ascii	"long int\000"
 1115      20696E74 
 1115      00
 1116              	.LASF20:
 1117 0190 52435F45 		.ascii	"RC_ERROR_UNDERRUN\000"
 1117      52524F52 
 1117      5F554E44 
 1117      45525255 
 1117      4E00
 1118              	.LASF23:
 1119 01a2 52435F45 		.ascii	"RC_ERROR_BUSY\000"
 1119      52524F52 
 1119      5F425553 
 1119      5900
 1120              	.LASF29:
 1121 01b0 52435F45 		.ascii	"RC_ERROR_INVALID\000"
ARM GAS  C:\Users\zakis\AppData\Local\Temp\ccLRojdb.s 			page 24


 1121      52524F52 
 1121      5F494E56 
 1121      414C4944 
 1121      00
 1122              	.LASF34:
 1123 01c1 52435F45 		.ascii	"RC_ERROR_BAD_DATA\000"
 1123      52524F52 
 1123      5F424144 
 1123      5F444154 
 1123      4100
 1124              	.LASF43:
 1125 01d3 6C6F6E67 		.ascii	"long double\000"
 1125      20646F75 
 1125      626C6500 
 1126              	.LASF70:
 1127 01df 433A5C55 		.ascii	"C:\\Users\\zakis\\Documents\\EAA\\RTE_Gaspedal_Watc"
 1127      73657273 
 1127      5C7A616B 
 1127      69735C44 
 1127      6F63756D 
 1128 020d 68646F67 		.ascii	"hdog\\LabOne\\Gaspedal_Watchdog.cydsn\000"
 1128      5C4C6162 
 1128      4F6E655C 
 1128      47617370 
 1128      6564616C 
 1129              	.LASF1:
 1130 0231 756E7369 		.ascii	"unsigned char\000"
 1130      676E6564 
 1130      20636861 
 1130      7200
 1131              	.LASF45:
 1132 023f 45455F55 		.ascii	"EE_UINT32\000"
 1132      494E5433 
 1132      3200
 1133              	.LASF0:
 1134 0249 7369676E 		.ascii	"signed char\000"
 1134      65642063 
 1134      68617200 
 1135              	.LASF11:
 1136 0255 6C6F6E67 		.ascii	"long long unsigned int\000"
 1136      206C6F6E 
 1136      6720756E 
 1136      7369676E 
 1136      65642069 
 1137              	.LASF56:
 1138 026c 5254455F 		.ascii	"RTE_eventTable_t\000"
 1138      6576656E 
 1138      74546162 
 1138      6C655F74 
 1138      00
 1139              	.LASF6:
 1140 027d 75696E74 		.ascii	"uint32_t\000"
 1140      33325F74 
 1140      00
 1141              	.LASF41:
 1142 0286 756E7369 		.ascii	"unsigned int\000"
 1142      676E6564 
ARM GAS  C:\Users\zakis\AppData\Local\Temp\ccLRojdb.s 			page 25


 1142      20696E74 
 1142      00
 1143              	.LASF25:
 1144 0293 52435F45 		.ascii	"RC_ERROR_OPEN\000"
 1144      52524F52 
 1144      5F4F5045 
 1144      4E00
 1145              	.LASF5:
 1146 02a1 75696E74 		.ascii	"uint16_t\000"
 1146      31365F74 
 1146      00
 1147              	.LASF15:
 1148 02aa 52435F45 		.ascii	"RC_ERROR_NULL\000"
 1148      52524F52 
 1148      5F4E554C 
 1148      4C00
 1149              	.LASF22:
 1150 02b8 52435F45 		.ascii	"RC_ERROR_BUFFER_EMTPY\000"
 1150      52524F52 
 1150      5F425546 
 1150      4645525F 
 1150      454D5450 
 1151              	.LASF59:
 1152 02ce 74696D65 		.ascii	"time\000"
 1152      00
 1153              	.LASF3:
 1154 02d3 73686F72 		.ascii	"short unsigned int\000"
 1154      7420756E 
 1154      7369676E 
 1154      65642069 
 1154      6E7400
 1155              	.LASF54:
 1156 02e6 5254455F 		.ascii	"RTE_cyclicTable_t\000"
 1156      6379636C 
 1156      69635461 
 1156      626C655F 
 1156      7400
 1157              	.LASF68:
 1158 02f8 474E5520 		.ascii	"GNU C11 5.4.1 20160609 (release) [ARM/embedded-5-br"
 1158      43313120 
 1158      352E342E 
 1158      31203230 
 1158      31363036 
 1159 032b 616E6368 		.ascii	"anch revision 237715] -mcpu=cortex-m3 -mthumb -g -O"
 1159      20726576 
 1159      6973696F 
 1159      6E203233 
 1159      37373135 
 1160 035e 67202D66 		.ascii	"g -ffunction-sections -ffat-lto-objects\000"
 1160      66756E63 
 1160      74696F6E 
 1160      2D736563 
 1160      74696F6E 
 1161              	.LASF12:
 1162 0386 63686172 		.ascii	"char\000"
 1162      00
 1163              	.LASF21:
ARM GAS  C:\Users\zakis\AppData\Local\Temp\ccLRojdb.s 			page 26


 1164 038b 52435F45 		.ascii	"RC_ERROR_BUFFER_FULL\000"
 1164      52524F52 
 1164      5F425546 
 1164      4645525F 
 1164      46554C4C 
 1165              	.LASF42:
 1166 03a0 696E7433 		.ascii	"int32_t\000"
 1166      325F7400 
 1167              	.LASF61:
 1168 03a8 5254455F 		.ascii	"RTE_ProcessEventTable\000"
 1168      50726F63 
 1168      65737345 
 1168      76656E74 
 1168      5461626C 
 1169              	.LASF33:
 1170 03be 52435F45 		.ascii	"RC_ERROR_BAD_PARAM\000"
 1170      52524F52 
 1170      5F424144 
 1170      5F504152 
 1170      414D00
 1171              	.LASF64:
 1172 03d1 45455F41 		.ascii	"EE_ApplicationMode\000"
 1172      70706C69 
 1172      63617469 
 1172      6F6E4D6F 
 1172      646500
 1173              	.LASF7:
 1174 03e4 6C6F6E67 		.ascii	"long unsigned int\000"
 1174      20756E73 
 1174      69676E65 
 1174      6420696E 
 1174      7400
 1175              	.LASF9:
 1176 03f6 646F7562 		.ascii	"double\000"
 1176      6C6500
 1177              	.LASF26:
 1178 03fd 52435F45 		.ascii	"RC_ERROR_CHECKSUM\000"
 1178      52524F52 
 1178      5F434845 
 1178      434B5355 
 1178      4D00
 1179              	.LASF46:
 1180 040f 45455F55 		.ascii	"EE_UREG\000"
 1180      52454700 
 1181              	.LASF58:
 1182 0417 7461626C 		.ascii	"tableSize\000"
 1182      6553697A 
 1182      6500
 1183              	.LASF60:
 1184 0421 5254455F 		.ascii	"RTE_ProcessCyclicTable\000"
 1184      50726F63 
 1184      65737343 
 1184      79636C69 
 1184      63546162 
 1185              	.LASF40:
 1186 0438 5F5F696E 		.ascii	"__int32_t\000"
 1186      7433325F 
ARM GAS  C:\Users\zakis\AppData\Local\Temp\ccLRojdb.s 			page 27


 1186      7400
 1187              	.LASF51:
 1188 0442 5254455F 		.ascii	"RTE_event\000"
 1188      6576656E 
 1188      7400
 1189              	.LASF69:
 1190 044c 736F7572 		.ascii	"source\\rte\\rte.c\000"
 1190      63655C72 
 1190      74655C72 
 1190      74652E63 
 1190      00
 1191              	.LASF35:
 1192 045d 52435F45 		.ascii	"RC_ERROR_CANCELED\000"
 1192      52524F52 
 1192      5F43414E 
 1192      43454C45 
 1192      4400
 1193              	.LASF52:
 1194 046f 5254455F 		.ascii	"RTE_pRunnable\000"
 1194      7052756E 
 1194      6E61626C 
 1194      6500
 1195              	.LASF67:
 1196 047d 49544D5F 		.ascii	"ITM_RxBuffer\000"
 1196      52784275 
 1196      66666572 
 1196      00
 1197              	.LASF14:
 1198 048a 52435F45 		.ascii	"RC_ERROR\000"
 1198      52524F52 
 1198      00
 1199              	.LASF17:
 1200 0493 52435F45 		.ascii	"RC_ERROR_MEMORY\000"
 1200      52524F52 
 1200      5F4D454D 
 1200      4F525900 
 1201              	.LASF62:
 1202 04a3 45455F6F 		.ascii	"EE_oo_IRQ_disable_count\000"
 1202      6F5F4952 
 1202      515F6469 
 1202      7361626C 
 1202      655F636F 
 1203              	.LASF39:
 1204 04bb 52435F74 		.ascii	"RC_t\000"
 1204      00
 1205              	.LASF24:
 1206 04c0 52435F45 		.ascii	"RC_ERROR_TIME_OUT\000"
 1206      52524F52 
 1206      5F54494D 
 1206      455F4F55 
 1206      5400
 1207              		.ident	"GCC: (GNU Tools for ARM Embedded Processors) 5.4.1 20160609 (release) [ARM/embedded-5-bran
