ARM GAS  C:\Users\zakis\AppData\Local\Temp\ccVGzQg4.s 			page 1


   1              		.syntax unified
   2              		.cpu cortex-m3
   3              		.fpu softvfp
   4              		.eabi_attribute 20, 1
   5              		.eabi_attribute 21, 1
   6              		.eabi_attribute 23, 3
   7              		.eabi_attribute 24, 1
   8              		.eabi_attribute 25, 1
   9              		.eabi_attribute 26, 1
  10              		.eabi_attribute 30, 1
  11              		.eabi_attribute 34, 1
  12              		.eabi_attribute 18, 4
  13              		.thumb
  14              		.syntax unified
  15              		.file	"sc_brakelight_type.c"
  16              		.text
  17              	.Ltext0:
  18              		.cfi_sections	.debug_frame
  19              		.section	.text.SC_BRAKELIGHT_driverOut,"ax",%progbits
  20              		.align	2
  21              		.global	SC_BRAKELIGHT_driverOut
  22              		.thumb
  23              		.thumb_func
  24              		.type	SC_BRAKELIGHT_driverOut, %function
  25              	SC_BRAKELIGHT_driverOut:
  26              	.LFB110:
  27              		.file 1 "source\\rte\\sc_brakelight_type.c"
   1:source\rte/sc_brakelight_type.c **** /*
   2:source\rte/sc_brakelight_type.c ****  * Filename: sc_brakelight_type.c
   3:source\rte/sc_brakelight_type.c ****  *
   4:source\rte/sc_brakelight_type.c ****  * Author: Autogenerated by H-DA RTE Generator, (c) Prof. Fromm
   5:source\rte/sc_brakelight_type.c ****  *
   6:source\rte/sc_brakelight_type.c ****  * description: Signal for brake
   7:source\rte/sc_brakelight_type.c ****  * name: sc_brakelight
   8:source\rte/sc_brakelight_type.c ****  * shortname: brakelight
   9:source\rte/sc_brakelight_type.c ****  *
  10:source\rte/sc_brakelight_type.c ****  */
  11:source\rte/sc_brakelight_type.c **** 
  12:source\rte/sc_brakelight_type.c **** #include "project.h"
  13:source\rte/sc_brakelight_type.c **** #include "global.h"
  14:source\rte/sc_brakelight_type.c **** #include "rte.h"
  15:source\rte/sc_brakelight_type.c **** #include "rte_types.h"
  16:source\rte/sc_brakelight_type.c **** #include "sc_brakelight_type.h"
  17:source\rte/sc_brakelight_type.c **** 
  18:source\rte/sc_brakelight_type.c **** 
  19:source\rte/sc_brakelight_type.c **** 
  20:source\rte/sc_brakelight_type.c **** /* USER CODE START SC_BRAKELIGHT_INCLUDE */
  21:source\rte/sc_brakelight_type.c **** 
  22:source\rte/sc_brakelight_type.c **** /* USER CODE END SC_BRAKELIGHT_INCLUDE */
  23:source\rte/sc_brakelight_type.c **** 
  24:source\rte/sc_brakelight_type.c **** 
  25:source\rte/sc_brakelight_type.c **** 
  26:source\rte/sc_brakelight_type.c **** 
  27:source\rte/sc_brakelight_type.c **** /* USER CODE START SC_BRAKELIGHT_USERDEFINITIONS */
  28:source\rte/sc_brakelight_type.c **** 
  29:source\rte/sc_brakelight_type.c **** /* USER CODE END SC_BRAKELIGHT_USERDEFINITIONS */
  30:source\rte/sc_brakelight_type.c **** 
ARM GAS  C:\Users\zakis\AppData\Local\Temp\ccVGzQg4.s 			page 2


  31:source\rte/sc_brakelight_type.c **** 
  32:source\rte/sc_brakelight_type.c **** /*****************************************************************************************
  33:source\rte/sc_brakelight_type.c ****  *************** Port Wrapper Implementation for SC_BRAKELIGHT signal  ****************
  34:source\rte/sc_brakelight_type.c ****  *****************************************************************************************/
  35:source\rte/sc_brakelight_type.c ****  
  36:source\rte/sc_brakelight_type.c ****  
  37:source\rte/sc_brakelight_type.c **** /**
  38:source\rte/sc_brakelight_type.c ****  * Default OUT driver API
  39:source\rte/sc_brakelight_type.c ****  */
  40:source\rte/sc_brakelight_type.c **** inline RC_t SC_BRAKELIGHT_driverOut(const SC_BRAKELIGHT_data_t  *const data)
  41:source\rte/sc_brakelight_type.c **** {
  28              		.loc 1 41 0
  29              		.cfi_startproc
  30              		@ args = 0, pretend = 0, frame = 0
  31              		@ frame_needed = 0, uses_anonymous_args = 0
  32              		@ link register save eliminated.
  33              	.LVL0:
  42:source\rte/sc_brakelight_type.c **** 	/* USER CODE START driverOutSC_BRAKELIGHT */
  43:source\rte/sc_brakelight_type.c **** //#error "Add your code here"
  44:source\rte/sc_brakelight_type.c **** 
  45:source\rte/sc_brakelight_type.c **** 	//Scale application data to drive format
  46:source\rte/sc_brakelight_type.c **** 
  47:source\rte/sc_brakelight_type.c **** 	//Write scaled data to driver
  48:source\rte/sc_brakelight_type.c **** 
  49:source\rte/sc_brakelight_type.c **** 	return RC_SUCCESS;
  50:source\rte/sc_brakelight_type.c **** 	/* USER CODE END driverOutSC_BRAKELIGHT */
  51:source\rte/sc_brakelight_type.c **** }
  34              		.loc 1 51 0
  35 0000 0020     		movs	r0, #0
  36              	.LVL1:
  37 0002 7047     		bx	lr
  38              		.cfi_endproc
  39              	.LFE110:
  40              		.size	SC_BRAKELIGHT_driverOut, .-SC_BRAKELIGHT_driverOut
  41              		.text
  42              	.Letext0:
  43              		.file 2 "c:\\program files (x86)\\cypress\\psoc creator\\4.4\\psoc creator\\import\\gnu\\arm\\5.4.
  44              		.file 3 "c:\\program files (x86)\\cypress\\psoc creator\\4.4\\psoc creator\\import\\gnu\\arm\\5.4.
  45              		.file 4 "Generated_Source\\PSoC5/ErikaOS_common_ee_types.inc"
  46              		.file 5 "Generated_Source\\PSoC5/ErikaOS_cortex_mx_ee_cpu.inc"
  47              		.file 6 ".\\source\\bsw/global.h"
  48              		.file 7 "source\\rte\\sc_brakelight_type.h"
  49              		.file 8 "Generated_Source\\PSoC5/ErikaOS_ee_oo_intfunc.inc"
  50              		.file 9 "Generated_Source\\PSoC5/ErikaOS_cortex_mx_ee_context.inc"
  51              		.file 10 "Generated_Source\\PSoC5/ErikaOS_common_ee_primitives.inc"
  52              		.file 11 "Generated_Source\\PSoC5/core_cm3.h"
  53              		.section	.debug_info,"",%progbits
  54              	.Ldebug_info0:
  55 0000 38020000 		.4byte	0x238
  56 0004 0400     		.2byte	0x4
  57 0006 00000000 		.4byte	.Ldebug_abbrev0
  58 000a 04       		.byte	0x4
  59 000b 01       		.uleb128 0x1
  60 000c 76010000 		.4byte	.LASF56
  61 0010 0C       		.byte	0xc
  62 0011 4B000000 		.4byte	.LASF57
  63 0015 D3000000 		.4byte	.LASF58
ARM GAS  C:\Users\zakis\AppData\Local\Temp\ccVGzQg4.s 			page 3


  64 0019 00000000 		.4byte	.Ldebug_ranges0+0
  65 001d 00000000 		.4byte	0
  66 0021 00000000 		.4byte	.Ldebug_line0
  67 0025 02       		.uleb128 0x2
  68 0026 01       		.byte	0x1
  69 0027 06       		.byte	0x6
  70 0028 43040000 		.4byte	.LASF0
  71 002c 02       		.uleb128 0x2
  72 002d 01       		.byte	0x1
  73 002e 08       		.byte	0x8
  74 002f 68010000 		.4byte	.LASF1
  75 0033 02       		.uleb128 0x2
  76 0034 02       		.byte	0x2
  77 0035 05       		.byte	0x5
  78 0036 DA030000 		.4byte	.LASF2
  79 003a 02       		.uleb128 0x2
  80 003b 02       		.byte	0x2
  81 003c 07       		.byte	0x7
  82 003d 4A020000 		.4byte	.LASF3
  83 0041 03       		.uleb128 0x3
  84 0042 7C000000 		.4byte	.LASF9
  85 0046 02       		.byte	0x2
  86 0047 3F       		.byte	0x3f
  87 0048 4C000000 		.4byte	0x4c
  88 004c 02       		.uleb128 0x2
  89 004d 04       		.byte	0x4
  90 004e 05       		.byte	0x5
  91 004f 0E040000 		.4byte	.LASF4
  92 0053 02       		.uleb128 0x2
  93 0054 04       		.byte	0x4
  94 0055 07       		.byte	0x7
  95 0056 38020000 		.4byte	.LASF5
  96 005a 02       		.uleb128 0x2
  97 005b 08       		.byte	0x8
  98 005c 05       		.byte	0x5
  99 005d 82030000 		.4byte	.LASF6
 100 0061 02       		.uleb128 0x2
 101 0062 08       		.byte	0x8
 102 0063 07       		.byte	0x7
 103 0064 35030000 		.4byte	.LASF7
 104 0068 04       		.uleb128 0x4
 105 0069 04       		.byte	0x4
 106 006a 05       		.byte	0x5
 107 006b 696E7400 		.ascii	"int\000"
 108 006f 02       		.uleb128 0x2
 109 0070 04       		.byte	0x4
 110 0071 07       		.byte	0x7
 111 0072 FD020000 		.4byte	.LASF8
 112 0076 03       		.uleb128 0x3
 113 0077 71030000 		.4byte	.LASF10
 114 007b 03       		.byte	0x3
 115 007c 2C       		.byte	0x2c
 116 007d 41000000 		.4byte	0x41
 117 0081 02       		.uleb128 0x2
 118 0082 04       		.byte	0x4
 119 0083 04       		.byte	0x4
 120 0084 5D010000 		.4byte	.LASF11
ARM GAS  C:\Users\zakis\AppData\Local\Temp\ccVGzQg4.s 			page 4


 121 0088 02       		.uleb128 0x2
 122 0089 08       		.byte	0x8
 123 008a 04       		.byte	0x4
 124 008b AE020000 		.4byte	.LASF12
 125 008f 02       		.uleb128 0x2
 126 0090 01       		.byte	0x1
 127 0091 08       		.byte	0x8
 128 0092 90030000 		.4byte	.LASF13
 129 0096 02       		.uleb128 0x2
 130 0097 08       		.byte	0x8
 131 0098 04       		.byte	0x4
 132 0099 24040000 		.4byte	.LASF14
 133 009d 03       		.uleb128 0x3
 134 009e 2F020000 		.4byte	.LASF15
 135 00a2 04       		.byte	0x4
 136 00a3 53       		.byte	0x53
 137 00a4 68000000 		.4byte	0x68
 138 00a8 03       		.uleb128 0x3
 139 00a9 12030000 		.4byte	.LASF16
 140 00ad 04       		.byte	0x4
 141 00ae 54       		.byte	0x54
 142 00af 6F000000 		.4byte	0x6f
 143 00b3 03       		.uleb128 0x3
 144 00b4 AD030000 		.4byte	.LASF17
 145 00b8 05       		.byte	0x5
 146 00b9 4D       		.byte	0x4d
 147 00ba A8000000 		.4byte	0xa8
 148 00be 03       		.uleb128 0x3
 149 00bf 0A030000 		.4byte	.LASF18
 150 00c3 05       		.byte	0x5
 151 00c4 4F       		.byte	0x4f
 152 00c5 A8000000 		.4byte	0xa8
 153 00c9 03       		.uleb128 0x3
 154 00ca 3E010000 		.4byte	.LASF19
 155 00ce 05       		.byte	0x5
 156 00cf 78       		.byte	0x78
 157 00d0 9D000000 		.4byte	0x9d
 158 00d4 02       		.uleb128 0x2
 159 00d5 04       		.byte	0x4
 160 00d6 07       		.byte	0x7
 161 00d7 79030000 		.4byte	.LASF20
 162 00db 03       		.uleb128 0x3
 163 00dc 6F020000 		.4byte	.LASF21
 164 00e0 06       		.byte	0x6
 165 00e1 9C       		.byte	0x9c
 166 00e2 2C000000 		.4byte	0x2c
 167 00e6 05       		.uleb128 0x5
 168 00e7 01       		.byte	0x1
 169 00e8 25000000 		.4byte	0x25
 170 00ec 06       		.byte	0x6
 171 00ed CF       		.byte	0xcf
 172 00ee 8F010000 		.4byte	0x18f
 173 00f2 06       		.uleb128 0x6
 174 00f3 04020000 		.4byte	.LASF22
 175 00f7 00       		.byte	0
 176 00f8 07       		.uleb128 0x7
 177 00f9 42000000 		.4byte	.LASF23
ARM GAS  C:\Users\zakis\AppData\Local\Temp\ccVGzQg4.s 			page 5


 178 00fd 7F       		.sleb128 -1
 179 00fe 07       		.uleb128 0x7
 180 00ff 9E000000 		.4byte	.LASF24
 181 0103 7E       		.sleb128 -2
 182 0104 07       		.uleb128 0x7
 183 0105 0F020000 		.4byte	.LASF25
 184 0109 7D       		.sleb128 -3
 185 010a 07       		.uleb128 0x7
 186 010b DB020000 		.4byte	.LASF26
 187 010f 7C       		.sleb128 -4
 188 0110 07       		.uleb128 0x7
 189 0111 6E040000 		.4byte	.LASF27
 190 0115 7B       		.sleb128 -5
 191 0116 07       		.uleb128 0x7
 192 0117 CA020000 		.4byte	.LASF28
 193 011b 7A       		.sleb128 -6
 194 011c 07       		.uleb128 0x7
 195 011d 1D020000 		.4byte	.LASF29
 196 0121 79       		.sleb128 -7
 197 0122 07       		.uleb128 0x7
 198 0123 19000000 		.4byte	.LASF30
 199 0127 78       		.sleb128 -8
 200 0128 07       		.uleb128 0x7
 201 0129 F8030000 		.4byte	.LASF31
 202 012d 77       		.sleb128 -9
 203 012e 07       		.uleb128 0x7
 204 012f B5030000 		.4byte	.LASF32
 205 0133 76       		.sleb128 -10
 206 0134 07       		.uleb128 0x7
 207 0135 5D020000 		.4byte	.LASF33
 208 0139 75       		.sleb128 -11
 209 013a 07       		.uleb128 0x7
 210 013b 60040000 		.4byte	.LASF34
 211 013f 74       		.sleb128 -12
 212 0140 07       		.uleb128 0x7
 213 0141 4C030000 		.4byte	.LASF35
 214 0145 73       		.sleb128 -13
 215 0146 07       		.uleb128 0x7
 216 0147 30040000 		.4byte	.LASF36
 217 014b 72       		.sleb128 -14
 218 014c 07       		.uleb128 0x7
 219 014d E4030000 		.4byte	.LASF37
 220 0151 71       		.sleb128 -15
 221 0152 07       		.uleb128 0x7
 222 0153 4F040000 		.4byte	.LASF38
 223 0157 70       		.sleb128 -16
 224 0158 07       		.uleb128 0x7
 225 0159 2E000000 		.4byte	.LASF39
 226 015d 6F       		.sleb128 -17
 227 015e 07       		.uleb128 0x7
 228 015f 79020000 		.4byte	.LASF40
 229 0163 6E       		.sleb128 -18
 230 0164 07       		.uleb128 0x7
 231 0165 9B020000 		.4byte	.LASF41
 232 0169 6D       		.sleb128 -19
 233 016a 07       		.uleb128 0x7
 234 016b 86000000 		.4byte	.LASF42
ARM GAS  C:\Users\zakis\AppData\Local\Temp\ccVGzQg4.s 			page 6


 235 016f 6C       		.sleb128 -20
 236 0170 07       		.uleb128 0x7
 237 0171 C1000000 		.4byte	.LASF43
 238 0175 6B       		.sleb128 -21
 239 0176 07       		.uleb128 0x7
 240 0177 EB020000 		.4byte	.LASF44
 241 017b 6A       		.sleb128 -22
 242 017c 07       		.uleb128 0x7
 243 017d C3030000 		.4byte	.LASF45
 244 0181 69       		.sleb128 -23
 245 0182 07       		.uleb128 0x7
 246 0183 6B000000 		.4byte	.LASF46
 247 0187 68       		.sleb128 -24
 248 0188 07       		.uleb128 0x7
 249 0189 25010000 		.4byte	.LASF47
 250 018d 67       		.sleb128 -25
 251 018e 00       		.byte	0
 252 018f 03       		.uleb128 0x3
 253 0190 99000000 		.4byte	.LASF48
 254 0194 06       		.byte	0x6
 255 0195 EA       		.byte	0xea
 256 0196 E6000000 		.4byte	0xe6
 257 019a 08       		.uleb128 0x8
 258 019b 01       		.byte	0x1
 259 019c 07       		.byte	0x7
 260 019d 21       		.byte	0x21
 261 019e AF010000 		.4byte	0x1af
 262 01a2 09       		.uleb128 0x9
 263 01a3 17040000 		.4byte	.LASF59
 264 01a7 07       		.byte	0x7
 265 01a8 23       		.byte	0x23
 266 01a9 DB000000 		.4byte	0xdb
 267 01ad 00       		.byte	0
 268 01ae 00       		.byte	0
 269 01af 03       		.uleb128 0x3
 270 01b0 AC000000 		.4byte	.LASF49
 271 01b4 07       		.byte	0x7
 272 01b5 26       		.byte	0x26
 273 01b6 9A010000 		.4byte	0x19a
 274 01ba 0A       		.uleb128 0xa
 275 01bb 95030000 		.4byte	.LASF60
 276 01bf 01       		.byte	0x1
 277 01c0 28       		.byte	0x28
 278 01c1 8F010000 		.4byte	0x18f
 279 01c5 00000000 		.4byte	.LFB110
 280 01c9 04000000 		.4byte	.LFE110-.LFB110
 281 01cd 01       		.uleb128 0x1
 282 01ce 9C       		.byte	0x9c
 283 01cf E3010000 		.4byte	0x1e3
 284 01d3 0B       		.uleb128 0xb
 285 01d4 63010000 		.4byte	.LASF61
 286 01d8 01       		.byte	0x1
 287 01d9 28       		.byte	0x28
 288 01da EE010000 		.4byte	0x1ee
 289 01de 00000000 		.4byte	.LLST0
 290 01e2 00       		.byte	0
 291 01e3 0C       		.uleb128 0xc
ARM GAS  C:\Users\zakis\AppData\Local\Temp\ccVGzQg4.s 			page 7


 292 01e4 04       		.byte	0x4
 293 01e5 E9010000 		.4byte	0x1e9
 294 01e9 0D       		.uleb128 0xd
 295 01ea AF010000 		.4byte	0x1af
 296 01ee 0D       		.uleb128 0xd
 297 01ef E3010000 		.4byte	0x1e3
 298 01f3 0E       		.uleb128 0xe
 299 01f4 45010000 		.4byte	.LASF50
 300 01f8 08       		.byte	0x8
 301 01f9 40       		.byte	0x40
 302 01fa B3000000 		.4byte	0xb3
 303 01fe 0E       		.uleb128 0xe
 304 01ff 1C030000 		.4byte	.LASF51
 305 0203 08       		.byte	0x8
 306 0204 47       		.byte	0x47
 307 0205 BE000000 		.4byte	0xbe
 308 0209 0E       		.uleb128 0xe
 309 020a 5E030000 		.4byte	.LASF52
 310 020e 08       		.byte	0x8
 311 020f 4A       		.byte	0x4a
 312 0210 B3000000 		.4byte	0xb3
 313 0214 0E       		.uleb128 0xe
 314 0215 00000000 		.4byte	.LASF53
 315 0219 09       		.byte	0x9
 316 021a 48       		.byte	0x48
 317 021b C9000000 		.4byte	0xc9
 318 021f 0E       		.uleb128 0xe
 319 0220 B5020000 		.4byte	.LASF54
 320 0224 0A       		.byte	0xa
 321 0225 44       		.byte	0x44
 322 0226 B3000000 		.4byte	0xb3
 323 022a 0F       		.uleb128 0xf
 324 022b 8E020000 		.4byte	.LASF55
 325 022f 0B       		.byte	0xb
 326 0230 1207     		.2byte	0x712
 327 0232 36020000 		.4byte	0x236
 328 0236 10       		.uleb128 0x10
 329 0237 76000000 		.4byte	0x76
 330 023b 00       		.byte	0
 331              		.section	.debug_abbrev,"",%progbits
 332              	.Ldebug_abbrev0:
 333 0000 01       		.uleb128 0x1
 334 0001 11       		.uleb128 0x11
 335 0002 01       		.byte	0x1
 336 0003 25       		.uleb128 0x25
 337 0004 0E       		.uleb128 0xe
 338 0005 13       		.uleb128 0x13
 339 0006 0B       		.uleb128 0xb
 340 0007 03       		.uleb128 0x3
 341 0008 0E       		.uleb128 0xe
 342 0009 1B       		.uleb128 0x1b
 343 000a 0E       		.uleb128 0xe
 344 000b 55       		.uleb128 0x55
 345 000c 17       		.uleb128 0x17
 346 000d 11       		.uleb128 0x11
 347 000e 01       		.uleb128 0x1
 348 000f 10       		.uleb128 0x10
ARM GAS  C:\Users\zakis\AppData\Local\Temp\ccVGzQg4.s 			page 8


 349 0010 17       		.uleb128 0x17
 350 0011 00       		.byte	0
 351 0012 00       		.byte	0
 352 0013 02       		.uleb128 0x2
 353 0014 24       		.uleb128 0x24
 354 0015 00       		.byte	0
 355 0016 0B       		.uleb128 0xb
 356 0017 0B       		.uleb128 0xb
 357 0018 3E       		.uleb128 0x3e
 358 0019 0B       		.uleb128 0xb
 359 001a 03       		.uleb128 0x3
 360 001b 0E       		.uleb128 0xe
 361 001c 00       		.byte	0
 362 001d 00       		.byte	0
 363 001e 03       		.uleb128 0x3
 364 001f 16       		.uleb128 0x16
 365 0020 00       		.byte	0
 366 0021 03       		.uleb128 0x3
 367 0022 0E       		.uleb128 0xe
 368 0023 3A       		.uleb128 0x3a
 369 0024 0B       		.uleb128 0xb
 370 0025 3B       		.uleb128 0x3b
 371 0026 0B       		.uleb128 0xb
 372 0027 49       		.uleb128 0x49
 373 0028 13       		.uleb128 0x13
 374 0029 00       		.byte	0
 375 002a 00       		.byte	0
 376 002b 04       		.uleb128 0x4
 377 002c 24       		.uleb128 0x24
 378 002d 00       		.byte	0
 379 002e 0B       		.uleb128 0xb
 380 002f 0B       		.uleb128 0xb
 381 0030 3E       		.uleb128 0x3e
 382 0031 0B       		.uleb128 0xb
 383 0032 03       		.uleb128 0x3
 384 0033 08       		.uleb128 0x8
 385 0034 00       		.byte	0
 386 0035 00       		.byte	0
 387 0036 05       		.uleb128 0x5
 388 0037 04       		.uleb128 0x4
 389 0038 01       		.byte	0x1
 390 0039 0B       		.uleb128 0xb
 391 003a 0B       		.uleb128 0xb
 392 003b 49       		.uleb128 0x49
 393 003c 13       		.uleb128 0x13
 394 003d 3A       		.uleb128 0x3a
 395 003e 0B       		.uleb128 0xb
 396 003f 3B       		.uleb128 0x3b
 397 0040 0B       		.uleb128 0xb
 398 0041 01       		.uleb128 0x1
 399 0042 13       		.uleb128 0x13
 400 0043 00       		.byte	0
 401 0044 00       		.byte	0
 402 0045 06       		.uleb128 0x6
 403 0046 28       		.uleb128 0x28
 404 0047 00       		.byte	0
 405 0048 03       		.uleb128 0x3
ARM GAS  C:\Users\zakis\AppData\Local\Temp\ccVGzQg4.s 			page 9


 406 0049 0E       		.uleb128 0xe
 407 004a 1C       		.uleb128 0x1c
 408 004b 0B       		.uleb128 0xb
 409 004c 00       		.byte	0
 410 004d 00       		.byte	0
 411 004e 07       		.uleb128 0x7
 412 004f 28       		.uleb128 0x28
 413 0050 00       		.byte	0
 414 0051 03       		.uleb128 0x3
 415 0052 0E       		.uleb128 0xe
 416 0053 1C       		.uleb128 0x1c
 417 0054 0D       		.uleb128 0xd
 418 0055 00       		.byte	0
 419 0056 00       		.byte	0
 420 0057 08       		.uleb128 0x8
 421 0058 13       		.uleb128 0x13
 422 0059 01       		.byte	0x1
 423 005a 0B       		.uleb128 0xb
 424 005b 0B       		.uleb128 0xb
 425 005c 3A       		.uleb128 0x3a
 426 005d 0B       		.uleb128 0xb
 427 005e 3B       		.uleb128 0x3b
 428 005f 0B       		.uleb128 0xb
 429 0060 01       		.uleb128 0x1
 430 0061 13       		.uleb128 0x13
 431 0062 00       		.byte	0
 432 0063 00       		.byte	0
 433 0064 09       		.uleb128 0x9
 434 0065 0D       		.uleb128 0xd
 435 0066 00       		.byte	0
 436 0067 03       		.uleb128 0x3
 437 0068 0E       		.uleb128 0xe
 438 0069 3A       		.uleb128 0x3a
 439 006a 0B       		.uleb128 0xb
 440 006b 3B       		.uleb128 0x3b
 441 006c 0B       		.uleb128 0xb
 442 006d 49       		.uleb128 0x49
 443 006e 13       		.uleb128 0x13
 444 006f 38       		.uleb128 0x38
 445 0070 0B       		.uleb128 0xb
 446 0071 00       		.byte	0
 447 0072 00       		.byte	0
 448 0073 0A       		.uleb128 0xa
 449 0074 2E       		.uleb128 0x2e
 450 0075 01       		.byte	0x1
 451 0076 3F       		.uleb128 0x3f
 452 0077 19       		.uleb128 0x19
 453 0078 03       		.uleb128 0x3
 454 0079 0E       		.uleb128 0xe
 455 007a 3A       		.uleb128 0x3a
 456 007b 0B       		.uleb128 0xb
 457 007c 3B       		.uleb128 0x3b
 458 007d 0B       		.uleb128 0xb
 459 007e 27       		.uleb128 0x27
 460 007f 19       		.uleb128 0x19
 461 0080 49       		.uleb128 0x49
 462 0081 13       		.uleb128 0x13
ARM GAS  C:\Users\zakis\AppData\Local\Temp\ccVGzQg4.s 			page 10


 463 0082 11       		.uleb128 0x11
 464 0083 01       		.uleb128 0x1
 465 0084 12       		.uleb128 0x12
 466 0085 06       		.uleb128 0x6
 467 0086 40       		.uleb128 0x40
 468 0087 18       		.uleb128 0x18
 469 0088 9742     		.uleb128 0x2117
 470 008a 19       		.uleb128 0x19
 471 008b 01       		.uleb128 0x1
 472 008c 13       		.uleb128 0x13
 473 008d 00       		.byte	0
 474 008e 00       		.byte	0
 475 008f 0B       		.uleb128 0xb
 476 0090 05       		.uleb128 0x5
 477 0091 00       		.byte	0
 478 0092 03       		.uleb128 0x3
 479 0093 0E       		.uleb128 0xe
 480 0094 3A       		.uleb128 0x3a
 481 0095 0B       		.uleb128 0xb
 482 0096 3B       		.uleb128 0x3b
 483 0097 0B       		.uleb128 0xb
 484 0098 49       		.uleb128 0x49
 485 0099 13       		.uleb128 0x13
 486 009a 02       		.uleb128 0x2
 487 009b 17       		.uleb128 0x17
 488 009c 00       		.byte	0
 489 009d 00       		.byte	0
 490 009e 0C       		.uleb128 0xc
 491 009f 0F       		.uleb128 0xf
 492 00a0 00       		.byte	0
 493 00a1 0B       		.uleb128 0xb
 494 00a2 0B       		.uleb128 0xb
 495 00a3 49       		.uleb128 0x49
 496 00a4 13       		.uleb128 0x13
 497 00a5 00       		.byte	0
 498 00a6 00       		.byte	0
 499 00a7 0D       		.uleb128 0xd
 500 00a8 26       		.uleb128 0x26
 501 00a9 00       		.byte	0
 502 00aa 49       		.uleb128 0x49
 503 00ab 13       		.uleb128 0x13
 504 00ac 00       		.byte	0
 505 00ad 00       		.byte	0
 506 00ae 0E       		.uleb128 0xe
 507 00af 34       		.uleb128 0x34
 508 00b0 00       		.byte	0
 509 00b1 03       		.uleb128 0x3
 510 00b2 0E       		.uleb128 0xe
 511 00b3 3A       		.uleb128 0x3a
 512 00b4 0B       		.uleb128 0xb
 513 00b5 3B       		.uleb128 0x3b
 514 00b6 0B       		.uleb128 0xb
 515 00b7 49       		.uleb128 0x49
 516 00b8 13       		.uleb128 0x13
 517 00b9 3F       		.uleb128 0x3f
 518 00ba 19       		.uleb128 0x19
 519 00bb 3C       		.uleb128 0x3c
ARM GAS  C:\Users\zakis\AppData\Local\Temp\ccVGzQg4.s 			page 11


 520 00bc 19       		.uleb128 0x19
 521 00bd 00       		.byte	0
 522 00be 00       		.byte	0
 523 00bf 0F       		.uleb128 0xf
 524 00c0 34       		.uleb128 0x34
 525 00c1 00       		.byte	0
 526 00c2 03       		.uleb128 0x3
 527 00c3 0E       		.uleb128 0xe
 528 00c4 3A       		.uleb128 0x3a
 529 00c5 0B       		.uleb128 0xb
 530 00c6 3B       		.uleb128 0x3b
 531 00c7 05       		.uleb128 0x5
 532 00c8 49       		.uleb128 0x49
 533 00c9 13       		.uleb128 0x13
 534 00ca 3F       		.uleb128 0x3f
 535 00cb 19       		.uleb128 0x19
 536 00cc 3C       		.uleb128 0x3c
 537 00cd 19       		.uleb128 0x19
 538 00ce 00       		.byte	0
 539 00cf 00       		.byte	0
 540 00d0 10       		.uleb128 0x10
 541 00d1 35       		.uleb128 0x35
 542 00d2 00       		.byte	0
 543 00d3 49       		.uleb128 0x49
 544 00d4 13       		.uleb128 0x13
 545 00d5 00       		.byte	0
 546 00d6 00       		.byte	0
 547 00d7 00       		.byte	0
 548              		.section	.debug_loc,"",%progbits
 549              	.Ldebug_loc0:
 550              	.LLST0:
 551 0000 00000000 		.4byte	.LVL0
 552 0004 02000000 		.4byte	.LVL1
 553 0008 0100     		.2byte	0x1
 554 000a 50       		.byte	0x50
 555 000b 02000000 		.4byte	.LVL1
 556 000f 04000000 		.4byte	.LFE110
 557 0013 0400     		.2byte	0x4
 558 0015 F3       		.byte	0xf3
 559 0016 01       		.uleb128 0x1
 560 0017 50       		.byte	0x50
 561 0018 9F       		.byte	0x9f
 562 0019 00000000 		.4byte	0
 563 001d 00000000 		.4byte	0
 564              		.section	.debug_aranges,"",%progbits
 565 0000 1C000000 		.4byte	0x1c
 566 0004 0200     		.2byte	0x2
 567 0006 00000000 		.4byte	.Ldebug_info0
 568 000a 04       		.byte	0x4
 569 000b 00       		.byte	0
 570 000c 0000     		.2byte	0
 571 000e 0000     		.2byte	0
 572 0010 00000000 		.4byte	.LFB110
 573 0014 04000000 		.4byte	.LFE110-.LFB110
 574 0018 00000000 		.4byte	0
 575 001c 00000000 		.4byte	0
 576              		.section	.debug_ranges,"",%progbits
ARM GAS  C:\Users\zakis\AppData\Local\Temp\ccVGzQg4.s 			page 12


 577              	.Ldebug_ranges0:
 578 0000 00000000 		.4byte	.LFB110
 579 0004 04000000 		.4byte	.LFE110
 580 0008 00000000 		.4byte	0
 581 000c 00000000 		.4byte	0
 582              		.section	.debug_line,"",%progbits
 583              	.Ldebug_line0:
 584 0000 45020000 		.section	.debug_str,"MS",%progbits,1
 584      02002D02 
 584      00000201 
 584      FB0E0D00 
 584      01010101 
 585              	.LASF53:
 586 0000 45455F73 		.ascii	"EE_std_endcycle_next_tid\000"
 586      74645F65 
 586      6E646379 
 586      636C655F 
 586      6E657874 
 587              	.LASF30:
 588 0019 52435F45 		.ascii	"RC_ERROR_BUFFER_FULL\000"
 588      52524F52 
 588      5F425546 
 588      4645525F 
 588      46554C4C 
 589              	.LASF39:
 590 002e 52435F45 		.ascii	"RC_ERROR_READ_FAILS\000"
 590      52524F52 
 590      5F524541 
 590      445F4641 
 590      494C5300 
 591              	.LASF23:
 592 0042 52435F45 		.ascii	"RC_ERROR\000"
 592      52524F52 
 592      00
 593              	.LASF57:
 594 004b 736F7572 		.ascii	"source\\rte\\sc_brakelight_type.c\000"
 594      63655C72 
 594      74655C73 
 594      635F6272 
 594      616B656C 
 595              	.LASF46:
 596 006b 52435F45 		.ascii	"RC_ERROR_UNKNOWN\000"
 596      52524F52 
 596      5F554E4B 
 596      4E4F574E 
 596      00
 597              	.LASF9:
 598 007c 5F5F696E 		.ascii	"__int32_t\000"
 598      7433325F 
 598      7400
 599              	.LASF42:
 600 0086 52435F45 		.ascii	"RC_ERROR_BAD_PARAM\000"
 600      52524F52 
 600      5F424144 
 600      5F504152 
 600      414D00
 601              	.LASF48:
ARM GAS  C:\Users\zakis\AppData\Local\Temp\ccVGzQg4.s 			page 13


 602 0099 52435F74 		.ascii	"RC_t\000"
 602      00
 603              	.LASF24:
 604 009e 52435F45 		.ascii	"RC_ERROR_NULL\000"
 604      52524F52 
 604      5F4E554C 
 604      4C00
 605              	.LASF49:
 606 00ac 53435F42 		.ascii	"SC_BRAKELIGHT_data_t\000"
 606      52414B45 
 606      4C494748 
 606      545F6461 
 606      74615F74 
 607              	.LASF43:
 608 00c1 52435F45 		.ascii	"RC_ERROR_BAD_DATA\000"
 608      52524F52 
 608      5F424144 
 608      5F444154 
 608      4100
 609              	.LASF58:
 610 00d3 433A5C55 		.ascii	"C:\\Users\\zakis\\Documents\\EAA\\RTE_Gaspedal_Watc"
 610      73657273 
 610      5C7A616B 
 610      69735C44 
 610      6F63756D 
 611 0101 68646F67 		.ascii	"hdog\\LabOne\\Gaspedal_Watchdog.cydsn\000"
 611      5C4C6162 
 611      4F6E655C 
 611      47617370 
 611      6564616C 
 612              	.LASF47:
 613 0125 52435F45 		.ascii	"RC_ERROR_NOT_IMPLEMENTED\000"
 613      52524F52 
 613      5F4E4F54 
 613      5F494D50 
 613      4C454D45 
 614              	.LASF19:
 615 013e 45455F54 		.ascii	"EE_TID\000"
 615      494400
 616              	.LASF50:
 617 0145 45455F6F 		.ascii	"EE_oo_IRQ_disable_count\000"
 617      6F5F4952 
 617      515F6469 
 617      7361626C 
 617      655F636F 
 618              	.LASF11:
 619 015d 666C6F61 		.ascii	"float\000"
 619      7400
 620              	.LASF61:
 621 0163 64617461 		.ascii	"data\000"
 621      00
 622              	.LASF1:
 623 0168 756E7369 		.ascii	"unsigned char\000"
 623      676E6564 
 623      20636861 
 623      7200
 624              	.LASF56:
ARM GAS  C:\Users\zakis\AppData\Local\Temp\ccVGzQg4.s 			page 14


 625 0176 474E5520 		.ascii	"GNU C11 5.4.1 20160609 (release) [ARM/embedded-5-br"
 625      43313120 
 625      352E342E 
 625      31203230 
 625      31363036 
 626 01a9 616E6368 		.ascii	"anch revision 237715] -mcpu=cortex-m3 -mthumb -g -O"
 626      20726576 
 626      6973696F 
 626      6E203233 
 626      37373135 
 627 01dc 67202D66 		.ascii	"g -ffunction-sections -ffat-lto-objects\000"
 627      66756E63 
 627      74696F6E 
 627      2D736563 
 627      74696F6E 
 628              	.LASF22:
 629 0204 52435F53 		.ascii	"RC_SUCCESS\000"
 629      55434345 
 629      535300
 630              	.LASF25:
 631 020f 52435F45 		.ascii	"RC_ERROR_ZERO\000"
 631      52524F52 
 631      5F5A4552 
 631      4F00
 632              	.LASF29:
 633 021d 52435F45 		.ascii	"RC_ERROR_UNDERRUN\000"
 633      52524F52 
 633      5F554E44 
 633      45525255 
 633      4E00
 634              	.LASF15:
 635 022f 45455F49 		.ascii	"EE_INT32\000"
 635      4E543332 
 635      00
 636              	.LASF5:
 637 0238 6C6F6E67 		.ascii	"long unsigned int\000"
 637      20756E73 
 637      69676E65 
 637      6420696E 
 637      7400
 638              	.LASF3:
 639 024a 73686F72 		.ascii	"short unsigned int\000"
 639      7420756E 
 639      7369676E 
 639      65642069 
 639      6E7400
 640              	.LASF33:
 641 025d 52435F45 		.ascii	"RC_ERROR_TIME_OUT\000"
 641      52524F52 
 641      5F54494D 
 641      455F4F55 
 641      5400
 642              	.LASF21:
 643 026f 626F6F6C 		.ascii	"boolean_t\000"
 643      65616E5F 
 643      7400
 644              	.LASF40:
ARM GAS  C:\Users\zakis\AppData\Local\Temp\ccVGzQg4.s 			page 15


 645 0279 52435F45 		.ascii	"RC_ERROR_WRITE_FAILS\000"
 645      52524F52 
 645      5F575249 
 645      54455F46 
 645      41494C53 
 646              	.LASF55:
 647 028e 49544D5F 		.ascii	"ITM_RxBuffer\000"
 647      52784275 
 647      66666572 
 647      00
 648              	.LASF41:
 649 029b 52435F45 		.ascii	"RC_ERROR_NOT_MATCH\000"
 649      52524F52 
 649      5F4E4F54 
 649      5F4D4154 
 649      434800
 650              	.LASF12:
 651 02ae 646F7562 		.ascii	"double\000"
 651      6C6500
 652              	.LASF54:
 653 02b5 45455F49 		.ascii	"EE_IRQ_nesting_level\000"
 653      52515F6E 
 653      65737469 
 653      6E675F6C 
 653      6576656C 
 654              	.LASF28:
 655 02ca 52435F45 		.ascii	"RC_ERROR_OVERRUN\000"
 655      52524F52 
 655      5F4F5645 
 655      5252554E 
 655      00
 656              	.LASF26:
 657 02db 52435F45 		.ascii	"RC_ERROR_MEMORY\000"
 657      52524F52 
 657      5F4D454D 
 657      4F525900 
 658              	.LASF44:
 659 02eb 52435F45 		.ascii	"RC_ERROR_CANCELED\000"
 659      52524F52 
 659      5F43414E 
 659      43454C45 
 659      4400
 660              	.LASF8:
 661 02fd 756E7369 		.ascii	"unsigned int\000"
 661      676E6564 
 661      20696E74 
 661      00
 662              	.LASF18:
 663 030a 45455F46 		.ascii	"EE_FREG\000"
 663      52454700 
 664              	.LASF16:
 665 0312 45455F55 		.ascii	"EE_UINT32\000"
 665      494E5433 
 665      3200
 666              	.LASF51:
 667 031c 45455F6F 		.ascii	"EE_oo_IRQ_suspend_status\000"
 667      6F5F4952 
ARM GAS  C:\Users\zakis\AppData\Local\Temp\ccVGzQg4.s 			page 16


 667      515F7375 
 667      7370656E 
 667      645F7374 
 668              	.LASF7:
 669 0335 6C6F6E67 		.ascii	"long long unsigned int\000"
 669      206C6F6E 
 669      6720756E 
 669      7369676E 
 669      65642069 
 670              	.LASF35:
 671 034c 52435F45 		.ascii	"RC_ERROR_CHECKSUM\000"
 671      52524F52 
 671      5F434845 
 671      434B5355 
 671      4D00
 672              	.LASF52:
 673 035e 45455F41 		.ascii	"EE_ApplicationMode\000"
 673      70706C69 
 673      63617469 
 673      6F6E4D6F 
 673      646500
 674              	.LASF10:
 675 0371 696E7433 		.ascii	"int32_t\000"
 675      325F7400 
 676              	.LASF20:
 677 0379 73697A65 		.ascii	"sizetype\000"
 677      74797065 
 677      00
 678              	.LASF6:
 679 0382 6C6F6E67 		.ascii	"long long int\000"
 679      206C6F6E 
 679      6720696E 
 679      7400
 680              	.LASF13:
 681 0390 63686172 		.ascii	"char\000"
 681      00
 682              	.LASF60:
 683 0395 53435F42 		.ascii	"SC_BRAKELIGHT_driverOut\000"
 683      52414B45 
 683      4C494748 
 683      545F6472 
 683      69766572 
 684              	.LASF17:
 685 03ad 45455F55 		.ascii	"EE_UREG\000"
 685      52454700 
 686              	.LASF32:
 687 03b5 52435F45 		.ascii	"RC_ERROR_BUSY\000"
 687      52524F52 
 687      5F425553 
 687      5900
 688              	.LASF45:
 689 03c3 52435F45 		.ascii	"RC_ERROR_INVALID_STATE\000"
 689      52524F52 
 689      5F494E56 
 689      414C4944 
 689      5F535441 
 690              	.LASF2:
ARM GAS  C:\Users\zakis\AppData\Local\Temp\ccVGzQg4.s 			page 17


 691 03da 73686F72 		.ascii	"short int\000"
 691      7420696E 
 691      7400
 692              	.LASF37:
 693 03e4 52435F45 		.ascii	"RC_ERROR_WRITE_ONLY\000"
 693      52524F52 
 693      5F575249 
 693      54455F4F 
 693      4E4C5900 
 694              	.LASF31:
 695 03f8 52435F45 		.ascii	"RC_ERROR_BUFFER_EMTPY\000"
 695      52524F52 
 695      5F425546 
 695      4645525F 
 695      454D5450 
 696              	.LASF4:
 697 040e 6C6F6E67 		.ascii	"long int\000"
 697      20696E74 
 697      00
 698              	.LASF59:
 699 0417 6D5F6272 		.ascii	"m_brakelight\000"
 699      616B656C 
 699      69676874 
 699      00
 700              	.LASF14:
 701 0424 6C6F6E67 		.ascii	"long double\000"
 701      20646F75 
 701      626C6500 
 702              	.LASF36:
 703 0430 52435F45 		.ascii	"RC_ERROR_READ_ONLY\000"
 703      52524F52 
 703      5F524541 
 703      445F4F4E 
 703      4C5900
 704              	.LASF0:
 705 0443 7369676E 		.ascii	"signed char\000"
 705      65642063 
 705      68617200 
 706              	.LASF38:
 707 044f 52435F45 		.ascii	"RC_ERROR_INVALID\000"
 707      52524F52 
 707      5F494E56 
 707      414C4944 
 707      00
 708              	.LASF34:
 709 0460 52435F45 		.ascii	"RC_ERROR_OPEN\000"
 709      52524F52 
 709      5F4F5045 
 709      4E00
 710              	.LASF27:
 711 046e 52435F45 		.ascii	"RC_ERROR_RANGE\000"
 711      52524F52 
 711      5F52414E 
 711      474500
 712              		.ident	"GCC: (GNU Tools for ARM Embedded Processors) 5.4.1 20160609 (release) [ARM/embedded-5-bran
