ARM GAS  C:\Users\zakis\AppData\Local\Temp\ccyHTLGg.s 			page 1


   1              		.syntax unified
   2              		.cpu cortex-m3
   3              		.fpu softvfp
   4              		.eabi_attribute 20, 1
   5              		.eabi_attribute 21, 1
   6              		.eabi_attribute 23, 3
   7              		.eabi_attribute 24, 1
   8              		.eabi_attribute 25, 1
   9              		.eabi_attribute 26, 1
  10              		.eabi_attribute 30, 1
  11              		.eabi_attribute 34, 1
  12              		.eabi_attribute 18, 4
  13              		.thumb
  14              		.syntax unified
  15              		.file	"sc_engine_type.c"
  16              		.text
  17              	.Ltext0:
  18              		.cfi_sections	.debug_frame
  19              		.section	.text.SC_ENGINE_driverOut,"ax",%progbits
  20              		.align	2
  21              		.global	SC_ENGINE_driverOut
  22              		.thumb
  23              		.thumb_func
  24              		.type	SC_ENGINE_driverOut, %function
  25              	SC_ENGINE_driverOut:
  26              	.LFB110:
  27              		.file 1 "source\\rte\\sc_engine_type.c"
   1:source\rte/sc_engine_type.c **** /*
   2:source\rte/sc_engine_type.c ****  * Filename: sc_engine_type.c
   3:source\rte/sc_engine_type.c ****  *
   4:source\rte/sc_engine_type.c ****  * Author: Autogenerated by H-DA RTE Generator, (c) Prof. Fromm
   5:source\rte/sc_engine_type.c ****  *
   6:source\rte/sc_engine_type.c ****  * description: Signal for engine
   7:source\rte/sc_engine_type.c ****  * name: sc_engine
   8:source\rte/sc_engine_type.c ****  * shortname: engine
   9:source\rte/sc_engine_type.c ****  *
  10:source\rte/sc_engine_type.c ****  */
  11:source\rte/sc_engine_type.c **** 
  12:source\rte/sc_engine_type.c **** #include "project.h"
  13:source\rte/sc_engine_type.c **** #include "global.h"
  14:source\rte/sc_engine_type.c **** #include "rte.h"
  15:source\rte/sc_engine_type.c **** #include "rte_types.h"
  16:source\rte/sc_engine_type.c **** #include "sc_engine_type.h"
  17:source\rte/sc_engine_type.c **** 
  18:source\rte/sc_engine_type.c **** 
  19:source\rte/sc_engine_type.c **** 
  20:source\rte/sc_engine_type.c **** /* USER CODE START SC_ENGINE_INCLUDE */
  21:source\rte/sc_engine_type.c **** #include "led.h"
  22:source\rte/sc_engine_type.c **** 
  23:source\rte/sc_engine_type.c **** /* USER CODE END SC_ENGINE_INCLUDE */
  24:source\rte/sc_engine_type.c **** 
  25:source\rte/sc_engine_type.c **** 
  26:source\rte/sc_engine_type.c **** 
  27:source\rte/sc_engine_type.c **** 
  28:source\rte/sc_engine_type.c **** /* USER CODE START SC_ENGINE_USERDEFINITIONS */
  29:source\rte/sc_engine_type.c **** 
  30:source\rte/sc_engine_type.c **** /* USER CODE END SC_ENGINE_USERDEFINITIONS */
ARM GAS  C:\Users\zakis\AppData\Local\Temp\ccyHTLGg.s 			page 2


  31:source\rte/sc_engine_type.c **** 
  32:source\rte/sc_engine_type.c **** 
  33:source\rte/sc_engine_type.c **** /*****************************************************************************************
  34:source\rte/sc_engine_type.c ****  *************** Port Wrapper Implementation for SC_ENGINE signal  ****************
  35:source\rte/sc_engine_type.c ****  *****************************************************************************************/
  36:source\rte/sc_engine_type.c ****  
  37:source\rte/sc_engine_type.c ****  
  38:source\rte/sc_engine_type.c **** /**
  39:source\rte/sc_engine_type.c ****  * Default OUT driver API
  40:source\rte/sc_engine_type.c ****  */
  41:source\rte/sc_engine_type.c **** inline RC_t SC_ENGINE_driverOut(const SC_ENGINE_data_t  *const data)
  42:source\rte/sc_engine_type.c **** {
  28              		.loc 1 42 0
  29              		.cfi_startproc
  30              		@ args = 0, pretend = 0, frame = 0
  31              		@ frame_needed = 0, uses_anonymous_args = 0
  32              	.LVL0:
  33 0000 08B5     		push	{r3, lr}
  34              		.cfi_def_cfa_offset 8
  35              		.cfi_offset 3, -8
  36              		.cfi_offset 14, -4
  43:source\rte/sc_engine_type.c **** 	/* USER CODE START driverOutSC_ENGINE */
  44:source\rte/sc_engine_type.c ****     
  45:source\rte/sc_engine_type.c **** 
  46:source\rte/sc_engine_type.c **** 	//Scale application data to drive format
  47:source\rte/sc_engine_type.c ****     //PWM Here
  48:source\rte/sc_engine_type.c ****     
  49:source\rte/sc_engine_type.c **** //    UART_Logs_PutString("Engine Value");
  50:source\rte/sc_engine_type.c **** 	//Write scaled data to driver
  51:source\rte/sc_engine_type.c ****     
  52:source\rte/sc_engine_type.c ****     LED_RGB_Set(0, data -> m_engineValue, 0);
  37              		.loc 1 52 0
  38 0002 0022     		movs	r2, #0
  39 0004 0178     		ldrb	r1, [r0]	@ zero_extendqisi2
  40 0006 1046     		mov	r0, r2
  41              	.LVL1:
  42 0008 FFF7FEFF 		bl	LED_RGB_Set
  43              	.LVL2:
  53:source\rte/sc_engine_type.c **** 
  54:source\rte/sc_engine_type.c **** 	return RC_SUCCESS;
  55:source\rte/sc_engine_type.c **** 	/* USER CODE END driverOutSC_ENGINE */
  56:source\rte/sc_engine_type.c **** }
  44              		.loc 1 56 0
  45 000c 0020     		movs	r0, #0
  46 000e 08BD     		pop	{r3, pc}
  47              		.cfi_endproc
  48              	.LFE110:
  49              		.size	SC_ENGINE_driverOut, .-SC_ENGINE_driverOut
  50              		.text
  51              	.Letext0:
  52              		.file 2 "c:\\program files (x86)\\cypress\\psoc creator\\4.4\\psoc creator\\import\\gnu\\arm\\5.4.
  53              		.file 3 "c:\\program files (x86)\\cypress\\psoc creator\\4.4\\psoc creator\\import\\gnu\\arm\\5.4.
  54              		.file 4 "Generated_Source\\PSoC5/ErikaOS_common_ee_types.inc"
  55              		.file 5 "Generated_Source\\PSoC5/ErikaOS_cortex_mx_ee_cpu.inc"
  56              		.file 6 ".\\source\\bsw/global.h"
  57              		.file 7 "source\\rte\\sc_engine_type.h"
  58              		.file 8 "Generated_Source\\PSoC5/ErikaOS_ee_oo_intfunc.inc"
ARM GAS  C:\Users\zakis\AppData\Local\Temp\ccyHTLGg.s 			page 3


  59              		.file 9 "Generated_Source\\PSoC5/ErikaOS_cortex_mx_ee_context.inc"
  60              		.file 10 "Generated_Source\\PSoC5/ErikaOS_common_ee_primitives.inc"
  61              		.file 11 "Generated_Source\\PSoC5/core_cm3.h"
  62              		.file 12 ".\\source\\bsw/led.h"
  63              		.section	.debug_info,"",%progbits
  64              	.Ldebug_info0:
  65 0000 62020000 		.4byte	0x262
  66 0004 0400     		.2byte	0x4
  67 0006 00000000 		.4byte	.Ldebug_abbrev0
  68 000a 04       		.byte	0x4
  69 000b 01       		.uleb128 0x1
  70 000c E1020000 		.4byte	.LASF57
  71 0010 0C       		.byte	0xc
  72 0011 C7030000 		.4byte	.LASF58
  73 0015 E2010000 		.4byte	.LASF59
  74 0019 00000000 		.4byte	.Ldebug_ranges0+0
  75 001d 00000000 		.4byte	0
  76 0021 00000000 		.4byte	.Ldebug_line0
  77 0025 02       		.uleb128 0x2
  78 0026 01       		.byte	0x1
  79 0027 06       		.byte	0x6
  80 0028 63020000 		.4byte	.LASF0
  81 002c 03       		.uleb128 0x3
  82 002d A9010000 		.4byte	.LASF4
  83 0031 02       		.byte	0x2
  84 0032 1D       		.byte	0x1d
  85 0033 37000000 		.4byte	0x37
  86 0037 02       		.uleb128 0x2
  87 0038 01       		.byte	0x1
  88 0039 08       		.byte	0x8
  89 003a 34020000 		.4byte	.LASF1
  90 003e 02       		.uleb128 0x2
  91 003f 02       		.byte	0x2
  92 0040 05       		.byte	0x5
  93 0041 32000000 		.4byte	.LASF2
  94 0045 02       		.uleb128 0x2
  95 0046 02       		.byte	0x2
  96 0047 07       		.byte	0x7
  97 0048 CE020000 		.4byte	.LASF3
  98 004c 03       		.uleb128 0x3
  99 004d FD030000 		.4byte	.LASF5
 100 0051 02       		.byte	0x2
 101 0052 3F       		.byte	0x3f
 102 0053 57000000 		.4byte	0x57
 103 0057 02       		.uleb128 0x2
 104 0058 04       		.byte	0x4
 105 0059 05       		.byte	0x5
 106 005a 80010000 		.4byte	.LASF6
 107 005e 02       		.uleb128 0x2
 108 005f 04       		.byte	0x4
 109 0060 07       		.byte	0x7
 110 0061 B5030000 		.4byte	.LASF7
 111 0065 02       		.uleb128 0x2
 112 0066 08       		.byte	0x8
 113 0067 05       		.byte	0x5
 114 0068 35010000 		.4byte	.LASF8
 115 006c 02       		.uleb128 0x2
ARM GAS  C:\Users\zakis\AppData\Local\Temp\ccyHTLGg.s 			page 4


 116 006d 08       		.byte	0x8
 117 006e 07       		.byte	0x7
 118 006f 6F020000 		.4byte	.LASF9
 119 0073 04       		.uleb128 0x4
 120 0074 04       		.byte	0x4
 121 0075 05       		.byte	0x5
 122 0076 696E7400 		.ascii	"int\000"
 123 007a 02       		.uleb128 0x2
 124 007b 04       		.byte	0x4
 125 007c 07       		.byte	0x7
 126 007d 86020000 		.4byte	.LASF10
 127 0081 03       		.uleb128 0x3
 128 0082 BA000000 		.4byte	.LASF11
 129 0086 03       		.byte	0x3
 130 0087 18       		.byte	0x18
 131 0088 2C000000 		.4byte	0x2c
 132 008c 03       		.uleb128 0x3
 133 008d 89030000 		.4byte	.LASF12
 134 0091 03       		.byte	0x3
 135 0092 2C       		.byte	0x2c
 136 0093 4C000000 		.4byte	0x4c
 137 0097 02       		.uleb128 0x2
 138 0098 04       		.byte	0x4
 139 0099 04       		.byte	0x4
 140 009a 16010000 		.4byte	.LASF13
 141 009e 02       		.uleb128 0x2
 142 009f 08       		.byte	0x8
 143 00a0 04       		.byte	0x4
 144 00a1 19040000 		.4byte	.LASF14
 145 00a5 02       		.uleb128 0x2
 146 00a6 01       		.byte	0x1
 147 00a7 08       		.byte	0x8
 148 00a8 6F030000 		.4byte	.LASF15
 149 00ac 02       		.uleb128 0x2
 150 00ad 08       		.byte	0x8
 151 00ae 04       		.byte	0x4
 152 00af D6010000 		.4byte	.LASF16
 153 00b3 03       		.uleb128 0x3
 154 00b4 C5020000 		.4byte	.LASF17
 155 00b8 04       		.byte	0x4
 156 00b9 53       		.byte	0x53
 157 00ba 73000000 		.4byte	0x73
 158 00be 03       		.uleb128 0x3
 159 00bf A9000000 		.4byte	.LASF18
 160 00c3 04       		.byte	0x4
 161 00c4 54       		.byte	0x54
 162 00c5 7A000000 		.4byte	0x7a
 163 00c9 03       		.uleb128 0x3
 164 00ca F5030000 		.4byte	.LASF19
 165 00ce 05       		.byte	0x5
 166 00cf 4D       		.byte	0x4d
 167 00d0 BE000000 		.4byte	0xbe
 168 00d4 03       		.uleb128 0x3
 169 00d5 79000000 		.4byte	.LASF20
 170 00d9 05       		.byte	0x5
 171 00da 4F       		.byte	0x4f
 172 00db BE000000 		.4byte	0xbe
ARM GAS  C:\Users\zakis\AppData\Local\Temp\ccyHTLGg.s 			page 5


 173 00df 03       		.uleb128 0x3
 174 00e0 B3000000 		.4byte	.LASF21
 175 00e4 05       		.byte	0x5
 176 00e5 78       		.byte	0x78
 177 00e6 B3000000 		.4byte	0xb3
 178 00ea 02       		.uleb128 0x2
 179 00eb 04       		.byte	0x4
 180 00ec 07       		.byte	0x7
 181 00ed 62000000 		.4byte	.LASF22
 182 00f1 05       		.uleb128 0x5
 183 00f2 01       		.byte	0x1
 184 00f3 25000000 		.4byte	0x25
 185 00f7 06       		.byte	0x6
 186 00f8 CF       		.byte	0xcf
 187 00f9 9A010000 		.4byte	0x19a
 188 00fd 06       		.uleb128 0x6
 189 00fe 13000000 		.4byte	.LASF23
 190 0102 00       		.byte	0
 191 0103 07       		.uleb128 0x7
 192 0104 3E040000 		.4byte	.LASF24
 193 0108 7F       		.sleb128 -1
 194 0109 07       		.uleb128 0x7
 195 010a A1020000 		.4byte	.LASF25
 196 010e 7E       		.sleb128 -2
 197 010f 07       		.uleb128 0x7
 198 0110 6B000000 		.4byte	.LASF26
 199 0114 7D       		.sleb128 -3
 200 0115 07       		.uleb128 0x7
 201 0116 47040000 		.4byte	.LASF27
 202 011a 7C       		.sleb128 -4
 203 011b 07       		.uleb128 0x7
 204 011c 07010000 		.4byte	.LASF28
 205 0120 7B       		.sleb128 -5
 206 0121 07       		.uleb128 0x7
 207 0122 3C000000 		.4byte	.LASF29
 208 0126 7A       		.sleb128 -6
 209 0127 07       		.uleb128 0x7
 210 0128 89010000 		.4byte	.LASF30
 211 012c 79       		.sleb128 -7
 212 012d 07       		.uleb128 0x7
 213 012e 74030000 		.4byte	.LASF31
 214 0132 78       		.sleb128 -8
 215 0133 07       		.uleb128 0x7
 216 0134 AF020000 		.4byte	.LASF32
 217 0138 77       		.sleb128 -9
 218 0139 07       		.uleb128 0x7
 219 013a 9B010000 		.4byte	.LASF33
 220 013e 76       		.sleb128 -10
 221 013f 07       		.uleb128 0x7
 222 0140 74040000 		.4byte	.LASF34
 223 0144 75       		.sleb128 -11
 224 0145 07       		.uleb128 0x7
 225 0146 93020000 		.4byte	.LASF35
 226 014a 74       		.sleb128 -12
 227 014b 07       		.uleb128 0x7
 228 014c E3030000 		.4byte	.LASF36
 229 0150 73       		.sleb128 -13
ARM GAS  C:\Users\zakis\AppData\Local\Temp\ccyHTLGg.s 			page 6


 230 0151 07       		.uleb128 0x7
 231 0152 00000000 		.4byte	.LASF37
 232 0156 72       		.sleb128 -14
 233 0157 07       		.uleb128 0x7
 234 0158 1E000000 		.4byte	.LASF38
 235 015c 71       		.sleb128 -15
 236 015d 07       		.uleb128 0x7
 237 015e B3010000 		.4byte	.LASF39
 238 0162 70       		.sleb128 -16
 239 0163 07       		.uleb128 0x7
 240 0164 81000000 		.4byte	.LASF40
 241 0168 6F       		.sleb128 -17
 242 0169 07       		.uleb128 0x7
 243 016a 4D000000 		.4byte	.LASF41
 244 016e 6E       		.sleb128 -18
 245 016f 07       		.uleb128 0x7
 246 0170 5C010000 		.4byte	.LASF42
 247 0174 6D       		.sleb128 -19
 248 0175 07       		.uleb128 0x7
 249 0176 50020000 		.4byte	.LASF43
 250 017a 6C       		.sleb128 -20
 251 017b 07       		.uleb128 0x7
 252 017c C4010000 		.4byte	.LASF44
 253 0180 6B       		.sleb128 -21
 254 0181 07       		.uleb128 0x7
 255 0182 07040000 		.4byte	.LASF45
 256 0186 6A       		.sleb128 -22
 257 0187 07       		.uleb128 0x7
 258 0188 C2000000 		.4byte	.LASF46
 259 018c 69       		.sleb128 -23
 260 018d 07       		.uleb128 0x7
 261 018e 6F010000 		.4byte	.LASF47
 262 0192 68       		.sleb128 -24
 263 0193 07       		.uleb128 0x7
 264 0194 1C010000 		.4byte	.LASF48
 265 0198 67       		.sleb128 -25
 266 0199 00       		.byte	0
 267 019a 03       		.uleb128 0x3
 268 019b 6F040000 		.4byte	.LASF49
 269 019f 06       		.byte	0x6
 270 01a0 EA       		.byte	0xea
 271 01a1 F1000000 		.4byte	0xf1
 272 01a5 08       		.uleb128 0x8
 273 01a6 01       		.byte	0x1
 274 01a7 07       		.byte	0x7
 275 01a8 21       		.byte	0x21
 276 01a9 BA010000 		.4byte	0x1ba
 277 01ad 09       		.uleb128 0x9
 278 01ae 42020000 		.4byte	.LASF60
 279 01b2 07       		.byte	0x7
 280 01b3 23       		.byte	0x23
 281 01b4 81000000 		.4byte	0x81
 282 01b8 00       		.byte	0
 283 01b9 00       		.byte	0
 284 01ba 03       		.uleb128 0x3
 285 01bb 20040000 		.4byte	.LASF50
 286 01bf 07       		.byte	0x7
ARM GAS  C:\Users\zakis\AppData\Local\Temp\ccyHTLGg.s 			page 7


 287 01c0 26       		.byte	0x26
 288 01c1 A5010000 		.4byte	0x1a5
 289 01c5 0A       		.uleb128 0xa
 290 01c6 95000000 		.4byte	.LASF61
 291 01ca 01       		.byte	0x1
 292 01cb 29       		.byte	0x29
 293 01cc 9A010000 		.4byte	0x19a
 294 01d0 00000000 		.4byte	.LFB110
 295 01d4 10000000 		.4byte	.LFE110-.LFB110
 296 01d8 01       		.uleb128 0x1
 297 01d9 9C       		.byte	0x9c
 298 01da 02020000 		.4byte	0x202
 299 01de 0B       		.uleb128 0xb
 300 01df 9D030000 		.4byte	.LASF62
 301 01e3 01       		.byte	0x1
 302 01e4 29       		.byte	0x29
 303 01e5 0D020000 		.4byte	0x20d
 304 01e9 00000000 		.4byte	.LLST0
 305 01ed 0C       		.uleb128 0xc
 306 01ee 0C000000 		.4byte	.LVL2
 307 01f2 5A020000 		.4byte	0x25a
 308 01f6 0D       		.uleb128 0xd
 309 01f7 01       		.uleb128 0x1
 310 01f8 50       		.byte	0x50
 311 01f9 01       		.uleb128 0x1
 312 01fa 30       		.byte	0x30
 313 01fb 0D       		.uleb128 0xd
 314 01fc 01       		.uleb128 0x1
 315 01fd 52       		.byte	0x52
 316 01fe 01       		.uleb128 0x1
 317 01ff 30       		.byte	0x30
 318 0200 00       		.byte	0
 319 0201 00       		.byte	0
 320 0202 0E       		.uleb128 0xe
 321 0203 04       		.byte	0x4
 322 0204 08020000 		.4byte	0x208
 323 0208 0F       		.uleb128 0xf
 324 0209 BA010000 		.4byte	0x1ba
 325 020d 0F       		.uleb128 0xf
 326 020e 02020000 		.4byte	0x202
 327 0212 10       		.uleb128 0x10
 328 0213 57040000 		.4byte	.LASF51
 329 0217 08       		.byte	0x8
 330 0218 40       		.byte	0x40
 331 0219 C9000000 		.4byte	0xc9
 332 021d 10       		.uleb128 0x10
 333 021e 43010000 		.4byte	.LASF52
 334 0222 08       		.byte	0x8
 335 0223 47       		.byte	0x47
 336 0224 D4000000 		.4byte	0xd4
 337 0228 10       		.uleb128 0x10
 338 0229 A2030000 		.4byte	.LASF53
 339 022d 08       		.byte	0x8
 340 022e 4A       		.byte	0x4a
 341 022f C9000000 		.4byte	0xc9
 342 0233 10       		.uleb128 0x10
 343 0234 EE000000 		.4byte	.LASF54
ARM GAS  C:\Users\zakis\AppData\Local\Temp\ccyHTLGg.s 			page 8


 344 0238 09       		.byte	0x9
 345 0239 48       		.byte	0x48
 346 023a DF000000 		.4byte	0xdf
 347 023e 10       		.uleb128 0x10
 348 023f D9000000 		.4byte	.LASF55
 349 0243 0A       		.byte	0xa
 350 0244 44       		.byte	0x44
 351 0245 C9000000 		.4byte	0xc9
 352 0249 11       		.uleb128 0x11
 353 024a 31040000 		.4byte	.LASF56
 354 024e 0B       		.byte	0xb
 355 024f 1207     		.2byte	0x712
 356 0251 55020000 		.4byte	0x255
 357 0255 12       		.uleb128 0x12
 358 0256 8C000000 		.4byte	0x8c
 359 025a 13       		.uleb128 0x13
 360 025b 91030000 		.4byte	.LASF63
 361 025f 91030000 		.4byte	.LASF63
 362 0263 0C       		.byte	0xc
 363 0264 A5       		.byte	0xa5
 364 0265 00       		.byte	0
 365              		.section	.debug_abbrev,"",%progbits
 366              	.Ldebug_abbrev0:
 367 0000 01       		.uleb128 0x1
 368 0001 11       		.uleb128 0x11
 369 0002 01       		.byte	0x1
 370 0003 25       		.uleb128 0x25
 371 0004 0E       		.uleb128 0xe
 372 0005 13       		.uleb128 0x13
 373 0006 0B       		.uleb128 0xb
 374 0007 03       		.uleb128 0x3
 375 0008 0E       		.uleb128 0xe
 376 0009 1B       		.uleb128 0x1b
 377 000a 0E       		.uleb128 0xe
 378 000b 55       		.uleb128 0x55
 379 000c 17       		.uleb128 0x17
 380 000d 11       		.uleb128 0x11
 381 000e 01       		.uleb128 0x1
 382 000f 10       		.uleb128 0x10
 383 0010 17       		.uleb128 0x17
 384 0011 00       		.byte	0
 385 0012 00       		.byte	0
 386 0013 02       		.uleb128 0x2
 387 0014 24       		.uleb128 0x24
 388 0015 00       		.byte	0
 389 0016 0B       		.uleb128 0xb
 390 0017 0B       		.uleb128 0xb
 391 0018 3E       		.uleb128 0x3e
 392 0019 0B       		.uleb128 0xb
 393 001a 03       		.uleb128 0x3
 394 001b 0E       		.uleb128 0xe
 395 001c 00       		.byte	0
 396 001d 00       		.byte	0
 397 001e 03       		.uleb128 0x3
 398 001f 16       		.uleb128 0x16
 399 0020 00       		.byte	0
 400 0021 03       		.uleb128 0x3
ARM GAS  C:\Users\zakis\AppData\Local\Temp\ccyHTLGg.s 			page 9


 401 0022 0E       		.uleb128 0xe
 402 0023 3A       		.uleb128 0x3a
 403 0024 0B       		.uleb128 0xb
 404 0025 3B       		.uleb128 0x3b
 405 0026 0B       		.uleb128 0xb
 406 0027 49       		.uleb128 0x49
 407 0028 13       		.uleb128 0x13
 408 0029 00       		.byte	0
 409 002a 00       		.byte	0
 410 002b 04       		.uleb128 0x4
 411 002c 24       		.uleb128 0x24
 412 002d 00       		.byte	0
 413 002e 0B       		.uleb128 0xb
 414 002f 0B       		.uleb128 0xb
 415 0030 3E       		.uleb128 0x3e
 416 0031 0B       		.uleb128 0xb
 417 0032 03       		.uleb128 0x3
 418 0033 08       		.uleb128 0x8
 419 0034 00       		.byte	0
 420 0035 00       		.byte	0
 421 0036 05       		.uleb128 0x5
 422 0037 04       		.uleb128 0x4
 423 0038 01       		.byte	0x1
 424 0039 0B       		.uleb128 0xb
 425 003a 0B       		.uleb128 0xb
 426 003b 49       		.uleb128 0x49
 427 003c 13       		.uleb128 0x13
 428 003d 3A       		.uleb128 0x3a
 429 003e 0B       		.uleb128 0xb
 430 003f 3B       		.uleb128 0x3b
 431 0040 0B       		.uleb128 0xb
 432 0041 01       		.uleb128 0x1
 433 0042 13       		.uleb128 0x13
 434 0043 00       		.byte	0
 435 0044 00       		.byte	0
 436 0045 06       		.uleb128 0x6
 437 0046 28       		.uleb128 0x28
 438 0047 00       		.byte	0
 439 0048 03       		.uleb128 0x3
 440 0049 0E       		.uleb128 0xe
 441 004a 1C       		.uleb128 0x1c
 442 004b 0B       		.uleb128 0xb
 443 004c 00       		.byte	0
 444 004d 00       		.byte	0
 445 004e 07       		.uleb128 0x7
 446 004f 28       		.uleb128 0x28
 447 0050 00       		.byte	0
 448 0051 03       		.uleb128 0x3
 449 0052 0E       		.uleb128 0xe
 450 0053 1C       		.uleb128 0x1c
 451 0054 0D       		.uleb128 0xd
 452 0055 00       		.byte	0
 453 0056 00       		.byte	0
 454 0057 08       		.uleb128 0x8
 455 0058 13       		.uleb128 0x13
 456 0059 01       		.byte	0x1
 457 005a 0B       		.uleb128 0xb
ARM GAS  C:\Users\zakis\AppData\Local\Temp\ccyHTLGg.s 			page 10


 458 005b 0B       		.uleb128 0xb
 459 005c 3A       		.uleb128 0x3a
 460 005d 0B       		.uleb128 0xb
 461 005e 3B       		.uleb128 0x3b
 462 005f 0B       		.uleb128 0xb
 463 0060 01       		.uleb128 0x1
 464 0061 13       		.uleb128 0x13
 465 0062 00       		.byte	0
 466 0063 00       		.byte	0
 467 0064 09       		.uleb128 0x9
 468 0065 0D       		.uleb128 0xd
 469 0066 00       		.byte	0
 470 0067 03       		.uleb128 0x3
 471 0068 0E       		.uleb128 0xe
 472 0069 3A       		.uleb128 0x3a
 473 006a 0B       		.uleb128 0xb
 474 006b 3B       		.uleb128 0x3b
 475 006c 0B       		.uleb128 0xb
 476 006d 49       		.uleb128 0x49
 477 006e 13       		.uleb128 0x13
 478 006f 38       		.uleb128 0x38
 479 0070 0B       		.uleb128 0xb
 480 0071 00       		.byte	0
 481 0072 00       		.byte	0
 482 0073 0A       		.uleb128 0xa
 483 0074 2E       		.uleb128 0x2e
 484 0075 01       		.byte	0x1
 485 0076 3F       		.uleb128 0x3f
 486 0077 19       		.uleb128 0x19
 487 0078 03       		.uleb128 0x3
 488 0079 0E       		.uleb128 0xe
 489 007a 3A       		.uleb128 0x3a
 490 007b 0B       		.uleb128 0xb
 491 007c 3B       		.uleb128 0x3b
 492 007d 0B       		.uleb128 0xb
 493 007e 27       		.uleb128 0x27
 494 007f 19       		.uleb128 0x19
 495 0080 49       		.uleb128 0x49
 496 0081 13       		.uleb128 0x13
 497 0082 11       		.uleb128 0x11
 498 0083 01       		.uleb128 0x1
 499 0084 12       		.uleb128 0x12
 500 0085 06       		.uleb128 0x6
 501 0086 40       		.uleb128 0x40
 502 0087 18       		.uleb128 0x18
 503 0088 9742     		.uleb128 0x2117
 504 008a 19       		.uleb128 0x19
 505 008b 01       		.uleb128 0x1
 506 008c 13       		.uleb128 0x13
 507 008d 00       		.byte	0
 508 008e 00       		.byte	0
 509 008f 0B       		.uleb128 0xb
 510 0090 05       		.uleb128 0x5
 511 0091 00       		.byte	0
 512 0092 03       		.uleb128 0x3
 513 0093 0E       		.uleb128 0xe
 514 0094 3A       		.uleb128 0x3a
ARM GAS  C:\Users\zakis\AppData\Local\Temp\ccyHTLGg.s 			page 11


 515 0095 0B       		.uleb128 0xb
 516 0096 3B       		.uleb128 0x3b
 517 0097 0B       		.uleb128 0xb
 518 0098 49       		.uleb128 0x49
 519 0099 13       		.uleb128 0x13
 520 009a 02       		.uleb128 0x2
 521 009b 17       		.uleb128 0x17
 522 009c 00       		.byte	0
 523 009d 00       		.byte	0
 524 009e 0C       		.uleb128 0xc
 525 009f 898201   		.uleb128 0x4109
 526 00a2 01       		.byte	0x1
 527 00a3 11       		.uleb128 0x11
 528 00a4 01       		.uleb128 0x1
 529 00a5 31       		.uleb128 0x31
 530 00a6 13       		.uleb128 0x13
 531 00a7 00       		.byte	0
 532 00a8 00       		.byte	0
 533 00a9 0D       		.uleb128 0xd
 534 00aa 8A8201   		.uleb128 0x410a
 535 00ad 00       		.byte	0
 536 00ae 02       		.uleb128 0x2
 537 00af 18       		.uleb128 0x18
 538 00b0 9142     		.uleb128 0x2111
 539 00b2 18       		.uleb128 0x18
 540 00b3 00       		.byte	0
 541 00b4 00       		.byte	0
 542 00b5 0E       		.uleb128 0xe
 543 00b6 0F       		.uleb128 0xf
 544 00b7 00       		.byte	0
 545 00b8 0B       		.uleb128 0xb
 546 00b9 0B       		.uleb128 0xb
 547 00ba 49       		.uleb128 0x49
 548 00bb 13       		.uleb128 0x13
 549 00bc 00       		.byte	0
 550 00bd 00       		.byte	0
 551 00be 0F       		.uleb128 0xf
 552 00bf 26       		.uleb128 0x26
 553 00c0 00       		.byte	0
 554 00c1 49       		.uleb128 0x49
 555 00c2 13       		.uleb128 0x13
 556 00c3 00       		.byte	0
 557 00c4 00       		.byte	0
 558 00c5 10       		.uleb128 0x10
 559 00c6 34       		.uleb128 0x34
 560 00c7 00       		.byte	0
 561 00c8 03       		.uleb128 0x3
 562 00c9 0E       		.uleb128 0xe
 563 00ca 3A       		.uleb128 0x3a
 564 00cb 0B       		.uleb128 0xb
 565 00cc 3B       		.uleb128 0x3b
 566 00cd 0B       		.uleb128 0xb
 567 00ce 49       		.uleb128 0x49
 568 00cf 13       		.uleb128 0x13
 569 00d0 3F       		.uleb128 0x3f
 570 00d1 19       		.uleb128 0x19
 571 00d2 3C       		.uleb128 0x3c
ARM GAS  C:\Users\zakis\AppData\Local\Temp\ccyHTLGg.s 			page 12


 572 00d3 19       		.uleb128 0x19
 573 00d4 00       		.byte	0
 574 00d5 00       		.byte	0
 575 00d6 11       		.uleb128 0x11
 576 00d7 34       		.uleb128 0x34
 577 00d8 00       		.byte	0
 578 00d9 03       		.uleb128 0x3
 579 00da 0E       		.uleb128 0xe
 580 00db 3A       		.uleb128 0x3a
 581 00dc 0B       		.uleb128 0xb
 582 00dd 3B       		.uleb128 0x3b
 583 00de 05       		.uleb128 0x5
 584 00df 49       		.uleb128 0x49
 585 00e0 13       		.uleb128 0x13
 586 00e1 3F       		.uleb128 0x3f
 587 00e2 19       		.uleb128 0x19
 588 00e3 3C       		.uleb128 0x3c
 589 00e4 19       		.uleb128 0x19
 590 00e5 00       		.byte	0
 591 00e6 00       		.byte	0
 592 00e7 12       		.uleb128 0x12
 593 00e8 35       		.uleb128 0x35
 594 00e9 00       		.byte	0
 595 00ea 49       		.uleb128 0x49
 596 00eb 13       		.uleb128 0x13
 597 00ec 00       		.byte	0
 598 00ed 00       		.byte	0
 599 00ee 13       		.uleb128 0x13
 600 00ef 2E       		.uleb128 0x2e
 601 00f0 00       		.byte	0
 602 00f1 3F       		.uleb128 0x3f
 603 00f2 19       		.uleb128 0x19
 604 00f3 3C       		.uleb128 0x3c
 605 00f4 19       		.uleb128 0x19
 606 00f5 6E       		.uleb128 0x6e
 607 00f6 0E       		.uleb128 0xe
 608 00f7 03       		.uleb128 0x3
 609 00f8 0E       		.uleb128 0xe
 610 00f9 3A       		.uleb128 0x3a
 611 00fa 0B       		.uleb128 0xb
 612 00fb 3B       		.uleb128 0x3b
 613 00fc 0B       		.uleb128 0xb
 614 00fd 00       		.byte	0
 615 00fe 00       		.byte	0
 616 00ff 00       		.byte	0
 617              		.section	.debug_loc,"",%progbits
 618              	.Ldebug_loc0:
 619              	.LLST0:
 620 0000 00000000 		.4byte	.LVL0
 621 0004 08000000 		.4byte	.LVL1
 622 0008 0100     		.2byte	0x1
 623 000a 50       		.byte	0x50
 624 000b 08000000 		.4byte	.LVL1
 625 000f 10000000 		.4byte	.LFE110
 626 0013 0400     		.2byte	0x4
 627 0015 F3       		.byte	0xf3
 628 0016 01       		.uleb128 0x1
ARM GAS  C:\Users\zakis\AppData\Local\Temp\ccyHTLGg.s 			page 13


 629 0017 50       		.byte	0x50
 630 0018 9F       		.byte	0x9f
 631 0019 00000000 		.4byte	0
 632 001d 00000000 		.4byte	0
 633              		.section	.debug_aranges,"",%progbits
 634 0000 1C000000 		.4byte	0x1c
 635 0004 0200     		.2byte	0x2
 636 0006 00000000 		.4byte	.Ldebug_info0
 637 000a 04       		.byte	0x4
 638 000b 00       		.byte	0
 639 000c 0000     		.2byte	0
 640 000e 0000     		.2byte	0
 641 0010 00000000 		.4byte	.LFB110
 642 0014 10000000 		.4byte	.LFE110-.LFB110
 643 0018 00000000 		.4byte	0
 644 001c 00000000 		.4byte	0
 645              		.section	.debug_ranges,"",%progbits
 646              	.Ldebug_ranges0:
 647 0000 00000000 		.4byte	.LFB110
 648 0004 10000000 		.4byte	.LFE110
 649 0008 00000000 		.4byte	0
 650 000c 00000000 		.4byte	0
 651              		.section	.debug_line,"",%progbits
 652              	.Ldebug_line0:
 653 0000 47020000 		.section	.debug_str,"MS",%progbits,1
 653      02002E02 
 653      00000201 
 653      FB0E0D00 
 653      01010101 
 654              	.LASF37:
 655 0000 52435F45 		.ascii	"RC_ERROR_READ_ONLY\000"
 655      52524F52 
 655      5F524541 
 655      445F4F4E 
 655      4C5900
 656              	.LASF23:
 657 0013 52435F53 		.ascii	"RC_SUCCESS\000"
 657      55434345 
 657      535300
 658              	.LASF38:
 659 001e 52435F45 		.ascii	"RC_ERROR_WRITE_ONLY\000"
 659      52524F52 
 659      5F575249 
 659      54455F4F 
 659      4E4C5900 
 660              	.LASF2:
 661 0032 73686F72 		.ascii	"short int\000"
 661      7420696E 
 661      7400
 662              	.LASF29:
 663 003c 52435F45 		.ascii	"RC_ERROR_OVERRUN\000"
 663      52524F52 
 663      5F4F5645 
 663      5252554E 
 663      00
 664              	.LASF41:
 665 004d 52435F45 		.ascii	"RC_ERROR_WRITE_FAILS\000"
ARM GAS  C:\Users\zakis\AppData\Local\Temp\ccyHTLGg.s 			page 14


 665      52524F52 
 665      5F575249 
 665      54455F46 
 665      41494C53 
 666              	.LASF22:
 667 0062 73697A65 		.ascii	"sizetype\000"
 667      74797065 
 667      00
 668              	.LASF26:
 669 006b 52435F45 		.ascii	"RC_ERROR_ZERO\000"
 669      52524F52 
 669      5F5A4552 
 669      4F00
 670              	.LASF20:
 671 0079 45455F46 		.ascii	"EE_FREG\000"
 671      52454700 
 672              	.LASF40:
 673 0081 52435F45 		.ascii	"RC_ERROR_READ_FAILS\000"
 673      52524F52 
 673      5F524541 
 673      445F4641 
 673      494C5300 
 674              	.LASF61:
 675 0095 53435F45 		.ascii	"SC_ENGINE_driverOut\000"
 675      4E47494E 
 675      455F6472 
 675      69766572 
 675      4F757400 
 676              	.LASF18:
 677 00a9 45455F55 		.ascii	"EE_UINT32\000"
 677      494E5433 
 677      3200
 678              	.LASF21:
 679 00b3 45455F54 		.ascii	"EE_TID\000"
 679      494400
 680              	.LASF11:
 681 00ba 75696E74 		.ascii	"uint8_t\000"
 681      385F7400 
 682              	.LASF46:
 683 00c2 52435F45 		.ascii	"RC_ERROR_INVALID_STATE\000"
 683      52524F52 
 683      5F494E56 
 683      414C4944 
 683      5F535441 
 684              	.LASF55:
 685 00d9 45455F49 		.ascii	"EE_IRQ_nesting_level\000"
 685      52515F6E 
 685      65737469 
 685      6E675F6C 
 685      6576656C 
 686              	.LASF54:
 687 00ee 45455F73 		.ascii	"EE_std_endcycle_next_tid\000"
 687      74645F65 
 687      6E646379 
 687      636C655F 
 687      6E657874 
 688              	.LASF28:
ARM GAS  C:\Users\zakis\AppData\Local\Temp\ccyHTLGg.s 			page 15


 689 0107 52435F45 		.ascii	"RC_ERROR_RANGE\000"
 689      52524F52 
 689      5F52414E 
 689      474500
 690              	.LASF13:
 691 0116 666C6F61 		.ascii	"float\000"
 691      7400
 692              	.LASF48:
 693 011c 52435F45 		.ascii	"RC_ERROR_NOT_IMPLEMENTED\000"
 693      52524F52 
 693      5F4E4F54 
 693      5F494D50 
 693      4C454D45 
 694              	.LASF8:
 695 0135 6C6F6E67 		.ascii	"long long int\000"
 695      206C6F6E 
 695      6720696E 
 695      7400
 696              	.LASF52:
 697 0143 45455F6F 		.ascii	"EE_oo_IRQ_suspend_status\000"
 697      6F5F4952 
 697      515F7375 
 697      7370656E 
 697      645F7374 
 698              	.LASF42:
 699 015c 52435F45 		.ascii	"RC_ERROR_NOT_MATCH\000"
 699      52524F52 
 699      5F4E4F54 
 699      5F4D4154 
 699      434800
 700              	.LASF47:
 701 016f 52435F45 		.ascii	"RC_ERROR_UNKNOWN\000"
 701      52524F52 
 701      5F554E4B 
 701      4E4F574E 
 701      00
 702              	.LASF6:
 703 0180 6C6F6E67 		.ascii	"long int\000"
 703      20696E74 
 703      00
 704              	.LASF30:
 705 0189 52435F45 		.ascii	"RC_ERROR_UNDERRUN\000"
 705      52524F52 
 705      5F554E44 
 705      45525255 
 705      4E00
 706              	.LASF33:
 707 019b 52435F45 		.ascii	"RC_ERROR_BUSY\000"
 707      52524F52 
 707      5F425553 
 707      5900
 708              	.LASF4:
 709 01a9 5F5F7569 		.ascii	"__uint8_t\000"
 709      6E74385F 
 709      7400
 710              	.LASF39:
 711 01b3 52435F45 		.ascii	"RC_ERROR_INVALID\000"
ARM GAS  C:\Users\zakis\AppData\Local\Temp\ccyHTLGg.s 			page 16


 711      52524F52 
 711      5F494E56 
 711      414C4944 
 711      00
 712              	.LASF44:
 713 01c4 52435F45 		.ascii	"RC_ERROR_BAD_DATA\000"
 713      52524F52 
 713      5F424144 
 713      5F444154 
 713      4100
 714              	.LASF16:
 715 01d6 6C6F6E67 		.ascii	"long double\000"
 715      20646F75 
 715      626C6500 
 716              	.LASF59:
 717 01e2 433A5C55 		.ascii	"C:\\Users\\zakis\\Documents\\EAA\\RTE_Gaspedal_Watc"
 717      73657273 
 717      5C7A616B 
 717      69735C44 
 717      6F63756D 
 718 0210 68646F67 		.ascii	"hdog\\LabOne\\Gaspedal_Watchdog.cydsn\000"
 718      5C4C6162 
 718      4F6E655C 
 718      47617370 
 718      6564616C 
 719              	.LASF1:
 720 0234 756E7369 		.ascii	"unsigned char\000"
 720      676E6564 
 720      20636861 
 720      7200
 721              	.LASF60:
 722 0242 6D5F656E 		.ascii	"m_engineValue\000"
 722      67696E65 
 722      56616C75 
 722      6500
 723              	.LASF43:
 724 0250 52435F45 		.ascii	"RC_ERROR_BAD_PARAM\000"
 724      52524F52 
 724      5F424144 
 724      5F504152 
 724      414D00
 725              	.LASF0:
 726 0263 7369676E 		.ascii	"signed char\000"
 726      65642063 
 726      68617200 
 727              	.LASF9:
 728 026f 6C6F6E67 		.ascii	"long long unsigned int\000"
 728      206C6F6E 
 728      6720756E 
 728      7369676E 
 728      65642069 
 729              	.LASF10:
 730 0286 756E7369 		.ascii	"unsigned int\000"
 730      676E6564 
 730      20696E74 
 730      00
 731              	.LASF35:
ARM GAS  C:\Users\zakis\AppData\Local\Temp\ccyHTLGg.s 			page 17


 732 0293 52435F45 		.ascii	"RC_ERROR_OPEN\000"
 732      52524F52 
 732      5F4F5045 
 732      4E00
 733              	.LASF25:
 734 02a1 52435F45 		.ascii	"RC_ERROR_NULL\000"
 734      52524F52 
 734      5F4E554C 
 734      4C00
 735              	.LASF32:
 736 02af 52435F45 		.ascii	"RC_ERROR_BUFFER_EMTPY\000"
 736      52524F52 
 736      5F425546 
 736      4645525F 
 736      454D5450 
 737              	.LASF17:
 738 02c5 45455F49 		.ascii	"EE_INT32\000"
 738      4E543332 
 738      00
 739              	.LASF3:
 740 02ce 73686F72 		.ascii	"short unsigned int\000"
 740      7420756E 
 740      7369676E 
 740      65642069 
 740      6E7400
 741              	.LASF57:
 742 02e1 474E5520 		.ascii	"GNU C11 5.4.1 20160609 (release) [ARM/embedded-5-br"
 742      43313120 
 742      352E342E 
 742      31203230 
 742      31363036 
 743 0314 616E6368 		.ascii	"anch revision 237715] -mcpu=cortex-m3 -mthumb -g -O"
 743      20726576 
 743      6973696F 
 743      6E203233 
 743      37373135 
 744 0347 67202D66 		.ascii	"g -ffunction-sections -ffat-lto-objects\000"
 744      66756E63 
 744      74696F6E 
 744      2D736563 
 744      74696F6E 
 745              	.LASF15:
 746 036f 63686172 		.ascii	"char\000"
 746      00
 747              	.LASF31:
 748 0374 52435F45 		.ascii	"RC_ERROR_BUFFER_FULL\000"
 748      52524F52 
 748      5F425546 
 748      4645525F 
 748      46554C4C 
 749              	.LASF12:
 750 0389 696E7433 		.ascii	"int32_t\000"
 750      325F7400 
 751              	.LASF63:
 752 0391 4C45445F 		.ascii	"LED_RGB_Set\000"
 752      5247425F 
 752      53657400 
ARM GAS  C:\Users\zakis\AppData\Local\Temp\ccyHTLGg.s 			page 18


 753              	.LASF62:
 754 039d 64617461 		.ascii	"data\000"
 754      00
 755              	.LASF53:
 756 03a2 45455F41 		.ascii	"EE_ApplicationMode\000"
 756      70706C69 
 756      63617469 
 756      6F6E4D6F 
 756      646500
 757              	.LASF7:
 758 03b5 6C6F6E67 		.ascii	"long unsigned int\000"
 758      20756E73 
 758      69676E65 
 758      6420696E 
 758      7400
 759              	.LASF58:
 760 03c7 736F7572 		.ascii	"source\\rte\\sc_engine_type.c\000"
 760      63655C72 
 760      74655C73 
 760      635F656E 
 760      67696E65 
 761              	.LASF36:
 762 03e3 52435F45 		.ascii	"RC_ERROR_CHECKSUM\000"
 762      52524F52 
 762      5F434845 
 762      434B5355 
 762      4D00
 763              	.LASF19:
 764 03f5 45455F55 		.ascii	"EE_UREG\000"
 764      52454700 
 765              	.LASF5:
 766 03fd 5F5F696E 		.ascii	"__int32_t\000"
 766      7433325F 
 766      7400
 767              	.LASF45:
 768 0407 52435F45 		.ascii	"RC_ERROR_CANCELED\000"
 768      52524F52 
 768      5F43414E 
 768      43454C45 
 768      4400
 769              	.LASF14:
 770 0419 646F7562 		.ascii	"double\000"
 770      6C6500
 771              	.LASF50:
 772 0420 53435F45 		.ascii	"SC_ENGINE_data_t\000"
 772      4E47494E 
 772      455F6461 
 772      74615F74 
 772      00
 773              	.LASF56:
 774 0431 49544D5F 		.ascii	"ITM_RxBuffer\000"
 774      52784275 
 774      66666572 
 774      00
 775              	.LASF24:
 776 043e 52435F45 		.ascii	"RC_ERROR\000"
 776      52524F52 
ARM GAS  C:\Users\zakis\AppData\Local\Temp\ccyHTLGg.s 			page 19


 776      00
 777              	.LASF27:
 778 0447 52435F45 		.ascii	"RC_ERROR_MEMORY\000"
 778      52524F52 
 778      5F4D454D 
 778      4F525900 
 779              	.LASF51:
 780 0457 45455F6F 		.ascii	"EE_oo_IRQ_disable_count\000"
 780      6F5F4952 
 780      515F6469 
 780      7361626C 
 780      655F636F 
 781              	.LASF49:
 782 046f 52435F74 		.ascii	"RC_t\000"
 782      00
 783              	.LASF34:
 784 0474 52435F45 		.ascii	"RC_ERROR_TIME_OUT\000"
 784      52524F52 
 784      5F54494D 
 784      455F4F55 
 784      5400
 785              		.ident	"GCC: (GNU Tools for ARM Embedded Processors) 5.4.1 20160609 (release) [ARM/embedded-5-bran
