ARM GAS  C:\Users\zakis\AppData\Local\Temp\ccRyfRd1.s 			page 1


   1              		.syntax unified
   2              		.cpu cortex-m3
   3              		.fpu softvfp
   4              		.eabi_attribute 20, 1
   5              		.eabi_attribute 21, 1
   6              		.eabi_attribute 23, 3
   7              		.eabi_attribute 24, 1
   8              		.eabi_attribute 25, 1
   9              		.eabi_attribute 26, 1
  10              		.eabi_attribute 30, 1
  11              		.eabi_attribute 34, 1
  12              		.eabi_attribute 18, 4
  13              		.thumb
  14              		.syntax unified
  15              		.file	"sc_joystick_type.c"
  16              		.text
  17              	.Ltext0:
  18              		.cfi_sections	.debug_frame
  19              		.section	.text.SC_JOYSTICK_driverIn,"ax",%progbits
  20              		.align	2
  21              		.global	SC_JOYSTICK_driverIn
  22              		.thumb
  23              		.thumb_func
  24              		.type	SC_JOYSTICK_driverIn, %function
  25              	SC_JOYSTICK_driverIn:
  26              	.LFB110:
  27              		.file 1 "source\\rte\\sc_joystick_type.c"
   1:source\rte/sc_joystick_type.c **** /*
   2:source\rte/sc_joystick_type.c ****  * Filename: sc_joystick_type.c
   3:source\rte/sc_joystick_type.c ****  *
   4:source\rte/sc_joystick_type.c ****  * Author: Autogenerated by H-DA RTE Generator, (c) Prof. Fromm
   5:source\rte/sc_joystick_type.c ****  *
   6:source\rte/sc_joystick_type.c ****  * description: Signal for Joystick 
   7:source\rte/sc_joystick_type.c ****  * name: sc_joystick
   8:source\rte/sc_joystick_type.c ****  * shortname: joystick
   9:source\rte/sc_joystick_type.c ****  *
  10:source\rte/sc_joystick_type.c ****  */
  11:source\rte/sc_joystick_type.c **** 
  12:source\rte/sc_joystick_type.c **** #include "project.h"
  13:source\rte/sc_joystick_type.c **** #include "global.h"
  14:source\rte/sc_joystick_type.c **** #include "rte.h"
  15:source\rte/sc_joystick_type.c **** #include "rte_types.h"
  16:source\rte/sc_joystick_type.c **** #include "sc_joystick_type.h"
  17:source\rte/sc_joystick_type.c **** #include "joystick.h"
  18:source\rte/sc_joystick_type.c **** 
  19:source\rte/sc_joystick_type.c **** 
  20:source\rte/sc_joystick_type.c **** 
  21:source\rte/sc_joystick_type.c **** /* USER CODE START SC_JOYSTICK_INCLUDE */
  22:source\rte/sc_joystick_type.c **** 
  23:source\rte/sc_joystick_type.c **** /* USER CODE END SC_JOYSTICK_INCLUDE */
  24:source\rte/sc_joystick_type.c **** 
  25:source\rte/sc_joystick_type.c **** 
  26:source\rte/sc_joystick_type.c **** 
  27:source\rte/sc_joystick_type.c **** 
  28:source\rte/sc_joystick_type.c **** /* USER CODE START SC_JOYSTICK_USERDEFINITIONS */
  29:source\rte/sc_joystick_type.c **** 
  30:source\rte/sc_joystick_type.c **** /* USER CODE END SC_JOYSTICK_USERDEFINITIONS */
ARM GAS  C:\Users\zakis\AppData\Local\Temp\ccRyfRd1.s 			page 2


  31:source\rte/sc_joystick_type.c **** 
  32:source\rte/sc_joystick_type.c **** 
  33:source\rte/sc_joystick_type.c **** /*****************************************************************************************
  34:source\rte/sc_joystick_type.c ****  *************** Port Wrapper Implementation for SC_JOYSTICK signal  ****************
  35:source\rte/sc_joystick_type.c ****  *****************************************************************************************/
  36:source\rte/sc_joystick_type.c ****  
  37:source\rte/sc_joystick_type.c ****  
  38:source\rte/sc_joystick_type.c **** 
  39:source\rte/sc_joystick_type.c **** /**
  40:source\rte/sc_joystick_type.c ****  * Default IN driver API
  41:source\rte/sc_joystick_type.c ****  */
  42:source\rte/sc_joystick_type.c **** inline RC_t SC_JOYSTICK_driverIn(SC_JOYSTICK_data_t *const data)
  43:source\rte/sc_joystick_type.c **** {
  28              		.loc 1 43 0
  29              		.cfi_startproc
  30              		@ args = 0, pretend = 0, frame = 8
  31              		@ frame_needed = 0, uses_anonymous_args = 0
  32              	.LVL0:
  33 0000 30B5     		push	{r4, r5, lr}
  34              		.cfi_def_cfa_offset 12
  35              		.cfi_offset 4, -12
  36              		.cfi_offset 5, -8
  37              		.cfi_offset 14, -4
  38 0002 83B0     		sub	sp, sp, #12
  39              		.cfi_def_cfa_offset 24
  40 0004 0546     		mov	r5, r0
  44:source\rte/sc_joystick_type.c **** 	/* USER CODE START driverInSC_JOYSTICK */
  45:source\rte/sc_joystick_type.c **** //    UART_Logs_PutString("JoystickIN\n");
  46:source\rte/sc_joystick_type.c **** 	//Read data from the MCAL driver
  47:source\rte/sc_joystick_type.c ****     sint8_t x = 0;
  41              		.loc 1 47 0
  42 0006 0024     		movs	r4, #0
  43 0008 8DF80740 		strb	r4, [sp, #7]
  48:source\rte/sc_joystick_type.c ****     sint8_t y = 0; 
  44              		.loc 1 48 0
  45 000c 02A9     		add	r1, sp, #8
  46 000e 01F8024D 		strb	r4, [r1, #-2]!
  47              	.LVL1:
  49:source\rte/sc_joystick_type.c ****     
  50:source\rte/sc_joystick_type.c ****     sint8_t* x_ptr = &x;
  51:source\rte/sc_joystick_type.c ****     sint8_t* y_ptr = &y;
  52:source\rte/sc_joystick_type.c ****     
  53:source\rte/sc_joystick_type.c ****     JOYSTICK_ReadPosition(x_ptr, y_ptr);
  48              		.loc 1 53 0
  49 0012 0DF10700 		add	r0, sp, #7
  50              	.LVL2:
  51 0016 FFF7FEFF 		bl	JOYSTICK_ReadPosition
  52              	.LVL3:
  54:source\rte/sc_joystick_type.c ****     data -> m_joystickValue = y;
  53              		.loc 1 54 0
  54 001a 9DF90630 		ldrsb	r3, [sp, #6]
  55 001e 2B70     		strb	r3, [r5]
  55:source\rte/sc_joystick_type.c **** 	//Scale it to the application type
  56:source\rte/sc_joystick_type.c **** 
  57:source\rte/sc_joystick_type.c **** 	return RC_SUCCESS;
  58:source\rte/sc_joystick_type.c **** 	/* USER CODE END driverInSC_JOYSTICK */
  59:source\rte/sc_joystick_type.c **** }
ARM GAS  C:\Users\zakis\AppData\Local\Temp\ccRyfRd1.s 			page 3


  56              		.loc 1 59 0
  57 0020 2046     		mov	r0, r4
  58 0022 03B0     		add	sp, sp, #12
  59              		.cfi_def_cfa_offset 12
  60              		@ sp needed
  61 0024 30BD     		pop	{r4, r5, pc}
  62              		.cfi_endproc
  63              	.LFE110:
  64              		.size	SC_JOYSTICK_driverIn, .-SC_JOYSTICK_driverIn
  65 0026 00BF     		.text
  66              	.Letext0:
  67              		.file 2 "c:\\program files (x86)\\cypress\\psoc creator\\4.4\\psoc creator\\import\\gnu\\arm\\5.4.
  68              		.file 3 "c:\\program files (x86)\\cypress\\psoc creator\\4.4\\psoc creator\\import\\gnu\\arm\\5.4.
  69              		.file 4 "Generated_Source\\PSoC5/ErikaOS_common_ee_types.inc"
  70              		.file 5 "Generated_Source\\PSoC5/ErikaOS_cortex_mx_ee_cpu.inc"
  71              		.file 6 ".\\source\\bsw/global.h"
  72              		.file 7 "source\\rte\\sc_joystick_type.h"
  73              		.file 8 "Generated_Source\\PSoC5/ErikaOS_ee_oo_intfunc.inc"
  74              		.file 9 "Generated_Source\\PSoC5/ErikaOS_cortex_mx_ee_context.inc"
  75              		.file 10 "Generated_Source\\PSoC5/ErikaOS_common_ee_primitives.inc"
  76              		.file 11 "Generated_Source\\PSoC5/core_cm3.h"
  77              		.file 12 ".\\source\\bsw/joystick.h"
  78              		.section	.debug_info,"",%progbits
  79              	.Ldebug_info0:
  80 0000 90020000 		.4byte	0x290
  81 0004 0400     		.2byte	0x4
  82 0006 00000000 		.4byte	.Ldebug_abbrev0
  83 000a 04       		.byte	0x4
  84 000b 01       		.uleb128 0x1
  85 000c D8020000 		.4byte	.LASF58
  86 0010 0C       		.byte	0xc
  87 0011 88030000 		.4byte	.LASF59
  88 0015 D7010000 		.4byte	.LASF60
  89 0019 00000000 		.4byte	.Ldebug_ranges0+0
  90 001d 00000000 		.4byte	0
  91 0021 00000000 		.4byte	.Ldebug_line0
  92 0025 02       		.uleb128 0x2
  93 0026 01       		.byte	0x1
  94 0027 06       		.byte	0x6
  95 0028 5A020000 		.4byte	.LASF0
  96 002c 02       		.uleb128 0x2
  97 002d 01       		.byte	0x1
  98 002e 08       		.byte	0x8
  99 002f 39020000 		.4byte	.LASF1
 100 0033 02       		.uleb128 0x2
 101 0034 02       		.byte	0x2
 102 0035 05       		.byte	0x5
 103 0036 38000000 		.4byte	.LASF2
 104 003a 02       		.uleb128 0x2
 105 003b 02       		.byte	0x2
 106 003c 07       		.byte	0x7
 107 003d C5020000 		.4byte	.LASF3
 108 0041 03       		.uleb128 0x3
 109 0042 0A040000 		.4byte	.LASF9
 110 0046 02       		.byte	0x2
 111 0047 3F       		.byte	0x3f
 112 0048 4C000000 		.4byte	0x4c
ARM GAS  C:\Users\zakis\AppData\Local\Temp\ccRyfRd1.s 			page 4


 113 004c 02       		.uleb128 0x2
 114 004d 04       		.byte	0x4
 115 004e 05       		.byte	0x5
 116 004f 6A010000 		.4byte	.LASF4
 117 0053 02       		.uleb128 0x2
 118 0054 04       		.byte	0x4
 119 0055 07       		.byte	0x7
 120 0056 D7030000 		.4byte	.LASF5
 121 005a 02       		.uleb128 0x2
 122 005b 08       		.byte	0x8
 123 005c 05       		.byte	0x5
 124 005d 1F010000 		.4byte	.LASF6
 125 0061 02       		.uleb128 0x2
 126 0062 08       		.byte	0x8
 127 0063 07       		.byte	0x7
 128 0064 66020000 		.4byte	.LASF7
 129 0068 04       		.uleb128 0x4
 130 0069 04       		.byte	0x4
 131 006a 05       		.byte	0x5
 132 006b 696E7400 		.ascii	"int\000"
 133 006f 02       		.uleb128 0x2
 134 0070 04       		.byte	0x4
 135 0071 07       		.byte	0x7
 136 0072 7D020000 		.4byte	.LASF8
 137 0076 03       		.uleb128 0x3
 138 0077 80030000 		.4byte	.LASF10
 139 007b 03       		.byte	0x3
 140 007c 2C       		.byte	0x2c
 141 007d 41000000 		.4byte	0x41
 142 0081 02       		.uleb128 0x2
 143 0082 04       		.byte	0x4
 144 0083 04       		.byte	0x4
 145 0084 00010000 		.4byte	.LASF11
 146 0088 02       		.uleb128 0x2
 147 0089 08       		.byte	0x8
 148 008a 04       		.byte	0x4
 149 008b E9030000 		.4byte	.LASF12
 150 008f 02       		.uleb128 0x2
 151 0090 01       		.byte	0x1
 152 0091 08       		.byte	0x8
 153 0092 66030000 		.4byte	.LASF13
 154 0096 02       		.uleb128 0x2
 155 0097 08       		.byte	0x8
 156 0098 04       		.byte	0x4
 157 0099 CB010000 		.4byte	.LASF14
 158 009d 03       		.uleb128 0x3
 159 009e BC020000 		.4byte	.LASF15
 160 00a2 04       		.byte	0x4
 161 00a3 53       		.byte	0x53
 162 00a4 68000000 		.4byte	0x68
 163 00a8 03       		.uleb128 0x3
 164 00a9 9B000000 		.4byte	.LASF16
 165 00ad 04       		.byte	0x4
 166 00ae 54       		.byte	0x54
 167 00af 6F000000 		.4byte	0x6f
 168 00b3 03       		.uleb128 0x3
 169 00b4 02040000 		.4byte	.LASF17
ARM GAS  C:\Users\zakis\AppData\Local\Temp\ccRyfRd1.s 			page 5


 170 00b8 05       		.byte	0x5
 171 00b9 4D       		.byte	0x4d
 172 00ba A8000000 		.4byte	0xa8
 173 00be 03       		.uleb128 0x3
 174 00bf 7F000000 		.4byte	.LASF18
 175 00c3 05       		.byte	0x5
 176 00c4 4F       		.byte	0x4f
 177 00c5 A8000000 		.4byte	0xa8
 178 00c9 03       		.uleb128 0x3
 179 00ca A5000000 		.4byte	.LASF19
 180 00ce 05       		.byte	0x5
 181 00cf 78       		.byte	0x78
 182 00d0 9D000000 		.4byte	0x9d
 183 00d4 02       		.uleb128 0x2
 184 00d5 04       		.byte	0x4
 185 00d6 07       		.byte	0x7
 186 00d7 68000000 		.4byte	.LASF20
 187 00db 03       		.uleb128 0x3
 188 00dc 7F040000 		.4byte	.LASF21
 189 00e0 06       		.byte	0x6
 190 00e1 90       		.byte	0x90
 191 00e2 25000000 		.4byte	0x25
 192 00e6 05       		.uleb128 0x5
 193 00e7 01       		.byte	0x1
 194 00e8 25000000 		.4byte	0x25
 195 00ec 06       		.byte	0x6
 196 00ed CF       		.byte	0xcf
 197 00ee 8F010000 		.4byte	0x18f
 198 00f2 06       		.uleb128 0x6
 199 00f3 13000000 		.4byte	.LASF22
 200 00f7 00       		.byte	0
 201 00f8 07       		.uleb128 0x7
 202 00f9 33040000 		.4byte	.LASF23
 203 00fd 7F       		.sleb128 -1
 204 00fe 07       		.uleb128 0x7
 205 00ff 98020000 		.4byte	.LASF24
 206 0103 7E       		.sleb128 -2
 207 0104 07       		.uleb128 0x7
 208 0105 71000000 		.4byte	.LASF25
 209 0109 7D       		.sleb128 -3
 210 010a 07       		.uleb128 0x7
 211 010b 52040000 		.4byte	.LASF26
 212 010f 7C       		.sleb128 -4
 213 0110 07       		.uleb128 0x7
 214 0111 F1000000 		.4byte	.LASF27
 215 0115 7B       		.sleb128 -5
 216 0116 07       		.uleb128 0x7
 217 0117 42000000 		.4byte	.LASF28
 218 011b 7A       		.sleb128 -6
 219 011c 07       		.uleb128 0x7
 220 011d 73010000 		.4byte	.LASF29
 221 0121 79       		.sleb128 -7
 222 0122 07       		.uleb128 0x7
 223 0123 6B030000 		.4byte	.LASF30
 224 0127 78       		.sleb128 -8
 225 0128 07       		.uleb128 0x7
 226 0129 A6020000 		.4byte	.LASF31
ARM GAS  C:\Users\zakis\AppData\Local\Temp\ccRyfRd1.s 			page 6


 227 012d 77       		.sleb128 -9
 228 012e 07       		.uleb128 0x7
 229 012f 85010000 		.4byte	.LASF32
 230 0133 76       		.sleb128 -10
 231 0134 07       		.uleb128 0x7
 232 0135 87040000 		.4byte	.LASF33
 233 0139 75       		.sleb128 -11
 234 013a 07       		.uleb128 0x7
 235 013b 8A020000 		.4byte	.LASF34
 236 013f 74       		.sleb128 -12
 237 0140 07       		.uleb128 0x7
 238 0141 F0030000 		.4byte	.LASF35
 239 0145 73       		.sleb128 -13
 240 0146 07       		.uleb128 0x7
 241 0147 00000000 		.4byte	.LASF36
 242 014b 72       		.sleb128 -14
 243 014c 07       		.uleb128 0x7
 244 014d 24000000 		.4byte	.LASF37
 245 0151 71       		.sleb128 -15
 246 0152 07       		.uleb128 0x7
 247 0153 93010000 		.4byte	.LASF38
 248 0157 70       		.sleb128 -16
 249 0158 07       		.uleb128 0x7
 250 0159 87000000 		.4byte	.LASF39
 251 015d 6F       		.sleb128 -17
 252 015e 07       		.uleb128 0x7
 253 015f 53000000 		.4byte	.LASF40
 254 0163 6E       		.sleb128 -18
 255 0164 07       		.uleb128 0x7
 256 0165 46010000 		.4byte	.LASF41
 257 0169 6D       		.sleb128 -19
 258 016a 07       		.uleb128 0x7
 259 016b A6030000 		.4byte	.LASF42
 260 016f 6C       		.sleb128 -20
 261 0170 07       		.uleb128 0x7
 262 0171 A4010000 		.4byte	.LASF43
 263 0175 6B       		.sleb128 -21
 264 0176 07       		.uleb128 0x7
 265 0177 14040000 		.4byte	.LASF44
 266 017b 6A       		.sleb128 -22
 267 017c 07       		.uleb128 0x7
 268 017d AC000000 		.4byte	.LASF45
 269 0181 69       		.sleb128 -23
 270 0182 07       		.uleb128 0x7
 271 0183 59010000 		.4byte	.LASF46
 272 0187 68       		.sleb128 -24
 273 0188 07       		.uleb128 0x7
 274 0189 06010000 		.4byte	.LASF47
 275 018d 67       		.sleb128 -25
 276 018e 00       		.byte	0
 277 018f 03       		.uleb128 0x3
 278 0190 7A040000 		.4byte	.LASF48
 279 0194 06       		.byte	0x6
 280 0195 EA       		.byte	0xea
 281 0196 E6000000 		.4byte	0xe6
 282 019a 08       		.uleb128 0x8
 283 019b 01       		.byte	0x1
ARM GAS  C:\Users\zakis\AppData\Local\Temp\ccRyfRd1.s 			page 7


 284 019c 07       		.byte	0x7
 285 019d 21       		.byte	0x21
 286 019e AF010000 		.4byte	0x1af
 287 01a2 09       		.uleb128 0x9
 288 01a3 29020000 		.4byte	.LASF61
 289 01a7 07       		.byte	0x7
 290 01a8 23       		.byte	0x23
 291 01a9 DB000000 		.4byte	0xdb
 292 01ad 00       		.byte	0
 293 01ae 00       		.byte	0
 294 01af 03       		.uleb128 0x3
 295 01b0 47020000 		.4byte	.LASF49
 296 01b4 07       		.byte	0x7
 297 01b5 26       		.byte	0x26
 298 01b6 9A010000 		.4byte	0x19a
 299 01ba 0A       		.uleb128 0xa
 300 01bb B6010000 		.4byte	.LASF62
 301 01bf 01       		.byte	0x1
 302 01c0 2A       		.byte	0x2a
 303 01c1 8F010000 		.4byte	0x18f
 304 01c5 00000000 		.4byte	.LFB110
 305 01c9 26000000 		.4byte	.LFE110-.LFB110
 306 01cd 01       		.uleb128 0x1
 307 01ce 9C       		.byte	0x9c
 308 01cf 2F020000 		.4byte	0x22f
 309 01d3 0B       		.uleb128 0xb
 310 01d4 B9030000 		.4byte	.LASF63
 311 01d8 01       		.byte	0x1
 312 01d9 2A       		.byte	0x2a
 313 01da 35020000 		.4byte	0x235
 314 01de 00000000 		.4byte	.LLST0
 315 01e2 0C       		.uleb128 0xc
 316 01e3 7800     		.ascii	"x\000"
 317 01e5 01       		.byte	0x1
 318 01e6 2F       		.byte	0x2f
 319 01e7 DB000000 		.4byte	0xdb
 320 01eb 02       		.uleb128 0x2
 321 01ec 91       		.byte	0x91
 322 01ed 6F       		.sleb128 -17
 323 01ee 0C       		.uleb128 0xc
 324 01ef 7900     		.ascii	"y\000"
 325 01f1 01       		.byte	0x1
 326 01f2 30       		.byte	0x30
 327 01f3 DB000000 		.4byte	0xdb
 328 01f7 02       		.uleb128 0x2
 329 01f8 91       		.byte	0x91
 330 01f9 6E       		.sleb128 -18
 331 01fa 0D       		.uleb128 0xd
 332 01fb BE030000 		.4byte	.LASF50
 333 01ff 01       		.byte	0x1
 334 0200 32       		.byte	0x32
 335 0201 3A020000 		.4byte	0x23a
 336 0205 1E000000 		.4byte	.LLST1
 337 0209 0E       		.uleb128 0xe
 338 020a 1E000000 		.4byte	.LASF51
 339 020e 01       		.byte	0x1
 340 020f 33       		.byte	0x33
ARM GAS  C:\Users\zakis\AppData\Local\Temp\ccRyfRd1.s 			page 8


 341 0210 3A020000 		.4byte	0x23a
 342 0214 03       		.uleb128 0x3
 343 0215 91       		.byte	0x91
 344 0216 6E       		.sleb128 -18
 345 0217 9F       		.byte	0x9f
 346 0218 0F       		.uleb128 0xf
 347 0219 1A000000 		.4byte	.LVL3
 348 021d 88020000 		.4byte	0x288
 349 0221 10       		.uleb128 0x10
 350 0222 01       		.uleb128 0x1
 351 0223 50       		.byte	0x50
 352 0224 02       		.uleb128 0x2
 353 0225 91       		.byte	0x91
 354 0226 6F       		.sleb128 -17
 355 0227 10       		.uleb128 0x10
 356 0228 01       		.uleb128 0x1
 357 0229 51       		.byte	0x51
 358 022a 02       		.uleb128 0x2
 359 022b 91       		.byte	0x91
 360 022c 6E       		.sleb128 -18
 361 022d 00       		.byte	0
 362 022e 00       		.byte	0
 363 022f 11       		.uleb128 0x11
 364 0230 04       		.byte	0x4
 365 0231 AF010000 		.4byte	0x1af
 366 0235 12       		.uleb128 0x12
 367 0236 2F020000 		.4byte	0x22f
 368 023a 11       		.uleb128 0x11
 369 023b 04       		.byte	0x4
 370 023c DB000000 		.4byte	0xdb
 371 0240 13       		.uleb128 0x13
 372 0241 62040000 		.4byte	.LASF52
 373 0245 08       		.byte	0x8
 374 0246 40       		.byte	0x40
 375 0247 B3000000 		.4byte	0xb3
 376 024b 13       		.uleb128 0x13
 377 024c 2D010000 		.4byte	.LASF53
 378 0250 08       		.byte	0x8
 379 0251 47       		.byte	0x47
 380 0252 BE000000 		.4byte	0xbe
 381 0256 13       		.uleb128 0x13
 382 0257 C4030000 		.4byte	.LASF54
 383 025b 08       		.byte	0x8
 384 025c 4A       		.byte	0x4a
 385 025d B3000000 		.4byte	0xb3
 386 0261 13       		.uleb128 0x13
 387 0262 D8000000 		.4byte	.LASF55
 388 0266 09       		.byte	0x9
 389 0267 48       		.byte	0x48
 390 0268 C9000000 		.4byte	0xc9
 391 026c 13       		.uleb128 0x13
 392 026d C3000000 		.4byte	.LASF56
 393 0271 0A       		.byte	0xa
 394 0272 44       		.byte	0x44
 395 0273 B3000000 		.4byte	0xb3
 396 0277 14       		.uleb128 0x14
 397 0278 26040000 		.4byte	.LASF57
ARM GAS  C:\Users\zakis\AppData\Local\Temp\ccRyfRd1.s 			page 9


 398 027c 0B       		.byte	0xb
 399 027d 1207     		.2byte	0x712
 400 027f 83020000 		.4byte	0x283
 401 0283 15       		.uleb128 0x15
 402 0284 76000000 		.4byte	0x76
 403 0288 16       		.uleb128 0x16
 404 0289 3C040000 		.4byte	.LASF64
 405 028d 3C040000 		.4byte	.LASF64
 406 0291 0C       		.byte	0xc
 407 0292 75       		.byte	0x75
 408 0293 00       		.byte	0
 409              		.section	.debug_abbrev,"",%progbits
 410              	.Ldebug_abbrev0:
 411 0000 01       		.uleb128 0x1
 412 0001 11       		.uleb128 0x11
 413 0002 01       		.byte	0x1
 414 0003 25       		.uleb128 0x25
 415 0004 0E       		.uleb128 0xe
 416 0005 13       		.uleb128 0x13
 417 0006 0B       		.uleb128 0xb
 418 0007 03       		.uleb128 0x3
 419 0008 0E       		.uleb128 0xe
 420 0009 1B       		.uleb128 0x1b
 421 000a 0E       		.uleb128 0xe
 422 000b 55       		.uleb128 0x55
 423 000c 17       		.uleb128 0x17
 424 000d 11       		.uleb128 0x11
 425 000e 01       		.uleb128 0x1
 426 000f 10       		.uleb128 0x10
 427 0010 17       		.uleb128 0x17
 428 0011 00       		.byte	0
 429 0012 00       		.byte	0
 430 0013 02       		.uleb128 0x2
 431 0014 24       		.uleb128 0x24
 432 0015 00       		.byte	0
 433 0016 0B       		.uleb128 0xb
 434 0017 0B       		.uleb128 0xb
 435 0018 3E       		.uleb128 0x3e
 436 0019 0B       		.uleb128 0xb
 437 001a 03       		.uleb128 0x3
 438 001b 0E       		.uleb128 0xe
 439 001c 00       		.byte	0
 440 001d 00       		.byte	0
 441 001e 03       		.uleb128 0x3
 442 001f 16       		.uleb128 0x16
 443 0020 00       		.byte	0
 444 0021 03       		.uleb128 0x3
 445 0022 0E       		.uleb128 0xe
 446 0023 3A       		.uleb128 0x3a
 447 0024 0B       		.uleb128 0xb
 448 0025 3B       		.uleb128 0x3b
 449 0026 0B       		.uleb128 0xb
 450 0027 49       		.uleb128 0x49
 451 0028 13       		.uleb128 0x13
 452 0029 00       		.byte	0
 453 002a 00       		.byte	0
 454 002b 04       		.uleb128 0x4
ARM GAS  C:\Users\zakis\AppData\Local\Temp\ccRyfRd1.s 			page 10


 455 002c 24       		.uleb128 0x24
 456 002d 00       		.byte	0
 457 002e 0B       		.uleb128 0xb
 458 002f 0B       		.uleb128 0xb
 459 0030 3E       		.uleb128 0x3e
 460 0031 0B       		.uleb128 0xb
 461 0032 03       		.uleb128 0x3
 462 0033 08       		.uleb128 0x8
 463 0034 00       		.byte	0
 464 0035 00       		.byte	0
 465 0036 05       		.uleb128 0x5
 466 0037 04       		.uleb128 0x4
 467 0038 01       		.byte	0x1
 468 0039 0B       		.uleb128 0xb
 469 003a 0B       		.uleb128 0xb
 470 003b 49       		.uleb128 0x49
 471 003c 13       		.uleb128 0x13
 472 003d 3A       		.uleb128 0x3a
 473 003e 0B       		.uleb128 0xb
 474 003f 3B       		.uleb128 0x3b
 475 0040 0B       		.uleb128 0xb
 476 0041 01       		.uleb128 0x1
 477 0042 13       		.uleb128 0x13
 478 0043 00       		.byte	0
 479 0044 00       		.byte	0
 480 0045 06       		.uleb128 0x6
 481 0046 28       		.uleb128 0x28
 482 0047 00       		.byte	0
 483 0048 03       		.uleb128 0x3
 484 0049 0E       		.uleb128 0xe
 485 004a 1C       		.uleb128 0x1c
 486 004b 0B       		.uleb128 0xb
 487 004c 00       		.byte	0
 488 004d 00       		.byte	0
 489 004e 07       		.uleb128 0x7
 490 004f 28       		.uleb128 0x28
 491 0050 00       		.byte	0
 492 0051 03       		.uleb128 0x3
 493 0052 0E       		.uleb128 0xe
 494 0053 1C       		.uleb128 0x1c
 495 0054 0D       		.uleb128 0xd
 496 0055 00       		.byte	0
 497 0056 00       		.byte	0
 498 0057 08       		.uleb128 0x8
 499 0058 13       		.uleb128 0x13
 500 0059 01       		.byte	0x1
 501 005a 0B       		.uleb128 0xb
 502 005b 0B       		.uleb128 0xb
 503 005c 3A       		.uleb128 0x3a
 504 005d 0B       		.uleb128 0xb
 505 005e 3B       		.uleb128 0x3b
 506 005f 0B       		.uleb128 0xb
 507 0060 01       		.uleb128 0x1
 508 0061 13       		.uleb128 0x13
 509 0062 00       		.byte	0
 510 0063 00       		.byte	0
 511 0064 09       		.uleb128 0x9
ARM GAS  C:\Users\zakis\AppData\Local\Temp\ccRyfRd1.s 			page 11


 512 0065 0D       		.uleb128 0xd
 513 0066 00       		.byte	0
 514 0067 03       		.uleb128 0x3
 515 0068 0E       		.uleb128 0xe
 516 0069 3A       		.uleb128 0x3a
 517 006a 0B       		.uleb128 0xb
 518 006b 3B       		.uleb128 0x3b
 519 006c 0B       		.uleb128 0xb
 520 006d 49       		.uleb128 0x49
 521 006e 13       		.uleb128 0x13
 522 006f 38       		.uleb128 0x38
 523 0070 0B       		.uleb128 0xb
 524 0071 00       		.byte	0
 525 0072 00       		.byte	0
 526 0073 0A       		.uleb128 0xa
 527 0074 2E       		.uleb128 0x2e
 528 0075 01       		.byte	0x1
 529 0076 3F       		.uleb128 0x3f
 530 0077 19       		.uleb128 0x19
 531 0078 03       		.uleb128 0x3
 532 0079 0E       		.uleb128 0xe
 533 007a 3A       		.uleb128 0x3a
 534 007b 0B       		.uleb128 0xb
 535 007c 3B       		.uleb128 0x3b
 536 007d 0B       		.uleb128 0xb
 537 007e 27       		.uleb128 0x27
 538 007f 19       		.uleb128 0x19
 539 0080 49       		.uleb128 0x49
 540 0081 13       		.uleb128 0x13
 541 0082 11       		.uleb128 0x11
 542 0083 01       		.uleb128 0x1
 543 0084 12       		.uleb128 0x12
 544 0085 06       		.uleb128 0x6
 545 0086 40       		.uleb128 0x40
 546 0087 18       		.uleb128 0x18
 547 0088 9742     		.uleb128 0x2117
 548 008a 19       		.uleb128 0x19
 549 008b 01       		.uleb128 0x1
 550 008c 13       		.uleb128 0x13
 551 008d 00       		.byte	0
 552 008e 00       		.byte	0
 553 008f 0B       		.uleb128 0xb
 554 0090 05       		.uleb128 0x5
 555 0091 00       		.byte	0
 556 0092 03       		.uleb128 0x3
 557 0093 0E       		.uleb128 0xe
 558 0094 3A       		.uleb128 0x3a
 559 0095 0B       		.uleb128 0xb
 560 0096 3B       		.uleb128 0x3b
 561 0097 0B       		.uleb128 0xb
 562 0098 49       		.uleb128 0x49
 563 0099 13       		.uleb128 0x13
 564 009a 02       		.uleb128 0x2
 565 009b 17       		.uleb128 0x17
 566 009c 00       		.byte	0
 567 009d 00       		.byte	0
 568 009e 0C       		.uleb128 0xc
ARM GAS  C:\Users\zakis\AppData\Local\Temp\ccRyfRd1.s 			page 12


 569 009f 34       		.uleb128 0x34
 570 00a0 00       		.byte	0
 571 00a1 03       		.uleb128 0x3
 572 00a2 08       		.uleb128 0x8
 573 00a3 3A       		.uleb128 0x3a
 574 00a4 0B       		.uleb128 0xb
 575 00a5 3B       		.uleb128 0x3b
 576 00a6 0B       		.uleb128 0xb
 577 00a7 49       		.uleb128 0x49
 578 00a8 13       		.uleb128 0x13
 579 00a9 02       		.uleb128 0x2
 580 00aa 18       		.uleb128 0x18
 581 00ab 00       		.byte	0
 582 00ac 00       		.byte	0
 583 00ad 0D       		.uleb128 0xd
 584 00ae 34       		.uleb128 0x34
 585 00af 00       		.byte	0
 586 00b0 03       		.uleb128 0x3
 587 00b1 0E       		.uleb128 0xe
 588 00b2 3A       		.uleb128 0x3a
 589 00b3 0B       		.uleb128 0xb
 590 00b4 3B       		.uleb128 0x3b
 591 00b5 0B       		.uleb128 0xb
 592 00b6 49       		.uleb128 0x49
 593 00b7 13       		.uleb128 0x13
 594 00b8 02       		.uleb128 0x2
 595 00b9 17       		.uleb128 0x17
 596 00ba 00       		.byte	0
 597 00bb 00       		.byte	0
 598 00bc 0E       		.uleb128 0xe
 599 00bd 34       		.uleb128 0x34
 600 00be 00       		.byte	0
 601 00bf 03       		.uleb128 0x3
 602 00c0 0E       		.uleb128 0xe
 603 00c1 3A       		.uleb128 0x3a
 604 00c2 0B       		.uleb128 0xb
 605 00c3 3B       		.uleb128 0x3b
 606 00c4 0B       		.uleb128 0xb
 607 00c5 49       		.uleb128 0x49
 608 00c6 13       		.uleb128 0x13
 609 00c7 02       		.uleb128 0x2
 610 00c8 18       		.uleb128 0x18
 611 00c9 00       		.byte	0
 612 00ca 00       		.byte	0
 613 00cb 0F       		.uleb128 0xf
 614 00cc 898201   		.uleb128 0x4109
 615 00cf 01       		.byte	0x1
 616 00d0 11       		.uleb128 0x11
 617 00d1 01       		.uleb128 0x1
 618 00d2 31       		.uleb128 0x31
 619 00d3 13       		.uleb128 0x13
 620 00d4 00       		.byte	0
 621 00d5 00       		.byte	0
 622 00d6 10       		.uleb128 0x10
 623 00d7 8A8201   		.uleb128 0x410a
 624 00da 00       		.byte	0
 625 00db 02       		.uleb128 0x2
ARM GAS  C:\Users\zakis\AppData\Local\Temp\ccRyfRd1.s 			page 13


 626 00dc 18       		.uleb128 0x18
 627 00dd 9142     		.uleb128 0x2111
 628 00df 18       		.uleb128 0x18
 629 00e0 00       		.byte	0
 630 00e1 00       		.byte	0
 631 00e2 11       		.uleb128 0x11
 632 00e3 0F       		.uleb128 0xf
 633 00e4 00       		.byte	0
 634 00e5 0B       		.uleb128 0xb
 635 00e6 0B       		.uleb128 0xb
 636 00e7 49       		.uleb128 0x49
 637 00e8 13       		.uleb128 0x13
 638 00e9 00       		.byte	0
 639 00ea 00       		.byte	0
 640 00eb 12       		.uleb128 0x12
 641 00ec 26       		.uleb128 0x26
 642 00ed 00       		.byte	0
 643 00ee 49       		.uleb128 0x49
 644 00ef 13       		.uleb128 0x13
 645 00f0 00       		.byte	0
 646 00f1 00       		.byte	0
 647 00f2 13       		.uleb128 0x13
 648 00f3 34       		.uleb128 0x34
 649 00f4 00       		.byte	0
 650 00f5 03       		.uleb128 0x3
 651 00f6 0E       		.uleb128 0xe
 652 00f7 3A       		.uleb128 0x3a
 653 00f8 0B       		.uleb128 0xb
 654 00f9 3B       		.uleb128 0x3b
 655 00fa 0B       		.uleb128 0xb
 656 00fb 49       		.uleb128 0x49
 657 00fc 13       		.uleb128 0x13
 658 00fd 3F       		.uleb128 0x3f
 659 00fe 19       		.uleb128 0x19
 660 00ff 3C       		.uleb128 0x3c
 661 0100 19       		.uleb128 0x19
 662 0101 00       		.byte	0
 663 0102 00       		.byte	0
 664 0103 14       		.uleb128 0x14
 665 0104 34       		.uleb128 0x34
 666 0105 00       		.byte	0
 667 0106 03       		.uleb128 0x3
 668 0107 0E       		.uleb128 0xe
 669 0108 3A       		.uleb128 0x3a
 670 0109 0B       		.uleb128 0xb
 671 010a 3B       		.uleb128 0x3b
 672 010b 05       		.uleb128 0x5
 673 010c 49       		.uleb128 0x49
 674 010d 13       		.uleb128 0x13
 675 010e 3F       		.uleb128 0x3f
 676 010f 19       		.uleb128 0x19
 677 0110 3C       		.uleb128 0x3c
 678 0111 19       		.uleb128 0x19
 679 0112 00       		.byte	0
 680 0113 00       		.byte	0
 681 0114 15       		.uleb128 0x15
 682 0115 35       		.uleb128 0x35
ARM GAS  C:\Users\zakis\AppData\Local\Temp\ccRyfRd1.s 			page 14


 683 0116 00       		.byte	0
 684 0117 49       		.uleb128 0x49
 685 0118 13       		.uleb128 0x13
 686 0119 00       		.byte	0
 687 011a 00       		.byte	0
 688 011b 16       		.uleb128 0x16
 689 011c 2E       		.uleb128 0x2e
 690 011d 00       		.byte	0
 691 011e 3F       		.uleb128 0x3f
 692 011f 19       		.uleb128 0x19
 693 0120 3C       		.uleb128 0x3c
 694 0121 19       		.uleb128 0x19
 695 0122 6E       		.uleb128 0x6e
 696 0123 0E       		.uleb128 0xe
 697 0124 03       		.uleb128 0x3
 698 0125 0E       		.uleb128 0xe
 699 0126 3A       		.uleb128 0x3a
 700 0127 0B       		.uleb128 0xb
 701 0128 3B       		.uleb128 0x3b
 702 0129 0B       		.uleb128 0xb
 703 012a 00       		.byte	0
 704 012b 00       		.byte	0
 705 012c 00       		.byte	0
 706              		.section	.debug_loc,"",%progbits
 707              	.Ldebug_loc0:
 708              	.LLST0:
 709 0000 00000000 		.4byte	.LVL0
 710 0004 16000000 		.4byte	.LVL2
 711 0008 0100     		.2byte	0x1
 712 000a 50       		.byte	0x50
 713 000b 16000000 		.4byte	.LVL2
 714 000f 26000000 		.4byte	.LFE110
 715 0013 0100     		.2byte	0x1
 716 0015 55       		.byte	0x55
 717 0016 00000000 		.4byte	0
 718 001a 00000000 		.4byte	0
 719              	.LLST1:
 720 001e 12000000 		.4byte	.LVL1
 721 0022 16000000 		.4byte	.LVL2
 722 0026 0300     		.2byte	0x3
 723 0028 91       		.byte	0x91
 724 0029 6F       		.sleb128 -17
 725 002a 9F       		.byte	0x9f
 726 002b 16000000 		.4byte	.LVL2
 727 002f 19000000 		.4byte	.LVL3-1
 728 0033 0100     		.2byte	0x1
 729 0035 50       		.byte	0x50
 730 0036 19000000 		.4byte	.LVL3-1
 731 003a 26000000 		.4byte	.LFE110
 732 003e 0300     		.2byte	0x3
 733 0040 91       		.byte	0x91
 734 0041 6F       		.sleb128 -17
 735 0042 9F       		.byte	0x9f
 736 0043 00000000 		.4byte	0
 737 0047 00000000 		.4byte	0
 738              		.section	.debug_aranges,"",%progbits
 739 0000 1C000000 		.4byte	0x1c
ARM GAS  C:\Users\zakis\AppData\Local\Temp\ccRyfRd1.s 			page 15


 740 0004 0200     		.2byte	0x2
 741 0006 00000000 		.4byte	.Ldebug_info0
 742 000a 04       		.byte	0x4
 743 000b 00       		.byte	0
 744 000c 0000     		.2byte	0
 745 000e 0000     		.2byte	0
 746 0010 00000000 		.4byte	.LFB110
 747 0014 26000000 		.4byte	.LFE110-.LFB110
 748 0018 00000000 		.4byte	0
 749 001c 00000000 		.4byte	0
 750              		.section	.debug_ranges,"",%progbits
 751              	.Ldebug_ranges0:
 752 0000 00000000 		.4byte	.LFB110
 753 0004 26000000 		.4byte	.LFE110
 754 0008 00000000 		.4byte	0
 755 000c 00000000 		.4byte	0
 756              		.section	.debug_line,"",%progbits
 757              	.Ldebug_line0:
 758 0000 51020000 		.section	.debug_str,"MS",%progbits,1
 758      02003702 
 758      00000201 
 758      FB0E0D00 
 758      01010101 
 759              	.LASF36:
 760 0000 52435F45 		.ascii	"RC_ERROR_READ_ONLY\000"
 760      52524F52 
 760      5F524541 
 760      445F4F4E 
 760      4C5900
 761              	.LASF22:
 762 0013 52435F53 		.ascii	"RC_SUCCESS\000"
 762      55434345 
 762      535300
 763              	.LASF51:
 764 001e 795F7074 		.ascii	"y_ptr\000"
 764      7200
 765              	.LASF37:
 766 0024 52435F45 		.ascii	"RC_ERROR_WRITE_ONLY\000"
 766      52524F52 
 766      5F575249 
 766      54455F4F 
 766      4E4C5900 
 767              	.LASF2:
 768 0038 73686F72 		.ascii	"short int\000"
 768      7420696E 
 768      7400
 769              	.LASF28:
 770 0042 52435F45 		.ascii	"RC_ERROR_OVERRUN\000"
 770      52524F52 
 770      5F4F5645 
 770      5252554E 
 770      00
 771              	.LASF40:
 772 0053 52435F45 		.ascii	"RC_ERROR_WRITE_FAILS\000"
 772      52524F52 
 772      5F575249 
 772      54455F46 
ARM GAS  C:\Users\zakis\AppData\Local\Temp\ccRyfRd1.s 			page 16


 772      41494C53 
 773              	.LASF20:
 774 0068 73697A65 		.ascii	"sizetype\000"
 774      74797065 
 774      00
 775              	.LASF25:
 776 0071 52435F45 		.ascii	"RC_ERROR_ZERO\000"
 776      52524F52 
 776      5F5A4552 
 776      4F00
 777              	.LASF18:
 778 007f 45455F46 		.ascii	"EE_FREG\000"
 778      52454700 
 779              	.LASF39:
 780 0087 52435F45 		.ascii	"RC_ERROR_READ_FAILS\000"
 780      52524F52 
 780      5F524541 
 780      445F4641 
 780      494C5300 
 781              	.LASF16:
 782 009b 45455F55 		.ascii	"EE_UINT32\000"
 782      494E5433 
 782      3200
 783              	.LASF19:
 784 00a5 45455F54 		.ascii	"EE_TID\000"
 784      494400
 785              	.LASF45:
 786 00ac 52435F45 		.ascii	"RC_ERROR_INVALID_STATE\000"
 786      52524F52 
 786      5F494E56 
 786      414C4944 
 786      5F535441 
 787              	.LASF56:
 788 00c3 45455F49 		.ascii	"EE_IRQ_nesting_level\000"
 788      52515F6E 
 788      65737469 
 788      6E675F6C 
 788      6576656C 
 789              	.LASF55:
 790 00d8 45455F73 		.ascii	"EE_std_endcycle_next_tid\000"
 790      74645F65 
 790      6E646379 
 790      636C655F 
 790      6E657874 
 791              	.LASF27:
 792 00f1 52435F45 		.ascii	"RC_ERROR_RANGE\000"
 792      52524F52 
 792      5F52414E 
 792      474500
 793              	.LASF11:
 794 0100 666C6F61 		.ascii	"float\000"
 794      7400
 795              	.LASF47:
 796 0106 52435F45 		.ascii	"RC_ERROR_NOT_IMPLEMENTED\000"
 796      52524F52 
 796      5F4E4F54 
 796      5F494D50 
ARM GAS  C:\Users\zakis\AppData\Local\Temp\ccRyfRd1.s 			page 17


 796      4C454D45 
 797              	.LASF6:
 798 011f 6C6F6E67 		.ascii	"long long int\000"
 798      206C6F6E 
 798      6720696E 
 798      7400
 799              	.LASF53:
 800 012d 45455F6F 		.ascii	"EE_oo_IRQ_suspend_status\000"
 800      6F5F4952 
 800      515F7375 
 800      7370656E 
 800      645F7374 
 801              	.LASF41:
 802 0146 52435F45 		.ascii	"RC_ERROR_NOT_MATCH\000"
 802      52524F52 
 802      5F4E4F54 
 802      5F4D4154 
 802      434800
 803              	.LASF46:
 804 0159 52435F45 		.ascii	"RC_ERROR_UNKNOWN\000"
 804      52524F52 
 804      5F554E4B 
 804      4E4F574E 
 804      00
 805              	.LASF4:
 806 016a 6C6F6E67 		.ascii	"long int\000"
 806      20696E74 
 806      00
 807              	.LASF29:
 808 0173 52435F45 		.ascii	"RC_ERROR_UNDERRUN\000"
 808      52524F52 
 808      5F554E44 
 808      45525255 
 808      4E00
 809              	.LASF32:
 810 0185 52435F45 		.ascii	"RC_ERROR_BUSY\000"
 810      52524F52 
 810      5F425553 
 810      5900
 811              	.LASF38:
 812 0193 52435F45 		.ascii	"RC_ERROR_INVALID\000"
 812      52524F52 
 812      5F494E56 
 812      414C4944 
 812      00
 813              	.LASF43:
 814 01a4 52435F45 		.ascii	"RC_ERROR_BAD_DATA\000"
 814      52524F52 
 814      5F424144 
 814      5F444154 
 814      4100
 815              	.LASF62:
 816 01b6 53435F4A 		.ascii	"SC_JOYSTICK_driverIn\000"
 816      4F595354 
 816      49434B5F 
 816      64726976 
 816      6572496E 
ARM GAS  C:\Users\zakis\AppData\Local\Temp\ccRyfRd1.s 			page 18


 817              	.LASF14:
 818 01cb 6C6F6E67 		.ascii	"long double\000"
 818      20646F75 
 818      626C6500 
 819              	.LASF60:
 820 01d7 433A5C55 		.ascii	"C:\\Users\\zakis\\Documents\\EAA\\RTE_Gaspedal_Watc"
 820      73657273 
 820      5C7A616B 
 820      69735C44 
 820      6F63756D 
 821 0205 68646F67 		.ascii	"hdog\\LabOne\\Gaspedal_Watchdog.cydsn\000"
 821      5C4C6162 
 821      4F6E655C 
 821      47617370 
 821      6564616C 
 822              	.LASF61:
 823 0229 6D5F6A6F 		.ascii	"m_joystickValue\000"
 823      79737469 
 823      636B5661 
 823      6C756500 
 824              	.LASF1:
 825 0239 756E7369 		.ascii	"unsigned char\000"
 825      676E6564 
 825      20636861 
 825      7200
 826              	.LASF49:
 827 0247 53435F4A 		.ascii	"SC_JOYSTICK_data_t\000"
 827      4F595354 
 827      49434B5F 
 827      64617461 
 827      5F7400
 828              	.LASF0:
 829 025a 7369676E 		.ascii	"signed char\000"
 829      65642063 
 829      68617200 
 830              	.LASF7:
 831 0266 6C6F6E67 		.ascii	"long long unsigned int\000"
 831      206C6F6E 
 831      6720756E 
 831      7369676E 
 831      65642069 
 832              	.LASF8:
 833 027d 756E7369 		.ascii	"unsigned int\000"
 833      676E6564 
 833      20696E74 
 833      00
 834              	.LASF34:
 835 028a 52435F45 		.ascii	"RC_ERROR_OPEN\000"
 835      52524F52 
 835      5F4F5045 
 835      4E00
 836              	.LASF24:
 837 0298 52435F45 		.ascii	"RC_ERROR_NULL\000"
 837      52524F52 
 837      5F4E554C 
 837      4C00
 838              	.LASF31:
ARM GAS  C:\Users\zakis\AppData\Local\Temp\ccRyfRd1.s 			page 19


 839 02a6 52435F45 		.ascii	"RC_ERROR_BUFFER_EMTPY\000"
 839      52524F52 
 839      5F425546 
 839      4645525F 
 839      454D5450 
 840              	.LASF15:
 841 02bc 45455F49 		.ascii	"EE_INT32\000"
 841      4E543332 
 841      00
 842              	.LASF3:
 843 02c5 73686F72 		.ascii	"short unsigned int\000"
 843      7420756E 
 843      7369676E 
 843      65642069 
 843      6E7400
 844              	.LASF58:
 845 02d8 474E5520 		.ascii	"GNU C11 5.4.1 20160609 (release) [ARM/embedded-5-br"
 845      43313120 
 845      352E342E 
 845      31203230 
 845      31363036 
 846 030b 616E6368 		.ascii	"anch revision 237715] -mcpu=cortex-m3 -mthumb -g -O"
 846      20726576 
 846      6973696F 
 846      6E203233 
 846      37373135 
 847 033e 67202D66 		.ascii	"g -ffunction-sections -ffat-lto-objects\000"
 847      66756E63 
 847      74696F6E 
 847      2D736563 
 847      74696F6E 
 848              	.LASF13:
 849 0366 63686172 		.ascii	"char\000"
 849      00
 850              	.LASF30:
 851 036b 52435F45 		.ascii	"RC_ERROR_BUFFER_FULL\000"
 851      52524F52 
 851      5F425546 
 851      4645525F 
 851      46554C4C 
 852              	.LASF10:
 853 0380 696E7433 		.ascii	"int32_t\000"
 853      325F7400 
 854              	.LASF59:
 855 0388 736F7572 		.ascii	"source\\rte\\sc_joystick_type.c\000"
 855      63655C72 
 855      74655C73 
 855      635F6A6F 
 855      79737469 
 856              	.LASF42:
 857 03a6 52435F45 		.ascii	"RC_ERROR_BAD_PARAM\000"
 857      52524F52 
 857      5F424144 
 857      5F504152 
 857      414D00
 858              	.LASF63:
 859 03b9 64617461 		.ascii	"data\000"
ARM GAS  C:\Users\zakis\AppData\Local\Temp\ccRyfRd1.s 			page 20


 859      00
 860              	.LASF50:
 861 03be 785F7074 		.ascii	"x_ptr\000"
 861      7200
 862              	.LASF54:
 863 03c4 45455F41 		.ascii	"EE_ApplicationMode\000"
 863      70706C69 
 863      63617469 
 863      6F6E4D6F 
 863      646500
 864              	.LASF5:
 865 03d7 6C6F6E67 		.ascii	"long unsigned int\000"
 865      20756E73 
 865      69676E65 
 865      6420696E 
 865      7400
 866              	.LASF12:
 867 03e9 646F7562 		.ascii	"double\000"
 867      6C6500
 868              	.LASF35:
 869 03f0 52435F45 		.ascii	"RC_ERROR_CHECKSUM\000"
 869      52524F52 
 869      5F434845 
 869      434B5355 
 869      4D00
 870              	.LASF17:
 871 0402 45455F55 		.ascii	"EE_UREG\000"
 871      52454700 
 872              	.LASF9:
 873 040a 5F5F696E 		.ascii	"__int32_t\000"
 873      7433325F 
 873      7400
 874              	.LASF44:
 875 0414 52435F45 		.ascii	"RC_ERROR_CANCELED\000"
 875      52524F52 
 875      5F43414E 
 875      43454C45 
 875      4400
 876              	.LASF57:
 877 0426 49544D5F 		.ascii	"ITM_RxBuffer\000"
 877      52784275 
 877      66666572 
 877      00
 878              	.LASF23:
 879 0433 52435F45 		.ascii	"RC_ERROR\000"
 879      52524F52 
 879      00
 880              	.LASF64:
 881 043c 4A4F5953 		.ascii	"JOYSTICK_ReadPosition\000"
 881      5449434B 
 881      5F526561 
 881      64506F73 
 881      6974696F 
 882              	.LASF26:
 883 0452 52435F45 		.ascii	"RC_ERROR_MEMORY\000"
 883      52524F52 
 883      5F4D454D 
ARM GAS  C:\Users\zakis\AppData\Local\Temp\ccRyfRd1.s 			page 21


 883      4F525900 
 884              	.LASF52:
 885 0462 45455F6F 		.ascii	"EE_oo_IRQ_disable_count\000"
 885      6F5F4952 
 885      515F6469 
 885      7361626C 
 885      655F636F 
 886              	.LASF48:
 887 047a 52435F74 		.ascii	"RC_t\000"
 887      00
 888              	.LASF21:
 889 047f 73696E74 		.ascii	"sint8_t\000"
 889      385F7400 
 890              	.LASF33:
 891 0487 52435F45 		.ascii	"RC_ERROR_TIME_OUT\000"
 891      52524F52 
 891      5F54494D 
 891      455F4F55 
 891      5400
 892              		.ident	"GCC: (GNU Tools for ARM Embedded Processors) 5.4.1 20160609 (release) [ARM/embedded-5-bran
