ARM GAS  C:\Users\zakis\AppData\Local\Temp\ccavhrSg.s 			page 1


   1              		.syntax unified
   2              		.cpu cortex-m3
   3              		.fpu softvfp
   4              		.eabi_attribute 20, 1
   5              		.eabi_attribute 21, 1
   6              		.eabi_attribute 23, 3
   7              		.eabi_attribute 24, 1
   8              		.eabi_attribute 25, 1
   9              		.eabi_attribute 26, 1
  10              		.eabi_attribute 30, 1
  11              		.eabi_attribute 34, 1
  12              		.eabi_attribute 18, 4
  13              		.thumb
  14              		.syntax unified
  15              		.file	"sc_logging_type.c"
  16              		.text
  17              	.Ltext0:
  18              		.cfi_sections	.debug_frame
  19              		.section	.text.SC_LOGGING_driverOut,"ax",%progbits
  20              		.align	2
  21              		.global	SC_LOGGING_driverOut
  22              		.thumb
  23              		.thumb_func
  24              		.type	SC_LOGGING_driverOut, %function
  25              	SC_LOGGING_driverOut:
  26              	.LFB111:
  27              		.file 1 "source\\rte\\sc_logging_type.c"
   1:source\rte/sc_logging_type.c **** /*
   2:source\rte/sc_logging_type.c ****  * Filename: sc_logging_type.c
   3:source\rte/sc_logging_type.c ****  *
   4:source\rte/sc_logging_type.c ****  * Author: Autogenerated by H-DA RTE Generator, (c) Prof. Fromm
   5:source\rte/sc_logging_type.c ****  *
   6:source\rte/sc_logging_type.c ****  * description: signal for HMI devices
   7:source\rte/sc_logging_type.c ****  * name: sc_logging
   8:source\rte/sc_logging_type.c ****  * shortname: logging
   9:source\rte/sc_logging_type.c ****  *
  10:source\rte/sc_logging_type.c ****  */
  11:source\rte/sc_logging_type.c **** 
  12:source\rte/sc_logging_type.c **** #include "project.h"
  13:source\rte/sc_logging_type.c **** #include "global.h"
  14:source\rte/sc_logging_type.c **** #include "rte.h"
  15:source\rte/sc_logging_type.c **** #include "rte_types.h"
  16:source\rte/sc_logging_type.c **** #include "sc_logging_type.h"
  17:source\rte/sc_logging_type.c **** 
  18:source\rte/sc_logging_type.c **** 
  19:source\rte/sc_logging_type.c **** 
  20:source\rte/sc_logging_type.c **** /* USER CODE START SC_LOGGING_INCLUDE */
  21:source\rte/sc_logging_type.c **** #include "tft.h"
  22:source\rte/sc_logging_type.c **** 
  23:source\rte/sc_logging_type.c **** /* USER CODE END SC_LOGGING_INCLUDE */
  24:source\rte/sc_logging_type.c **** 
  25:source\rte/sc_logging_type.c **** 
  26:source\rte/sc_logging_type.c **** 
  27:source\rte/sc_logging_type.c **** 
  28:source\rte/sc_logging_type.c **** /* USER CODE START SC_LOGGING_USERDEFINITIONS */
  29:source\rte/sc_logging_type.c **** 
  30:source\rte/sc_logging_type.c **** /* USER CODE END SC_LOGGING_USERDEFINITIONS */
ARM GAS  C:\Users\zakis\AppData\Local\Temp\ccavhrSg.s 			page 2


  31:source\rte/sc_logging_type.c **** 
  32:source\rte/sc_logging_type.c **** 
  33:source\rte/sc_logging_type.c **** /*****************************************************************************************
  34:source\rte/sc_logging_type.c ****  *************** Port Wrapper Implementation for SC_LOGGING signal  ****************
  35:source\rte/sc_logging_type.c ****  *****************************************************************************************/
  36:source\rte/sc_logging_type.c ****  
  37:source\rte/sc_logging_type.c ****  
  38:source\rte/sc_logging_type.c **** /**
  39:source\rte/sc_logging_type.c ****  * Default OUT driver API
  40:source\rte/sc_logging_type.c ****  */
  41:source\rte/sc_logging_type.c **** inline RC_t SC_LOGGING_driverOut(const SC_LOGGING_data_t  *const data)
  42:source\rte/sc_logging_type.c **** {
  28              		.loc 1 42 0
  29              		.cfi_startproc
  30              		@ args = 0, pretend = 0, frame = 0
  31              		@ frame_needed = 0, uses_anonymous_args = 0
  32              	.LVL0:
  33 0000 10B5     		push	{r4, lr}
  34              		.cfi_def_cfa_offset 8
  35              		.cfi_offset 4, -8
  36              		.cfi_offset 14, -4
  37 0002 0446     		mov	r4, r0
  43:source\rte/sc_logging_type.c **** 	/* USER CODE START driverOutSC_LOGGING */
  44:source\rte/sc_logging_type.c ****     
  45:source\rte/sc_logging_type.c ****     static boolean_t firstUse = 1;
  46:source\rte/sc_logging_type.c ****     
  47:source\rte/sc_logging_type.c ****     if (firstUse == 1){
  38              		.loc 1 47 0
  39 0004 194B     		ldr	r3, .L6
  40 0006 1B78     		ldrb	r3, [r3]	@ zero_extendqisi2
  41 0008 012B     		cmp	r3, #1
  42 000a 0CD1     		bne	.L2
  48:source\rte/sc_logging_type.c ****         UART_Logs_PutString(data->m_loggingEntity);
  43              		.loc 1 48 0
  44 000c 0068     		ldr	r0, [r0]
  45              	.LVL1:
  46 000e FFF7FEFF 		bl	UART_Logs_PutString
  47              	.LVL2:
  49:source\rte/sc_logging_type.c ****         
  50:source\rte/sc_logging_type.c ****         TFT_setCursor(0, 30);
  48              		.loc 1 50 0
  49 0012 1E21     		movs	r1, #30
  50 0014 0020     		movs	r0, #0
  51 0016 FFF7FEFF 		bl	TFT_setCursor
  52              	.LVL3:
  51:source\rte/sc_logging_type.c ****         TFT_print(data->m_loggingEntity);
  53              		.loc 1 51 0
  54 001a 2068     		ldr	r0, [r4]
  55 001c FFF7FEFF 		bl	TFT_print
  56              	.LVL4:
  52:source\rte/sc_logging_type.c ****         firstUse = 0;
  57              		.loc 1 52 0
  58 0020 0022     		movs	r2, #0
  59 0022 124B     		ldr	r3, .L6
  60 0024 1A70     		strb	r2, [r3]
  61              	.L2:
  53:source\rte/sc_logging_type.c ****     } 
ARM GAS  C:\Users\zakis\AppData\Local\Temp\ccavhrSg.s 			page 3


  54:source\rte/sc_logging_type.c ****     
  55:source\rte/sc_logging_type.c ****     if (data ->loggingDisabled == 1){
  62              		.loc 1 55 0
  63 0026 237A     		ldrb	r3, [r4, #8]	@ zero_extendqisi2
  64 0028 012B     		cmp	r3, #1
  65 002a 09D1     		bne	.L3
  56:source\rte/sc_logging_type.c ****         TFT_setCursor(0, 0);
  66              		.loc 1 56 0
  67 002c 0021     		movs	r1, #0
  68 002e 0846     		mov	r0, r1
  69 0030 FFF7FEFF 		bl	TFT_setCursor
  70              	.LVL5:
  57:source\rte/sc_logging_type.c ****         TFT_clearScreen();
  71              		.loc 1 57 0
  72 0034 FFF7FEFF 		bl	TFT_clearScreen
  73              	.LVL6:
  58:source\rte/sc_logging_type.c ****         TFT_print("Logging Disabled to enhance performance");
  74              		.loc 1 58 0
  75 0038 0D48     		ldr	r0, .L6+4
  76 003a FFF7FEFF 		bl	TFT_print
  77              	.LVL7:
  59:source\rte/sc_logging_type.c ****         return RC_SUCCESS;
  78              		.loc 1 59 0
  79 003e 12E0     		b	.L4
  80              	.L3:
  60:source\rte/sc_logging_type.c ****     }
  61:source\rte/sc_logging_type.c ****     
  62:source\rte/sc_logging_type.c ****     UART_Logs_PutString(data->m_loggingEntity);
  81              		.loc 1 62 0
  82 0040 2068     		ldr	r0, [r4]
  83 0042 FFF7FEFF 		bl	UART_Logs_PutString
  84              	.LVL8:
  63:source\rte/sc_logging_type.c ****     UART_Logs_PutString(": ");
  85              		.loc 1 63 0
  86 0046 0B48     		ldr	r0, .L6+8
  87 0048 FFF7FEFF 		bl	UART_Logs_PutString
  88              	.LVL9:
  64:source\rte/sc_logging_type.c ****     UART_Logs_PutString(data->loggingValue);
  89              		.loc 1 64 0
  90 004c 6068     		ldr	r0, [r4, #4]
  91 004e FFF7FEFF 		bl	UART_Logs_PutString
  92              	.LVL10:
  65:source\rte/sc_logging_type.c ****     UART_Logs_PutString("\n");
  93              		.loc 1 65 0
  94 0052 0948     		ldr	r0, .L6+12
  95 0054 FFF7FEFF 		bl	UART_Logs_PutString
  96              	.LVL11:
  66:source\rte/sc_logging_type.c ****     
  67:source\rte/sc_logging_type.c ****     TFT_setCursor(0, 40);
  97              		.loc 1 67 0
  98 0058 2821     		movs	r1, #40
  99 005a 0020     		movs	r0, #0
 100 005c FFF7FEFF 		bl	TFT_setCursor
 101              	.LVL12:
  68:source\rte/sc_logging_type.c ****     TFT_print(data->loggingValue);
 102              		.loc 1 68 0
 103 0060 6068     		ldr	r0, [r4, #4]
ARM GAS  C:\Users\zakis\AppData\Local\Temp\ccavhrSg.s 			page 4


 104 0062 FFF7FEFF 		bl	TFT_print
 105              	.LVL13:
 106              	.L4:
  69:source\rte/sc_logging_type.c ****     
  70:source\rte/sc_logging_type.c **** 
  71:source\rte/sc_logging_type.c ****     return RC_SUCCESS;
  72:source\rte/sc_logging_type.c ****     
  73:source\rte/sc_logging_type.c **** 	//Write scaled data to driver
  74:source\rte/sc_logging_type.c **** 
  75:source\rte/sc_logging_type.c **** 	/* USER CODE END driverOutSC_LOGGING */
  76:source\rte/sc_logging_type.c **** }
 107              		.loc 1 76 0
 108 0066 0020     		movs	r0, #0
 109 0068 10BD     		pop	{r4, pc}
 110              	.LVL14:
 111              	.L7:
 112 006a 00BF     		.align	2
 113              	.L6:
 114 006c 00000000 		.word	.LANCHOR0
 115 0070 00000000 		.word	.LC0
 116 0074 28000000 		.word	.LC1
 117 0078 2C000000 		.word	.LC2
 118              		.cfi_endproc
 119              	.LFE111:
 120              		.size	SC_LOGGING_driverOut, .-SC_LOGGING_driverOut
 121              		.data
 122              		.set	.LANCHOR0,. + 0
 123              		.type	firstUse.7847, %object
 124              		.size	firstUse.7847, 1
 125              	firstUse.7847:
 126 0000 01       		.byte	1
 127              		.section	.rodata.str1.4,"aMS",%progbits,1
 128              		.align	2
 129              	.LC0:
 130 0000 4C6F6767 		.ascii	"Logging Disabled to enhance performance\000"
 130      696E6720 
 130      44697361 
 130      626C6564 
 130      20746F20 
 131              	.LC1:
 132 0028 3A2000   		.ascii	": \000"
 133 002b 00       		.space	1
 134              	.LC2:
 135 002c 0A00     		.ascii	"\012\000"
 136              		.text
 137              	.Letext0:
 138              		.file 2 "c:\\program files (x86)\\cypress\\psoc creator\\4.4\\psoc creator\\import\\gnu\\arm\\5.4.
 139              		.file 3 "c:\\program files (x86)\\cypress\\psoc creator\\4.4\\psoc creator\\import\\gnu\\arm\\5.4.
 140              		.file 4 "Generated_Source\\PSoC5/ErikaOS_common_ee_types.inc"
 141              		.file 5 "Generated_Source\\PSoC5/ErikaOS_cortex_mx_ee_cpu.inc"
 142              		.file 6 ".\\source\\bsw/global.h"
 143              		.file 7 "source\\rte\\sc_logging_type.h"
 144              		.file 8 "Generated_Source\\PSoC5/ErikaOS_ee_oo_intfunc.inc"
 145              		.file 9 "Generated_Source\\PSoC5/ErikaOS_cortex_mx_ee_context.inc"
 146              		.file 10 "Generated_Source\\PSoC5/ErikaOS_common_ee_primitives.inc"
 147              		.file 11 "Generated_Source\\PSoC5/core_cm3.h"
 148              		.file 12 "Generated_Source\\PSoC5/UART_Logs.h"
ARM GAS  C:\Users\zakis\AppData\Local\Temp\ccavhrSg.s 			page 5


 149              		.file 13 ".\\source\\bsw\\tft/tft.h"
 150              		.section	.debug_info,"",%progbits
 151              	.Ldebug_info0:
 152 0000 7A030000 		.4byte	0x37a
 153 0004 0400     		.2byte	0x4
 154 0006 00000000 		.4byte	.Ldebug_abbrev0
 155 000a 04       		.byte	0x4
 156 000b 01       		.uleb128 0x1
 157 000c 1F030000 		.4byte	.LASF66
 158 0010 0C       		.byte	0xc
 159 0011 D8010000 		.4byte	.LASF67
 160 0015 38020000 		.4byte	.LASF68
 161 0019 00000000 		.4byte	.Ldebug_ranges0+0
 162 001d 00000000 		.4byte	0
 163 0021 00000000 		.4byte	.Ldebug_line0
 164 0025 02       		.uleb128 0x2
 165 0026 01       		.byte	0x1
 166 0027 06       		.byte	0x6
 167 0028 98020000 		.4byte	.LASF0
 168 002c 03       		.uleb128 0x3
 169 002d F5010000 		.4byte	.LASF4
 170 0031 02       		.byte	0x2
 171 0032 1D       		.byte	0x1d
 172 0033 37000000 		.4byte	0x37
 173 0037 02       		.uleb128 0x2
 174 0038 01       		.byte	0x1
 175 0039 08       		.byte	0x8
 176 003a 8A020000 		.4byte	.LASF1
 177 003e 02       		.uleb128 0x2
 178 003f 02       		.byte	0x2
 179 0040 05       		.byte	0x5
 180 0041 32000000 		.4byte	.LASF2
 181 0045 02       		.uleb128 0x2
 182 0046 02       		.byte	0x2
 183 0047 07       		.byte	0x7
 184 0048 0C030000 		.4byte	.LASF3
 185 004c 03       		.uleb128 0x3
 186 004d 81040000 		.4byte	.LASF5
 187 0051 02       		.byte	0x2
 188 0052 3F       		.byte	0x3f
 189 0053 57000000 		.4byte	0x57
 190 0057 02       		.uleb128 0x2
 191 0058 04       		.byte	0x4
 192 0059 05       		.byte	0x5
 193 005a A8010000 		.4byte	.LASF6
 194 005e 02       		.uleb128 0x2
 195 005f 04       		.byte	0x4
 196 0060 07       		.byte	0x7
 197 0061 2A040000 		.4byte	.LASF7
 198 0065 02       		.uleb128 0x2
 199 0066 08       		.byte	0x8
 200 0067 05       		.byte	0x5
 201 0068 5D010000 		.4byte	.LASF8
 202 006c 02       		.uleb128 0x2
 203 006d 08       		.byte	0x8
 204 006e 07       		.byte	0x7
 205 006f A4020000 		.4byte	.LASF9
ARM GAS  C:\Users\zakis\AppData\Local\Temp\ccavhrSg.s 			page 6


 206 0073 04       		.uleb128 0x4
 207 0074 04       		.byte	0x4
 208 0075 05       		.byte	0x5
 209 0076 696E7400 		.ascii	"int\000"
 210 007a 02       		.uleb128 0x2
 211 007b 04       		.byte	0x4
 212 007c 07       		.byte	0x7
 213 007d BB020000 		.4byte	.LASF10
 214 0081 03       		.uleb128 0x3
 215 0082 C0000000 		.4byte	.LASF11
 216 0086 03       		.byte	0x3
 217 0087 18       		.byte	0x18
 218 0088 2C000000 		.4byte	0x2c
 219 008c 03       		.uleb128 0x3
 220 008d C7030000 		.4byte	.LASF12
 221 0091 03       		.byte	0x3
 222 0092 2C       		.byte	0x2c
 223 0093 4C000000 		.4byte	0x4c
 224 0097 02       		.uleb128 0x2
 225 0098 04       		.byte	0x4
 226 0099 04       		.byte	0x4
 227 009a 1C010000 		.4byte	.LASF13
 228 009e 02       		.uleb128 0x2
 229 009f 08       		.byte	0x8
 230 00a0 04       		.byte	0x4
 231 00a1 50040000 		.4byte	.LASF14
 232 00a5 02       		.uleb128 0x2
 233 00a6 01       		.byte	0x1
 234 00a7 08       		.byte	0x8
 235 00a8 AD030000 		.4byte	.LASF15
 236 00ac 02       		.uleb128 0x2
 237 00ad 08       		.byte	0x8
 238 00ae 04       		.byte	0x4
 239 00af 2C020000 		.4byte	.LASF16
 240 00b3 03       		.uleb128 0x3
 241 00b4 03030000 		.4byte	.LASF17
 242 00b8 04       		.byte	0x4
 243 00b9 53       		.byte	0x53
 244 00ba 73000000 		.4byte	0x73
 245 00be 03       		.uleb128 0x3
 246 00bf 9F000000 		.4byte	.LASF18
 247 00c3 04       		.byte	0x4
 248 00c4 54       		.byte	0x54
 249 00c5 7A000000 		.4byte	0x7a
 250 00c9 03       		.uleb128 0x3
 251 00ca 69040000 		.4byte	.LASF19
 252 00ce 05       		.byte	0x5
 253 00cf 4D       		.byte	0x4d
 254 00d0 BE000000 		.4byte	0xbe
 255 00d4 03       		.uleb128 0x3
 256 00d5 83000000 		.4byte	.LASF20
 257 00d9 05       		.byte	0x5
 258 00da 4F       		.byte	0x4f
 259 00db BE000000 		.4byte	0xbe
 260 00df 03       		.uleb128 0x3
 261 00e0 B9000000 		.4byte	.LASF21
 262 00e4 05       		.byte	0x5
ARM GAS  C:\Users\zakis\AppData\Local\Temp\ccavhrSg.s 			page 7


 263 00e5 78       		.byte	0x78
 264 00e6 B3000000 		.4byte	0xb3
 265 00ea 02       		.uleb128 0x2
 266 00eb 04       		.byte	0x4
 267 00ec 07       		.byte	0x7
 268 00ed 6C000000 		.4byte	.LASF22
 269 00f1 03       		.uleb128 0x3
 270 00f2 22020000 		.4byte	.LASF23
 271 00f6 06       		.byte	0x6
 272 00f7 9C       		.byte	0x9c
 273 00f8 37000000 		.4byte	0x37
 274 00fc 03       		.uleb128 0x3
 275 00fd C3010000 		.4byte	.LASF24
 276 0101 06       		.byte	0x6
 277 0102 9D       		.byte	0x9d
 278 0103 A5000000 		.4byte	0xa5
 279 0107 05       		.uleb128 0x5
 280 0108 01       		.byte	0x1
 281 0109 25000000 		.4byte	0x25
 282 010d 06       		.byte	0x6
 283 010e CF       		.byte	0xcf
 284 010f B0010000 		.4byte	0x1b0
 285 0113 06       		.uleb128 0x6
 286 0114 13000000 		.4byte	.LASF25
 287 0118 00       		.byte	0
 288 0119 07       		.uleb128 0x7
 289 011a AA040000 		.4byte	.LASF26
 290 011e 7F       		.sleb128 -1
 291 011f 07       		.uleb128 0x7
 292 0120 DF020000 		.4byte	.LASF27
 293 0124 7E       		.sleb128 -2
 294 0125 07       		.uleb128 0x7
 295 0126 75000000 		.4byte	.LASF28
 296 012a 7D       		.sleb128 -3
 297 012b 07       		.uleb128 0x7
 298 012c B3040000 		.4byte	.LASF29
 299 0130 7C       		.sleb128 -4
 300 0131 07       		.uleb128 0x7
 301 0132 0D010000 		.4byte	.LASF30
 302 0136 7B       		.sleb128 -5
 303 0137 07       		.uleb128 0x7
 304 0138 3C000000 		.4byte	.LASF31
 305 013c 7A       		.sleb128 -6
 306 013d 07       		.uleb128 0x7
 307 013e B1010000 		.4byte	.LASF32
 308 0142 79       		.sleb128 -7
 309 0143 07       		.uleb128 0x7
 310 0144 B2030000 		.4byte	.LASF33
 311 0148 78       		.sleb128 -8
 312 0149 07       		.uleb128 0x7
 313 014a ED020000 		.4byte	.LASF34
 314 014e 77       		.sleb128 -9
 315 014f 07       		.uleb128 0x7
 316 0150 CA010000 		.4byte	.LASF35
 317 0154 76       		.sleb128 -10
 318 0155 07       		.uleb128 0x7
 319 0156 E0040000 		.4byte	.LASF36
ARM GAS  C:\Users\zakis\AppData\Local\Temp\ccavhrSg.s 			page 8


 320 015a 75       		.sleb128 -11
 321 015b 07       		.uleb128 0x7
 322 015c C8020000 		.4byte	.LASF37
 323 0160 74       		.sleb128 -12
 324 0161 07       		.uleb128 0x7
 325 0162 57040000 		.4byte	.LASF38
 326 0166 73       		.sleb128 -13
 327 0167 07       		.uleb128 0x7
 328 0168 00000000 		.4byte	.LASF39
 329 016c 72       		.sleb128 -14
 330 016d 07       		.uleb128 0x7
 331 016e 1E000000 		.4byte	.LASF40
 332 0172 71       		.sleb128 -15
 333 0173 07       		.uleb128 0x7
 334 0174 FF010000 		.4byte	.LASF41
 335 0178 70       		.sleb128 -16
 336 0179 07       		.uleb128 0x7
 337 017a 8B000000 		.4byte	.LASF42
 338 017e 6F       		.sleb128 -17
 339 017f 07       		.uleb128 0x7
 340 0180 4D000000 		.4byte	.LASF43
 341 0184 6E       		.sleb128 -18
 342 0185 07       		.uleb128 0x7
 343 0186 84010000 		.4byte	.LASF44
 344 018a 6D       		.sleb128 -19
 345 018b 07       		.uleb128 0x7
 346 018c EF030000 		.4byte	.LASF45
 347 0190 6C       		.sleb128 -20
 348 0191 07       		.uleb128 0x7
 349 0192 10020000 		.4byte	.LASF46
 350 0196 6B       		.sleb128 -21
 351 0197 07       		.uleb128 0x7
 352 0198 8B040000 		.4byte	.LASF47
 353 019c 6A       		.sleb128 -22
 354 019d 07       		.uleb128 0x7
 355 019e C8000000 		.4byte	.LASF48
 356 01a2 69       		.sleb128 -23
 357 01a3 07       		.uleb128 0x7
 358 01a4 97010000 		.4byte	.LASF49
 359 01a8 68       		.sleb128 -24
 360 01a9 07       		.uleb128 0x7
 361 01aa 44010000 		.4byte	.LASF50
 362 01ae 67       		.sleb128 -25
 363 01af 00       		.byte	0
 364 01b0 03       		.uleb128 0x3
 365 01b1 DB040000 		.4byte	.LASF51
 366 01b5 06       		.byte	0x6
 367 01b6 EA       		.byte	0xea
 368 01b7 07010000 		.4byte	0x107
 369 01bb 08       		.uleb128 0x8
 370 01bc 0C       		.byte	0xc
 371 01bd 07       		.byte	0x7
 372 01be 24       		.byte	0x24
 373 01bf E8010000 		.4byte	0x1e8
 374 01c3 09       		.uleb128 0x9
 375 01c4 71040000 		.4byte	.LASF52
 376 01c8 07       		.byte	0x7
ARM GAS  C:\Users\zakis\AppData\Local\Temp\ccavhrSg.s 			page 9


 377 01c9 27       		.byte	0x27
 378 01ca E8010000 		.4byte	0x1e8
 379 01ce 00       		.byte	0
 380 01cf 09       		.uleb128 0x9
 381 01d0 37010000 		.4byte	.LASF53
 382 01d4 07       		.byte	0x7
 383 01d5 28       		.byte	0x28
 384 01d6 E8010000 		.4byte	0x1e8
 385 01da 04       		.byte	0x4
 386 01db 09       		.uleb128 0x9
 387 01dc 07040000 		.4byte	.LASF54
 388 01e0 07       		.byte	0x7
 389 01e1 29       		.byte	0x29
 390 01e2 81000000 		.4byte	0x81
 391 01e6 08       		.byte	0x8
 392 01e7 00       		.byte	0
 393 01e8 0A       		.uleb128 0xa
 394 01e9 04       		.byte	0x4
 395 01ea FC000000 		.4byte	0xfc
 396 01ee 03       		.uleb128 0x3
 397 01ef DD030000 		.4byte	.LASF55
 398 01f3 07       		.byte	0x7
 399 01f4 2C       		.byte	0x2c
 400 01f5 BB010000 		.4byte	0x1bb
 401 01f9 0B       		.uleb128 0xb
 402 01fa 22010000 		.4byte	.LASF69
 403 01fe 01       		.byte	0x1
 404 01ff 29       		.byte	0x29
 405 0200 B0010000 		.4byte	0x1b0
 406 0204 00000000 		.4byte	.LFB111
 407 0208 7C000000 		.4byte	.LFE111-.LFB111
 408 020c 01       		.uleb128 0x1
 409 020d 9C       		.byte	0x9c
 410 020e F7020000 		.4byte	0x2f7
 411 0212 0C       		.uleb128 0xc
 412 0213 02040000 		.4byte	.LASF70
 413 0217 01       		.byte	0x1
 414 0218 29       		.byte	0x29
 415 0219 02030000 		.4byte	0x302
 416 021d 00000000 		.4byte	.LLST0
 417 0221 0D       		.uleb128 0xd
 418 0222 D6020000 		.4byte	.LASF71
 419 0226 01       		.byte	0x1
 420 0227 2D       		.byte	0x2d
 421 0228 F1000000 		.4byte	0xf1
 422 022c 05       		.uleb128 0x5
 423 022d 03       		.byte	0x3
 424 022e 00000000 		.4byte	firstUse.7847
 425 0232 0E       		.uleb128 0xe
 426 0233 12000000 		.4byte	.LVL2
 427 0237 4F030000 		.4byte	0x34f
 428 023b 0F       		.uleb128 0xf
 429 023c 1A000000 		.4byte	.LVL3
 430 0240 5A030000 		.4byte	0x35a
 431 0244 53020000 		.4byte	0x253
 432 0248 10       		.uleb128 0x10
 433 0249 01       		.uleb128 0x1
ARM GAS  C:\Users\zakis\AppData\Local\Temp\ccavhrSg.s 			page 10


 434 024a 50       		.byte	0x50
 435 024b 01       		.uleb128 0x1
 436 024c 30       		.byte	0x30
 437 024d 10       		.uleb128 0x10
 438 024e 01       		.uleb128 0x1
 439 024f 51       		.byte	0x51
 440 0250 01       		.uleb128 0x1
 441 0251 4E       		.byte	0x4e
 442 0252 00       		.byte	0
 443 0253 0E       		.uleb128 0xe
 444 0254 20000000 		.4byte	.LVL4
 445 0258 66030000 		.4byte	0x366
 446 025c 0F       		.uleb128 0xf
 447 025d 34000000 		.4byte	.LVL5
 448 0261 5A030000 		.4byte	0x35a
 449 0265 74020000 		.4byte	0x274
 450 0269 10       		.uleb128 0x10
 451 026a 01       		.uleb128 0x1
 452 026b 50       		.byte	0x50
 453 026c 01       		.uleb128 0x1
 454 026d 30       		.byte	0x30
 455 026e 10       		.uleb128 0x10
 456 026f 01       		.uleb128 0x1
 457 0270 51       		.byte	0x51
 458 0271 01       		.uleb128 0x1
 459 0272 30       		.byte	0x30
 460 0273 00       		.byte	0
 461 0274 0E       		.uleb128 0xe
 462 0275 38000000 		.4byte	.LVL6
 463 0279 72030000 		.4byte	0x372
 464 027d 0F       		.uleb128 0xf
 465 027e 3E000000 		.4byte	.LVL7
 466 0282 66030000 		.4byte	0x366
 467 0286 94020000 		.4byte	0x294
 468 028a 10       		.uleb128 0x10
 469 028b 01       		.uleb128 0x1
 470 028c 50       		.byte	0x50
 471 028d 05       		.uleb128 0x5
 472 028e 03       		.byte	0x3
 473 028f 00000000 		.4byte	.LC0
 474 0293 00       		.byte	0
 475 0294 0E       		.uleb128 0xe
 476 0295 46000000 		.4byte	.LVL8
 477 0299 4F030000 		.4byte	0x34f
 478 029d 0F       		.uleb128 0xf
 479 029e 4C000000 		.4byte	.LVL9
 480 02a2 4F030000 		.4byte	0x34f
 481 02a6 B4020000 		.4byte	0x2b4
 482 02aa 10       		.uleb128 0x10
 483 02ab 01       		.uleb128 0x1
 484 02ac 50       		.byte	0x50
 485 02ad 05       		.uleb128 0x5
 486 02ae 03       		.byte	0x3
 487 02af 28000000 		.4byte	.LC1
 488 02b3 00       		.byte	0
 489 02b4 0E       		.uleb128 0xe
 490 02b5 52000000 		.4byte	.LVL10
ARM GAS  C:\Users\zakis\AppData\Local\Temp\ccavhrSg.s 			page 11


 491 02b9 4F030000 		.4byte	0x34f
 492 02bd 0F       		.uleb128 0xf
 493 02be 58000000 		.4byte	.LVL11
 494 02c2 4F030000 		.4byte	0x34f
 495 02c6 D4020000 		.4byte	0x2d4
 496 02ca 10       		.uleb128 0x10
 497 02cb 01       		.uleb128 0x1
 498 02cc 50       		.byte	0x50
 499 02cd 05       		.uleb128 0x5
 500 02ce 03       		.byte	0x3
 501 02cf 2C000000 		.4byte	.LC2
 502 02d3 00       		.byte	0
 503 02d4 0F       		.uleb128 0xf
 504 02d5 60000000 		.4byte	.LVL12
 505 02d9 5A030000 		.4byte	0x35a
 506 02dd ED020000 		.4byte	0x2ed
 507 02e1 10       		.uleb128 0x10
 508 02e2 01       		.uleb128 0x1
 509 02e3 50       		.byte	0x50
 510 02e4 01       		.uleb128 0x1
 511 02e5 30       		.byte	0x30
 512 02e6 10       		.uleb128 0x10
 513 02e7 01       		.uleb128 0x1
 514 02e8 51       		.byte	0x51
 515 02e9 02       		.uleb128 0x2
 516 02ea 08       		.byte	0x8
 517 02eb 28       		.byte	0x28
 518 02ec 00       		.byte	0
 519 02ed 0E       		.uleb128 0xe
 520 02ee 66000000 		.4byte	.LVL13
 521 02f2 66030000 		.4byte	0x366
 522 02f6 00       		.byte	0
 523 02f7 0A       		.uleb128 0xa
 524 02f8 04       		.byte	0x4
 525 02f9 FD020000 		.4byte	0x2fd
 526 02fd 11       		.uleb128 0x11
 527 02fe EE010000 		.4byte	0x1ee
 528 0302 11       		.uleb128 0x11
 529 0303 F7020000 		.4byte	0x2f7
 530 0307 12       		.uleb128 0x12
 531 0308 C3040000 		.4byte	.LASF56
 532 030c 08       		.byte	0x8
 533 030d 40       		.byte	0x40
 534 030e C9000000 		.4byte	0xc9
 535 0312 12       		.uleb128 0x12
 536 0313 6B010000 		.4byte	.LASF57
 537 0317 08       		.byte	0x8
 538 0318 47       		.byte	0x47
 539 0319 D4000000 		.4byte	0xd4
 540 031d 12       		.uleb128 0x12
 541 031e 17040000 		.4byte	.LASF58
 542 0322 08       		.byte	0x8
 543 0323 4A       		.byte	0x4a
 544 0324 C9000000 		.4byte	0xc9
 545 0328 12       		.uleb128 0x12
 546 0329 F4000000 		.4byte	.LASF59
 547 032d 09       		.byte	0x9
ARM GAS  C:\Users\zakis\AppData\Local\Temp\ccavhrSg.s 			page 12


 548 032e 48       		.byte	0x48
 549 032f DF000000 		.4byte	0xdf
 550 0333 12       		.uleb128 0x12
 551 0334 DF000000 		.4byte	.LASF60
 552 0338 0A       		.byte	0xa
 553 0339 44       		.byte	0x44
 554 033a C9000000 		.4byte	0xc9
 555 033e 13       		.uleb128 0x13
 556 033f 9D040000 		.4byte	.LASF61
 557 0343 0B       		.byte	0xb
 558 0344 1207     		.2byte	0x712
 559 0346 4A030000 		.4byte	0x34a
 560 034a 14       		.uleb128 0x14
 561 034b 8C000000 		.4byte	0x8c
 562 034f 15       		.uleb128 0x15
 563 0350 3C040000 		.4byte	.LASF62
 564 0354 3C040000 		.4byte	.LASF62
 565 0358 0C       		.byte	0xc
 566 0359 8B       		.byte	0x8b
 567 035a 16       		.uleb128 0x16
 568 035b CF030000 		.4byte	.LASF63
 569 035f CF030000 		.4byte	.LASF63
 570 0363 0D       		.byte	0xd
 571 0364 7501     		.2byte	0x175
 572 0366 16       		.uleb128 0x16
 573 0367 62000000 		.4byte	.LASF64
 574 036b 62000000 		.4byte	.LASF64
 575 036f 0D       		.byte	0xd
 576 0370 AC01     		.2byte	0x1ac
 577 0372 15       		.uleb128 0x15
 578 0373 A9000000 		.4byte	.LASF65
 579 0377 A9000000 		.4byte	.LASF65
 580 037b 0D       		.byte	0xd
 581 037c AA       		.byte	0xaa
 582 037d 00       		.byte	0
 583              		.section	.debug_abbrev,"",%progbits
 584              	.Ldebug_abbrev0:
 585 0000 01       		.uleb128 0x1
 586 0001 11       		.uleb128 0x11
 587 0002 01       		.byte	0x1
 588 0003 25       		.uleb128 0x25
 589 0004 0E       		.uleb128 0xe
 590 0005 13       		.uleb128 0x13
 591 0006 0B       		.uleb128 0xb
 592 0007 03       		.uleb128 0x3
 593 0008 0E       		.uleb128 0xe
 594 0009 1B       		.uleb128 0x1b
 595 000a 0E       		.uleb128 0xe
 596 000b 55       		.uleb128 0x55
 597 000c 17       		.uleb128 0x17
 598 000d 11       		.uleb128 0x11
 599 000e 01       		.uleb128 0x1
 600 000f 10       		.uleb128 0x10
 601 0010 17       		.uleb128 0x17
 602 0011 00       		.byte	0
 603 0012 00       		.byte	0
 604 0013 02       		.uleb128 0x2
ARM GAS  C:\Users\zakis\AppData\Local\Temp\ccavhrSg.s 			page 13


 605 0014 24       		.uleb128 0x24
 606 0015 00       		.byte	0
 607 0016 0B       		.uleb128 0xb
 608 0017 0B       		.uleb128 0xb
 609 0018 3E       		.uleb128 0x3e
 610 0019 0B       		.uleb128 0xb
 611 001a 03       		.uleb128 0x3
 612 001b 0E       		.uleb128 0xe
 613 001c 00       		.byte	0
 614 001d 00       		.byte	0
 615 001e 03       		.uleb128 0x3
 616 001f 16       		.uleb128 0x16
 617 0020 00       		.byte	0
 618 0021 03       		.uleb128 0x3
 619 0022 0E       		.uleb128 0xe
 620 0023 3A       		.uleb128 0x3a
 621 0024 0B       		.uleb128 0xb
 622 0025 3B       		.uleb128 0x3b
 623 0026 0B       		.uleb128 0xb
 624 0027 49       		.uleb128 0x49
 625 0028 13       		.uleb128 0x13
 626 0029 00       		.byte	0
 627 002a 00       		.byte	0
 628 002b 04       		.uleb128 0x4
 629 002c 24       		.uleb128 0x24
 630 002d 00       		.byte	0
 631 002e 0B       		.uleb128 0xb
 632 002f 0B       		.uleb128 0xb
 633 0030 3E       		.uleb128 0x3e
 634 0031 0B       		.uleb128 0xb
 635 0032 03       		.uleb128 0x3
 636 0033 08       		.uleb128 0x8
 637 0034 00       		.byte	0
 638 0035 00       		.byte	0
 639 0036 05       		.uleb128 0x5
 640 0037 04       		.uleb128 0x4
 641 0038 01       		.byte	0x1
 642 0039 0B       		.uleb128 0xb
 643 003a 0B       		.uleb128 0xb
 644 003b 49       		.uleb128 0x49
 645 003c 13       		.uleb128 0x13
 646 003d 3A       		.uleb128 0x3a
 647 003e 0B       		.uleb128 0xb
 648 003f 3B       		.uleb128 0x3b
 649 0040 0B       		.uleb128 0xb
 650 0041 01       		.uleb128 0x1
 651 0042 13       		.uleb128 0x13
 652 0043 00       		.byte	0
 653 0044 00       		.byte	0
 654 0045 06       		.uleb128 0x6
 655 0046 28       		.uleb128 0x28
 656 0047 00       		.byte	0
 657 0048 03       		.uleb128 0x3
 658 0049 0E       		.uleb128 0xe
 659 004a 1C       		.uleb128 0x1c
 660 004b 0B       		.uleb128 0xb
 661 004c 00       		.byte	0
ARM GAS  C:\Users\zakis\AppData\Local\Temp\ccavhrSg.s 			page 14


 662 004d 00       		.byte	0
 663 004e 07       		.uleb128 0x7
 664 004f 28       		.uleb128 0x28
 665 0050 00       		.byte	0
 666 0051 03       		.uleb128 0x3
 667 0052 0E       		.uleb128 0xe
 668 0053 1C       		.uleb128 0x1c
 669 0054 0D       		.uleb128 0xd
 670 0055 00       		.byte	0
 671 0056 00       		.byte	0
 672 0057 08       		.uleb128 0x8
 673 0058 13       		.uleb128 0x13
 674 0059 01       		.byte	0x1
 675 005a 0B       		.uleb128 0xb
 676 005b 0B       		.uleb128 0xb
 677 005c 3A       		.uleb128 0x3a
 678 005d 0B       		.uleb128 0xb
 679 005e 3B       		.uleb128 0x3b
 680 005f 0B       		.uleb128 0xb
 681 0060 01       		.uleb128 0x1
 682 0061 13       		.uleb128 0x13
 683 0062 00       		.byte	0
 684 0063 00       		.byte	0
 685 0064 09       		.uleb128 0x9
 686 0065 0D       		.uleb128 0xd
 687 0066 00       		.byte	0
 688 0067 03       		.uleb128 0x3
 689 0068 0E       		.uleb128 0xe
 690 0069 3A       		.uleb128 0x3a
 691 006a 0B       		.uleb128 0xb
 692 006b 3B       		.uleb128 0x3b
 693 006c 0B       		.uleb128 0xb
 694 006d 49       		.uleb128 0x49
 695 006e 13       		.uleb128 0x13
 696 006f 38       		.uleb128 0x38
 697 0070 0B       		.uleb128 0xb
 698 0071 00       		.byte	0
 699 0072 00       		.byte	0
 700 0073 0A       		.uleb128 0xa
 701 0074 0F       		.uleb128 0xf
 702 0075 00       		.byte	0
 703 0076 0B       		.uleb128 0xb
 704 0077 0B       		.uleb128 0xb
 705 0078 49       		.uleb128 0x49
 706 0079 13       		.uleb128 0x13
 707 007a 00       		.byte	0
 708 007b 00       		.byte	0
 709 007c 0B       		.uleb128 0xb
 710 007d 2E       		.uleb128 0x2e
 711 007e 01       		.byte	0x1
 712 007f 3F       		.uleb128 0x3f
 713 0080 19       		.uleb128 0x19
 714 0081 03       		.uleb128 0x3
 715 0082 0E       		.uleb128 0xe
 716 0083 3A       		.uleb128 0x3a
 717 0084 0B       		.uleb128 0xb
 718 0085 3B       		.uleb128 0x3b
ARM GAS  C:\Users\zakis\AppData\Local\Temp\ccavhrSg.s 			page 15


 719 0086 0B       		.uleb128 0xb
 720 0087 27       		.uleb128 0x27
 721 0088 19       		.uleb128 0x19
 722 0089 49       		.uleb128 0x49
 723 008a 13       		.uleb128 0x13
 724 008b 11       		.uleb128 0x11
 725 008c 01       		.uleb128 0x1
 726 008d 12       		.uleb128 0x12
 727 008e 06       		.uleb128 0x6
 728 008f 40       		.uleb128 0x40
 729 0090 18       		.uleb128 0x18
 730 0091 9742     		.uleb128 0x2117
 731 0093 19       		.uleb128 0x19
 732 0094 01       		.uleb128 0x1
 733 0095 13       		.uleb128 0x13
 734 0096 00       		.byte	0
 735 0097 00       		.byte	0
 736 0098 0C       		.uleb128 0xc
 737 0099 05       		.uleb128 0x5
 738 009a 00       		.byte	0
 739 009b 03       		.uleb128 0x3
 740 009c 0E       		.uleb128 0xe
 741 009d 3A       		.uleb128 0x3a
 742 009e 0B       		.uleb128 0xb
 743 009f 3B       		.uleb128 0x3b
 744 00a0 0B       		.uleb128 0xb
 745 00a1 49       		.uleb128 0x49
 746 00a2 13       		.uleb128 0x13
 747 00a3 02       		.uleb128 0x2
 748 00a4 17       		.uleb128 0x17
 749 00a5 00       		.byte	0
 750 00a6 00       		.byte	0
 751 00a7 0D       		.uleb128 0xd
 752 00a8 34       		.uleb128 0x34
 753 00a9 00       		.byte	0
 754 00aa 03       		.uleb128 0x3
 755 00ab 0E       		.uleb128 0xe
 756 00ac 3A       		.uleb128 0x3a
 757 00ad 0B       		.uleb128 0xb
 758 00ae 3B       		.uleb128 0x3b
 759 00af 0B       		.uleb128 0xb
 760 00b0 49       		.uleb128 0x49
 761 00b1 13       		.uleb128 0x13
 762 00b2 02       		.uleb128 0x2
 763 00b3 18       		.uleb128 0x18
 764 00b4 00       		.byte	0
 765 00b5 00       		.byte	0
 766 00b6 0E       		.uleb128 0xe
 767 00b7 898201   		.uleb128 0x4109
 768 00ba 00       		.byte	0
 769 00bb 11       		.uleb128 0x11
 770 00bc 01       		.uleb128 0x1
 771 00bd 31       		.uleb128 0x31
 772 00be 13       		.uleb128 0x13
 773 00bf 00       		.byte	0
 774 00c0 00       		.byte	0
 775 00c1 0F       		.uleb128 0xf
ARM GAS  C:\Users\zakis\AppData\Local\Temp\ccavhrSg.s 			page 16


 776 00c2 898201   		.uleb128 0x4109
 777 00c5 01       		.byte	0x1
 778 00c6 11       		.uleb128 0x11
 779 00c7 01       		.uleb128 0x1
 780 00c8 31       		.uleb128 0x31
 781 00c9 13       		.uleb128 0x13
 782 00ca 01       		.uleb128 0x1
 783 00cb 13       		.uleb128 0x13
 784 00cc 00       		.byte	0
 785 00cd 00       		.byte	0
 786 00ce 10       		.uleb128 0x10
 787 00cf 8A8201   		.uleb128 0x410a
 788 00d2 00       		.byte	0
 789 00d3 02       		.uleb128 0x2
 790 00d4 18       		.uleb128 0x18
 791 00d5 9142     		.uleb128 0x2111
 792 00d7 18       		.uleb128 0x18
 793 00d8 00       		.byte	0
 794 00d9 00       		.byte	0
 795 00da 11       		.uleb128 0x11
 796 00db 26       		.uleb128 0x26
 797 00dc 00       		.byte	0
 798 00dd 49       		.uleb128 0x49
 799 00de 13       		.uleb128 0x13
 800 00df 00       		.byte	0
 801 00e0 00       		.byte	0
 802 00e1 12       		.uleb128 0x12
 803 00e2 34       		.uleb128 0x34
 804 00e3 00       		.byte	0
 805 00e4 03       		.uleb128 0x3
 806 00e5 0E       		.uleb128 0xe
 807 00e6 3A       		.uleb128 0x3a
 808 00e7 0B       		.uleb128 0xb
 809 00e8 3B       		.uleb128 0x3b
 810 00e9 0B       		.uleb128 0xb
 811 00ea 49       		.uleb128 0x49
 812 00eb 13       		.uleb128 0x13
 813 00ec 3F       		.uleb128 0x3f
 814 00ed 19       		.uleb128 0x19
 815 00ee 3C       		.uleb128 0x3c
 816 00ef 19       		.uleb128 0x19
 817 00f0 00       		.byte	0
 818 00f1 00       		.byte	0
 819 00f2 13       		.uleb128 0x13
 820 00f3 34       		.uleb128 0x34
 821 00f4 00       		.byte	0
 822 00f5 03       		.uleb128 0x3
 823 00f6 0E       		.uleb128 0xe
 824 00f7 3A       		.uleb128 0x3a
 825 00f8 0B       		.uleb128 0xb
 826 00f9 3B       		.uleb128 0x3b
 827 00fa 05       		.uleb128 0x5
 828 00fb 49       		.uleb128 0x49
 829 00fc 13       		.uleb128 0x13
 830 00fd 3F       		.uleb128 0x3f
 831 00fe 19       		.uleb128 0x19
 832 00ff 3C       		.uleb128 0x3c
ARM GAS  C:\Users\zakis\AppData\Local\Temp\ccavhrSg.s 			page 17


 833 0100 19       		.uleb128 0x19
 834 0101 00       		.byte	0
 835 0102 00       		.byte	0
 836 0103 14       		.uleb128 0x14
 837 0104 35       		.uleb128 0x35
 838 0105 00       		.byte	0
 839 0106 49       		.uleb128 0x49
 840 0107 13       		.uleb128 0x13
 841 0108 00       		.byte	0
 842 0109 00       		.byte	0
 843 010a 15       		.uleb128 0x15
 844 010b 2E       		.uleb128 0x2e
 845 010c 00       		.byte	0
 846 010d 3F       		.uleb128 0x3f
 847 010e 19       		.uleb128 0x19
 848 010f 3C       		.uleb128 0x3c
 849 0110 19       		.uleb128 0x19
 850 0111 6E       		.uleb128 0x6e
 851 0112 0E       		.uleb128 0xe
 852 0113 03       		.uleb128 0x3
 853 0114 0E       		.uleb128 0xe
 854 0115 3A       		.uleb128 0x3a
 855 0116 0B       		.uleb128 0xb
 856 0117 3B       		.uleb128 0x3b
 857 0118 0B       		.uleb128 0xb
 858 0119 00       		.byte	0
 859 011a 00       		.byte	0
 860 011b 16       		.uleb128 0x16
 861 011c 2E       		.uleb128 0x2e
 862 011d 00       		.byte	0
 863 011e 3F       		.uleb128 0x3f
 864 011f 19       		.uleb128 0x19
 865 0120 3C       		.uleb128 0x3c
 866 0121 19       		.uleb128 0x19
 867 0122 6E       		.uleb128 0x6e
 868 0123 0E       		.uleb128 0xe
 869 0124 03       		.uleb128 0x3
 870 0125 0E       		.uleb128 0xe
 871 0126 3A       		.uleb128 0x3a
 872 0127 0B       		.uleb128 0xb
 873 0128 3B       		.uleb128 0x3b
 874 0129 05       		.uleb128 0x5
 875 012a 00       		.byte	0
 876 012b 00       		.byte	0
 877 012c 00       		.byte	0
 878              		.section	.debug_loc,"",%progbits
 879              	.Ldebug_loc0:
 880              	.LLST0:
 881 0000 00000000 		.4byte	.LVL0
 882 0004 0E000000 		.4byte	.LVL1
 883 0008 0100     		.2byte	0x1
 884 000a 50       		.byte	0x50
 885 000b 0E000000 		.4byte	.LVL1
 886 000f 6A000000 		.4byte	.LVL14
 887 0013 0100     		.2byte	0x1
 888 0015 54       		.byte	0x54
 889 0016 6A000000 		.4byte	.LVL14
ARM GAS  C:\Users\zakis\AppData\Local\Temp\ccavhrSg.s 			page 18


 890 001a 7C000000 		.4byte	.LFE111
 891 001e 0400     		.2byte	0x4
 892 0020 F3       		.byte	0xf3
 893 0021 01       		.uleb128 0x1
 894 0022 50       		.byte	0x50
 895 0023 9F       		.byte	0x9f
 896 0024 00000000 		.4byte	0
 897 0028 00000000 		.4byte	0
 898              		.section	.debug_aranges,"",%progbits
 899 0000 1C000000 		.4byte	0x1c
 900 0004 0200     		.2byte	0x2
 901 0006 00000000 		.4byte	.Ldebug_info0
 902 000a 04       		.byte	0x4
 903 000b 00       		.byte	0
 904 000c 0000     		.2byte	0
 905 000e 0000     		.2byte	0
 906 0010 00000000 		.4byte	.LFB111
 907 0014 7C000000 		.4byte	.LFE111-.LFB111
 908 0018 00000000 		.4byte	0
 909 001c 00000000 		.4byte	0
 910              		.section	.debug_ranges,"",%progbits
 911              	.Ldebug_ranges0:
 912 0000 00000000 		.4byte	.LFB111
 913 0004 7C000000 		.4byte	.LFE111
 914 0008 00000000 		.4byte	0
 915 000c 00000000 		.4byte	0
 916              		.section	.debug_line,"",%progbits
 917              	.Ldebug_line0:
 918 0000 76020000 		.section	.debug_str,"MS",%progbits,1
 918      02005002 
 918      00000201 
 918      FB0E0D00 
 918      01010101 
 919              	.LASF39:
 920 0000 52435F45 		.ascii	"RC_ERROR_READ_ONLY\000"
 920      52524F52 
 920      5F524541 
 920      445F4F4E 
 920      4C5900
 921              	.LASF25:
 922 0013 52435F53 		.ascii	"RC_SUCCESS\000"
 922      55434345 
 922      535300
 923              	.LASF40:
 924 001e 52435F45 		.ascii	"RC_ERROR_WRITE_ONLY\000"
 924      52524F52 
 924      5F575249 
 924      54455F4F 
 924      4E4C5900 
 925              	.LASF2:
 926 0032 73686F72 		.ascii	"short int\000"
 926      7420696E 
 926      7400
 927              	.LASF31:
 928 003c 52435F45 		.ascii	"RC_ERROR_OVERRUN\000"
 928      52524F52 
 928      5F4F5645 
ARM GAS  C:\Users\zakis\AppData\Local\Temp\ccavhrSg.s 			page 19


 928      5252554E 
 928      00
 929              	.LASF43:
 930 004d 52435F45 		.ascii	"RC_ERROR_WRITE_FAILS\000"
 930      52524F52 
 930      5F575249 
 930      54455F46 
 930      41494C53 
 931              	.LASF64:
 932 0062 5446545F 		.ascii	"TFT_print\000"
 932      7072696E 
 932      7400
 933              	.LASF22:
 934 006c 73697A65 		.ascii	"sizetype\000"
 934      74797065 
 934      00
 935              	.LASF28:
 936 0075 52435F45 		.ascii	"RC_ERROR_ZERO\000"
 936      52524F52 
 936      5F5A4552 
 936      4F00
 937              	.LASF20:
 938 0083 45455F46 		.ascii	"EE_FREG\000"
 938      52454700 
 939              	.LASF42:
 940 008b 52435F45 		.ascii	"RC_ERROR_READ_FAILS\000"
 940      52524F52 
 940      5F524541 
 940      445F4641 
 940      494C5300 
 941              	.LASF18:
 942 009f 45455F55 		.ascii	"EE_UINT32\000"
 942      494E5433 
 942      3200
 943              	.LASF65:
 944 00a9 5446545F 		.ascii	"TFT_clearScreen\000"
 944      636C6561 
 944      72536372 
 944      65656E00 
 945              	.LASF21:
 946 00b9 45455F54 		.ascii	"EE_TID\000"
 946      494400
 947              	.LASF11:
 948 00c0 75696E74 		.ascii	"uint8_t\000"
 948      385F7400 
 949              	.LASF48:
 950 00c8 52435F45 		.ascii	"RC_ERROR_INVALID_STATE\000"
 950      52524F52 
 950      5F494E56 
 950      414C4944 
 950      5F535441 
 951              	.LASF60:
 952 00df 45455F49 		.ascii	"EE_IRQ_nesting_level\000"
 952      52515F6E 
 952      65737469 
 952      6E675F6C 
 952      6576656C 
ARM GAS  C:\Users\zakis\AppData\Local\Temp\ccavhrSg.s 			page 20


 953              	.LASF59:
 954 00f4 45455F73 		.ascii	"EE_std_endcycle_next_tid\000"
 954      74645F65 
 954      6E646379 
 954      636C655F 
 954      6E657874 
 955              	.LASF30:
 956 010d 52435F45 		.ascii	"RC_ERROR_RANGE\000"
 956      52524F52 
 956      5F52414E 
 956      474500
 957              	.LASF13:
 958 011c 666C6F61 		.ascii	"float\000"
 958      7400
 959              	.LASF69:
 960 0122 53435F4C 		.ascii	"SC_LOGGING_driverOut\000"
 960      4F474749 
 960      4E475F64 
 960      72697665 
 960      724F7574 
 961              	.LASF53:
 962 0137 6C6F6767 		.ascii	"loggingValue\000"
 962      696E6756 
 962      616C7565 
 962      00
 963              	.LASF50:
 964 0144 52435F45 		.ascii	"RC_ERROR_NOT_IMPLEMENTED\000"
 964      52524F52 
 964      5F4E4F54 
 964      5F494D50 
 964      4C454D45 
 965              	.LASF8:
 966 015d 6C6F6E67 		.ascii	"long long int\000"
 966      206C6F6E 
 966      6720696E 
 966      7400
 967              	.LASF57:
 968 016b 45455F6F 		.ascii	"EE_oo_IRQ_suspend_status\000"
 968      6F5F4952 
 968      515F7375 
 968      7370656E 
 968      645F7374 
 969              	.LASF44:
 970 0184 52435F45 		.ascii	"RC_ERROR_NOT_MATCH\000"
 970      52524F52 
 970      5F4E4F54 
 970      5F4D4154 
 970      434800
 971              	.LASF49:
 972 0197 52435F45 		.ascii	"RC_ERROR_UNKNOWN\000"
 972      52524F52 
 972      5F554E4B 
 972      4E4F574E 
 972      00
 973              	.LASF6:
 974 01a8 6C6F6E67 		.ascii	"long int\000"
 974      20696E74 
ARM GAS  C:\Users\zakis\AppData\Local\Temp\ccavhrSg.s 			page 21


 974      00
 975              	.LASF32:
 976 01b1 52435F45 		.ascii	"RC_ERROR_UNDERRUN\000"
 976      52524F52 
 976      5F554E44 
 976      45525255 
 976      4E00
 977              	.LASF24:
 978 01c3 63686172 		.ascii	"char_t\000"
 978      5F7400
 979              	.LASF35:
 980 01ca 52435F45 		.ascii	"RC_ERROR_BUSY\000"
 980      52524F52 
 980      5F425553 
 980      5900
 981              	.LASF67:
 982 01d8 736F7572 		.ascii	"source\\rte\\sc_logging_type.c\000"
 982      63655C72 
 982      74655C73 
 982      635F6C6F 
 982      6767696E 
 983              	.LASF4:
 984 01f5 5F5F7569 		.ascii	"__uint8_t\000"
 984      6E74385F 
 984      7400
 985              	.LASF41:
 986 01ff 52435F45 		.ascii	"RC_ERROR_INVALID\000"
 986      52524F52 
 986      5F494E56 
 986      414C4944 
 986      00
 987              	.LASF46:
 988 0210 52435F45 		.ascii	"RC_ERROR_BAD_DATA\000"
 988      52524F52 
 988      5F424144 
 988      5F444154 
 988      4100
 989              	.LASF23:
 990 0222 626F6F6C 		.ascii	"boolean_t\000"
 990      65616E5F 
 990      7400
 991              	.LASF16:
 992 022c 6C6F6E67 		.ascii	"long double\000"
 992      20646F75 
 992      626C6500 
 993              	.LASF68:
 994 0238 433A5C55 		.ascii	"C:\\Users\\zakis\\Documents\\EAA\\RTE_Gaspedal_Watc"
 994      73657273 
 994      5C7A616B 
 994      69735C44 
 994      6F63756D 
 995 0266 68646F67 		.ascii	"hdog\\LabOne\\Gaspedal_Watchdog.cydsn\000"
 995      5C4C6162 
 995      4F6E655C 
 995      47617370 
 995      6564616C 
 996              	.LASF1:
ARM GAS  C:\Users\zakis\AppData\Local\Temp\ccavhrSg.s 			page 22


 997 028a 756E7369 		.ascii	"unsigned char\000"
 997      676E6564 
 997      20636861 
 997      7200
 998              	.LASF0:
 999 0298 7369676E 		.ascii	"signed char\000"
 999      65642063 
 999      68617200 
 1000              	.LASF9:
 1001 02a4 6C6F6E67 		.ascii	"long long unsigned int\000"
 1001      206C6F6E 
 1001      6720756E 
 1001      7369676E 
 1001      65642069 
 1002              	.LASF10:
 1003 02bb 756E7369 		.ascii	"unsigned int\000"
 1003      676E6564 
 1003      20696E74 
 1003      00
 1004              	.LASF37:
 1005 02c8 52435F45 		.ascii	"RC_ERROR_OPEN\000"
 1005      52524F52 
 1005      5F4F5045 
 1005      4E00
 1006              	.LASF71:
 1007 02d6 66697273 		.ascii	"firstUse\000"
 1007      74557365 
 1007      00
 1008              	.LASF27:
 1009 02df 52435F45 		.ascii	"RC_ERROR_NULL\000"
 1009      52524F52 
 1009      5F4E554C 
 1009      4C00
 1010              	.LASF34:
 1011 02ed 52435F45 		.ascii	"RC_ERROR_BUFFER_EMTPY\000"
 1011      52524F52 
 1011      5F425546 
 1011      4645525F 
 1011      454D5450 
 1012              	.LASF17:
 1013 0303 45455F49 		.ascii	"EE_INT32\000"
 1013      4E543332 
 1013      00
 1014              	.LASF3:
 1015 030c 73686F72 		.ascii	"short unsigned int\000"
 1015      7420756E 
 1015      7369676E 
 1015      65642069 
 1015      6E7400
 1016              	.LASF66:
 1017 031f 474E5520 		.ascii	"GNU C11 5.4.1 20160609 (release) [ARM/embedded-5-br"
 1017      43313120 
 1017      352E342E 
 1017      31203230 
 1017      31363036 
 1018 0352 616E6368 		.ascii	"anch revision 237715] -mcpu=cortex-m3 -mthumb -g -O"
 1018      20726576 
ARM GAS  C:\Users\zakis\AppData\Local\Temp\ccavhrSg.s 			page 23


 1018      6973696F 
 1018      6E203233 
 1018      37373135 
 1019 0385 67202D66 		.ascii	"g -ffunction-sections -ffat-lto-objects\000"
 1019      66756E63 
 1019      74696F6E 
 1019      2D736563 
 1019      74696F6E 
 1020              	.LASF15:
 1021 03ad 63686172 		.ascii	"char\000"
 1021      00
 1022              	.LASF33:
 1023 03b2 52435F45 		.ascii	"RC_ERROR_BUFFER_FULL\000"
 1023      52524F52 
 1023      5F425546 
 1023      4645525F 
 1023      46554C4C 
 1024              	.LASF12:
 1025 03c7 696E7433 		.ascii	"int32_t\000"
 1025      325F7400 
 1026              	.LASF63:
 1027 03cf 5446545F 		.ascii	"TFT_setCursor\000"
 1027      73657443 
 1027      7572736F 
 1027      7200
 1028              	.LASF55:
 1029 03dd 53435F4C 		.ascii	"SC_LOGGING_data_t\000"
 1029      4F474749 
 1029      4E475F64 
 1029      6174615F 
 1029      7400
 1030              	.LASF45:
 1031 03ef 52435F45 		.ascii	"RC_ERROR_BAD_PARAM\000"
 1031      52524F52 
 1031      5F424144 
 1031      5F504152 
 1031      414D00
 1032              	.LASF70:
 1033 0402 64617461 		.ascii	"data\000"
 1033      00
 1034              	.LASF54:
 1035 0407 6C6F6767 		.ascii	"loggingDisabled\000"
 1035      696E6744 
 1035      69736162 
 1035      6C656400 
 1036              	.LASF58:
 1037 0417 45455F41 		.ascii	"EE_ApplicationMode\000"
 1037      70706C69 
 1037      63617469 
 1037      6F6E4D6F 
 1037      646500
 1038              	.LASF7:
 1039 042a 6C6F6E67 		.ascii	"long unsigned int\000"
 1039      20756E73 
 1039      69676E65 
 1039      6420696E 
 1039      7400
ARM GAS  C:\Users\zakis\AppData\Local\Temp\ccavhrSg.s 			page 24


 1040              	.LASF62:
 1041 043c 55415254 		.ascii	"UART_Logs_PutString\000"
 1041      5F4C6F67 
 1041      735F5075 
 1041      74537472 
 1041      696E6700 
 1042              	.LASF14:
 1043 0450 646F7562 		.ascii	"double\000"
 1043      6C6500
 1044              	.LASF38:
 1045 0457 52435F45 		.ascii	"RC_ERROR_CHECKSUM\000"
 1045      52524F52 
 1045      5F434845 
 1045      434B5355 
 1045      4D00
 1046              	.LASF19:
 1047 0469 45455F55 		.ascii	"EE_UREG\000"
 1047      52454700 
 1048              	.LASF52:
 1049 0471 6D5F6C6F 		.ascii	"m_loggingEntity\000"
 1049      6767696E 
 1049      67456E74 
 1049      69747900 
 1050              	.LASF5:
 1051 0481 5F5F696E 		.ascii	"__int32_t\000"
 1051      7433325F 
 1051      7400
 1052              	.LASF47:
 1053 048b 52435F45 		.ascii	"RC_ERROR_CANCELED\000"
 1053      52524F52 
 1053      5F43414E 
 1053      43454C45 
 1053      4400
 1054              	.LASF61:
 1055 049d 49544D5F 		.ascii	"ITM_RxBuffer\000"
 1055      52784275 
 1055      66666572 
 1055      00
 1056              	.LASF26:
 1057 04aa 52435F45 		.ascii	"RC_ERROR\000"
 1057      52524F52 
 1057      00
 1058              	.LASF29:
 1059 04b3 52435F45 		.ascii	"RC_ERROR_MEMORY\000"
 1059      52524F52 
 1059      5F4D454D 
 1059      4F525900 
 1060              	.LASF56:
 1061 04c3 45455F6F 		.ascii	"EE_oo_IRQ_disable_count\000"
 1061      6F5F4952 
 1061      515F6469 
 1061      7361626C 
 1061      655F636F 
 1062              	.LASF51:
 1063 04db 52435F74 		.ascii	"RC_t\000"
 1063      00
 1064              	.LASF36:
ARM GAS  C:\Users\zakis\AppData\Local\Temp\ccavhrSg.s 			page 25


 1065 04e0 52435F45 		.ascii	"RC_ERROR_TIME_OUT\000"
 1065      52524F52 
 1065      5F54494D 
 1065      455F4F55 
 1065      5400
 1066              		.ident	"GCC: (GNU Tools for ARM Embedded Processors) 5.4.1 20160609 (release) [ARM/embedded-5-bran
