ARM GAS  C:\Users\zakis\AppData\Local\Temp\cc3mPN01.s 			page 1


   1              		.syntax unified
   2              		.cpu cortex-m3
   3              		.fpu softvfp
   4              		.eabi_attribute 20, 1
   5              		.eabi_attribute 21, 1
   6              		.eabi_attribute 23, 3
   7              		.eabi_attribute 24, 1
   8              		.eabi_attribute 25, 1
   9              		.eabi_attribute 26, 1
  10              		.eabi_attribute 30, 1
  11              		.eabi_attribute 34, 1
  12              		.eabi_attribute 18, 4
  13              		.thumb
  14              		.syntax unified
  15              		.file	"swc_control.c"
  16              		.text
  17              	.Ltext0:
  18              		.cfi_sections	.debug_frame
  19              		.section	.text.CONTROL_calcControl_run,"ax",%progbits
  20              		.align	2
  21              		.global	CONTROL_calcControl_run
  22              		.thumb
  23              		.thumb_func
  24              		.type	CONTROL_calcControl_run, %function
  25              	CONTROL_calcControl_run:
  26              	.LFB154:
  27              		.file 1 "source\\asw\\swc_control.c"
   1:source\asw/swc_control.c **** /*
   2:source\asw/swc_control.c ****  * Filename: swc_control.c
   3:source\asw/swc_control.c ****  *
   4:source\asw/swc_control.c ****  * Author: Autogenerated by H-DA RTE Generator, (c) Prof. Fromm
   5:source\asw/swc_control.c ****  *
   6:source\asw/swc_control.c ****  * description: calculation control
   7:source\asw/swc_control.c ****  * name: swc_control
   8:source\asw/swc_control.c ****  * shortname: control
   9:source\asw/swc_control.c ****  *
  10:source\asw/swc_control.c ****  */
  11:source\asw/swc_control.c **** 
  12:source\asw/swc_control.c **** #include "project.h"
  13:source\asw/swc_control.c **** #include "global.h"
  14:source\asw/swc_control.c **** #include "rte.h"
  15:source\asw/swc_control.c **** #include "rte_types.h"
  16:source\asw/swc_control.c **** #include "swc_control.h"
  17:source\asw/swc_control.c **** 
  18:source\asw/swc_control.c **** 
  19:source\asw/swc_control.c **** 
  20:source\asw/swc_control.c **** /* USER CODE START SWC_CONTROL_INCLUDE */
  21:source\asw/swc_control.c **** 
  22:source\asw/swc_control.c **** /* USER CODE END SWC_CONTROL_INCLUDE */
  23:source\asw/swc_control.c **** 
  24:source\asw/swc_control.c **** 
  25:source\asw/swc_control.c **** #include "sp_common.h"
  26:source\asw/swc_control.c **** 
  27:source\asw/swc_control.c **** /* USER CODE START SWC_CONTROL_USERDEFINITIONS */
  28:source\asw/swc_control.c **** 
  29:source\asw/swc_control.c **** /* USER CODE END SWC_CONTROL_USERDEFINITIONS */
  30:source\asw/swc_control.c **** 
ARM GAS  C:\Users\zakis\AppData\Local\Temp\cc3mPN01.s 			page 2


  31:source\asw/swc_control.c **** 
  32:source\asw/swc_control.c **** 
  33:source\asw/swc_control.c **** /*
  34:source\asw/swc_control.c ****  * component: swc_control
  35:source\asw/swc_control.c ****  * cycletime: 0
  36:source\asw/swc_control.c ****  * description: Runnable
  37:source\asw/swc_control.c ****  * events: ev_joystick_onData
  38:source\asw/swc_control.c ****  * name: CONTROL_calcControl_run
  39:source\asw/swc_control.c ****  * shortname: calcControl
  40:source\asw/swc_control.c ****  * signalIN: so_joystick
  41:source\asw/swc_control.c ****  * signalOUT: so_speed
  42:source\asw/swc_control.c ****  * task: tsk_control
  43:source\asw/swc_control.c ****  */
  44:source\asw/swc_control.c **** void CONTROL_calcControl_run(RTE_event ev){
  28              		.loc 1 44 0
  29              		.cfi_startproc
  30              		@ args = 0, pretend = 0, frame = 0
  31              		@ frame_needed = 0, uses_anonymous_args = 0
  32              	.LVL0:
  33 0000 38B5     		push	{r3, r4, r5, lr}
  34              		.cfi_def_cfa_offset 16
  35              		.cfi_offset 3, -16
  36              		.cfi_offset 4, -12
  37              		.cfi_offset 5, -8
  38              		.cfi_offset 14, -4
  39              	.LVL1:
  45:source\asw/swc_control.c **** 	
  46:source\asw/swc_control.c **** 	/* USER CODE START CONTROL_calcControl_run */
  47:source\asw/swc_control.c ****     
  48:source\asw/swc_control.c ****     //UART_Logs_PutString("Got Joystick Value, Update Speed\n");
  49:source\asw/swc_control.c ****     
  50:source\asw/swc_control.c ****     SC_JOYSTICK_data_t joystickData = RTE_SC_JOYSTICK_get(&SO_JOYSTICK_signal);
  51:source\asw/swc_control.c ****     SC_SPEED_data_t speed = SC_SPEED_INIT_DATA;
  40              		.loc 1 51 0
  41 0002 4FF00001 		mov	r1, #0
  42              	.LVL2:
  52:source\asw/swc_control.c ****     
  53:source\asw/swc_control.c ****     if (joystickData.m_joystickValueX > 0){
  43              		.loc 1 53 0
  44 0006 124B     		ldr	r3, .L8
  45 0008 93F90030 		ldrsb	r3, [r3]
  46 000c 002B     		cmp	r3, #0
  47 000e 00DD     		ble	.L2
  54:source\asw/swc_control.c ****         speed.m_speed = 2 * joystickData.m_joystickValueX;
  48              		.loc 1 54 0
  49 0010 5900     		lsls	r1, r3, #1
  50              	.L2:
  51              	.LVL3:
  52              	.LBB7:
  53              	.LBB8:
  54              		.file 2 ".\\source\\rte/sc_speed.h"
   1:.\source\rte/sc_speed.h **** 
   2:.\source\rte/sc_speed.h **** 
   3:.\source\rte/sc_speed.h **** /**
   4:.\source\rte/sc_speed.h ****  *  file    SC_SPEED_signal.h
   5:.\source\rte/sc_speed.h ****  *
   6:.\source\rte/sc_speed.h ****  *  brief   signal base class for signal sc_speed
ARM GAS  C:\Users\zakis\AppData\Local\Temp\cc3mPN01.s 			page 3


   7:.\source\rte/sc_speed.h ****  *
   8:.\source\rte/sc_speed.h ****  *  author  Autogenerated, Peter Fromm       <peter.fromm@h-da.de>
   9:.\source\rte/sc_speed.h ****  *
  10:.\source\rte/sc_speed.h ****  * description: Speed data type
  11:.\source\rte/sc_speed.h ****  * name: sc_speed
  12:.\source\rte/sc_speed.h ****  * shortname: speed
  13:.\source\rte/sc_speed.h ****  *
  14:.\source\rte/sc_speed.h ****  */
  15:.\source\rte/sc_speed.h **** 
  16:.\source\rte/sc_speed.h **** 
  17:.\source\rte/sc_speed.h **** 
  18:.\source\rte/sc_speed.h **** #ifndef SC_SPEED_SIGNAL_H_INCLUDED
  19:.\source\rte/sc_speed.h **** #define SC_SPEED_SIGNAL_H_INCLUDED
  20:.\source\rte/sc_speed.h **** 
  21:.\source\rte/sc_speed.h **** /*================================================[ public includes  ]=============================
  22:.\source\rte/sc_speed.h **** #include "global.h"
  23:.\source\rte/sc_speed.h **** #include "project.h"
  24:.\source\rte/sc_speed.h **** #include "rte.h"
  25:.\source\rte/sc_speed.h **** #include "rte_types.h"
  26:.\source\rte/sc_speed.h **** 
  27:.\source\rte/sc_speed.h **** #include "sc_speed_type.h"
  28:.\source\rte/sc_speed.h **** 
  29:.\source\rte/sc_speed.h **** 
  30:.\source\rte/sc_speed.h **** /**************************************************************************************************
  31:.\source\rte/sc_speed.h **** /* The driver API block																						*/
  32:.\source\rte/sc_speed.h **** /**************************************************************************************************
  33:.\source\rte/sc_speed.h ****                                                                                                    
  34:.\source\rte/sc_speed.h **** /**
  35:.\source\rte/sc_speed.h ****  *  Definition of function types for driver interfaces.
  36:.\source\rte/sc_speed.h ****  *  I-Port
  37:.\source\rte/sc_speed.h ****  */
  38:.\source\rte/sc_speed.h **** typedef RC_t (*SC_SPEED_driverIn_t)(SC_SPEED_data_t * const);
  39:.\source\rte/sc_speed.h **** 
  40:.\source\rte/sc_speed.h **** /**
  41:.\source\rte/sc_speed.h ****  *  Definition of function types for driver interfaces.
  42:.\source\rte/sc_speed.h ****  *  O-Port
  43:.\source\rte/sc_speed.h ****  */
  44:.\source\rte/sc_speed.h **** typedef RC_t (*SC_SPEED_driverOut_t)( const SC_SPEED_data_t * const);
  45:.\source\rte/sc_speed.h **** 
  46:.\source\rte/sc_speed.h **** 
  47:.\source\rte/sc_speed.h **** /**************************************************************************************************
  48:.\source\rte/sc_speed.h **** /* The signal configuration API block																				*/
  49:.\source\rte/sc_speed.h **** /**************************************************************************************************
  50:.\source\rte/sc_speed.h **** 
  51:.\source\rte/sc_speed.h **** /**
  52:.\source\rte/sc_speed.h ****  * Instances of the struct SC_SPEED_cfg_t represent the signal object configuration.
  53:.\source\rte/sc_speed.h ****  */
  54:.\source\rte/sc_speed.h **** struct SC_SPEED_cfg_s
  55:.\source\rte/sc_speed.h **** {
  56:.\source\rte/sc_speed.h ****     /**
  57:.\source\rte/sc_speed.h ****      * Function pointer to the input driver
  58:.\source\rte/sc_speed.h ****      */
  59:.\source\rte/sc_speed.h ****     SC_SPEED_driverIn_t const inDriver;
  60:.\source\rte/sc_speed.h **** 
  61:.\source\rte/sc_speed.h ****     /**
  62:.\source\rte/sc_speed.h ****      * Function pointer to the output driver table
  63:.\source\rte/sc_speed.h ****      */
ARM GAS  C:\Users\zakis\AppData\Local\Temp\cc3mPN01.s 			page 4


  64:.\source\rte/sc_speed.h ****    SC_SPEED_driverOut_t const outDriver;
  65:.\source\rte/sc_speed.h ****    
  66:.\source\rte/sc_speed.h ****     /**
  67:.\source\rte/sc_speed.h ****      * Event onUpdate
  68:.\source\rte/sc_speed.h ****      */
  69:.\source\rte/sc_speed.h ****     EventMaskType const evOnUpdate;
  70:.\source\rte/sc_speed.h ****     
  71:.\source\rte/sc_speed.h ****     
  72:.\source\rte/sc_speed.h ****     /**
  73:.\source\rte/sc_speed.h ****      * Event onError
  74:.\source\rte/sc_speed.h ****      */
  75:.\source\rte/sc_speed.h ****     EventMaskType const evOnError;
  76:.\source\rte/sc_speed.h ****     
  77:.\source\rte/sc_speed.h ****     /**
  78:.\source\rte/sc_speed.h ****      * Task Count onUpdate
  79:.\source\rte/sc_speed.h ****      */
  80:.\source\rte/sc_speed.h ****     size_t const onUpdateTaskCount;
  81:.\source\rte/sc_speed.h **** 
  82:.\source\rte/sc_speed.h ****     /**
  83:.\source\rte/sc_speed.h ****      * Task List onUpdate
  84:.\source\rte/sc_speed.h ****      */
  85:.\source\rte/sc_speed.h ****     TaskTypeArray* const onUpdateTasks;
  86:.\source\rte/sc_speed.h ****     
  87:.\source\rte/sc_speed.h ****     /**
  88:.\source\rte/sc_speed.h ****      * Task Count onError
  89:.\source\rte/sc_speed.h ****      */
  90:.\source\rte/sc_speed.h ****     size_t const onErrorTaskCount;
  91:.\source\rte/sc_speed.h **** 
  92:.\source\rte/sc_speed.h ****     /**
  93:.\source\rte/sc_speed.h ****      * Task List onError
  94:.\source\rte/sc_speed.h ****      */
  95:.\source\rte/sc_speed.h ****     TaskTypeArray* const onErrorTasks;
  96:.\source\rte/sc_speed.h **** 	
  97:.\source\rte/sc_speed.h **** 	
  98:.\source\rte/sc_speed.h **** 	/**
  99:.\source\rte/sc_speed.h **** 	 * Ressourse is active? We need an additional boolean as a ressource value 0 is valid.
 100:.\source\rte/sc_speed.h **** 	 */
 101:.\source\rte/sc_speed.h **** 	 boolean_t const resourceActive;
 102:.\source\rte/sc_speed.h **** 	 
 103:.\source\rte/sc_speed.h **** 	/**
 104:.\source\rte/sc_speed.h **** 	 * Ressourse 
 105:.\source\rte/sc_speed.h **** 	 */
 106:.\source\rte/sc_speed.h **** 	 ResourceType const resource;
 107:.\source\rte/sc_speed.h **** 
 108:.\source\rte/sc_speed.h **** };                                                                                                 
 109:.\source\rte/sc_speed.h **** typedef const struct SC_SPEED_cfg_s SC_SPEED_cfg_t;
 110:.\source\rte/sc_speed.h ****                               
 111:.\source\rte/sc_speed.h **** /**************************************************************************************************
 112:.\source\rte/sc_speed.h **** /* The data interface block																							*/
 113:.\source\rte/sc_speed.h **** /**************************************************************************************************
 114:.\source\rte/sc_speed.h **** 
 115:.\source\rte/sc_speed.h ****                                                                                                    
 116:.\source\rte/sc_speed.h **** 							  
 117:.\source\rte/sc_speed.h **** /**
 118:.\source\rte/sc_speed.h ****  * Instances of the struct SC_SPEED_t represent the signal objects.
 119:.\source\rte/sc_speed.h ****  * A signal object contains the current application value 'value' as well as relevant meta data.
 120:.\source\rte/sc_speed.h ****  */
ARM GAS  C:\Users\zakis\AppData\Local\Temp\cc3mPN01.s 			page 5


 121:.\source\rte/sc_speed.h **** struct SC_SPEED_s
 122:.\source\rte/sc_speed.h **** {                                                                                                  
 123:.\source\rte/sc_speed.h **** 
 124:.\source\rte/sc_speed.h **** 	/**
 125:.\source\rte/sc_speed.h **** 	 * Data buffer for the application value
 126:.\source\rte/sc_speed.h **** 	 */
 127:.\source\rte/sc_speed.h ****     SC_SPEED_data_t value;
 128:.\source\rte/sc_speed.h **** 
 129:.\source\rte/sc_speed.h ****     /**
 130:.\source\rte/sc_speed.h ****      * Current signal status
 131:.\source\rte/sc_speed.h ****      */
 132:.\source\rte/sc_speed.h ****     RTE_signalStatus_t status;
 133:.\source\rte/sc_speed.h **** 
 134:.\source\rte/sc_speed.h ****     /**
 135:.\source\rte/sc_speed.h ****      * Current age of the signal (in calling cycles)
 136:.\source\rte/sc_speed.h ****      */
 137:.\source\rte/sc_speed.h ****     uint32_t age;
 138:.\source\rte/sc_speed.h **** 
 139:.\source\rte/sc_speed.h ****     /**
 140:.\source\rte/sc_speed.h ****      * Pointer to the signal configuration
 141:.\source\rte/sc_speed.h ****      */
 142:.\source\rte/sc_speed.h **** 	const SC_SPEED_cfg_t * const    pSigCfg;
 143:.\source\rte/sc_speed.h **** 
 144:.\source\rte/sc_speed.h **** };                                                                                                 
 145:.\source\rte/sc_speed.h **** typedef struct SC_SPEED_s SC_SPEED_t;
 146:.\source\rte/sc_speed.h **** 
 147:.\source\rte/sc_speed.h **** /**************************************************************************************************
 148:.\source\rte/sc_speed.h **** /* Signal initialisation   																							*/
 149:.\source\rte/sc_speed.h **** /**************************************************************************************************
 150:.\source\rte/sc_speed.h **** 
 151:.\source\rte/sc_speed.h **** /**
 152:.\source\rte/sc_speed.h ****  * Initializes a signal instance with a passed init value.
 153:.\source\rte/sc_speed.h ****  * Depending on the configured conversion or scaling function the raw_value will be calculated.
 154:.\source\rte/sc_speed.h ****  * Signal status will change from RTE_SIGNALSTATUS_STARTUP to RTE_SIGNALSTATUS_INITIALIZED.
 155:.\source\rte/sc_speed.h ****  *
 156:.\source\rte/sc_speed.h ****  * @param  SC_SPEED_t * const signal: Pointer to the signal object which will be initialised
 157:.\source\rte/sc_speed.h ****  * @return RC_t: standard return code, currently only RC_SUCCESS
 158:.\source\rte/sc_speed.h ****  *
 159:.\source\rte/sc_speed.h ****  **/
 160:.\source\rte/sc_speed.h **** inline RC_t RTE_SC_SPEED_init( SC_SPEED_t * const signal )
 161:.\source\rte/sc_speed.h **** {                                                                                                  
 162:.\source\rte/sc_speed.h **** 
 163:.\source\rte/sc_speed.h ****    RC_t ret = RC_SUCCESS;
 164:.\source\rte/sc_speed.h **** 
 165:.\source\rte/sc_speed.h ****    //Set value and raw value
 166:.\source\rte/sc_speed.h ****    signal->value  = SC_SPEED_INIT_DATA;
 167:.\source\rte/sc_speed.h ****    signal->age    = 0;
 168:.\source\rte/sc_speed.h ****    signal->status = RTE_SIGNALSTATUS_INITIALIZED;
 169:.\source\rte/sc_speed.h **** 
 170:.\source\rte/sc_speed.h ****    return ret;
 171:.\source\rte/sc_speed.h **** }
 172:.\source\rte/sc_speed.h **** 
 173:.\source\rte/sc_speed.h **** /**************************************************************************************************
 174:.\source\rte/sc_speed.h **** /* Status and timeout control																						*/
 175:.\source\rte/sc_speed.h **** /**************************************************************************************************
 176:.\source\rte/sc_speed.h **** 
 177:.\source\rte/sc_speed.h **** /**
ARM GAS  C:\Users\zakis\AppData\Local\Temp\cc3mPN01.s 			page 6


 178:.\source\rte/sc_speed.h ****  *  Returns the current signal status of the passed signal instance.
 179:.\source\rte/sc_speed.h ****  *
 180:.\source\rte/sc_speed.h ****  * @param  SC_SPEED_t * const signal: Pointer to the signal object
 181:.\source\rte/sc_speed.h ****  * @return  sig_status_t: The current signal status
 182:.\source\rte/sc_speed.h ****  *
 183:.\source\rte/sc_speed.h ****  **/
 184:.\source\rte/sc_speed.h **** inline RTE_signalStatus_t RTE_SC_SPEED_getStatus( const SC_SPEED_t * const signal )
 185:.\source\rte/sc_speed.h **** {
 186:.\source\rte/sc_speed.h ****    return signal->status;
 187:.\source\rte/sc_speed.h **** }
 188:.\source\rte/sc_speed.h **** 
 189:.\source\rte/sc_speed.h **** 
 190:.\source\rte/sc_speed.h **** /**
 191:.\source\rte/sc_speed.h ****  *  Sets a new signal status of the passed signal instance by passing the new status.
 192:.\source\rte/sc_speed.h ****  *
 193:.\source\rte/sc_speed.h ****  * @param  SC_SPEED_t * const signal: Pointer to the signal object
 194:.\source\rte/sc_speed.h ****  * @param  const sig_status_t status: New signal status
 195:.\source\rte/sc_speed.h ****  * @return RC_t: standard return code, currently only RC_SUCCESS
 196:.\source\rte/sc_speed.h ****  *
 197:.\source\rte/sc_speed.h ****  */
 198:.\source\rte/sc_speed.h **** inline RC_t RTE_SC_SPEED_setStatus( SC_SPEED_t * const signal, const RTE_signalStatus_t status )
 199:.\source\rte/sc_speed.h **** {
 200:.\source\rte/sc_speed.h ****    signal->status = status;
 201:.\source\rte/sc_speed.h ****    size_t taskNum=0;
 202:.\source\rte/sc_speed.h ****    
 203:.\source\rte/sc_speed.h ****    //Fire error events in case of invalid state
 204:.\source\rte/sc_speed.h ****    if (signal->status == RTE_SIGNALSTATUS_INVALID)
 205:.\source\rte/sc_speed.h ****    {
 206:.\source\rte/sc_speed.h **** 	    //Pointer to the Taskarray, containing the tasks receiving the onUpdate events
 207:.\source\rte/sc_speed.h **** 		TaskTypeArray* pTaskArray = signal->pSigCfg->onErrorTasks;
 208:.\source\rte/sc_speed.h **** 
 209:.\source\rte/sc_speed.h **** 		if (0 != signal->pSigCfg->evOnError && NULL != pTaskArray){
 210:.\source\rte/sc_speed.h **** 			for( taskNum=0 ; taskNum < signal->pSigCfg->onErrorTaskCount ;taskNum++){
 211:.\source\rte/sc_speed.h **** 				TaskType task = (*pTaskArray)[taskNum];
 212:.\source\rte/sc_speed.h **** 				SetEvent( task, signal->pSigCfg->evOnError);
 213:.\source\rte/sc_speed.h **** 			}
 214:.\source\rte/sc_speed.h **** 		}
 215:.\source\rte/sc_speed.h ****    }
 216:.\source\rte/sc_speed.h ****    
 217:.\source\rte/sc_speed.h ****    return RC_SUCCESS;
 218:.\source\rte/sc_speed.h **** }
 219:.\source\rte/sc_speed.h **** 
 220:.\source\rte/sc_speed.h **** 
 221:.\source\rte/sc_speed.h **** /**
 222:.\source\rte/sc_speed.h ****  * Returns the count of refreshing trials (refresh, set or set_raw) that failed.
 223:.\source\rte/sc_speed.h ****  * Prerquisite: The signal is refreshed cyclically
 224:.\source\rte/sc_speed.h ****  *
 225:.\source\rte/sc_speed.h ****  * @param  SC_SPEED_t * const signal: Pointer to the signal object
 226:.\source\rte/sc_speed.h ****  * @return uint32_t: Number of cycles since the signal has been updated for the last time
 227:.\source\rte/sc_speed.h ****  */
 228:.\source\rte/sc_speed.h **** inline uint32_t RTE_SC_SPEED_getAge( const SC_SPEED_t * const signal )
 229:.\source\rte/sc_speed.h **** {
 230:.\source\rte/sc_speed.h ****    return signal->age;
 231:.\source\rte/sc_speed.h **** }
 232:.\source\rte/sc_speed.h **** 
 233:.\source\rte/sc_speed.h **** /**
 234:.\source\rte/sc_speed.h ****  * Should be called by application or driver if no new value can be provided.
ARM GAS  C:\Users\zakis\AppData\Local\Temp\cc3mPN01.s 			page 7


 235:.\source\rte/sc_speed.h ****  * @param  SC_SPEED_t * const signal: Pointer to the signal object
 236:.\source\rte/sc_speed.h ****  * @param uint32_t increment: incrementvalue, typically in [ms]
 237:.\source\rte/sc_speed.h ****  * @return void
 238:.\source\rte/sc_speed.h ****  */
 239:.\source\rte/sc_speed.h **** inline void RTE_SC_SPEED_incAge(  SC_SPEED_t * const signal , uint32_t increment)
 240:.\source\rte/sc_speed.h **** {
 241:.\source\rte/sc_speed.h **** 	   //Hack....
 242:.\source\rte/sc_speed.h **** 	   if ( 0xFFFF0000 > (signal->age + increment) )
 243:.\source\rte/sc_speed.h **** 	   {
 244:.\source\rte/sc_speed.h **** 	      signal->age += increment;
 245:.\source\rte/sc_speed.h **** 	   }
 246:.\source\rte/sc_speed.h **** }
 247:.\source\rte/sc_speed.h **** 
 248:.\source\rte/sc_speed.h **** 
 249:.\source\rte/sc_speed.h **** /**************************************************************************************************
 250:.\source\rte/sc_speed.h **** /* Application Data read/write Interface																			*/
 251:.\source\rte/sc_speed.h **** /**************************************************************************************************
 252:.\source\rte/sc_speed.h **** 
 253:.\source\rte/sc_speed.h **** /**
 254:.\source\rte/sc_speed.h ****  * Returns the current application value as pointer to the signal payload.
 255:.\source\rte/sc_speed.h ****  * Careful: This is not threadsafe!!!
 256:.\source\rte/sc_speed.h ****  *
 257:.\source\rte/sc_speed.h ****  * @param  SC_SPEED_t * const signal: Pointer to the signal object
 258:.\source\rte/sc_speed.h ****  * @return sc_speed_data_t*: pointer to the current value of the application data buffer
 259:.\source\rte/sc_speed.h ****  *
 260:.\source\rte/sc_speed.h ****  **/
 261:.\source\rte/sc_speed.h **** inline SC_SPEED_data_t* RTE_SC_SPEED_getPtr( SC_SPEED_t * const signal )
 262:.\source\rte/sc_speed.h **** {               
 263:.\source\rte/sc_speed.h ****    //Todo: Critical region cannot be protected using return values																						
 264:.\source\rte/sc_speed.h ****    return &(signal->value);                                                                        
 265:.\source\rte/sc_speed.h **** }
 266:.\source\rte/sc_speed.h **** 
 267:.\source\rte/sc_speed.h **** /**
 268:.\source\rte/sc_speed.h ****  * Returns the current application value of the passed signal instance.
 269:.\source\rte/sc_speed.h ****  *
 270:.\source\rte/sc_speed.h ****  * @param  SC_SPEED_t * const signal: Pointer to the signal object
 271:.\source\rte/sc_speed.h ****  * @return sc_speed_data_t: current value of the application data buffer
 272:.\source\rte/sc_speed.h ****  *
 273:.\source\rte/sc_speed.h ****  **/
 274:.\source\rte/sc_speed.h **** inline SC_SPEED_data_t RTE_SC_SPEED_get( const SC_SPEED_t * const signal )
 275:.\source\rte/sc_speed.h **** {               
 276:.\source\rte/sc_speed.h ****    //Todo: Critical region cannot be protected using return values																						
 277:.\source\rte/sc_speed.h ****    return signal->value;                                                                           
 278:.\source\rte/sc_speed.h **** }                                                                                                  
 279:.\source\rte/sc_speed.h ****                                                                                                    
 280:.\source\rte/sc_speed.h **** /**
 281:.\source\rte/sc_speed.h ****  * Returns the current application value of the passed signal instance threadsafe.
 282:.\source\rte/sc_speed.h ****  *
 283:.\source\rte/sc_speed.h ****  * @param  SC_SPEED_t * const signal: Pointer to the signal object
 284:.\source\rte/sc_speed.h ****  * @param  SC_SPEED_data_t* data: Pointer to the return data Pointer to the signal object
 285:.\source\rte/sc_speed.h ****  * @return RC_SUCCESS
 286:.\source\rte/sc_speed.h ****  *
 287:.\source\rte/sc_speed.h ****  **/
 288:.\source\rte/sc_speed.h **** inline RC_t RTE_SC_SPEED_getThreadSafe( const SC_SPEED_t * const signal, SC_SPEED_data_t * const da
 289:.\source\rte/sc_speed.h **** {    
 290:.\source\rte/sc_speed.h ****    if (TRUE == signal->pSigCfg->resourceActive) GetResource(signal->pSigCfg->resource);
 291:.\source\rte/sc_speed.h ****    *data = signal->value;
ARM GAS  C:\Users\zakis\AppData\Local\Temp\cc3mPN01.s 			page 8


 292:.\source\rte/sc_speed.h ****    if (TRUE == signal->pSigCfg->resourceActive) ReleaseResource(signal->pSigCfg->resource);        
 293:.\source\rte/sc_speed.h **** 
 294:.\source\rte/sc_speed.h ****    return RC_SUCCESS;                                                                   
 295:.\source\rte/sc_speed.h ****    
 296:.\source\rte/sc_speed.h **** }                                                                                                  
 297:.\source\rte/sc_speed.h ****                                                                                                    
 298:.\source\rte/sc_speed.h **** /**
 299:.\source\rte/sc_speed.h ****  * Sets a new application value to the passed signal instance by passing the new value.
 300:.\source\rte/sc_speed.h ****  * The corresponding driver raw value will be calculated immediately by using the default conversio
 301:.\source\rte/sc_speed.h ****  * signal specific scaling function.
 302:.\source\rte/sc_speed.h ****  * The signal age will be set to 0 and the new status will be 'RTE_SIGNALSTATUS_VALID'.
 303:.\source\rte/sc_speed.h ****  *
 304:.\source\rte/sc_speed.h ****  * @param  SC_SPEED_t * const signal: Pointer to the signal object
 305:.\source\rte/sc_speed.h ****  * @param  sc_speed_data_t const value: value for the application data buffer
 306:.\source\rte/sc_speed.h ****  * @return RC_t: standard return code, currently only RC_SUCCESS
 307:.\source\rte/sc_speed.h ****  *
 308:.\source\rte/sc_speed.h ****  **/
 309:.\source\rte/sc_speed.h **** inline RC_t RTE_SC_SPEED_set(SC_SPEED_t * const signal, const SC_SPEED_data_t value  )
 310:.\source\rte/sc_speed.h **** {
 311:.\source\rte/sc_speed.h **** 
 312:.\source\rte/sc_speed.h ****    RC_t ret = RC_SUCCESS;
 313:.\source\rte/sc_speed.h ****    size_t taskNum=0;
 314:.\source\rte/sc_speed.h **** 
 315:.\source\rte/sc_speed.h **** 
 316:.\source\rte/sc_speed.h ****    if (TRUE == signal->pSigCfg->resourceActive) GetResource(signal->pSigCfg->resource);
  55              		.loc 2 316 0
  56 0012 104B     		ldr	r3, .L8+4
  57 0014 9A68     		ldr	r2, [r3, #8]
  58              	.LVL4:
 317:.\source\rte/sc_speed.h ****    signal->value  = value;
  59              		.loc 2 317 0
  60 0016 1970     		strb	r1, [r3]
 318:.\source\rte/sc_speed.h ****    signal->age    = 0;
  61              		.loc 2 318 0
  62 0018 0021     		movs	r1, #0
  63              	.LVL5:
  64 001a 5960     		str	r1, [r3, #4]
 319:.\source\rte/sc_speed.h ****    signal->status = RTE_SIGNALSTATUS_VALID;
  65              		.loc 2 319 0
  66 001c 0221     		movs	r1, #2
  67 001e 5970     		strb	r1, [r3, #1]
 320:.\source\rte/sc_speed.h ****    if (TRUE == signal->pSigCfg->resourceActive) ReleaseResource(signal->pSigCfg->resource);
 321:.\source\rte/sc_speed.h **** 
 322:.\source\rte/sc_speed.h ****    //Pointer to the Taskarray, containing the tasks receiving the onUpdate events
 323:.\source\rte/sc_speed.h ****    TaskTypeArray* pTaskArray = signal->pSigCfg->onUpdateTasks;
  68              		.loc 2 323 0
  69 0020 5569     		ldr	r5, [r2, #20]
  70              	.LVL6:
 324:.\source\rte/sc_speed.h **** 
 325:.\source\rte/sc_speed.h ****    if (0 != signal->pSigCfg->evOnUpdate && NULL != pTaskArray){
  71              		.loc 2 325 0
  72 0022 9368     		ldr	r3, [r2, #8]
  73 0024 73B1     		cbz	r3, .L3
  74 0026 3DB9     		cbnz	r5, .L6
  75 0028 0CE0     		b	.L3
  76              	.LVL7:
  77              	.L5:
ARM GAS  C:\Users\zakis\AppData\Local\Temp\cc3mPN01.s 			page 9


  78              	.LBB9:
 326:.\source\rte/sc_speed.h ****       for( taskNum=0 ; taskNum < signal->pSigCfg->onUpdateTaskCount ;taskNum++){
 327:.\source\rte/sc_speed.h **** 		  
 328:.\source\rte/sc_speed.h ****           TaskType task = (*pTaskArray)[taskNum];
 329:.\source\rte/sc_speed.h **** 	      SetEvent( task, signal->pSigCfg->evOnUpdate);
  79              		.loc 2 329 0
  80 002a 9968     		ldr	r1, [r3, #8]
  81 002c 55F82400 		ldr	r0, [r5, r4, lsl #2]
  82 0030 FFF7FEFF 		bl	EE_oo_SetEvent
  83              	.LVL8:
  84              	.LBE9:
 326:.\source\rte/sc_speed.h ****       for( taskNum=0 ; taskNum < signal->pSigCfg->onUpdateTaskCount ;taskNum++){
  85              		.loc 2 326 0
  86 0034 0134     		adds	r4, r4, #1
  87              	.LVL9:
  88 0036 00E0     		b	.L4
  89              	.LVL10:
  90              	.L6:
 325:.\source\rte/sc_speed.h ****       for( taskNum=0 ; taskNum < signal->pSigCfg->onUpdateTaskCount ;taskNum++){
  91              		.loc 2 325 0
  92 0038 0024     		movs	r4, #0
  93              	.LVL11:
  94              	.L4:
 326:.\source\rte/sc_speed.h ****       for( taskNum=0 ; taskNum < signal->pSigCfg->onUpdateTaskCount ;taskNum++){
  95              		.loc 2 326 0
  96 003a 064B     		ldr	r3, .L8+4
  97 003c 9B68     		ldr	r3, [r3, #8]
  98 003e 1A69     		ldr	r2, [r3, #16]
  99 0040 9442     		cmp	r4, r2
 100 0042 F2D3     		bcc	.L5
 101              	.LVL12:
 102              	.L3:
 103              	.LBE8:
 104              	.LBE7:
  55:source\asw/swc_control.c ****         //RTE_SC_SPEED_set(&SO_SPEED_signal, speed);
  56:source\asw/swc_control.c ****         //UART_Logs_PutChar(SO_SPEED_signal.value.m_speed);
  57:source\asw/swc_control.c ****     }
  58:source\asw/swc_control.c **** 
  59:source\asw/swc_control.c ****     //UART_Logs_PutChar(joystickData.m_joystickValueX);
  60:source\asw/swc_control.c ****     RTE_SC_SPEED_set(&SO_SPEED_signal, speed);
  61:source\asw/swc_control.c ****     UART_Logs_PutChar(SO_SPEED_signal.value.m_speed);
 105              		.loc 1 61 0
 106 0044 034B     		ldr	r3, .L8+4
 107 0046 1878     		ldrb	r0, [r3]	@ zero_extendqisi2
 108 0048 FFF7FEFF 		bl	UART_Logs_PutChar
 109              	.LVL13:
 110 004c 38BD     		pop	{r3, r4, r5, pc}
 111              	.L9:
 112 004e 00BF     		.align	2
 113              	.L8:
 114 0050 00000000 		.word	SO_JOYSTICK_signal
 115 0054 00000000 		.word	SO_SPEED_signal
 116              		.cfi_endproc
 117              	.LFE154:
 118              		.size	CONTROL_calcControl_run, .-CONTROL_calcControl_run
 119              		.text
 120              	.Letext0:
ARM GAS  C:\Users\zakis\AppData\Local\Temp\cc3mPN01.s 			page 10


 121              		.file 3 "c:\\program files (x86)\\cypress\\psoc creator\\4.4\\psoc creator\\import\\gnu\\arm\\5.4.
 122              		.file 4 "c:\\program files (x86)\\cypress\\psoc creator\\4.4\\psoc creator\\import\\gnu\\arm\\5.4.
 123              		.file 5 "c:\\program files (x86)\\cypress\\psoc creator\\4.4\\psoc creator\\import\\gnu\\arm\\5.4.
 124              		.file 6 "Generated_Source\\PSoC5/ErikaOS_common_ee_types.inc"
 125              		.file 7 "Generated_Source\\PSoC5/ErikaOS_cortex_mx_ee_cpu.inc"
 126              		.file 8 "Generated_Source\\PSoC5/ErikaOS_ee_oo_common.inc"
 127              		.file 9 ".\\source\\bsw/global.h"
 128              		.file 10 ".\\source\\rte/rte_types.h"
 129              		.file 11 ".\\source\\rte/rte.h"
 130              		.file 12 ".\\source\\rte/sc_joystick_type.h"
 131              		.file 13 ".\\source\\rte/sc_joystick.h"
 132              		.file 14 ".\\source\\rte/sc_speed_type.h"
 133              		.file 15 "Generated_Source\\PSoC5/ErikaOS_ee_oo_intfunc.inc"
 134              		.file 16 "Generated_Source\\PSoC5/ErikaOS_cortex_mx_ee_context.inc"
 135              		.file 17 "Generated_Source\\PSoC5/ErikaOS_common_ee_primitives.inc"
 136              		.file 18 "Generated_Source\\PSoC5/core_cm3.h"
 137              		.file 19 ".\\source\\rte/sp_common.h"
 138              		.file 20 "Generated_Source\\PSoC5/ErikaOS_ee_oo_kernel.inc"
 139              		.file 21 "Generated_Source\\PSoC5/UART_Logs.h"
 140              		.section	.debug_info,"",%progbits
 141              	.Ldebug_info0:
 142 0000 F3060000 		.4byte	0x6f3
 143 0004 0400     		.2byte	0x4
 144 0006 00000000 		.4byte	.Ldebug_abbrev0
 145 000a 04       		.byte	0x4
 146 000b 01       		.uleb128 0x1
 147 000c 00000000 		.4byte	.LASF111
 148 0010 0C       		.byte	0xc
 149 0011 51030000 		.4byte	.LASF112
 150 0015 E9030000 		.4byte	.LASF113
 151 0019 00000000 		.4byte	.Ldebug_ranges0+0
 152 001d 00000000 		.4byte	0
 153 0021 00000000 		.4byte	.Ldebug_line0
 154 0025 02       		.uleb128 0x2
 155 0026 01       		.byte	0x1
 156 0027 06       		.byte	0x6
 157 0028 6D040000 		.4byte	.LASF0
 158 002c 03       		.uleb128 0x3
 159 002d 91030000 		.4byte	.LASF4
 160 0031 03       		.byte	0x3
 161 0032 1D       		.byte	0x1d
 162 0033 37000000 		.4byte	0x37
 163 0037 02       		.uleb128 0x2
 164 0038 01       		.byte	0x1
 165 0039 08       		.byte	0x8
 166 003a 4C040000 		.4byte	.LASF1
 167 003e 02       		.uleb128 0x2
 168 003f 02       		.byte	0x2
 169 0040 05       		.byte	0x5
 170 0041 3F010000 		.4byte	.LASF2
 171 0045 02       		.uleb128 0x2
 172 0046 02       		.byte	0x2
 173 0047 07       		.byte	0x7
 174 0048 72050000 		.4byte	.LASF3
 175 004c 03       		.uleb128 0x3
 176 004d 26060000 		.4byte	.LASF5
 177 0051 03       		.byte	0x3
ARM GAS  C:\Users\zakis\AppData\Local\Temp\cc3mPN01.s 			page 11


 178 0052 3F       		.byte	0x3f
 179 0053 57000000 		.4byte	0x57
 180 0057 02       		.uleb128 0x2
 181 0058 04       		.byte	0x4
 182 0059 05       		.byte	0x5
 183 005a 36030000 		.4byte	.LASF6
 184 005e 03       		.uleb128 0x3
 185 005f 07010000 		.4byte	.LASF7
 186 0063 03       		.byte	0x3
 187 0064 41       		.byte	0x41
 188 0065 69000000 		.4byte	0x69
 189 0069 02       		.uleb128 0x2
 190 006a 04       		.byte	0x4
 191 006b 07       		.byte	0x7
 192 006c BC040000 		.4byte	.LASF8
 193 0070 02       		.uleb128 0x2
 194 0071 08       		.byte	0x8
 195 0072 05       		.byte	0x5
 196 0073 C7020000 		.4byte	.LASF9
 197 0077 02       		.uleb128 0x2
 198 0078 08       		.byte	0x8
 199 0079 07       		.byte	0x7
 200 007a 81040000 		.4byte	.LASF10
 201 007e 04       		.uleb128 0x4
 202 007f 04       		.byte	0x4
 203 0080 05       		.byte	0x5
 204 0081 696E7400 		.ascii	"int\000"
 205 0085 02       		.uleb128 0x2
 206 0086 04       		.byte	0x4
 207 0087 07       		.byte	0x7
 208 0088 A1040000 		.4byte	.LASF11
 209 008c 03       		.uleb128 0x3
 210 008d 30060000 		.4byte	.LASF12
 211 0091 04       		.byte	0x4
 212 0092 18       		.byte	0x18
 213 0093 2C000000 		.4byte	0x2c
 214 0097 03       		.uleb128 0x3
 215 0098 6A050000 		.4byte	.LASF13
 216 009c 04       		.byte	0x4
 217 009d 2C       		.byte	0x2c
 218 009e 4C000000 		.4byte	0x4c
 219 00a2 03       		.uleb128 0x3
 220 00a3 98040000 		.4byte	.LASF14
 221 00a7 04       		.byte	0x4
 222 00a8 30       		.byte	0x30
 223 00a9 5E000000 		.4byte	0x5e
 224 00ad 02       		.uleb128 0x2
 225 00ae 04       		.byte	0x4
 226 00af 04       		.byte	0x4
 227 00b0 98020000 		.4byte	.LASF15
 228 00b4 02       		.uleb128 0x2
 229 00b5 08       		.byte	0x8
 230 00b6 04       		.byte	0x4
 231 00b7 98060000 		.4byte	.LASF16
 232 00bb 02       		.uleb128 0x2
 233 00bc 01       		.byte	0x1
 234 00bd 08       		.byte	0x8
ARM GAS  C:\Users\zakis\AppData\Local\Temp\cc3mPN01.s 			page 12


 235 00be 12010000 		.4byte	.LASF17
 236 00c2 03       		.uleb128 0x3
 237 00c3 49010000 		.4byte	.LASF18
 238 00c7 05       		.byte	0x5
 239 00c8 D8       		.byte	0xd8
 240 00c9 85000000 		.4byte	0x85
 241 00cd 02       		.uleb128 0x2
 242 00ce 08       		.byte	0x8
 243 00cf 04       		.byte	0x4
 244 00d0 DD030000 		.4byte	.LASF19
 245 00d4 03       		.uleb128 0x3
 246 00d5 F8040000 		.4byte	.LASF20
 247 00d9 06       		.byte	0x6
 248 00da 53       		.byte	0x53
 249 00db 7E000000 		.4byte	0x7e
 250 00df 03       		.uleb128 0x3
 251 00e0 DE010000 		.4byte	.LASF21
 252 00e4 06       		.byte	0x6
 253 00e5 54       		.byte	0x54
 254 00e6 85000000 		.4byte	0x85
 255 00ea 03       		.uleb128 0x3
 256 00eb 0D060000 		.4byte	.LASF22
 257 00ef 07       		.byte	0x7
 258 00f0 4D       		.byte	0x4d
 259 00f1 DF000000 		.4byte	0xdf
 260 00f5 03       		.uleb128 0x3
 261 00f6 AB010000 		.4byte	.LASF23
 262 00fa 07       		.byte	0x7
 263 00fb 4F       		.byte	0x4f
 264 00fc DF000000 		.4byte	0xdf
 265 0100 03       		.uleb128 0x3
 266 0101 E8010000 		.4byte	.LASF24
 267 0105 07       		.byte	0x7
 268 0106 78       		.byte	0x78
 269 0107 D4000000 		.4byte	0xd4
 270 010b 05       		.uleb128 0x5
 271 010c 43040000 		.4byte	.LASF25
 272 0110 08       		.byte	0x8
 273 0111 F701     		.2byte	0x1f7
 274 0113 00010000 		.4byte	0x100
 275 0117 05       		.uleb128 0x5
 276 0118 AB000000 		.4byte	.LASF26
 277 011c 08       		.byte	0x8
 278 011d 2C02     		.2byte	0x22c
 279 011f EA000000 		.4byte	0xea
 280 0123 02       		.uleb128 0x2
 281 0124 04       		.byte	0x4
 282 0125 07       		.byte	0x7
 283 0126 65010000 		.4byte	.LASF27
 284 012a 03       		.uleb128 0x3
 285 012b 55070000 		.4byte	.LASF28
 286 012f 09       		.byte	0x9
 287 0130 90       		.byte	0x90
 288 0131 25000000 		.4byte	0x25
 289 0135 03       		.uleb128 0x3
 290 0136 BE030000 		.4byte	.LASF29
 291 013a 09       		.byte	0x9
ARM GAS  C:\Users\zakis\AppData\Local\Temp\cc3mPN01.s 			page 13


 292 013b 9C       		.byte	0x9c
 293 013c 37000000 		.4byte	0x37
 294 0140 06       		.uleb128 0x6
 295 0141 01       		.byte	0x1
 296 0142 25000000 		.4byte	0x25
 297 0146 09       		.byte	0x9
 298 0147 CF       		.byte	0xcf
 299 0148 E9010000 		.4byte	0x1e9
 300 014c 07       		.uleb128 0x7
 301 014d DD000000 		.4byte	.LASF30
 302 0151 00       		.byte	0
 303 0152 08       		.uleb128 0x8
 304 0153 F3060000 		.4byte	.LASF31
 305 0157 7F       		.sleb128 -1
 306 0158 08       		.uleb128 0x8
 307 0159 D4040000 		.4byte	.LASF32
 308 015d 7E       		.sleb128 -2
 309 015e 08       		.uleb128 0x8
 310 015f 9D010000 		.4byte	.LASF33
 311 0163 7D       		.sleb128 -3
 312 0164 08       		.uleb128 0x8
 313 0165 FC060000 		.4byte	.LASF34
 314 0169 7C       		.sleb128 -4
 315 016a 08       		.uleb128 0x8
 316 016b 89020000 		.4byte	.LASF35
 317 016f 7B       		.sleb128 -5
 318 0170 08       		.uleb128 0x8
 319 0171 15060000 		.4byte	.LASF36
 320 0175 7A       		.sleb128 -6
 321 0176 08       		.uleb128 0x8
 322 0177 3F030000 		.4byte	.LASF37
 323 017b 79       		.sleb128 -7
 324 017c 08       		.uleb128 0x8
 325 017d 55050000 		.4byte	.LASF38
 326 0181 78       		.sleb128 -8
 327 0182 08       		.uleb128 0x8
 328 0183 E2040000 		.4byte	.LASF39
 329 0187 77       		.sleb128 -9
 330 0188 08       		.uleb128 0x8
 331 0189 6A030000 		.4byte	.LASF40
 332 018d 76       		.sleb128 -10
 333 018e 08       		.uleb128 0x8
 334 018f 5D070000 		.4byte	.LASF41
 335 0193 75       		.sleb128 -11
 336 0194 08       		.uleb128 0x8
 337 0195 AE040000 		.4byte	.LASF42
 338 0199 74       		.sleb128 -12
 339 019a 08       		.uleb128 0x8
 340 019b FB050000 		.4byte	.LASF43
 341 019f 73       		.sleb128 -13
 342 01a0 08       		.uleb128 0x8
 343 01a1 CA000000 		.4byte	.LASF44
 344 01a5 72       		.sleb128 -14
 345 01a6 08       		.uleb128 0x8
 346 01a7 17010000 		.4byte	.LASF45
 347 01ab 71       		.sleb128 -15
 348 01ac 08       		.uleb128 0x8
ARM GAS  C:\Users\zakis\AppData\Local\Temp\cc3mPN01.s 			page 14


 349 01ad 9B030000 		.4byte	.LASF46
 350 01b1 70       		.sleb128 -16
 351 01b2 08       		.uleb128 0x8
 352 01b3 B3010000 		.4byte	.LASF47
 353 01b7 6F       		.sleb128 -17
 354 01b8 08       		.uleb128 0x8
 355 01b9 50010000 		.4byte	.LASF48
 356 01bd 6E       		.sleb128 -18
 357 01be 08       		.uleb128 0x8
 358 01bf 12030000 		.4byte	.LASF49
 359 01c3 6D       		.sleb128 -19
 360 01c4 08       		.uleb128 0x8
 361 01c5 85050000 		.4byte	.LASF50
 362 01c9 6C       		.sleb128 -20
 363 01ca 08       		.uleb128 0x8
 364 01cb AC030000 		.4byte	.LASF51
 365 01cf 6B       		.sleb128 -21
 366 01d0 08       		.uleb128 0x8
 367 01d1 6E060000 		.4byte	.LASF52
 368 01d5 6A       		.sleb128 -22
 369 01d6 08       		.uleb128 0x8
 370 01d7 05020000 		.4byte	.LASF53
 371 01db 69       		.sleb128 -23
 372 01dc 08       		.uleb128 0x8
 373 01dd 25030000 		.4byte	.LASF54
 374 01e1 68       		.sleb128 -24
 375 01e2 08       		.uleb128 0x8
 376 01e3 AE020000 		.4byte	.LASF55
 377 01e7 67       		.sleb128 -25
 378 01e8 00       		.byte	0
 379 01e9 03       		.uleb128 0x3
 380 01ea 43070000 		.4byte	.LASF56
 381 01ee 09       		.byte	0x9
 382 01ef EA       		.byte	0xea
 383 01f0 40010000 		.4byte	0x140
 384 01f4 03       		.uleb128 0x3
 385 01f5 24070000 		.4byte	.LASF57
 386 01f9 0A       		.byte	0xa
 387 01fa 19       		.byte	0x19
 388 01fb FF010000 		.4byte	0x1ff
 389 01ff 09       		.uleb128 0x9
 390 0200 0B010000 		.4byte	0x10b
 391 0204 0A020000 		.4byte	0x20a
 392 0208 0A       		.uleb128 0xa
 393 0209 00       		.byte	0
 394 020a 03       		.uleb128 0x3
 395 020b 3D060000 		.4byte	.LASF58
 396 020f 0A       		.byte	0xa
 397 0210 21       		.byte	0x21
 398 0211 17010000 		.4byte	0x117
 399 0215 03       		.uleb128 0x3
 400 0216 8B060000 		.4byte	.LASF59
 401 021a 0A       		.byte	0xa
 402 021b 2D       		.byte	0x2d
 403 021c A2000000 		.4byte	0xa2
 404 0220 06       		.uleb128 0x6
 405 0221 01       		.byte	0x1
ARM GAS  C:\Users\zakis\AppData\Local\Temp\cc3mPN01.s 			page 15


 406 0222 37000000 		.4byte	0x37
 407 0226 0B       		.byte	0xb
 408 0227 59       		.byte	0x59
 409 0228 45020000 		.4byte	0x245
 410 022c 07       		.uleb128 0x7
 411 022d 78030000 		.4byte	.LASF60
 412 0231 00       		.byte	0
 413 0232 07       		.uleb128 0x7
 414 0233 8E000000 		.4byte	.LASF61
 415 0237 01       		.byte	0x1
 416 0238 07       		.uleb128 0x7
 417 0239 9F060000 		.4byte	.LASF62
 418 023d 02       		.byte	0x2
 419 023e 07       		.uleb128 0x7
 420 023f 3C050000 		.4byte	.LASF63
 421 0243 03       		.byte	0x3
 422 0244 00       		.byte	0
 423 0245 03       		.uleb128 0x3
 424 0246 8A010000 		.4byte	.LASF64
 425 024a 0B       		.byte	0xb
 426 024b 5E       		.byte	0x5e
 427 024c 20020000 		.4byte	0x220
 428 0250 0B       		.uleb128 0xb
 429 0251 01       		.byte	0x1
 430 0252 0C       		.byte	0xc
 431 0253 21       		.byte	0x21
 432 0254 65020000 		.4byte	0x265
 433 0258 0C       		.uleb128 0xc
 434 0259 32070000 		.4byte	.LASF68
 435 025d 0C       		.byte	0xc
 436 025e 23       		.byte	0x23
 437 025f 2A010000 		.4byte	0x12a
 438 0263 00       		.byte	0
 439 0264 00       		.byte	0
 440 0265 03       		.uleb128 0x3
 441 0266 5A040000 		.4byte	.LASF65
 442 026a 0C       		.byte	0xc
 443 026b 26       		.byte	0x26
 444 026c 50020000 		.4byte	0x250
 445 0270 03       		.uleb128 0x3
 446 0271 C7010000 		.4byte	.LASF66
 447 0275 0D       		.byte	0xd
 448 0276 26       		.byte	0x26
 449 0277 7B020000 		.4byte	0x27b
 450 027b 0D       		.uleb128 0xd
 451 027c 04       		.byte	0x4
 452 027d 81020000 		.4byte	0x281
 453 0281 0E       		.uleb128 0xe
 454 0282 E9010000 		.4byte	0x1e9
 455 0286 90020000 		.4byte	0x290
 456 028a 0F       		.uleb128 0xf
 457 028b 96020000 		.4byte	0x296
 458 028f 00       		.byte	0
 459 0290 0D       		.uleb128 0xd
 460 0291 04       		.byte	0x4
 461 0292 65020000 		.4byte	0x265
 462 0296 10       		.uleb128 0x10
ARM GAS  C:\Users\zakis\AppData\Local\Temp\cc3mPN01.s 			page 16


 463 0297 90020000 		.4byte	0x290
 464 029b 03       		.uleb128 0x3
 465 029c B6060000 		.4byte	.LASF67
 466 02a0 0D       		.byte	0xd
 467 02a1 2C       		.byte	0x2c
 468 02a2 A6020000 		.4byte	0x2a6
 469 02a6 0D       		.uleb128 0xd
 470 02a7 04       		.byte	0x4
 471 02a8 AC020000 		.4byte	0x2ac
 472 02ac 0E       		.uleb128 0xe
 473 02ad E9010000 		.4byte	0x1e9
 474 02b1 BB020000 		.4byte	0x2bb
 475 02b5 0F       		.uleb128 0xf
 476 02b6 C6020000 		.4byte	0x2c6
 477 02ba 00       		.byte	0
 478 02bb 0D       		.uleb128 0xd
 479 02bc 04       		.byte	0x4
 480 02bd C1020000 		.4byte	0x2c1
 481 02c1 10       		.uleb128 0x10
 482 02c2 65020000 		.4byte	0x265
 483 02c6 10       		.uleb128 0x10
 484 02c7 BB020000 		.4byte	0x2bb
 485 02cb 11       		.uleb128 0x11
 486 02cc EE020000 		.4byte	.LASF80
 487 02d0 28       		.byte	0x28
 488 02d1 0D       		.byte	0xd
 489 02d2 36       		.byte	0x36
 490 02d3 50030000 		.4byte	0x350
 491 02d7 0C       		.uleb128 0xc
 492 02d8 DD060000 		.4byte	.LASF69
 493 02dc 0D       		.byte	0xd
 494 02dd 3B       		.byte	0x3b
 495 02de 50030000 		.4byte	0x350
 496 02e2 00       		.byte	0
 497 02e3 0C       		.uleb128 0xc
 498 02e4 C8030000 		.4byte	.LASF70
 499 02e8 0D       		.byte	0xd
 500 02e9 40       		.byte	0x40
 501 02ea 55030000 		.4byte	0x355
 502 02ee 04       		.byte	0x4
 503 02ef 0C       		.uleb128 0xc
 504 02f0 09050000 		.4byte	.LASF71
 505 02f4 0D       		.byte	0xd
 506 02f5 45       		.byte	0x45
 507 02f6 5A030000 		.4byte	0x35a
 508 02fa 08       		.byte	0x8
 509 02fb 0C       		.uleb128 0xc
 510 02fc FD000000 		.4byte	.LASF72
 511 0300 0D       		.byte	0xd
 512 0301 4B       		.byte	0x4b
 513 0302 5A030000 		.4byte	0x35a
 514 0306 0C       		.byte	0xc
 515 0307 0C       		.uleb128 0xc
 516 0308 A5050000 		.4byte	.LASF73
 517 030c 0D       		.byte	0xd
 518 030d 50       		.byte	0x50
 519 030e 5F030000 		.4byte	0x35f
ARM GAS  C:\Users\zakis\AppData\Local\Temp\cc3mPN01.s 			page 17


 520 0312 10       		.byte	0x10
 521 0313 0C       		.uleb128 0xc
 522 0314 ED050000 		.4byte	.LASF74
 523 0318 0D       		.byte	0xd
 524 0319 55       		.byte	0x55
 525 031a 6A030000 		.4byte	0x36a
 526 031e 14       		.byte	0x14
 527 031f 0C       		.uleb128 0xc
 528 0320 B9000000 		.4byte	.LASF75
 529 0324 0D       		.byte	0xd
 530 0325 5A       		.byte	0x5a
 531 0326 5F030000 		.4byte	0x35f
 532 032a 18       		.byte	0x18
 533 032b 0C       		.uleb128 0xc
 534 032c 98050000 		.4byte	.LASF76
 535 0330 0D       		.byte	0xd
 536 0331 5F       		.byte	0x5f
 537 0332 6A030000 		.4byte	0x36a
 538 0336 1C       		.byte	0x1c
 539 0337 0C       		.uleb128 0xc
 540 0338 26050000 		.4byte	.LASF77
 541 033c 0D       		.byte	0xd
 542 033d 65       		.byte	0x65
 543 033e 6F030000 		.4byte	0x36f
 544 0342 20       		.byte	0x20
 545 0343 0C       		.uleb128 0xc
 546 0344 3A020000 		.4byte	.LASF78
 547 0348 0D       		.byte	0xd
 548 0349 6A       		.byte	0x6a
 549 034a 74030000 		.4byte	0x374
 550 034e 24       		.byte	0x24
 551 034f 00       		.byte	0
 552 0350 10       		.uleb128 0x10
 553 0351 70020000 		.4byte	0x270
 554 0355 10       		.uleb128 0x10
 555 0356 9B020000 		.4byte	0x29b
 556 035a 10       		.uleb128 0x10
 557 035b 17010000 		.4byte	0x117
 558 035f 10       		.uleb128 0x10
 559 0360 C2000000 		.4byte	0xc2
 560 0364 0D       		.uleb128 0xd
 561 0365 04       		.byte	0x4
 562 0366 F4010000 		.4byte	0x1f4
 563 036a 10       		.uleb128 0x10
 564 036b 64030000 		.4byte	0x364
 565 036f 10       		.uleb128 0x10
 566 0370 35010000 		.4byte	0x135
 567 0374 10       		.uleb128 0x10
 568 0375 15020000 		.4byte	0x215
 569 0379 03       		.uleb128 0x3
 570 037a 00030000 		.4byte	.LASF79
 571 037e 0D       		.byte	0xd
 572 037f 6D       		.byte	0x6d
 573 0380 84030000 		.4byte	0x384
 574 0384 10       		.uleb128 0x10
 575 0385 CB020000 		.4byte	0x2cb
 576 0389 11       		.uleb128 0x11
ARM GAS  C:\Users\zakis\AppData\Local\Temp\cc3mPN01.s 			page 18


 577 038a 6E010000 		.4byte	.LASF81
 578 038e 0C       		.byte	0xc
 579 038f 0D       		.byte	0xd
 580 0390 79       		.byte	0x79
 581 0391 C6030000 		.4byte	0x3c6
 582 0395 0C       		.uleb128 0xc
 583 0396 EF010000 		.4byte	.LASF82
 584 039a 0D       		.byte	0xd
 585 039b 7F       		.byte	0x7f
 586 039c 65020000 		.4byte	0x265
 587 03a0 00       		.byte	0
 588 03a1 0C       		.uleb128 0xc
 589 03a2 1F050000 		.4byte	.LASF83
 590 03a6 0D       		.byte	0xd
 591 03a7 84       		.byte	0x84
 592 03a8 45020000 		.4byte	0x245
 593 03ac 01       		.byte	0x1
 594 03ad 12       		.uleb128 0x12
 595 03ae 61676500 		.ascii	"age\000"
 596 03b2 0D       		.byte	0xd
 597 03b3 89       		.byte	0x89
 598 03b4 A2000000 		.4byte	0xa2
 599 03b8 04       		.byte	0x4
 600 03b9 0C       		.uleb128 0xc
 601 03ba 01050000 		.4byte	.LASF84
 602 03be 0D       		.byte	0xd
 603 03bf 8E       		.byte	0x8e
 604 03c0 CC030000 		.4byte	0x3cc
 605 03c4 08       		.byte	0x8
 606 03c5 00       		.byte	0
 607 03c6 0D       		.uleb128 0xd
 608 03c7 04       		.byte	0x4
 609 03c8 79030000 		.4byte	0x379
 610 03cc 10       		.uleb128 0x10
 611 03cd C6030000 		.4byte	0x3c6
 612 03d1 03       		.uleb128 0x3
 613 03d2 7C010000 		.4byte	.LASF85
 614 03d6 0D       		.byte	0xd
 615 03d7 91       		.byte	0x91
 616 03d8 89030000 		.4byte	0x389
 617 03dc 0B       		.uleb128 0xb
 618 03dd 01       		.byte	0x1
 619 03de 0E       		.byte	0xe
 620 03df 21       		.byte	0x21
 621 03e0 F1030000 		.4byte	0x3f1
 622 03e4 0C       		.uleb128 0xc
 623 03e5 79040000 		.4byte	.LASF86
 624 03e9 0E       		.byte	0xe
 625 03ea 23       		.byte	0x23
 626 03eb 8C000000 		.4byte	0x8c
 627 03ef 00       		.byte	0
 628 03f0 00       		.byte	0
 629 03f1 03       		.uleb128 0x3
 630 03f2 F5010000 		.4byte	.LASF87
 631 03f6 0E       		.byte	0xe
 632 03f7 26       		.byte	0x26
 633 03f8 DC030000 		.4byte	0x3dc
ARM GAS  C:\Users\zakis\AppData\Local\Temp\cc3mPN01.s 			page 19


 634 03fc 03       		.uleb128 0x3
 635 03fd 47060000 		.4byte	.LASF88
 636 0401 02       		.byte	0x2
 637 0402 26       		.byte	0x26
 638 0403 07040000 		.4byte	0x407
 639 0407 0D       		.uleb128 0xd
 640 0408 04       		.byte	0x4
 641 0409 0D040000 		.4byte	0x40d
 642 040d 0E       		.uleb128 0xe
 643 040e E9010000 		.4byte	0x1e9
 644 0412 1C040000 		.4byte	0x41c
 645 0416 0F       		.uleb128 0xf
 646 0417 22040000 		.4byte	0x422
 647 041b 00       		.byte	0
 648 041c 0D       		.uleb128 0xd
 649 041d 04       		.byte	0x4
 650 041e F1030000 		.4byte	0x3f1
 651 0422 10       		.uleb128 0x10
 652 0423 1C040000 		.4byte	0x41c
 653 0427 03       		.uleb128 0x3
 654 0428 E8000000 		.4byte	.LASF89
 655 042c 02       		.byte	0x2
 656 042d 2C       		.byte	0x2c
 657 042e 32040000 		.4byte	0x432
 658 0432 0D       		.uleb128 0xd
 659 0433 04       		.byte	0x4
 660 0434 38040000 		.4byte	0x438
 661 0438 0E       		.uleb128 0xe
 662 0439 E9010000 		.4byte	0x1e9
 663 043d 47040000 		.4byte	0x447
 664 0441 0F       		.uleb128 0xf
 665 0442 52040000 		.4byte	0x452
 666 0446 00       		.byte	0
 667 0447 0D       		.uleb128 0xd
 668 0448 04       		.byte	0x4
 669 0449 4D040000 		.4byte	0x44d
 670 044d 10       		.uleb128 0x10
 671 044e F1030000 		.4byte	0x3f1
 672 0452 10       		.uleb128 0x10
 673 0453 47040000 		.4byte	0x447
 674 0457 11       		.uleb128 0x11
 675 0458 1C020000 		.4byte	.LASF90
 676 045c 28       		.byte	0x28
 677 045d 02       		.byte	0x2
 678 045e 36       		.byte	0x36
 679 045f DC040000 		.4byte	0x4dc
 680 0463 0C       		.uleb128 0xc
 681 0464 DD060000 		.4byte	.LASF69
 682 0468 02       		.byte	0x2
 683 0469 3B       		.byte	0x3b
 684 046a DC040000 		.4byte	0x4dc
 685 046e 00       		.byte	0
 686 046f 0C       		.uleb128 0xc
 687 0470 C8030000 		.4byte	.LASF70
 688 0474 02       		.byte	0x2
 689 0475 40       		.byte	0x40
 690 0476 E1040000 		.4byte	0x4e1
ARM GAS  C:\Users\zakis\AppData\Local\Temp\cc3mPN01.s 			page 20


 691 047a 04       		.byte	0x4
 692 047b 0C       		.uleb128 0xc
 693 047c 09050000 		.4byte	.LASF71
 694 0480 02       		.byte	0x2
 695 0481 45       		.byte	0x45
 696 0482 5A030000 		.4byte	0x35a
 697 0486 08       		.byte	0x8
 698 0487 0C       		.uleb128 0xc
 699 0488 FD000000 		.4byte	.LASF72
 700 048c 02       		.byte	0x2
 701 048d 4B       		.byte	0x4b
 702 048e 5A030000 		.4byte	0x35a
 703 0492 0C       		.byte	0xc
 704 0493 0C       		.uleb128 0xc
 705 0494 A5050000 		.4byte	.LASF73
 706 0498 02       		.byte	0x2
 707 0499 50       		.byte	0x50
 708 049a 5F030000 		.4byte	0x35f
 709 049e 10       		.byte	0x10
 710 049f 0C       		.uleb128 0xc
 711 04a0 ED050000 		.4byte	.LASF74
 712 04a4 02       		.byte	0x2
 713 04a5 55       		.byte	0x55
 714 04a6 6A030000 		.4byte	0x36a
 715 04aa 14       		.byte	0x14
 716 04ab 0C       		.uleb128 0xc
 717 04ac B9000000 		.4byte	.LASF75
 718 04b0 02       		.byte	0x2
 719 04b1 5A       		.byte	0x5a
 720 04b2 5F030000 		.4byte	0x35f
 721 04b6 18       		.byte	0x18
 722 04b7 0C       		.uleb128 0xc
 723 04b8 98050000 		.4byte	.LASF76
 724 04bc 02       		.byte	0x2
 725 04bd 5F       		.byte	0x5f
 726 04be 6A030000 		.4byte	0x36a
 727 04c2 1C       		.byte	0x1c
 728 04c3 0C       		.uleb128 0xc
 729 04c4 26050000 		.4byte	.LASF77
 730 04c8 02       		.byte	0x2
 731 04c9 65       		.byte	0x65
 732 04ca 6F030000 		.4byte	0x36f
 733 04ce 20       		.byte	0x20
 734 04cf 0C       		.uleb128 0xc
 735 04d0 3A020000 		.4byte	.LASF78
 736 04d4 02       		.byte	0x2
 737 04d5 6A       		.byte	0x6a
 738 04d6 74030000 		.4byte	0x374
 739 04da 24       		.byte	0x24
 740 04db 00       		.byte	0
 741 04dc 10       		.uleb128 0x10
 742 04dd FC030000 		.4byte	0x3fc
 743 04e1 10       		.uleb128 0x10
 744 04e2 27040000 		.4byte	0x427
 745 04e6 03       		.uleb128 0x3
 746 04e7 2B020000 		.4byte	.LASF91
 747 04eb 02       		.byte	0x2
ARM GAS  C:\Users\zakis\AppData\Local\Temp\cc3mPN01.s 			page 21


 748 04ec 6D       		.byte	0x6d
 749 04ed F1040000 		.4byte	0x4f1
 750 04f1 10       		.uleb128 0x10
 751 04f2 57040000 		.4byte	0x457
 752 04f6 11       		.uleb128 0x11
 753 04f7 14050000 		.4byte	.LASF92
 754 04fb 0C       		.byte	0xc
 755 04fc 02       		.byte	0x2
 756 04fd 79       		.byte	0x79
 757 04fe 33050000 		.4byte	0x533
 758 0502 0C       		.uleb128 0xc
 759 0503 EF010000 		.4byte	.LASF82
 760 0507 02       		.byte	0x2
 761 0508 7F       		.byte	0x7f
 762 0509 F1030000 		.4byte	0x3f1
 763 050d 00       		.byte	0
 764 050e 0C       		.uleb128 0xc
 765 050f 1F050000 		.4byte	.LASF83
 766 0513 02       		.byte	0x2
 767 0514 84       		.byte	0x84
 768 0515 45020000 		.4byte	0x245
 769 0519 01       		.byte	0x1
 770 051a 12       		.uleb128 0x12
 771 051b 61676500 		.ascii	"age\000"
 772 051f 02       		.byte	0x2
 773 0520 89       		.byte	0x89
 774 0521 A2000000 		.4byte	0xa2
 775 0525 04       		.byte	0x4
 776 0526 0C       		.uleb128 0xc
 777 0527 01050000 		.4byte	.LASF84
 778 052b 02       		.byte	0x2
 779 052c 8E       		.byte	0x8e
 780 052d 39050000 		.4byte	0x539
 781 0531 08       		.byte	0x8
 782 0532 00       		.byte	0
 783 0533 0D       		.uleb128 0xd
 784 0534 04       		.byte	0x4
 785 0535 E6040000 		.4byte	0x4e6
 786 0539 10       		.uleb128 0x10
 787 053a 33050000 		.4byte	0x533
 788 053e 03       		.uleb128 0x3
 789 053f 80060000 		.4byte	.LASF93
 790 0543 02       		.byte	0x2
 791 0544 91       		.byte	0x91
 792 0545 F6040000 		.4byte	0x4f6
 793 0549 13       		.uleb128 0x13
 794 054a 2B010000 		.4byte	.LASF94
 795 054e 0D       		.byte	0xd
 796 054f 1201     		.2byte	0x112
 797 0551 65020000 		.4byte	0x265
 798 0555 03       		.byte	0x3
 799 0556 67050000 		.4byte	0x567
 800 055a 14       		.uleb128 0x14
 801 055b 35050000 		.4byte	.LASF96
 802 055f 0D       		.byte	0xd
 803 0560 1201     		.2byte	0x112
 804 0562 72050000 		.4byte	0x572
ARM GAS  C:\Users\zakis\AppData\Local\Temp\cc3mPN01.s 			page 22


 805 0566 00       		.byte	0
 806 0567 0D       		.uleb128 0xd
 807 0568 04       		.byte	0x4
 808 0569 6D050000 		.4byte	0x56d
 809 056d 10       		.uleb128 0x10
 810 056e D1030000 		.4byte	0x3d1
 811 0572 10       		.uleb128 0x10
 812 0573 67050000 		.4byte	0x567
 813 0577 13       		.uleb128 0x13
 814 0578 DC050000 		.4byte	.LASF95
 815 057c 02       		.byte	0x2
 816 057d 3501     		.2byte	0x135
 817 057f E9010000 		.4byte	0x1e9
 818 0583 03       		.byte	0x3
 819 0584 D3050000 		.4byte	0x5d3
 820 0588 14       		.uleb128 0x14
 821 0589 35050000 		.4byte	.LASF96
 822 058d 02       		.byte	0x2
 823 058e 3501     		.2byte	0x135
 824 0590 D9050000 		.4byte	0x5d9
 825 0594 14       		.uleb128 0x14
 826 0595 EF010000 		.4byte	.LASF82
 827 0599 02       		.byte	0x2
 828 059a 3501     		.2byte	0x135
 829 059c 4D040000 		.4byte	0x44d
 830 05a0 15       		.uleb128 0x15
 831 05a1 72657400 		.ascii	"ret\000"
 832 05a5 02       		.byte	0x2
 833 05a6 3801     		.2byte	0x138
 834 05a8 E9010000 		.4byte	0x1e9
 835 05ac 16       		.uleb128 0x16
 836 05ad 3B040000 		.4byte	.LASF97
 837 05b1 02       		.byte	0x2
 838 05b2 3901     		.2byte	0x139
 839 05b4 C2000000 		.4byte	0xc2
 840 05b8 16       		.uleb128 0x16
 841 05b9 D2030000 		.4byte	.LASF98
 842 05bd 02       		.byte	0x2
 843 05be 4301     		.2byte	0x143
 844 05c0 64030000 		.4byte	0x364
 845 05c4 17       		.uleb128 0x17
 846 05c5 16       		.uleb128 0x16
 847 05c6 38060000 		.4byte	.LASF99
 848 05ca 02       		.byte	0x2
 849 05cb 4801     		.2byte	0x148
 850 05cd 0B010000 		.4byte	0x10b
 851 05d1 00       		.byte	0
 852 05d2 00       		.byte	0
 853 05d3 0D       		.uleb128 0xd
 854 05d4 04       		.byte	0x4
 855 05d5 3E050000 		.4byte	0x53e
 856 05d9 10       		.uleb128 0x10
 857 05da D3050000 		.4byte	0x5d3
 858 05de 18       		.uleb128 0x18
 859 05df 58020000 		.4byte	.LASF114
 860 05e3 01       		.byte	0x1
 861 05e4 2C       		.byte	0x2c
ARM GAS  C:\Users\zakis\AppData\Local\Temp\cc3mPN01.s 			page 23


 862 05e5 00000000 		.4byte	.LFB154
 863 05e9 58000000 		.4byte	.LFE154-.LFB154
 864 05ed 01       		.uleb128 0x1
 865 05ee 9C       		.byte	0x9c
 866 05ef 81060000 		.4byte	0x681
 867 05f3 19       		.uleb128 0x19
 868 05f4 657600   		.ascii	"ev\000"
 869 05f7 01       		.byte	0x1
 870 05f8 2C       		.byte	0x2c
 871 05f9 0A020000 		.4byte	0x20a
 872 05fd 00000000 		.4byte	.LLST0
 873 0601 1A       		.uleb128 0x1a
 874 0602 48070000 		.4byte	.LASF100
 875 0606 01       		.byte	0x1
 876 0607 32       		.byte	0x32
 877 0608 65020000 		.4byte	0x265
 878 060c 1B       		.uleb128 0x1b
 879 060d CE040000 		.4byte	.LASF115
 880 0611 01       		.byte	0x1
 881 0612 33       		.byte	0x33
 882 0613 F1030000 		.4byte	0x3f1
 883 0617 3A000000 		.4byte	.LLST1
 884 061b 1C       		.uleb128 0x1c
 885 061c 77050000 		.4byte	0x577
 886 0620 12000000 		.4byte	.LBB7
 887 0624 32000000 		.4byte	.LBE7-.LBB7
 888 0628 01       		.byte	0x1
 889 0629 3C       		.byte	0x3c
 890 062a 77060000 		.4byte	0x677
 891 062e 1D       		.uleb128 0x1d
 892 062f 94050000 		.4byte	0x594
 893 0633 1D       		.uleb128 0x1d
 894 0634 88050000 		.4byte	0x588
 895 0638 1E       		.uleb128 0x1e
 896 0639 12000000 		.4byte	.LBB8
 897 063d 32000000 		.4byte	.LBE8-.LBB8
 898 0641 1F       		.uleb128 0x1f
 899 0642 A0050000 		.4byte	0x5a0
 900 0646 00       		.byte	0
 901 0647 20       		.uleb128 0x20
 902 0648 AC050000 		.4byte	0x5ac
 903 064c 4D000000 		.4byte	.LLST2
 904 0650 20       		.uleb128 0x20
 905 0651 B8050000 		.4byte	0x5b8
 906 0655 83000000 		.4byte	.LLST3
 907 0659 1E       		.uleb128 0x1e
 908 065a 2A000000 		.4byte	.LBB9
 909 065e 0A000000 		.4byte	.LBE9-.LBB9
 910 0662 20       		.uleb128 0x20
 911 0663 C5050000 		.4byte	0x5c5
 912 0667 96000000 		.4byte	.LLST4
 913 066b 21       		.uleb128 0x21
 914 066c 34000000 		.4byte	.LVL8
 915 0670 DF060000 		.4byte	0x6df
 916 0674 00       		.byte	0
 917 0675 00       		.byte	0
 918 0676 00       		.byte	0
ARM GAS  C:\Users\zakis\AppData\Local\Temp\cc3mPN01.s 			page 24


 919 0677 21       		.uleb128 0x21
 920 0678 4C000000 		.4byte	.LVL13
 921 067c EB060000 		.4byte	0x6eb
 922 0680 00       		.byte	0
 923 0681 22       		.uleb128 0x22
 924 0682 0C070000 		.4byte	.LASF101
 925 0686 0F       		.byte	0xf
 926 0687 40       		.byte	0x40
 927 0688 EA000000 		.4byte	0xea
 928 068c 22       		.uleb128 0x22
 929 068d D5020000 		.4byte	.LASF102
 930 0691 0F       		.byte	0xf
 931 0692 47       		.byte	0x47
 932 0693 F5000000 		.4byte	0xf5
 933 0697 22       		.uleb128 0x22
 934 0698 C9050000 		.4byte	.LASF103
 935 069c 0F       		.byte	0xf
 936 069d 4A       		.byte	0x4a
 937 069e EA000000 		.4byte	0xea
 938 06a2 22       		.uleb128 0x22
 939 06a3 70020000 		.4byte	.LASF104
 940 06a7 10       		.byte	0x10
 941 06a8 48       		.byte	0x48
 942 06a9 00010000 		.4byte	0x100
 943 06ad 22       		.uleb128 0x22
 944 06ae 43020000 		.4byte	.LASF105
 945 06b2 11       		.byte	0x11
 946 06b3 44       		.byte	0x44
 947 06b4 EA000000 		.4byte	0xea
 948 06b8 23       		.uleb128 0x23
 949 06b9 E6060000 		.4byte	.LASF106
 950 06bd 12       		.byte	0x12
 951 06be 1207     		.2byte	0x712
 952 06c0 C4060000 		.4byte	0x6c4
 953 06c4 24       		.uleb128 0x24
 954 06c5 97000000 		.4byte	0x97
 955 06c9 22       		.uleb128 0x22
 956 06ca 5B060000 		.4byte	.LASF107
 957 06ce 13       		.byte	0x13
 958 06cf 2A       		.byte	0x2a
 959 06d0 D1030000 		.4byte	0x3d1
 960 06d4 22       		.uleb128 0x22
 961 06d5 9E020000 		.4byte	.LASF108
 962 06d9 13       		.byte	0x13
 963 06da 39       		.byte	0x39
 964 06db 3E050000 		.4byte	0x53e
 965 06df 25       		.uleb128 0x25
 966 06e0 CE060000 		.4byte	.LASF109
 967 06e4 CE060000 		.4byte	.LASF109
 968 06e8 14       		.byte	0x14
 969 06e9 4A01     		.2byte	0x14a
 970 06eb 26       		.uleb128 0x26
 971 06ec B7050000 		.4byte	.LASF110
 972 06f0 B7050000 		.4byte	.LASF110
 973 06f4 15       		.byte	0x15
 974 06f5 8A       		.byte	0x8a
 975 06f6 00       		.byte	0
ARM GAS  C:\Users\zakis\AppData\Local\Temp\cc3mPN01.s 			page 25


 976              		.section	.debug_abbrev,"",%progbits
 977              	.Ldebug_abbrev0:
 978 0000 01       		.uleb128 0x1
 979 0001 11       		.uleb128 0x11
 980 0002 01       		.byte	0x1
 981 0003 25       		.uleb128 0x25
 982 0004 0E       		.uleb128 0xe
 983 0005 13       		.uleb128 0x13
 984 0006 0B       		.uleb128 0xb
 985 0007 03       		.uleb128 0x3
 986 0008 0E       		.uleb128 0xe
 987 0009 1B       		.uleb128 0x1b
 988 000a 0E       		.uleb128 0xe
 989 000b 55       		.uleb128 0x55
 990 000c 17       		.uleb128 0x17
 991 000d 11       		.uleb128 0x11
 992 000e 01       		.uleb128 0x1
 993 000f 10       		.uleb128 0x10
 994 0010 17       		.uleb128 0x17
 995 0011 00       		.byte	0
 996 0012 00       		.byte	0
 997 0013 02       		.uleb128 0x2
 998 0014 24       		.uleb128 0x24
 999 0015 00       		.byte	0
 1000 0016 0B       		.uleb128 0xb
 1001 0017 0B       		.uleb128 0xb
 1002 0018 3E       		.uleb128 0x3e
 1003 0019 0B       		.uleb128 0xb
 1004 001a 03       		.uleb128 0x3
 1005 001b 0E       		.uleb128 0xe
 1006 001c 00       		.byte	0
 1007 001d 00       		.byte	0
 1008 001e 03       		.uleb128 0x3
 1009 001f 16       		.uleb128 0x16
 1010 0020 00       		.byte	0
 1011 0021 03       		.uleb128 0x3
 1012 0022 0E       		.uleb128 0xe
 1013 0023 3A       		.uleb128 0x3a
 1014 0024 0B       		.uleb128 0xb
 1015 0025 3B       		.uleb128 0x3b
 1016 0026 0B       		.uleb128 0xb
 1017 0027 49       		.uleb128 0x49
 1018 0028 13       		.uleb128 0x13
 1019 0029 00       		.byte	0
 1020 002a 00       		.byte	0
 1021 002b 04       		.uleb128 0x4
 1022 002c 24       		.uleb128 0x24
 1023 002d 00       		.byte	0
 1024 002e 0B       		.uleb128 0xb
 1025 002f 0B       		.uleb128 0xb
 1026 0030 3E       		.uleb128 0x3e
 1027 0031 0B       		.uleb128 0xb
 1028 0032 03       		.uleb128 0x3
 1029 0033 08       		.uleb128 0x8
 1030 0034 00       		.byte	0
 1031 0035 00       		.byte	0
 1032 0036 05       		.uleb128 0x5
ARM GAS  C:\Users\zakis\AppData\Local\Temp\cc3mPN01.s 			page 26


 1033 0037 16       		.uleb128 0x16
 1034 0038 00       		.byte	0
 1035 0039 03       		.uleb128 0x3
 1036 003a 0E       		.uleb128 0xe
 1037 003b 3A       		.uleb128 0x3a
 1038 003c 0B       		.uleb128 0xb
 1039 003d 3B       		.uleb128 0x3b
 1040 003e 05       		.uleb128 0x5
 1041 003f 49       		.uleb128 0x49
 1042 0040 13       		.uleb128 0x13
 1043 0041 00       		.byte	0
 1044 0042 00       		.byte	0
 1045 0043 06       		.uleb128 0x6
 1046 0044 04       		.uleb128 0x4
 1047 0045 01       		.byte	0x1
 1048 0046 0B       		.uleb128 0xb
 1049 0047 0B       		.uleb128 0xb
 1050 0048 49       		.uleb128 0x49
 1051 0049 13       		.uleb128 0x13
 1052 004a 3A       		.uleb128 0x3a
 1053 004b 0B       		.uleb128 0xb
 1054 004c 3B       		.uleb128 0x3b
 1055 004d 0B       		.uleb128 0xb
 1056 004e 01       		.uleb128 0x1
 1057 004f 13       		.uleb128 0x13
 1058 0050 00       		.byte	0
 1059 0051 00       		.byte	0
 1060 0052 07       		.uleb128 0x7
 1061 0053 28       		.uleb128 0x28
 1062 0054 00       		.byte	0
 1063 0055 03       		.uleb128 0x3
 1064 0056 0E       		.uleb128 0xe
 1065 0057 1C       		.uleb128 0x1c
 1066 0058 0B       		.uleb128 0xb
 1067 0059 00       		.byte	0
 1068 005a 00       		.byte	0
 1069 005b 08       		.uleb128 0x8
 1070 005c 28       		.uleb128 0x28
 1071 005d 00       		.byte	0
 1072 005e 03       		.uleb128 0x3
 1073 005f 0E       		.uleb128 0xe
 1074 0060 1C       		.uleb128 0x1c
 1075 0061 0D       		.uleb128 0xd
 1076 0062 00       		.byte	0
 1077 0063 00       		.byte	0
 1078 0064 09       		.uleb128 0x9
 1079 0065 01       		.uleb128 0x1
 1080 0066 01       		.byte	0x1
 1081 0067 49       		.uleb128 0x49
 1082 0068 13       		.uleb128 0x13
 1083 0069 01       		.uleb128 0x1
 1084 006a 13       		.uleb128 0x13
 1085 006b 00       		.byte	0
 1086 006c 00       		.byte	0
 1087 006d 0A       		.uleb128 0xa
 1088 006e 21       		.uleb128 0x21
 1089 006f 00       		.byte	0
ARM GAS  C:\Users\zakis\AppData\Local\Temp\cc3mPN01.s 			page 27


 1090 0070 00       		.byte	0
 1091 0071 00       		.byte	0
 1092 0072 0B       		.uleb128 0xb
 1093 0073 13       		.uleb128 0x13
 1094 0074 01       		.byte	0x1
 1095 0075 0B       		.uleb128 0xb
 1096 0076 0B       		.uleb128 0xb
 1097 0077 3A       		.uleb128 0x3a
 1098 0078 0B       		.uleb128 0xb
 1099 0079 3B       		.uleb128 0x3b
 1100 007a 0B       		.uleb128 0xb
 1101 007b 01       		.uleb128 0x1
 1102 007c 13       		.uleb128 0x13
 1103 007d 00       		.byte	0
 1104 007e 00       		.byte	0
 1105 007f 0C       		.uleb128 0xc
 1106 0080 0D       		.uleb128 0xd
 1107 0081 00       		.byte	0
 1108 0082 03       		.uleb128 0x3
 1109 0083 0E       		.uleb128 0xe
 1110 0084 3A       		.uleb128 0x3a
 1111 0085 0B       		.uleb128 0xb
 1112 0086 3B       		.uleb128 0x3b
 1113 0087 0B       		.uleb128 0xb
 1114 0088 49       		.uleb128 0x49
 1115 0089 13       		.uleb128 0x13
 1116 008a 38       		.uleb128 0x38
 1117 008b 0B       		.uleb128 0xb
 1118 008c 00       		.byte	0
 1119 008d 00       		.byte	0
 1120 008e 0D       		.uleb128 0xd
 1121 008f 0F       		.uleb128 0xf
 1122 0090 00       		.byte	0
 1123 0091 0B       		.uleb128 0xb
 1124 0092 0B       		.uleb128 0xb
 1125 0093 49       		.uleb128 0x49
 1126 0094 13       		.uleb128 0x13
 1127 0095 00       		.byte	0
 1128 0096 00       		.byte	0
 1129 0097 0E       		.uleb128 0xe
 1130 0098 15       		.uleb128 0x15
 1131 0099 01       		.byte	0x1
 1132 009a 27       		.uleb128 0x27
 1133 009b 19       		.uleb128 0x19
 1134 009c 49       		.uleb128 0x49
 1135 009d 13       		.uleb128 0x13
 1136 009e 01       		.uleb128 0x1
 1137 009f 13       		.uleb128 0x13
 1138 00a0 00       		.byte	0
 1139 00a1 00       		.byte	0
 1140 00a2 0F       		.uleb128 0xf
 1141 00a3 05       		.uleb128 0x5
 1142 00a4 00       		.byte	0
 1143 00a5 49       		.uleb128 0x49
 1144 00a6 13       		.uleb128 0x13
 1145 00a7 00       		.byte	0
 1146 00a8 00       		.byte	0
ARM GAS  C:\Users\zakis\AppData\Local\Temp\cc3mPN01.s 			page 28


 1147 00a9 10       		.uleb128 0x10
 1148 00aa 26       		.uleb128 0x26
 1149 00ab 00       		.byte	0
 1150 00ac 49       		.uleb128 0x49
 1151 00ad 13       		.uleb128 0x13
 1152 00ae 00       		.byte	0
 1153 00af 00       		.byte	0
 1154 00b0 11       		.uleb128 0x11
 1155 00b1 13       		.uleb128 0x13
 1156 00b2 01       		.byte	0x1
 1157 00b3 03       		.uleb128 0x3
 1158 00b4 0E       		.uleb128 0xe
 1159 00b5 0B       		.uleb128 0xb
 1160 00b6 0B       		.uleb128 0xb
 1161 00b7 3A       		.uleb128 0x3a
 1162 00b8 0B       		.uleb128 0xb
 1163 00b9 3B       		.uleb128 0x3b
 1164 00ba 0B       		.uleb128 0xb
 1165 00bb 01       		.uleb128 0x1
 1166 00bc 13       		.uleb128 0x13
 1167 00bd 00       		.byte	0
 1168 00be 00       		.byte	0
 1169 00bf 12       		.uleb128 0x12
 1170 00c0 0D       		.uleb128 0xd
 1171 00c1 00       		.byte	0
 1172 00c2 03       		.uleb128 0x3
 1173 00c3 08       		.uleb128 0x8
 1174 00c4 3A       		.uleb128 0x3a
 1175 00c5 0B       		.uleb128 0xb
 1176 00c6 3B       		.uleb128 0x3b
 1177 00c7 0B       		.uleb128 0xb
 1178 00c8 49       		.uleb128 0x49
 1179 00c9 13       		.uleb128 0x13
 1180 00ca 38       		.uleb128 0x38
 1181 00cb 0B       		.uleb128 0xb
 1182 00cc 00       		.byte	0
 1183 00cd 00       		.byte	0
 1184 00ce 13       		.uleb128 0x13
 1185 00cf 2E       		.uleb128 0x2e
 1186 00d0 01       		.byte	0x1
 1187 00d1 3F       		.uleb128 0x3f
 1188 00d2 19       		.uleb128 0x19
 1189 00d3 03       		.uleb128 0x3
 1190 00d4 0E       		.uleb128 0xe
 1191 00d5 3A       		.uleb128 0x3a
 1192 00d6 0B       		.uleb128 0xb
 1193 00d7 3B       		.uleb128 0x3b
 1194 00d8 05       		.uleb128 0x5
 1195 00d9 27       		.uleb128 0x27
 1196 00da 19       		.uleb128 0x19
 1197 00db 49       		.uleb128 0x49
 1198 00dc 13       		.uleb128 0x13
 1199 00dd 20       		.uleb128 0x20
 1200 00de 0B       		.uleb128 0xb
 1201 00df 01       		.uleb128 0x1
 1202 00e0 13       		.uleb128 0x13
 1203 00e1 00       		.byte	0
ARM GAS  C:\Users\zakis\AppData\Local\Temp\cc3mPN01.s 			page 29


 1204 00e2 00       		.byte	0
 1205 00e3 14       		.uleb128 0x14
 1206 00e4 05       		.uleb128 0x5
 1207 00e5 00       		.byte	0
 1208 00e6 03       		.uleb128 0x3
 1209 00e7 0E       		.uleb128 0xe
 1210 00e8 3A       		.uleb128 0x3a
 1211 00e9 0B       		.uleb128 0xb
 1212 00ea 3B       		.uleb128 0x3b
 1213 00eb 05       		.uleb128 0x5
 1214 00ec 49       		.uleb128 0x49
 1215 00ed 13       		.uleb128 0x13
 1216 00ee 00       		.byte	0
 1217 00ef 00       		.byte	0
 1218 00f0 15       		.uleb128 0x15
 1219 00f1 34       		.uleb128 0x34
 1220 00f2 00       		.byte	0
 1221 00f3 03       		.uleb128 0x3
 1222 00f4 08       		.uleb128 0x8
 1223 00f5 3A       		.uleb128 0x3a
 1224 00f6 0B       		.uleb128 0xb
 1225 00f7 3B       		.uleb128 0x3b
 1226 00f8 05       		.uleb128 0x5
 1227 00f9 49       		.uleb128 0x49
 1228 00fa 13       		.uleb128 0x13
 1229 00fb 00       		.byte	0
 1230 00fc 00       		.byte	0
 1231 00fd 16       		.uleb128 0x16
 1232 00fe 34       		.uleb128 0x34
 1233 00ff 00       		.byte	0
 1234 0100 03       		.uleb128 0x3
 1235 0101 0E       		.uleb128 0xe
 1236 0102 3A       		.uleb128 0x3a
 1237 0103 0B       		.uleb128 0xb
 1238 0104 3B       		.uleb128 0x3b
 1239 0105 05       		.uleb128 0x5
 1240 0106 49       		.uleb128 0x49
 1241 0107 13       		.uleb128 0x13
 1242 0108 00       		.byte	0
 1243 0109 00       		.byte	0
 1244 010a 17       		.uleb128 0x17
 1245 010b 0B       		.uleb128 0xb
 1246 010c 01       		.byte	0x1
 1247 010d 00       		.byte	0
 1248 010e 00       		.byte	0
 1249 010f 18       		.uleb128 0x18
 1250 0110 2E       		.uleb128 0x2e
 1251 0111 01       		.byte	0x1
 1252 0112 3F       		.uleb128 0x3f
 1253 0113 19       		.uleb128 0x19
 1254 0114 03       		.uleb128 0x3
 1255 0115 0E       		.uleb128 0xe
 1256 0116 3A       		.uleb128 0x3a
 1257 0117 0B       		.uleb128 0xb
 1258 0118 3B       		.uleb128 0x3b
 1259 0119 0B       		.uleb128 0xb
 1260 011a 27       		.uleb128 0x27
ARM GAS  C:\Users\zakis\AppData\Local\Temp\cc3mPN01.s 			page 30


 1261 011b 19       		.uleb128 0x19
 1262 011c 11       		.uleb128 0x11
 1263 011d 01       		.uleb128 0x1
 1264 011e 12       		.uleb128 0x12
 1265 011f 06       		.uleb128 0x6
 1266 0120 40       		.uleb128 0x40
 1267 0121 18       		.uleb128 0x18
 1268 0122 9742     		.uleb128 0x2117
 1269 0124 19       		.uleb128 0x19
 1270 0125 01       		.uleb128 0x1
 1271 0126 13       		.uleb128 0x13
 1272 0127 00       		.byte	0
 1273 0128 00       		.byte	0
 1274 0129 19       		.uleb128 0x19
 1275 012a 05       		.uleb128 0x5
 1276 012b 00       		.byte	0
 1277 012c 03       		.uleb128 0x3
 1278 012d 08       		.uleb128 0x8
 1279 012e 3A       		.uleb128 0x3a
 1280 012f 0B       		.uleb128 0xb
 1281 0130 3B       		.uleb128 0x3b
 1282 0131 0B       		.uleb128 0xb
 1283 0132 49       		.uleb128 0x49
 1284 0133 13       		.uleb128 0x13
 1285 0134 02       		.uleb128 0x2
 1286 0135 17       		.uleb128 0x17
 1287 0136 00       		.byte	0
 1288 0137 00       		.byte	0
 1289 0138 1A       		.uleb128 0x1a
 1290 0139 34       		.uleb128 0x34
 1291 013a 00       		.byte	0
 1292 013b 03       		.uleb128 0x3
 1293 013c 0E       		.uleb128 0xe
 1294 013d 3A       		.uleb128 0x3a
 1295 013e 0B       		.uleb128 0xb
 1296 013f 3B       		.uleb128 0x3b
 1297 0140 0B       		.uleb128 0xb
 1298 0141 49       		.uleb128 0x49
 1299 0142 13       		.uleb128 0x13
 1300 0143 00       		.byte	0
 1301 0144 00       		.byte	0
 1302 0145 1B       		.uleb128 0x1b
 1303 0146 34       		.uleb128 0x34
 1304 0147 00       		.byte	0
 1305 0148 03       		.uleb128 0x3
 1306 0149 0E       		.uleb128 0xe
 1307 014a 3A       		.uleb128 0x3a
 1308 014b 0B       		.uleb128 0xb
 1309 014c 3B       		.uleb128 0x3b
 1310 014d 0B       		.uleb128 0xb
 1311 014e 49       		.uleb128 0x49
 1312 014f 13       		.uleb128 0x13
 1313 0150 02       		.uleb128 0x2
 1314 0151 17       		.uleb128 0x17
 1315 0152 00       		.byte	0
 1316 0153 00       		.byte	0
 1317 0154 1C       		.uleb128 0x1c
ARM GAS  C:\Users\zakis\AppData\Local\Temp\cc3mPN01.s 			page 31


 1318 0155 1D       		.uleb128 0x1d
 1319 0156 01       		.byte	0x1
 1320 0157 31       		.uleb128 0x31
 1321 0158 13       		.uleb128 0x13
 1322 0159 11       		.uleb128 0x11
 1323 015a 01       		.uleb128 0x1
 1324 015b 12       		.uleb128 0x12
 1325 015c 06       		.uleb128 0x6
 1326 015d 58       		.uleb128 0x58
 1327 015e 0B       		.uleb128 0xb
 1328 015f 59       		.uleb128 0x59
 1329 0160 0B       		.uleb128 0xb
 1330 0161 01       		.uleb128 0x1
 1331 0162 13       		.uleb128 0x13
 1332 0163 00       		.byte	0
 1333 0164 00       		.byte	0
 1334 0165 1D       		.uleb128 0x1d
 1335 0166 05       		.uleb128 0x5
 1336 0167 00       		.byte	0
 1337 0168 31       		.uleb128 0x31
 1338 0169 13       		.uleb128 0x13
 1339 016a 00       		.byte	0
 1340 016b 00       		.byte	0
 1341 016c 1E       		.uleb128 0x1e
 1342 016d 0B       		.uleb128 0xb
 1343 016e 01       		.byte	0x1
 1344 016f 11       		.uleb128 0x11
 1345 0170 01       		.uleb128 0x1
 1346 0171 12       		.uleb128 0x12
 1347 0172 06       		.uleb128 0x6
 1348 0173 00       		.byte	0
 1349 0174 00       		.byte	0
 1350 0175 1F       		.uleb128 0x1f
 1351 0176 34       		.uleb128 0x34
 1352 0177 00       		.byte	0
 1353 0178 31       		.uleb128 0x31
 1354 0179 13       		.uleb128 0x13
 1355 017a 1C       		.uleb128 0x1c
 1356 017b 0B       		.uleb128 0xb
 1357 017c 00       		.byte	0
 1358 017d 00       		.byte	0
 1359 017e 20       		.uleb128 0x20
 1360 017f 34       		.uleb128 0x34
 1361 0180 00       		.byte	0
 1362 0181 31       		.uleb128 0x31
 1363 0182 13       		.uleb128 0x13
 1364 0183 02       		.uleb128 0x2
 1365 0184 17       		.uleb128 0x17
 1366 0185 00       		.byte	0
 1367 0186 00       		.byte	0
 1368 0187 21       		.uleb128 0x21
 1369 0188 898201   		.uleb128 0x4109
 1370 018b 00       		.byte	0
 1371 018c 11       		.uleb128 0x11
 1372 018d 01       		.uleb128 0x1
 1373 018e 31       		.uleb128 0x31
 1374 018f 13       		.uleb128 0x13
ARM GAS  C:\Users\zakis\AppData\Local\Temp\cc3mPN01.s 			page 32


 1375 0190 00       		.byte	0
 1376 0191 00       		.byte	0
 1377 0192 22       		.uleb128 0x22
 1378 0193 34       		.uleb128 0x34
 1379 0194 00       		.byte	0
 1380 0195 03       		.uleb128 0x3
 1381 0196 0E       		.uleb128 0xe
 1382 0197 3A       		.uleb128 0x3a
 1383 0198 0B       		.uleb128 0xb
 1384 0199 3B       		.uleb128 0x3b
 1385 019a 0B       		.uleb128 0xb
 1386 019b 49       		.uleb128 0x49
 1387 019c 13       		.uleb128 0x13
 1388 019d 3F       		.uleb128 0x3f
 1389 019e 19       		.uleb128 0x19
 1390 019f 3C       		.uleb128 0x3c
 1391 01a0 19       		.uleb128 0x19
 1392 01a1 00       		.byte	0
 1393 01a2 00       		.byte	0
 1394 01a3 23       		.uleb128 0x23
 1395 01a4 34       		.uleb128 0x34
 1396 01a5 00       		.byte	0
 1397 01a6 03       		.uleb128 0x3
 1398 01a7 0E       		.uleb128 0xe
 1399 01a8 3A       		.uleb128 0x3a
 1400 01a9 0B       		.uleb128 0xb
 1401 01aa 3B       		.uleb128 0x3b
 1402 01ab 05       		.uleb128 0x5
 1403 01ac 49       		.uleb128 0x49
 1404 01ad 13       		.uleb128 0x13
 1405 01ae 3F       		.uleb128 0x3f
 1406 01af 19       		.uleb128 0x19
 1407 01b0 3C       		.uleb128 0x3c
 1408 01b1 19       		.uleb128 0x19
 1409 01b2 00       		.byte	0
 1410 01b3 00       		.byte	0
 1411 01b4 24       		.uleb128 0x24
 1412 01b5 35       		.uleb128 0x35
 1413 01b6 00       		.byte	0
 1414 01b7 49       		.uleb128 0x49
 1415 01b8 13       		.uleb128 0x13
 1416 01b9 00       		.byte	0
 1417 01ba 00       		.byte	0
 1418 01bb 25       		.uleb128 0x25
 1419 01bc 2E       		.uleb128 0x2e
 1420 01bd 00       		.byte	0
 1421 01be 3F       		.uleb128 0x3f
 1422 01bf 19       		.uleb128 0x19
 1423 01c0 3C       		.uleb128 0x3c
 1424 01c1 19       		.uleb128 0x19
 1425 01c2 6E       		.uleb128 0x6e
 1426 01c3 0E       		.uleb128 0xe
 1427 01c4 03       		.uleb128 0x3
 1428 01c5 0E       		.uleb128 0xe
 1429 01c6 3A       		.uleb128 0x3a
 1430 01c7 0B       		.uleb128 0xb
 1431 01c8 3B       		.uleb128 0x3b
ARM GAS  C:\Users\zakis\AppData\Local\Temp\cc3mPN01.s 			page 33


 1432 01c9 05       		.uleb128 0x5
 1433 01ca 00       		.byte	0
 1434 01cb 00       		.byte	0
 1435 01cc 26       		.uleb128 0x26
 1436 01cd 2E       		.uleb128 0x2e
 1437 01ce 00       		.byte	0
 1438 01cf 3F       		.uleb128 0x3f
 1439 01d0 19       		.uleb128 0x19
 1440 01d1 3C       		.uleb128 0x3c
 1441 01d2 19       		.uleb128 0x19
 1442 01d3 6E       		.uleb128 0x6e
 1443 01d4 0E       		.uleb128 0xe
 1444 01d5 03       		.uleb128 0x3
 1445 01d6 0E       		.uleb128 0xe
 1446 01d7 3A       		.uleb128 0x3a
 1447 01d8 0B       		.uleb128 0xb
 1448 01d9 3B       		.uleb128 0x3b
 1449 01da 0B       		.uleb128 0xb
 1450 01db 00       		.byte	0
 1451 01dc 00       		.byte	0
 1452 01dd 00       		.byte	0
 1453              		.section	.debug_loc,"",%progbits
 1454              	.Ldebug_loc0:
 1455              	.LLST0:
 1456 0000 00000000 		.4byte	.LVL0
 1457 0004 2A000000 		.4byte	.LVL7
 1458 0008 0100     		.2byte	0x1
 1459 000a 50       		.byte	0x50
 1460 000b 2A000000 		.4byte	.LVL7
 1461 000f 38000000 		.4byte	.LVL10
 1462 0013 0400     		.2byte	0x4
 1463 0015 F3       		.byte	0xf3
 1464 0016 01       		.uleb128 0x1
 1465 0017 50       		.byte	0x50
 1466 0018 9F       		.byte	0x9f
 1467 0019 38000000 		.4byte	.LVL10
 1468 001d 3A000000 		.4byte	.LVL11
 1469 0021 0100     		.2byte	0x1
 1470 0023 50       		.byte	0x50
 1471 0024 3A000000 		.4byte	.LVL11
 1472 0028 58000000 		.4byte	.LFE154
 1473 002c 0400     		.2byte	0x4
 1474 002e F3       		.byte	0xf3
 1475 002f 01       		.uleb128 0x1
 1476 0030 50       		.byte	0x50
 1477 0031 9F       		.byte	0x9f
 1478 0032 00000000 		.4byte	0
 1479 0036 00000000 		.4byte	0
 1480              	.LLST1:
 1481 003a 16000000 		.4byte	.LVL4
 1482 003e 1A000000 		.4byte	.LVL5
 1483 0042 0100     		.2byte	0x1
 1484 0044 51       		.byte	0x51
 1485 0045 00000000 		.4byte	0
 1486 0049 00000000 		.4byte	0
 1487              	.LLST2:
 1488 004d 12000000 		.4byte	.LVL3
ARM GAS  C:\Users\zakis\AppData\Local\Temp\cc3mPN01.s 			page 34


 1489 0051 2A000000 		.4byte	.LVL7
 1490 0055 0200     		.2byte	0x2
 1491 0057 30       		.byte	0x30
 1492 0058 9F       		.byte	0x9f
 1493 0059 2A000000 		.4byte	.LVL7
 1494 005d 38000000 		.4byte	.LVL10
 1495 0061 0100     		.2byte	0x1
 1496 0063 54       		.byte	0x54
 1497 0064 38000000 		.4byte	.LVL10
 1498 0068 3A000000 		.4byte	.LVL11
 1499 006c 0200     		.2byte	0x2
 1500 006e 30       		.byte	0x30
 1501 006f 9F       		.byte	0x9f
 1502 0070 3A000000 		.4byte	.LVL11
 1503 0074 44000000 		.4byte	.LVL12
 1504 0078 0100     		.2byte	0x1
 1505 007a 54       		.byte	0x54
 1506 007b 00000000 		.4byte	0
 1507 007f 00000000 		.4byte	0
 1508              	.LLST3:
 1509 0083 22000000 		.4byte	.LVL6
 1510 0087 44000000 		.4byte	.LVL12
 1511 008b 0100     		.2byte	0x1
 1512 008d 55       		.byte	0x55
 1513 008e 00000000 		.4byte	0
 1514 0092 00000000 		.4byte	0
 1515              	.LLST4:
 1516 0096 2A000000 		.4byte	.LVL7
 1517 009a 33000000 		.4byte	.LVL8-1
 1518 009e 0700     		.2byte	0x7
 1519 00a0 74       		.byte	0x74
 1520 00a1 00       		.sleb128 0
 1521 00a2 32       		.byte	0x32
 1522 00a3 24       		.byte	0x24
 1523 00a4 75       		.byte	0x75
 1524 00a5 00       		.sleb128 0
 1525 00a6 22       		.byte	0x22
 1526 00a7 00000000 		.4byte	0
 1527 00ab 00000000 		.4byte	0
 1528              		.section	.debug_aranges,"",%progbits
 1529 0000 1C000000 		.4byte	0x1c
 1530 0004 0200     		.2byte	0x2
 1531 0006 00000000 		.4byte	.Ldebug_info0
 1532 000a 04       		.byte	0x4
 1533 000b 00       		.byte	0
 1534 000c 0000     		.2byte	0
 1535 000e 0000     		.2byte	0
 1536 0010 00000000 		.4byte	.LFB154
 1537 0014 58000000 		.4byte	.LFE154-.LFB154
 1538 0018 00000000 		.4byte	0
 1539 001c 00000000 		.4byte	0
 1540              		.section	.debug_ranges,"",%progbits
 1541              	.Ldebug_ranges0:
 1542 0000 00000000 		.4byte	.LFB154
 1543 0004 58000000 		.4byte	.LFE154
 1544 0008 00000000 		.4byte	0
 1545 000c 00000000 		.4byte	0
ARM GAS  C:\Users\zakis\AppData\Local\Temp\cc3mPN01.s 			page 35


 1546              		.section	.debug_line,"",%progbits
 1547              	.Ldebug_line0:
 1548 0000 80030000 		.section	.debug_str,"MS",%progbits,1
 1548      02005303 
 1548      00000201 
 1548      FB0E0D00 
 1548      01010101 
 1549              	.LASF111:
 1550 0000 474E5520 		.ascii	"GNU C11 5.4.1 20160609 (release) [ARM/embedded-5-br"
 1550      43313120 
 1550      352E342E 
 1550      31203230 
 1550      31363036 
 1551 0033 616E6368 		.ascii	"anch revision 237715] -mcpu=cortex-m3 -mthumb -g -O"
 1551      20726576 
 1551      6973696F 
 1551      6E203233 
 1551      37373135 
 1552 0066 67202D66 		.ascii	"g -ffunction-sections -ffat-lto-objects\000"
 1552      66756E63 
 1552      74696F6E 
 1552      2D736563 
 1552      74696F6E 
 1553              	.LASF61:
 1554 008e 5254455F 		.ascii	"RTE_SIGNALSTATUS_INITIALIZED\000"
 1554      5349474E 
 1554      414C5354 
 1554      41545553 
 1554      5F494E49 
 1555              	.LASF26:
 1556 00ab 4576656E 		.ascii	"EventMaskType\000"
 1556      744D6173 
 1556      6B547970 
 1556      6500
 1557              	.LASF75:
 1558 00b9 6F6E4572 		.ascii	"onErrorTaskCount\000"
 1558      726F7254 
 1558      61736B43 
 1558      6F756E74 
 1558      00
 1559              	.LASF44:
 1560 00ca 52435F45 		.ascii	"RC_ERROR_READ_ONLY\000"
 1560      52524F52 
 1560      5F524541 
 1560      445F4F4E 
 1560      4C5900
 1561              	.LASF30:
 1562 00dd 52435F53 		.ascii	"RC_SUCCESS\000"
 1562      55434345 
 1562      535300
 1563              	.LASF89:
 1564 00e8 53435F53 		.ascii	"SC_SPEED_driverOut_t\000"
 1564      50454544 
 1564      5F647269 
 1564      7665724F 
 1564      75745F74 
 1565              	.LASF72:
ARM GAS  C:\Users\zakis\AppData\Local\Temp\cc3mPN01.s 			page 36


 1566 00fd 65764F6E 		.ascii	"evOnError\000"
 1566      4572726F 
 1566      7200
 1567              	.LASF7:
 1568 0107 5F5F7569 		.ascii	"__uint32_t\000"
 1568      6E743332 
 1568      5F7400
 1569              	.LASF17:
 1570 0112 63686172 		.ascii	"char\000"
 1570      00
 1571              	.LASF45:
 1572 0117 52435F45 		.ascii	"RC_ERROR_WRITE_ONLY\000"
 1572      52524F52 
 1572      5F575249 
 1572      54455F4F 
 1572      4E4C5900 
 1573              	.LASF94:
 1574 012b 5254455F 		.ascii	"RTE_SC_JOYSTICK_get\000"
 1574      53435F4A 
 1574      4F595354 
 1574      49434B5F 
 1574      67657400 
 1575              	.LASF2:
 1576 013f 73686F72 		.ascii	"short int\000"
 1576      7420696E 
 1576      7400
 1577              	.LASF18:
 1578 0149 73697A65 		.ascii	"size_t\000"
 1578      5F7400
 1579              	.LASF48:
 1580 0150 52435F45 		.ascii	"RC_ERROR_WRITE_FAILS\000"
 1580      52524F52 
 1580      5F575249 
 1580      54455F46 
 1580      41494C53 
 1581              	.LASF27:
 1582 0165 73697A65 		.ascii	"sizetype\000"
 1582      74797065 
 1582      00
 1583              	.LASF81:
 1584 016e 53435F4A 		.ascii	"SC_JOYSTICK_s\000"
 1584      4F595354 
 1584      49434B5F 
 1584      7300
 1585              	.LASF85:
 1586 017c 53435F4A 		.ascii	"SC_JOYSTICK_t\000"
 1586      4F595354 
 1586      49434B5F 
 1586      7400
 1587              	.LASF64:
 1588 018a 5254455F 		.ascii	"RTE_signalStatus_t\000"
 1588      7369676E 
 1588      616C5374 
 1588      61747573 
 1588      5F7400
 1589              	.LASF33:
 1590 019d 52435F45 		.ascii	"RC_ERROR_ZERO\000"
ARM GAS  C:\Users\zakis\AppData\Local\Temp\cc3mPN01.s 			page 37


 1590      52524F52 
 1590      5F5A4552 
 1590      4F00
 1591              	.LASF23:
 1592 01ab 45455F46 		.ascii	"EE_FREG\000"
 1592      52454700 
 1593              	.LASF47:
 1594 01b3 52435F45 		.ascii	"RC_ERROR_READ_FAILS\000"
 1594      52524F52 
 1594      5F524541 
 1594      445F4641 
 1594      494C5300 
 1595              	.LASF66:
 1596 01c7 53435F4A 		.ascii	"SC_JOYSTICK_driverIn_t\000"
 1596      4F595354 
 1596      49434B5F 
 1596      64726976 
 1596      6572496E 
 1597              	.LASF21:
 1598 01de 45455F55 		.ascii	"EE_UINT32\000"
 1598      494E5433 
 1598      3200
 1599              	.LASF24:
 1600 01e8 45455F54 		.ascii	"EE_TID\000"
 1600      494400
 1601              	.LASF82:
 1602 01ef 76616C75 		.ascii	"value\000"
 1602      6500
 1603              	.LASF87:
 1604 01f5 53435F53 		.ascii	"SC_SPEED_data_t\000"
 1604      50454544 
 1604      5F646174 
 1604      615F7400 
 1605              	.LASF53:
 1606 0205 52435F45 		.ascii	"RC_ERROR_INVALID_STATE\000"
 1606      52524F52 
 1606      5F494E56 
 1606      414C4944 
 1606      5F535441 
 1607              	.LASF90:
 1608 021c 53435F53 		.ascii	"SC_SPEED_cfg_s\000"
 1608      50454544 
 1608      5F636667 
 1608      5F7300
 1609              	.LASF91:
 1610 022b 53435F53 		.ascii	"SC_SPEED_cfg_t\000"
 1610      50454544 
 1610      5F636667 
 1610      5F7400
 1611              	.LASF78:
 1612 023a 7265736F 		.ascii	"resource\000"
 1612      75726365 
 1612      00
 1613              	.LASF105:
 1614 0243 45455F49 		.ascii	"EE_IRQ_nesting_level\000"
 1614      52515F6E 
 1614      65737469 
ARM GAS  C:\Users\zakis\AppData\Local\Temp\cc3mPN01.s 			page 38


 1614      6E675F6C 
 1614      6576656C 
 1615              	.LASF114:
 1616 0258 434F4E54 		.ascii	"CONTROL_calcControl_run\000"
 1616      524F4C5F 
 1616      63616C63 
 1616      436F6E74 
 1616      726F6C5F 
 1617              	.LASF104:
 1618 0270 45455F73 		.ascii	"EE_std_endcycle_next_tid\000"
 1618      74645F65 
 1618      6E646379 
 1618      636C655F 
 1618      6E657874 
 1619              	.LASF35:
 1620 0289 52435F45 		.ascii	"RC_ERROR_RANGE\000"
 1620      52524F52 
 1620      5F52414E 
 1620      474500
 1621              	.LASF15:
 1622 0298 666C6F61 		.ascii	"float\000"
 1622      7400
 1623              	.LASF108:
 1624 029e 534F5F53 		.ascii	"SO_SPEED_signal\000"
 1624      50454544 
 1624      5F736967 
 1624      6E616C00 
 1625              	.LASF55:
 1626 02ae 52435F45 		.ascii	"RC_ERROR_NOT_IMPLEMENTED\000"
 1626      52524F52 
 1626      5F4E4F54 
 1626      5F494D50 
 1626      4C454D45 
 1627              	.LASF9:
 1628 02c7 6C6F6E67 		.ascii	"long long int\000"
 1628      206C6F6E 
 1628      6720696E 
 1628      7400
 1629              	.LASF102:
 1630 02d5 45455F6F 		.ascii	"EE_oo_IRQ_suspend_status\000"
 1630      6F5F4952 
 1630      515F7375 
 1630      7370656E 
 1630      645F7374 
 1631              	.LASF80:
 1632 02ee 53435F4A 		.ascii	"SC_JOYSTICK_cfg_s\000"
 1632      4F595354 
 1632      49434B5F 
 1632      6366675F 
 1632      7300
 1633              	.LASF79:
 1634 0300 53435F4A 		.ascii	"SC_JOYSTICK_cfg_t\000"
 1634      4F595354 
 1634      49434B5F 
 1634      6366675F 
 1634      7400
 1635              	.LASF49:
ARM GAS  C:\Users\zakis\AppData\Local\Temp\cc3mPN01.s 			page 39


 1636 0312 52435F45 		.ascii	"RC_ERROR_NOT_MATCH\000"
 1636      52524F52 
 1636      5F4E4F54 
 1636      5F4D4154 
 1636      434800
 1637              	.LASF54:
 1638 0325 52435F45 		.ascii	"RC_ERROR_UNKNOWN\000"
 1638      52524F52 
 1638      5F554E4B 
 1638      4E4F574E 
 1638      00
 1639              	.LASF6:
 1640 0336 6C6F6E67 		.ascii	"long int\000"
 1640      20696E74 
 1640      00
 1641              	.LASF37:
 1642 033f 52435F45 		.ascii	"RC_ERROR_UNDERRUN\000"
 1642      52524F52 
 1642      5F554E44 
 1642      45525255 
 1642      4E00
 1643              	.LASF112:
 1644 0351 736F7572 		.ascii	"source\\asw\\swc_control.c\000"
 1644      63655C61 
 1644      73775C73 
 1644      77635F63 
 1644      6F6E7472 
 1645              	.LASF40:
 1646 036a 52435F45 		.ascii	"RC_ERROR_BUSY\000"
 1646      52524F52 
 1646      5F425553 
 1646      5900
 1647              	.LASF60:
 1648 0378 5254455F 		.ascii	"RTE_SIGNALSTATUS_STARTUP\000"
 1648      5349474E 
 1648      414C5354 
 1648      41545553 
 1648      5F535441 
 1649              	.LASF4:
 1650 0391 5F5F7569 		.ascii	"__uint8_t\000"
 1650      6E74385F 
 1650      7400
 1651              	.LASF46:
 1652 039b 52435F45 		.ascii	"RC_ERROR_INVALID\000"
 1652      52524F52 
 1652      5F494E56 
 1652      414C4944 
 1652      00
 1653              	.LASF51:
 1654 03ac 52435F45 		.ascii	"RC_ERROR_BAD_DATA\000"
 1654      52524F52 
 1654      5F424144 
 1654      5F444154 
 1654      4100
 1655              	.LASF29:
 1656 03be 626F6F6C 		.ascii	"boolean_t\000"
 1656      65616E5F 
ARM GAS  C:\Users\zakis\AppData\Local\Temp\cc3mPN01.s 			page 40


 1656      7400
 1657              	.LASF70:
 1658 03c8 6F757444 		.ascii	"outDriver\000"
 1658      72697665 
 1658      7200
 1659              	.LASF98:
 1660 03d2 70546173 		.ascii	"pTaskArray\000"
 1660      6B417272 
 1660      617900
 1661              	.LASF19:
 1662 03dd 6C6F6E67 		.ascii	"long double\000"
 1662      20646F75 
 1662      626C6500 
 1663              	.LASF113:
 1664 03e9 433A5C55 		.ascii	"C:\\Users\\zakis\\Documents\\EAA\\RTE_Gaspedal_Watc"
 1664      73657273 
 1664      5C7A616B 
 1664      69735C44 
 1664      6F63756D 
 1665 0417 68646F67 		.ascii	"hdog\\LabOne\\Gaspedal_Watchdog.cydsn\000"
 1665      5C4C6162 
 1665      4F6E655C 
 1665      47617370 
 1665      6564616C 
 1666              	.LASF97:
 1667 043b 7461736B 		.ascii	"taskNum\000"
 1667      4E756D00 
 1668              	.LASF25:
 1669 0443 5461736B 		.ascii	"TaskType\000"
 1669      54797065 
 1669      00
 1670              	.LASF1:
 1671 044c 756E7369 		.ascii	"unsigned char\000"
 1671      676E6564 
 1671      20636861 
 1671      7200
 1672              	.LASF65:
 1673 045a 53435F4A 		.ascii	"SC_JOYSTICK_data_t\000"
 1673      4F595354 
 1673      49434B5F 
 1673      64617461 
 1673      5F7400
 1674              	.LASF0:
 1675 046d 7369676E 		.ascii	"signed char\000"
 1675      65642063 
 1675      68617200 
 1676              	.LASF86:
 1677 0479 6D5F7370 		.ascii	"m_speed\000"
 1677      65656400 
 1678              	.LASF10:
 1679 0481 6C6F6E67 		.ascii	"long long unsigned int\000"
 1679      206C6F6E 
 1679      6720756E 
 1679      7369676E 
 1679      65642069 
 1680              	.LASF14:
 1681 0498 75696E74 		.ascii	"uint32_t\000"
ARM GAS  C:\Users\zakis\AppData\Local\Temp\cc3mPN01.s 			page 41


 1681      33325F74 
 1681      00
 1682              	.LASF11:
 1683 04a1 756E7369 		.ascii	"unsigned int\000"
 1683      676E6564 
 1683      20696E74 
 1683      00
 1684              	.LASF42:
 1685 04ae 52435F45 		.ascii	"RC_ERROR_OPEN\000"
 1685      52524F52 
 1685      5F4F5045 
 1685      4E00
 1686              	.LASF8:
 1687 04bc 6C6F6E67 		.ascii	"long unsigned int\000"
 1687      20756E73 
 1687      69676E65 
 1687      6420696E 
 1687      7400
 1688              	.LASF115:
 1689 04ce 73706565 		.ascii	"speed\000"
 1689      6400
 1690              	.LASF32:
 1691 04d4 52435F45 		.ascii	"RC_ERROR_NULL\000"
 1691      52524F52 
 1691      5F4E554C 
 1691      4C00
 1692              	.LASF39:
 1693 04e2 52435F45 		.ascii	"RC_ERROR_BUFFER_EMTPY\000"
 1693      52524F52 
 1693      5F425546 
 1693      4645525F 
 1693      454D5450 
 1694              	.LASF20:
 1695 04f8 45455F49 		.ascii	"EE_INT32\000"
 1695      4E543332 
 1695      00
 1696              	.LASF84:
 1697 0501 70536967 		.ascii	"pSigCfg\000"
 1697      43666700 
 1698              	.LASF71:
 1699 0509 65764F6E 		.ascii	"evOnUpdate\000"
 1699      55706461 
 1699      746500
 1700              	.LASF92:
 1701 0514 53435F53 		.ascii	"SC_SPEED_s\000"
 1701      50454544 
 1701      5F7300
 1702              	.LASF83:
 1703 051f 73746174 		.ascii	"status\000"
 1703      757300
 1704              	.LASF77:
 1705 0526 7265736F 		.ascii	"resourceActive\000"
 1705      75726365 
 1705      41637469 
 1705      766500
 1706              	.LASF96:
 1707 0535 7369676E 		.ascii	"signal\000"
ARM GAS  C:\Users\zakis\AppData\Local\Temp\cc3mPN01.s 			page 42


 1707      616C00
 1708              	.LASF63:
 1709 053c 5254455F 		.ascii	"RTE_SIGNALSTATUS_INVALID\000"
 1709      5349474E 
 1709      414C5354 
 1709      41545553 
 1709      5F494E56 
 1710              	.LASF38:
 1711 0555 52435F45 		.ascii	"RC_ERROR_BUFFER_FULL\000"
 1711      52524F52 
 1711      5F425546 
 1711      4645525F 
 1711      46554C4C 
 1712              	.LASF13:
 1713 056a 696E7433 		.ascii	"int32_t\000"
 1713      325F7400 
 1714              	.LASF3:
 1715 0572 73686F72 		.ascii	"short unsigned int\000"
 1715      7420756E 
 1715      7369676E 
 1715      65642069 
 1715      6E7400
 1716              	.LASF50:
 1717 0585 52435F45 		.ascii	"RC_ERROR_BAD_PARAM\000"
 1717      52524F52 
 1717      5F424144 
 1717      5F504152 
 1717      414D00
 1718              	.LASF76:
 1719 0598 6F6E4572 		.ascii	"onErrorTasks\000"
 1719      726F7254 
 1719      61736B73 
 1719      00
 1720              	.LASF73:
 1721 05a5 6F6E5570 		.ascii	"onUpdateTaskCount\000"
 1721      64617465 
 1721      5461736B 
 1721      436F756E 
 1721      7400
 1722              	.LASF110:
 1723 05b7 55415254 		.ascii	"UART_Logs_PutChar\000"
 1723      5F4C6F67 
 1723      735F5075 
 1723      74436861 
 1723      7200
 1724              	.LASF103:
 1725 05c9 45455F41 		.ascii	"EE_ApplicationMode\000"
 1725      70706C69 
 1725      63617469 
 1725      6F6E4D6F 
 1725      646500
 1726              	.LASF95:
 1727 05dc 5254455F 		.ascii	"RTE_SC_SPEED_set\000"
 1727      53435F53 
 1727      50454544 
 1727      5F736574 
 1727      00
ARM GAS  C:\Users\zakis\AppData\Local\Temp\cc3mPN01.s 			page 43


 1728              	.LASF74:
 1729 05ed 6F6E5570 		.ascii	"onUpdateTasks\000"
 1729      64617465 
 1729      5461736B 
 1729      7300
 1730              	.LASF43:
 1731 05fb 52435F45 		.ascii	"RC_ERROR_CHECKSUM\000"
 1731      52524F52 
 1731      5F434845 
 1731      434B5355 
 1731      4D00
 1732              	.LASF22:
 1733 060d 45455F55 		.ascii	"EE_UREG\000"
 1733      52454700 
 1734              	.LASF36:
 1735 0615 52435F45 		.ascii	"RC_ERROR_OVERRUN\000"
 1735      52524F52 
 1735      5F4F5645 
 1735      5252554E 
 1735      00
 1736              	.LASF5:
 1737 0626 5F5F696E 		.ascii	"__int32_t\000"
 1737      7433325F 
 1737      7400
 1738              	.LASF12:
 1739 0630 75696E74 		.ascii	"uint8_t\000"
 1739      385F7400 
 1740              	.LASF99:
 1741 0638 7461736B 		.ascii	"task\000"
 1741      00
 1742              	.LASF58:
 1743 063d 5254455F 		.ascii	"RTE_event\000"
 1743      6576656E 
 1743      7400
 1744              	.LASF88:
 1745 0647 53435F53 		.ascii	"SC_SPEED_driverIn_t\000"
 1745      50454544 
 1745      5F647269 
 1745      76657249 
 1745      6E5F7400 
 1746              	.LASF107:
 1747 065b 534F5F4A 		.ascii	"SO_JOYSTICK_signal\000"
 1747      4F595354 
 1747      49434B5F 
 1747      7369676E 
 1747      616C00
 1748              	.LASF52:
 1749 066e 52435F45 		.ascii	"RC_ERROR_CANCELED\000"
 1749      52524F52 
 1749      5F43414E 
 1749      43454C45 
 1749      4400
 1750              	.LASF93:
 1751 0680 53435F53 		.ascii	"SC_SPEED_t\000"
 1751      50454544 
 1751      5F7400
 1752              	.LASF59:
ARM GAS  C:\Users\zakis\AppData\Local\Temp\cc3mPN01.s 			page 44


 1753 068b 5265736F 		.ascii	"ResourceType\000"
 1753      75726365 
 1753      54797065 
 1753      00
 1754              	.LASF16:
 1755 0698 646F7562 		.ascii	"double\000"
 1755      6C6500
 1756              	.LASF62:
 1757 069f 5254455F 		.ascii	"RTE_SIGNALSTATUS_VALID\000"
 1757      5349474E 
 1757      414C5354 
 1757      41545553 
 1757      5F56414C 
 1758              	.LASF67:
 1759 06b6 53435F4A 		.ascii	"SC_JOYSTICK_driverOut_t\000"
 1759      4F595354 
 1759      49434B5F 
 1759      64726976 
 1759      65724F75 
 1760              	.LASF109:
 1761 06ce 45455F6F 		.ascii	"EE_oo_SetEvent\000"
 1761      6F5F5365 
 1761      74457665 
 1761      6E7400
 1762              	.LASF69:
 1763 06dd 696E4472 		.ascii	"inDriver\000"
 1763      69766572 
 1763      00
 1764              	.LASF106:
 1765 06e6 49544D5F 		.ascii	"ITM_RxBuffer\000"
 1765      52784275 
 1765      66666572 
 1765      00
 1766              	.LASF31:
 1767 06f3 52435F45 		.ascii	"RC_ERROR\000"
 1767      52524F52 
 1767      00
 1768              	.LASF34:
 1769 06fc 52435F45 		.ascii	"RC_ERROR_MEMORY\000"
 1769      52524F52 
 1769      5F4D454D 
 1769      4F525900 
 1770              	.LASF101:
 1771 070c 45455F6F 		.ascii	"EE_oo_IRQ_disable_count\000"
 1771      6F5F4952 
 1771      515F6469 
 1771      7361626C 
 1771      655F636F 
 1772              	.LASF57:
 1773 0724 5461736B 		.ascii	"TaskTypeArray\000"
 1773      54797065 
 1773      41727261 
 1773      7900
 1774              	.LASF68:
 1775 0732 6D5F6A6F 		.ascii	"m_joystickValueX\000"
 1775      79737469 
 1775      636B5661 
ARM GAS  C:\Users\zakis\AppData\Local\Temp\cc3mPN01.s 			page 45


 1775      6C756558 
 1775      00
 1776              	.LASF56:
 1777 0743 52435F74 		.ascii	"RC_t\000"
 1777      00
 1778              	.LASF100:
 1779 0748 6A6F7973 		.ascii	"joystickData\000"
 1779      7469636B 
 1779      44617461 
 1779      00
 1780              	.LASF28:
 1781 0755 73696E74 		.ascii	"sint8_t\000"
 1781      385F7400 
 1782              	.LASF41:
 1783 075d 52435F45 		.ascii	"RC_ERROR_TIME_OUT\000"
 1783      52524F52 
 1783      5F54494D 
 1783      455F4F55 
 1783      5400
 1784              		.ident	"GCC: (GNU Tools for ARM Embedded Processors) 5.4.1 20160609 (release) [ARM/embedded-5-bran
