ARM GAS  C:\Users\zakis\AppData\Local\Temp\ccA9yEje.s 			page 1


   1              		.syntax unified
   2              		.cpu cortex-m3
   3              		.fpu softvfp
   4              		.eabi_attribute 20, 1
   5              		.eabi_attribute 21, 1
   6              		.eabi_attribute 23, 3
   7              		.eabi_attribute 24, 1
   8              		.eabi_attribute 25, 1
   9              		.eabi_attribute 26, 1
  10              		.eabi_attribute 30, 1
  11              		.eabi_attribute 34, 1
  12              		.eabi_attribute 18, 4
  13              		.thumb
  14              		.syntax unified
  15              		.file	"swc_system.c"
  16              		.text
  17              	.Ltext0:
  18              		.cfi_sections	.debug_frame
  19              		.section	.text.SYSTEM_system_run,"ax",%progbits
  20              		.align	2
  21              		.global	SYSTEM_system_run
  22              		.thumb
  23              		.thumb_func
  24              		.type	SYSTEM_system_run, %function
  25              	SYSTEM_system_run:
  26              	.LFB165:
  27              		.file 1 "source\\asw\\swc_system.c"
   1:source\asw/swc_system.c **** /*
   2:source\asw/swc_system.c ****  * Filename: swc_system.c
   3:source\asw/swc_system.c ****  *
   4:source\asw/swc_system.c ****  * Author: Autogenerated by H-DA RTE Generator, (c) Prof. Fromm
   5:source\asw/swc_system.c ****  *
   6:source\asw/swc_system.c ****  * description: Software component
   7:source\asw/swc_system.c ****  * name: swc_system
   8:source\asw/swc_system.c ****  * shortname: system
   9:source\asw/swc_system.c ****  *
  10:source\asw/swc_system.c ****  */
  11:source\asw/swc_system.c **** 
  12:source\asw/swc_system.c **** #include "project.h"
  13:source\asw/swc_system.c **** #include "global.h"
  14:source\asw/swc_system.c **** #include "rte.h"
  15:source\asw/swc_system.c **** #include "rte_types.h"
  16:source\asw/swc_system.c **** #include "swc_system.h"
  17:source\asw/swc_system.c **** 
  18:source\asw/swc_system.c **** 
  19:source\asw/swc_system.c **** 
  20:source\asw/swc_system.c **** /* USER CODE START SWC_SYSTEM_INCLUDE */
  21:source\asw/swc_system.c **** 
  22:source\asw/swc_system.c **** #include "sc_speed.h"
  23:source\asw/swc_system.c **** #include "watchdog.h"
  24:source\asw/swc_system.c **** 
  25:source\asw/swc_system.c **** /* USER CODE END SWC_SYSTEM_INCLUDE */
  26:source\asw/swc_system.c **** 
  27:source\asw/swc_system.c **** 
  28:source\asw/swc_system.c **** #include "sp_common.h"
  29:source\asw/swc_system.c **** 
  30:source\asw/swc_system.c **** /* USER CODE START SWC_SYSTEM_USERDEFINITIONS */
ARM GAS  C:\Users\zakis\AppData\Local\Temp\ccA9yEje.s 			page 2


  31:source\asw/swc_system.c **** 
  32:source\asw/swc_system.c **** /* USER CODE END SWC_SYSTEM_USERDEFINITIONS */
  33:source\asw/swc_system.c **** 
  34:source\asw/swc_system.c **** 
  35:source\asw/swc_system.c **** 
  36:source\asw/swc_system.c **** /*
  37:source\asw/swc_system.c ****  * component: swc_system
  38:source\asw/swc_system.c ****  * cycletime: 1
  39:source\asw/swc_system.c ****  * description: Runnable
  40:source\asw/swc_system.c ****  * events: 
  41:source\asw/swc_system.c ****  * name: SYSTEM_system_run
  42:source\asw/swc_system.c ****  * shortname: system
  43:source\asw/swc_system.c ****  * signalIN: 
  44:source\asw/swc_system.c ****  * signalOUT: 
  45:source\asw/swc_system.c ****  * task: tsk_system
  46:source\asw/swc_system.c ****  */
  47:source\asw/swc_system.c **** void SYSTEM_system_run(RTE_event ev){
  28              		.loc 1 47 0
  29              		.cfi_startproc
  30              		@ args = 0, pretend = 0, frame = 0
  31              		@ frame_needed = 0, uses_anonymous_args = 0
  32              	.LVL0:
  33 0000 08B5     		push	{r3, lr}
  34              		.cfi_def_cfa_offset 8
  35              		.cfi_offset 3, -8
  36              		.cfi_offset 14, -4
  37              	.LVL1:
  38              	.LBB6:
  39              	.LBB7:
  40              		.file 2 ".\\source\\rte/sc_speed.h"
   1:.\source\rte/sc_speed.h **** 
   2:.\source\rte/sc_speed.h **** 
   3:.\source\rte/sc_speed.h **** /**
   4:.\source\rte/sc_speed.h ****  *  file    SC_SPEED_signal.h
   5:.\source\rte/sc_speed.h ****  *
   6:.\source\rte/sc_speed.h ****  *  brief   signal base class for signal sc_speed
   7:.\source\rte/sc_speed.h ****  *
   8:.\source\rte/sc_speed.h ****  *  author  Autogenerated, Peter Fromm       <peter.fromm@h-da.de>
   9:.\source\rte/sc_speed.h ****  *
  10:.\source\rte/sc_speed.h ****  * description: Signal for Speed
  11:.\source\rte/sc_speed.h ****  * name: sc_speed
  12:.\source\rte/sc_speed.h ****  * shortname: speed
  13:.\source\rte/sc_speed.h ****  *
  14:.\source\rte/sc_speed.h ****  */
  15:.\source\rte/sc_speed.h **** 
  16:.\source\rte/sc_speed.h **** 
  17:.\source\rte/sc_speed.h **** 
  18:.\source\rte/sc_speed.h **** #ifndef SC_SPEED_SIGNAL_H_INCLUDED
  19:.\source\rte/sc_speed.h **** #define SC_SPEED_SIGNAL_H_INCLUDED
  20:.\source\rte/sc_speed.h **** 
  21:.\source\rte/sc_speed.h **** /*================================================[ public includes  ]=============================
  22:.\source\rte/sc_speed.h **** #include "global.h"
  23:.\source\rte/sc_speed.h **** #include "project.h"
  24:.\source\rte/sc_speed.h **** #include "rte.h"
  25:.\source\rte/sc_speed.h **** #include "rte_types.h"
  26:.\source\rte/sc_speed.h **** 
  27:.\source\rte/sc_speed.h **** #include "sc_speed_type.h"
ARM GAS  C:\Users\zakis\AppData\Local\Temp\ccA9yEje.s 			page 3


  28:.\source\rte/sc_speed.h **** 
  29:.\source\rte/sc_speed.h **** 
  30:.\source\rte/sc_speed.h **** /**************************************************************************************************
  31:.\source\rte/sc_speed.h **** /* The driver API block																						*/
  32:.\source\rte/sc_speed.h **** /**************************************************************************************************
  33:.\source\rte/sc_speed.h ****                                                                                                    
  34:.\source\rte/sc_speed.h **** /**
  35:.\source\rte/sc_speed.h ****  *  Definition of function types for driver interfaces.
  36:.\source\rte/sc_speed.h ****  *  I-Port
  37:.\source\rte/sc_speed.h ****  */
  38:.\source\rte/sc_speed.h **** typedef RC_t (*SC_SPEED_driverIn_t)(SC_SPEED_data_t * const);
  39:.\source\rte/sc_speed.h **** 
  40:.\source\rte/sc_speed.h **** /**
  41:.\source\rte/sc_speed.h ****  *  Definition of function types for driver interfaces.
  42:.\source\rte/sc_speed.h ****  *  O-Port
  43:.\source\rte/sc_speed.h ****  */
  44:.\source\rte/sc_speed.h **** typedef RC_t (*SC_SPEED_driverOut_t)( const SC_SPEED_data_t * const);
  45:.\source\rte/sc_speed.h **** 
  46:.\source\rte/sc_speed.h **** 
  47:.\source\rte/sc_speed.h **** /**************************************************************************************************
  48:.\source\rte/sc_speed.h **** /* The signal configuration API block																				*/
  49:.\source\rte/sc_speed.h **** /**************************************************************************************************
  50:.\source\rte/sc_speed.h **** 
  51:.\source\rte/sc_speed.h **** /**
  52:.\source\rte/sc_speed.h ****  * Instances of the struct SC_SPEED_cfg_t represent the signal object configuration.
  53:.\source\rte/sc_speed.h ****  */
  54:.\source\rte/sc_speed.h **** struct SC_SPEED_cfg_s
  55:.\source\rte/sc_speed.h **** {
  56:.\source\rte/sc_speed.h ****     /**
  57:.\source\rte/sc_speed.h ****      * Function pointer to the input driver
  58:.\source\rte/sc_speed.h ****      */
  59:.\source\rte/sc_speed.h ****     SC_SPEED_driverIn_t const inDriver;
  60:.\source\rte/sc_speed.h **** 
  61:.\source\rte/sc_speed.h ****     /**
  62:.\source\rte/sc_speed.h ****      * Function pointer to the output driver table
  63:.\source\rte/sc_speed.h ****      */
  64:.\source\rte/sc_speed.h ****    SC_SPEED_driverOut_t const outDriver;
  65:.\source\rte/sc_speed.h ****    
  66:.\source\rte/sc_speed.h ****     /**
  67:.\source\rte/sc_speed.h ****      * Event onUpdate
  68:.\source\rte/sc_speed.h ****      */
  69:.\source\rte/sc_speed.h ****     EventMaskType const evOnUpdate;
  70:.\source\rte/sc_speed.h ****     
  71:.\source\rte/sc_speed.h ****     
  72:.\source\rte/sc_speed.h ****     /**
  73:.\source\rte/sc_speed.h ****      * Event onError
  74:.\source\rte/sc_speed.h ****      */
  75:.\source\rte/sc_speed.h ****     EventMaskType const evOnError;
  76:.\source\rte/sc_speed.h ****     
  77:.\source\rte/sc_speed.h ****     /**
  78:.\source\rte/sc_speed.h ****      * Task Count onUpdate
  79:.\source\rte/sc_speed.h ****      */
  80:.\source\rte/sc_speed.h ****     size_t const onUpdateTaskCount;
  81:.\source\rte/sc_speed.h **** 
  82:.\source\rte/sc_speed.h ****     /**
  83:.\source\rte/sc_speed.h ****      * Task List onUpdate
  84:.\source\rte/sc_speed.h ****      */
ARM GAS  C:\Users\zakis\AppData\Local\Temp\ccA9yEje.s 			page 4


  85:.\source\rte/sc_speed.h ****     TaskTypeArray* const onUpdateTasks;
  86:.\source\rte/sc_speed.h ****     
  87:.\source\rte/sc_speed.h ****     /**
  88:.\source\rte/sc_speed.h ****      * Task Count onError
  89:.\source\rte/sc_speed.h ****      */
  90:.\source\rte/sc_speed.h ****     size_t const onErrorTaskCount;
  91:.\source\rte/sc_speed.h **** 
  92:.\source\rte/sc_speed.h ****     /**
  93:.\source\rte/sc_speed.h ****      * Task List onError
  94:.\source\rte/sc_speed.h ****      */
  95:.\source\rte/sc_speed.h ****     TaskTypeArray* const onErrorTasks;
  96:.\source\rte/sc_speed.h **** 	
  97:.\source\rte/sc_speed.h **** 	
  98:.\source\rte/sc_speed.h **** 	/**
  99:.\source\rte/sc_speed.h **** 	 * Ressourse is active? We need an additional boolean as a ressource value 0 is valid.
 100:.\source\rte/sc_speed.h **** 	 */
 101:.\source\rte/sc_speed.h **** 	 boolean_t const resourceActive;
 102:.\source\rte/sc_speed.h **** 	 
 103:.\source\rte/sc_speed.h **** 	/**
 104:.\source\rte/sc_speed.h **** 	 * Ressourse 
 105:.\source\rte/sc_speed.h **** 	 */
 106:.\source\rte/sc_speed.h **** 	 ResourceType const resource;
 107:.\source\rte/sc_speed.h **** 
 108:.\source\rte/sc_speed.h **** };                                                                                                 
 109:.\source\rte/sc_speed.h **** typedef const struct SC_SPEED_cfg_s SC_SPEED_cfg_t;
 110:.\source\rte/sc_speed.h ****                               
 111:.\source\rte/sc_speed.h **** /**************************************************************************************************
 112:.\source\rte/sc_speed.h **** /* The data interface block																							*/
 113:.\source\rte/sc_speed.h **** /**************************************************************************************************
 114:.\source\rte/sc_speed.h **** 
 115:.\source\rte/sc_speed.h ****                                                                                                    
 116:.\source\rte/sc_speed.h **** 							  
 117:.\source\rte/sc_speed.h **** /**
 118:.\source\rte/sc_speed.h ****  * Instances of the struct SC_SPEED_t represent the signal objects.
 119:.\source\rte/sc_speed.h ****  * A signal object contains the current application value 'value' as well as relevant meta data.
 120:.\source\rte/sc_speed.h ****  */
 121:.\source\rte/sc_speed.h **** struct SC_SPEED_s
 122:.\source\rte/sc_speed.h **** {                                                                                                  
 123:.\source\rte/sc_speed.h **** 
 124:.\source\rte/sc_speed.h **** 	/**
 125:.\source\rte/sc_speed.h **** 	 * Data buffer for the application value
 126:.\source\rte/sc_speed.h **** 	 */
 127:.\source\rte/sc_speed.h ****     SC_SPEED_data_t value;
 128:.\source\rte/sc_speed.h **** 
 129:.\source\rte/sc_speed.h ****     /**
 130:.\source\rte/sc_speed.h ****      * Current signal status
 131:.\source\rte/sc_speed.h ****      */
 132:.\source\rte/sc_speed.h ****     RTE_signalStatus_t status;
 133:.\source\rte/sc_speed.h **** 
 134:.\source\rte/sc_speed.h ****     /**
 135:.\source\rte/sc_speed.h ****      * Current age of the signal (in calling cycles)
 136:.\source\rte/sc_speed.h ****      */
 137:.\source\rte/sc_speed.h ****     uint32_t age;
 138:.\source\rte/sc_speed.h **** 
 139:.\source\rte/sc_speed.h ****     /**
 140:.\source\rte/sc_speed.h ****      * Pointer to the signal configuration
 141:.\source\rte/sc_speed.h ****      */
ARM GAS  C:\Users\zakis\AppData\Local\Temp\ccA9yEje.s 			page 5


 142:.\source\rte/sc_speed.h **** 	const SC_SPEED_cfg_t * const    pSigCfg;
 143:.\source\rte/sc_speed.h **** 
 144:.\source\rte/sc_speed.h **** };                                                                                                 
 145:.\source\rte/sc_speed.h **** typedef struct SC_SPEED_s SC_SPEED_t;
 146:.\source\rte/sc_speed.h **** 
 147:.\source\rte/sc_speed.h **** /**************************************************************************************************
 148:.\source\rte/sc_speed.h **** /* Signal initialisation   																							*/
 149:.\source\rte/sc_speed.h **** /**************************************************************************************************
 150:.\source\rte/sc_speed.h **** 
 151:.\source\rte/sc_speed.h **** /**
 152:.\source\rte/sc_speed.h ****  * Initializes a signal instance with a passed init value.
 153:.\source\rte/sc_speed.h ****  * Depending on the configured conversion or scaling function the raw_value will be calculated.
 154:.\source\rte/sc_speed.h ****  * Signal status will change from RTE_SIGNALSTATUS_STARTUP to RTE_SIGNALSTATUS_INITIALIZED.
 155:.\source\rte/sc_speed.h ****  *
 156:.\source\rte/sc_speed.h ****  * @param  SC_SPEED_t * const signal: Pointer to the signal object which will be initialised
 157:.\source\rte/sc_speed.h ****  * @return RC_t: standard return code, currently only RC_SUCCESS
 158:.\source\rte/sc_speed.h ****  *
 159:.\source\rte/sc_speed.h ****  **/
 160:.\source\rte/sc_speed.h **** inline RC_t RTE_SC_SPEED_init( SC_SPEED_t * const signal )
 161:.\source\rte/sc_speed.h **** {                                                                                                  
 162:.\source\rte/sc_speed.h **** 
 163:.\source\rte/sc_speed.h ****    RC_t ret = RC_SUCCESS;
 164:.\source\rte/sc_speed.h **** 
 165:.\source\rte/sc_speed.h ****    //Set value and raw value
 166:.\source\rte/sc_speed.h ****    signal->value  = SC_SPEED_INIT_DATA;
 167:.\source\rte/sc_speed.h ****    signal->age    = 0;
 168:.\source\rte/sc_speed.h ****    signal->status = RTE_SIGNALSTATUS_INITIALIZED;
 169:.\source\rte/sc_speed.h **** 
 170:.\source\rte/sc_speed.h ****    return ret;
 171:.\source\rte/sc_speed.h **** }
 172:.\source\rte/sc_speed.h **** 
 173:.\source\rte/sc_speed.h **** /**************************************************************************************************
 174:.\source\rte/sc_speed.h **** /* Status and timeout control																						*/
 175:.\source\rte/sc_speed.h **** /**************************************************************************************************
 176:.\source\rte/sc_speed.h **** 
 177:.\source\rte/sc_speed.h **** /**
 178:.\source\rte/sc_speed.h ****  *  Returns the current signal status of the passed signal instance.
 179:.\source\rte/sc_speed.h ****  *
 180:.\source\rte/sc_speed.h ****  * @param  SC_SPEED_t * const signal: Pointer to the signal object
 181:.\source\rte/sc_speed.h ****  * @return  sig_status_t: The current signal status
 182:.\source\rte/sc_speed.h ****  *
 183:.\source\rte/sc_speed.h ****  **/
 184:.\source\rte/sc_speed.h **** inline RTE_signalStatus_t RTE_SC_SPEED_getStatus( const SC_SPEED_t * const signal )
 185:.\source\rte/sc_speed.h **** {
 186:.\source\rte/sc_speed.h ****    return signal->status;
 187:.\source\rte/sc_speed.h **** }
 188:.\source\rte/sc_speed.h **** 
 189:.\source\rte/sc_speed.h **** 
 190:.\source\rte/sc_speed.h **** /**
 191:.\source\rte/sc_speed.h ****  *  Sets a new signal status of the passed signal instance by passing the new status.
 192:.\source\rte/sc_speed.h ****  *
 193:.\source\rte/sc_speed.h ****  * @param  SC_SPEED_t * const signal: Pointer to the signal object
 194:.\source\rte/sc_speed.h ****  * @param  const sig_status_t status: New signal status
 195:.\source\rte/sc_speed.h ****  * @return RC_t: standard return code, currently only RC_SUCCESS
 196:.\source\rte/sc_speed.h ****  *
 197:.\source\rte/sc_speed.h ****  */
 198:.\source\rte/sc_speed.h **** inline RC_t RTE_SC_SPEED_setStatus( SC_SPEED_t * const signal, const RTE_signalStatus_t status )
ARM GAS  C:\Users\zakis\AppData\Local\Temp\ccA9yEje.s 			page 6


 199:.\source\rte/sc_speed.h **** {
 200:.\source\rte/sc_speed.h ****    signal->status = status;
 201:.\source\rte/sc_speed.h ****    size_t taskNum=0;
 202:.\source\rte/sc_speed.h ****    
 203:.\source\rte/sc_speed.h ****    //Fire error events in case of invalid state
 204:.\source\rte/sc_speed.h ****    if (signal->status == RTE_SIGNALSTATUS_INVALID)
 205:.\source\rte/sc_speed.h ****    {
 206:.\source\rte/sc_speed.h **** 	    //Pointer to the Taskarray, containing the tasks receiving the onUpdate events
 207:.\source\rte/sc_speed.h **** 		TaskTypeArray* pTaskArray = signal->pSigCfg->onErrorTasks;
 208:.\source\rte/sc_speed.h **** 
 209:.\source\rte/sc_speed.h **** 		if (0 != signal->pSigCfg->evOnError && NULL != pTaskArray){
 210:.\source\rte/sc_speed.h **** 			for( taskNum=0 ; taskNum < signal->pSigCfg->onErrorTaskCount ;taskNum++){
 211:.\source\rte/sc_speed.h **** 				TaskType task = (*pTaskArray)[taskNum];
 212:.\source\rte/sc_speed.h **** 				SetEvent( task, signal->pSigCfg->evOnError);
 213:.\source\rte/sc_speed.h **** 			}
 214:.\source\rte/sc_speed.h **** 		}
 215:.\source\rte/sc_speed.h ****    }
 216:.\source\rte/sc_speed.h ****    
 217:.\source\rte/sc_speed.h ****    return RC_SUCCESS;
 218:.\source\rte/sc_speed.h **** }
 219:.\source\rte/sc_speed.h **** 
 220:.\source\rte/sc_speed.h **** 
 221:.\source\rte/sc_speed.h **** /**
 222:.\source\rte/sc_speed.h ****  * Returns the count of refreshing trials (refresh, set or set_raw) that failed.
 223:.\source\rte/sc_speed.h ****  * Prerquisite: The signal is refreshed cyclically
 224:.\source\rte/sc_speed.h ****  *
 225:.\source\rte/sc_speed.h ****  * @param  SC_SPEED_t * const signal: Pointer to the signal object
 226:.\source\rte/sc_speed.h ****  * @return uint32_t: Number of cycles since the signal has been updated for the last time
 227:.\source\rte/sc_speed.h ****  */
 228:.\source\rte/sc_speed.h **** inline uint32_t RTE_SC_SPEED_getAge( const SC_SPEED_t * const signal )
 229:.\source\rte/sc_speed.h **** {
 230:.\source\rte/sc_speed.h ****    return signal->age;
  41              		.loc 2 230 0
  42 0002 174B     		ldr	r3, .L5
  43 0004 5B68     		ldr	r3, [r3, #4]
  44              	.LVL2:
  45              	.LBE7:
  46              	.LBE6:
  47              	.LBB8:
  48              	.LBB9:
 231:.\source\rte/sc_speed.h **** }
 232:.\source\rte/sc_speed.h **** 
 233:.\source\rte/sc_speed.h **** /**
 234:.\source\rte/sc_speed.h ****  * Should be called by application or driver if no new value can be provided.
 235:.\source\rte/sc_speed.h ****  * @param  SC_SPEED_t * const signal: Pointer to the signal object
 236:.\source\rte/sc_speed.h ****  * @param uint32_t increment: incrementvalue, typically in [ms]
 237:.\source\rte/sc_speed.h ****  * @return void
 238:.\source\rte/sc_speed.h ****  */
 239:.\source\rte/sc_speed.h **** inline void RTE_SC_SPEED_incAge(  SC_SPEED_t * const signal , uint32_t increment)
 240:.\source\rte/sc_speed.h **** {
 241:.\source\rte/sc_speed.h **** 	   //Hack....
 242:.\source\rte/sc_speed.h **** 	   if ( 0xFFFF0000 > (signal->age + increment) )
  49              		.loc 2 242 0
  50 0006 0533     		adds	r3, r3, #5
  51 0008 13F1011F 		cmn	r3, #65537
  52 000c 01D8     		bhi	.L2
 243:.\source\rte/sc_speed.h **** 	   {
ARM GAS  C:\Users\zakis\AppData\Local\Temp\ccA9yEje.s 			page 7


 244:.\source\rte/sc_speed.h **** 	      signal->age += increment;
  53              		.loc 2 244 0
  54 000e 144A     		ldr	r2, .L5
  55 0010 5360     		str	r3, [r2, #4]
  56              	.L2:
  57              	.LVL3:
  58              	.LBE9:
  59              	.LBE8:
  48:source\asw/swc_system.c **** 	
  49:source\asw/swc_system.c **** 	/* USER CODE START SYSTEM_system_run */
  50:source\asw/swc_system.c ****     
  51:source\asw/swc_system.c ****     uint32_t speedAge = RTE_SC_SPEED_getAge(&SO_SPEED_signal);
  52:source\asw/swc_system.c ****     RTE_SC_SPEED_incAge(&SO_SPEED_signal, 5);
  53:source\asw/swc_system.c ****     WD_Alive(WATCHDOG_RUN_SYSTEM);
  60              		.loc 1 53 0
  61 0012 0520     		movs	r0, #5
  62              	.LVL4:
  63 0014 FFF7FEFF 		bl	WD_Alive
  64              	.LVL5:
  54:source\asw/swc_system.c ****     
  55:source\asw/swc_system.c ****     if (
  56:source\asw/swc_system.c ****             wdtBitfields.m_Bit_CalcControl == 1 &&
  65              		.loc 1 56 0
  66 0018 124B     		ldr	r3, .L5+4
  67 001a 5B78     		ldrb	r3, [r3, #1]	@ zero_extendqisi2
  55:source\asw/swc_system.c ****             wdtBitfields.m_Bit_CalcControl == 1 &&
  68              		.loc 1 55 0
  69 001c 012B     		cmp	r3, #1
  70 001e 1DD1     		bne	.L1
  57:source\asw/swc_system.c ****             wdtBitfields.m_Bit_Logging == 1 &&
  71              		.loc 1 57 0
  72 0020 104B     		ldr	r3, .L5+4
  73 0022 1B79     		ldrb	r3, [r3, #4]	@ zero_extendqisi2
  56:source\asw/swc_system.c ****             wdtBitfields.m_Bit_Logging == 1 &&
  74              		.loc 1 56 0
  75 0024 012B     		cmp	r3, #1
  76 0026 19D1     		bne	.L1
  58:source\asw/swc_system.c ****             wdtBitfields.m_Bit_SetBrakelight == 1 &&
  77              		.loc 1 58 0
  78 0028 0E4B     		ldr	r3, .L5+4
  79 002a DB78     		ldrb	r3, [r3, #3]	@ zero_extendqisi2
  57:source\asw/swc_system.c ****             wdtBitfields.m_Bit_Logging == 1 &&
  80              		.loc 1 57 0
  81 002c 012B     		cmp	r3, #1
  82 002e 15D1     		bne	.L1
  59:source\asw/swc_system.c ****             wdtBitfields.m_Bit_SetEngine == 1 &&
  83              		.loc 1 59 0
  84 0030 0C4B     		ldr	r3, .L5+4
  85 0032 9B78     		ldrb	r3, [r3, #2]	@ zero_extendqisi2
  58:source\asw/swc_system.c ****             wdtBitfields.m_Bit_SetBrakelight == 1 &&
  86              		.loc 1 58 0
  87 0034 012B     		cmp	r3, #1
  88 0036 11D1     		bne	.L1
  60:source\asw/swc_system.c ****             wdtBitfields.m_Bit_System == 1 &&
  89              		.loc 1 60 0
  90 0038 0A4B     		ldr	r3, .L5+4
  91 003a 5B79     		ldrb	r3, [r3, #5]	@ zero_extendqisi2
ARM GAS  C:\Users\zakis\AppData\Local\Temp\ccA9yEje.s 			page 8


  59:source\asw/swc_system.c ****             wdtBitfields.m_Bit_SetEngine == 1 &&
  92              		.loc 1 59 0
  93 003c 012B     		cmp	r3, #1
  94 003e 0DD1     		bne	.L1
  61:source\asw/swc_system.c ****             wdtBitfields.m_BitReadJoystick == 1
  95              		.loc 1 61 0
  96 0040 084B     		ldr	r3, .L5+4
  97 0042 1B78     		ldrb	r3, [r3]	@ zero_extendqisi2
  60:source\asw/swc_system.c ****             wdtBitfields.m_Bit_System == 1 &&
  98              		.loc 1 60 0
  99 0044 012B     		cmp	r3, #1
 100 0046 09D1     		bne	.L1
  62:source\asw/swc_system.c ****         ) {
  63:source\asw/swc_system.c ****         WD_Trigger();
 101              		.loc 1 63 0
 102 0048 FFF7FEFF 		bl	WD_Trigger
 103              	.LVL6:
  64:source\asw/swc_system.c ****         
  65:source\asw/swc_system.c ****         wdtBitfields.m_Bit_CalcControl = 0;
 104              		.loc 1 65 0
 105 004c 054B     		ldr	r3, .L5+4
 106 004e 0022     		movs	r2, #0
 107 0050 5A70     		strb	r2, [r3, #1]
  66:source\asw/swc_system.c ****         wdtBitfields.m_Bit_Logging = 0;
 108              		.loc 1 66 0
 109 0052 1A71     		strb	r2, [r3, #4]
  67:source\asw/swc_system.c ****         wdtBitfields.m_Bit_SetBrakelight = 0;
 110              		.loc 1 67 0
 111 0054 DA70     		strb	r2, [r3, #3]
  68:source\asw/swc_system.c ****         wdtBitfields.m_Bit_SetEngine = 0;
 112              		.loc 1 68 0
 113 0056 9A70     		strb	r2, [r3, #2]
  69:source\asw/swc_system.c ****         wdtBitfields.m_Bit_System = 0;
 114              		.loc 1 69 0
 115 0058 5A71     		strb	r2, [r3, #5]
  70:source\asw/swc_system.c ****         wdtBitfields.m_BitReadJoystick = 0;
 116              		.loc 1 70 0
 117 005a 1A70     		strb	r2, [r3]
 118              	.L1:
 119 005c 08BD     		pop	{r3, pc}
 120              	.L6:
 121 005e 00BF     		.align	2
 122              	.L5:
 123 0060 00000000 		.word	SO_SPEED_signal
 124 0064 00000000 		.word	wdtBitfields
 125              		.cfi_endproc
 126              	.LFE165:
 127              		.size	SYSTEM_system_run, .-SYSTEM_system_run
 128              		.text
 129              	.Letext0:
 130              		.file 3 "c:\\program files (x86)\\cypress\\psoc creator\\4.4\\psoc creator\\import\\gnu\\arm\\5.4.
 131              		.file 4 "c:\\program files (x86)\\cypress\\psoc creator\\4.4\\psoc creator\\import\\gnu\\arm\\5.4.
 132              		.file 5 "c:\\program files (x86)\\cypress\\psoc creator\\4.4\\psoc creator\\import\\gnu\\arm\\5.4.
 133              		.file 6 "Generated_Source\\PSoC5/ErikaOS_common_ee_types.inc"
 134              		.file 7 "Generated_Source\\PSoC5/ErikaOS_cortex_mx_ee_cpu.inc"
 135              		.file 8 "Generated_Source\\PSoC5/ErikaOS_ee_oo_common.inc"
 136              		.file 9 ".\\source\\bsw/global.h"
ARM GAS  C:\Users\zakis\AppData\Local\Temp\ccA9yEje.s 			page 9


 137              		.file 10 ".\\source\\rte/rte_types.h"
 138              		.file 11 ".\\source\\rte/rte.h"
 139              		.file 12 ".\\source\\rte/sc_speed_type.h"
 140              		.file 13 "source\\asw\\watchdog.h"
 141              		.file 14 "Generated_Source\\PSoC5/ErikaOS_ee_oo_intfunc.inc"
 142              		.file 15 "Generated_Source\\PSoC5/ErikaOS_cortex_mx_ee_context.inc"
 143              		.file 16 "Generated_Source\\PSoC5/ErikaOS_common_ee_primitives.inc"
 144              		.file 17 "Generated_Source\\PSoC5/core_cm3.h"
 145              		.file 18 ".\\source\\rte/sp_common.h"
 146              		.section	.debug_info,"",%progbits
 147              	.Ldebug_info0:
 148 0000 B0050000 		.4byte	0x5b0
 149 0004 0400     		.2byte	0x4
 150 0006 00000000 		.4byte	.Ldebug_abbrev0
 151 000a 04       		.byte	0x4
 152 000b 01       		.uleb128 0x1
 153 000c 00000000 		.4byte	.LASF110
 154 0010 0C       		.byte	0xc
 155 0011 9C050000 		.4byte	.LASF111
 156 0015 EB030000 		.4byte	.LASF112
 157 0019 00000000 		.4byte	.Ldebug_ranges0+0
 158 001d 00000000 		.4byte	0
 159 0021 00000000 		.4byte	.Ldebug_line0
 160 0025 02       		.uleb128 0x2
 161 0026 01       		.byte	0x1
 162 0027 06       		.byte	0x6
 163 0028 8E040000 		.4byte	.LASF0
 164 002c 03       		.uleb128 0x3
 165 002d 70070000 		.4byte	.LASF4
 166 0031 03       		.byte	0x3
 167 0032 1D       		.byte	0x1d
 168 0033 37000000 		.4byte	0x37
 169 0037 02       		.uleb128 0x2
 170 0038 01       		.byte	0x1
 171 0039 08       		.byte	0x8
 172 003a 58040000 		.4byte	.LASF1
 173 003e 02       		.uleb128 0x2
 174 003f 02       		.byte	0x2
 175 0040 05       		.byte	0x5
 176 0041 2D010000 		.4byte	.LASF2
 177 0045 02       		.uleb128 0x2
 178 0046 02       		.byte	0x2
 179 0047 07       		.byte	0x7
 180 0048 89050000 		.4byte	.LASF3
 181 004c 03       		.uleb128 0x3
 182 004d 5C060000 		.4byte	.LASF5
 183 0051 03       		.byte	0x3
 184 0052 3F       		.byte	0x3f
 185 0053 57000000 		.4byte	0x57
 186 0057 02       		.uleb128 0x2
 187 0058 04       		.byte	0x4
 188 0059 05       		.byte	0x5
 189 005a 28030000 		.4byte	.LASF6
 190 005e 03       		.uleb128 0x3
 191 005f 9E010000 		.4byte	.LASF7
 192 0063 03       		.byte	0x3
 193 0064 41       		.byte	0x41
ARM GAS  C:\Users\zakis\AppData\Local\Temp\ccA9yEje.s 			page 10


 194 0065 69000000 		.4byte	0x69
 195 0069 02       		.uleb128 0x2
 196 006a 04       		.byte	0x4
 197 006b 07       		.byte	0x7
 198 006c F8050000 		.4byte	.LASF8
 199 0070 02       		.uleb128 0x2
 200 0071 08       		.byte	0x8
 201 0072 05       		.byte	0x5
 202 0073 DD020000 		.4byte	.LASF9
 203 0077 02       		.uleb128 0x2
 204 0078 08       		.byte	0x8
 205 0079 07       		.byte	0x7
 206 007a 9A040000 		.4byte	.LASF10
 207 007e 04       		.uleb128 0x4
 208 007f 04       		.byte	0x4
 209 0080 05       		.byte	0x5
 210 0081 696E7400 		.ascii	"int\000"
 211 0085 02       		.uleb128 0x2
 212 0086 04       		.byte	0x4
 213 0087 07       		.byte	0x7
 214 0088 BA040000 		.4byte	.LASF11
 215 008c 03       		.uleb128 0x3
 216 008d 66060000 		.4byte	.LASF12
 217 0091 04       		.byte	0x4
 218 0092 18       		.byte	0x18
 219 0093 2C000000 		.4byte	0x2c
 220 0097 03       		.uleb128 0x3
 221 0098 81050000 		.4byte	.LASF13
 222 009c 04       		.byte	0x4
 223 009d 2C       		.byte	0x2c
 224 009e 4C000000 		.4byte	0x4c
 225 00a2 03       		.uleb128 0x3
 226 00a3 B1040000 		.4byte	.LASF14
 227 00a7 04       		.byte	0x4
 228 00a8 30       		.byte	0x30
 229 00a9 5E000000 		.4byte	0x5e
 230 00ad 02       		.uleb128 0x2
 231 00ae 04       		.byte	0x4
 232 00af 04       		.byte	0x4
 233 00b0 AE020000 		.4byte	.LASF15
 234 00b4 02       		.uleb128 0x2
 235 00b5 08       		.byte	0x8
 236 00b6 04       		.byte	0x4
 237 00b7 F0060000 		.4byte	.LASF16
 238 00bb 02       		.uleb128 0x2
 239 00bc 01       		.byte	0x1
 240 00bd 08       		.byte	0x8
 241 00be F2000000 		.4byte	.LASF17
 242 00c2 03       		.uleb128 0x3
 243 00c3 37010000 		.4byte	.LASF18
 244 00c7 05       		.byte	0x5
 245 00c8 D8       		.byte	0xd8
 246 00c9 85000000 		.4byte	0x85
 247 00cd 02       		.uleb128 0x2
 248 00ce 08       		.byte	0x8
 249 00cf 04       		.byte	0x4
 250 00d0 DF030000 		.4byte	.LASF19
ARM GAS  C:\Users\zakis\AppData\Local\Temp\ccA9yEje.s 			page 11


 251 00d4 03       		.uleb128 0x3
 252 00d5 F9040000 		.4byte	.LASF20
 253 00d9 06       		.byte	0x6
 254 00da 53       		.byte	0x53
 255 00db 7E000000 		.4byte	0x7e
 256 00df 03       		.uleb128 0x3
 257 00e0 B6010000 		.4byte	.LASF21
 258 00e4 06       		.byte	0x6
 259 00e5 54       		.byte	0x54
 260 00e6 85000000 		.4byte	0x85
 261 00ea 03       		.uleb128 0x3
 262 00eb EA000000 		.4byte	.LASF22
 263 00ef 07       		.byte	0x7
 264 00f0 4D       		.byte	0x4d
 265 00f1 DF000000 		.4byte	0xdf
 266 00f5 03       		.uleb128 0x3
 267 00f6 82010000 		.4byte	.LASF23
 268 00fa 07       		.byte	0x7
 269 00fb 4F       		.byte	0x4f
 270 00fc DF000000 		.4byte	0xdf
 271 0100 03       		.uleb128 0x3
 272 0101 D4010000 		.4byte	.LASF24
 273 0105 07       		.byte	0x7
 274 0106 78       		.byte	0x78
 275 0107 D4000000 		.4byte	0xd4
 276 010b 05       		.uleb128 0x5
 277 010c E1010000 		.4byte	.LASF25
 278 0110 08       		.byte	0x8
 279 0111 F701     		.2byte	0x1f7
 280 0113 00010000 		.4byte	0x100
 281 0117 05       		.uleb128 0x5
 282 0118 C8060000 		.4byte	.LASF26
 283 011c 08       		.byte	0x8
 284 011d 2102     		.2byte	0x221
 285 011f EA000000 		.4byte	0xea
 286 0123 05       		.uleb128 0x5
 287 0124 8E000000 		.4byte	.LASF27
 288 0128 08       		.byte	0x8
 289 0129 2C02     		.2byte	0x22c
 290 012b EA000000 		.4byte	0xea
 291 012f 02       		.uleb128 0x2
 292 0130 04       		.byte	0x4
 293 0131 07       		.byte	0x7
 294 0132 53010000 		.4byte	.LASF28
 295 0136 03       		.uleb128 0x3
 296 0137 A3030000 		.4byte	.LASF29
 297 013b 09       		.byte	0x9
 298 013c 9C       		.byte	0x9c
 299 013d 37000000 		.4byte	0x37
 300 0141 06       		.uleb128 0x6
 301 0142 01       		.byte	0x1
 302 0143 25000000 		.4byte	0x25
 303 0147 09       		.byte	0x9
 304 0148 CF       		.byte	0xcf
 305 0149 EA010000 		.4byte	0x1ea
 306 014d 07       		.uleb128 0x7
 307 014e C0000000 		.4byte	.LASF30
ARM GAS  C:\Users\zakis\AppData\Local\Temp\ccA9yEje.s 			page 12


 308 0152 00       		.byte	0
 309 0153 08       		.uleb128 0x8
 310 0154 31070000 		.4byte	.LASF31
 311 0158 7F       		.sleb128 -1
 312 0159 08       		.uleb128 0x8
 313 015a D5040000 		.4byte	.LASF32
 314 015e 7E       		.sleb128 -2
 315 015f 08       		.uleb128 0x8
 316 0160 74010000 		.4byte	.LASF33
 317 0164 7D       		.sleb128 -3
 318 0165 08       		.uleb128 0x8
 319 0166 3A070000 		.4byte	.LASF34
 320 016a 7C       		.sleb128 -4
 321 016b 08       		.uleb128 0x8
 322 016c 86020000 		.4byte	.LASF35
 323 0170 7B       		.sleb128 -5
 324 0171 08       		.uleb128 0x8
 325 0172 4B060000 		.4byte	.LASF36
 326 0176 7A       		.sleb128 -6
 327 0177 08       		.uleb128 0x8
 328 0178 31030000 		.4byte	.LASF37
 329 017c 79       		.sleb128 -7
 330 017d 08       		.uleb128 0x8
 331 017e 6C050000 		.4byte	.LASF38
 332 0182 78       		.sleb128 -8
 333 0183 08       		.uleb128 0x8
 334 0184 E3040000 		.4byte	.LASF39
 335 0188 77       		.sleb128 -9
 336 0189 08       		.uleb128 0x8
 337 018a 50030000 		.4byte	.LASF40
 338 018e 76       		.sleb128 -10
 339 018f 08       		.uleb128 0x8
 340 0190 97070000 		.4byte	.LASF41
 341 0194 75       		.sleb128 -11
 342 0195 08       		.uleb128 0x8
 343 0196 C7040000 		.4byte	.LASF42
 344 019a 74       		.sleb128 -12
 345 019b 08       		.uleb128 0x8
 346 019c 25060000 		.4byte	.LASF43
 347 01a0 73       		.sleb128 -13
 348 01a1 08       		.uleb128 0x8
 349 01a2 AD000000 		.4byte	.LASF44
 350 01a6 72       		.sleb128 -14
 351 01a7 08       		.uleb128 0x8
 352 01a8 02010000 		.4byte	.LASF45
 353 01ac 71       		.sleb128 -15
 354 01ad 08       		.uleb128 0x8
 355 01ae 80030000 		.4byte	.LASF46
 356 01b2 70       		.sleb128 -16
 357 01b3 08       		.uleb128 0x8
 358 01b4 8A010000 		.4byte	.LASF47
 359 01b8 6F       		.sleb128 -17
 360 01b9 08       		.uleb128 0x8
 361 01ba 3E010000 		.4byte	.LASF48
 362 01be 6E       		.sleb128 -18
 363 01bf 08       		.uleb128 0x8
 364 01c0 04030000 		.4byte	.LASF49
ARM GAS  C:\Users\zakis\AppData\Local\Temp\ccA9yEje.s 			page 13


 365 01c4 6D       		.sleb128 -19
 366 01c5 08       		.uleb128 0x8
 367 01c6 66040000 		.4byte	.LASF50
 368 01ca 6C       		.sleb128 -20
 369 01cb 08       		.uleb128 0x8
 370 01cc 91030000 		.4byte	.LASF51
 371 01d0 6B       		.sleb128 -21
 372 01d1 08       		.uleb128 0x8
 373 01d2 AB060000 		.4byte	.LASF52
 374 01d6 6A       		.sleb128 -22
 375 01d7 08       		.uleb128 0x8
 376 01d8 0C020000 		.4byte	.LASF53
 377 01dc 69       		.sleb128 -23
 378 01dd 08       		.uleb128 0x8
 379 01de 17030000 		.4byte	.LASF54
 380 01e2 68       		.sleb128 -24
 381 01e3 08       		.uleb128 0x8
 382 01e4 C4020000 		.4byte	.LASF55
 383 01e8 67       		.sleb128 -25
 384 01e9 00       		.byte	0
 385 01ea 03       		.uleb128 0x3
 386 01eb 5C010000 		.4byte	.LASF56
 387 01ef 09       		.byte	0x9
 388 01f0 EA       		.byte	0xea
 389 01f1 41010000 		.4byte	0x141
 390 01f5 03       		.uleb128 0x3
 391 01f6 62070000 		.4byte	.LASF57
 392 01fa 0A       		.byte	0xa
 393 01fb 19       		.byte	0x19
 394 01fc 00020000 		.4byte	0x200
 395 0200 09       		.uleb128 0x9
 396 0201 0B010000 		.4byte	0x10b
 397 0205 0B020000 		.4byte	0x20b
 398 0209 0A       		.uleb128 0xa
 399 020a 00       		.byte	0
 400 020b 03       		.uleb128 0x3
 401 020c 6E060000 		.4byte	.LASF58
 402 0210 0A       		.byte	0xa
 403 0211 21       		.byte	0x21
 404 0212 23010000 		.4byte	0x123
 405 0216 06       		.uleb128 0x6
 406 0217 01       		.byte	0x1
 407 0218 37000000 		.4byte	0x37
 408 021c 0B       		.byte	0xb
 409 021d 59       		.byte	0x59
 410 021e 3B020000 		.4byte	0x23b
 411 0222 07       		.uleb128 0x7
 412 0223 5E030000 		.4byte	.LASF59
 413 0227 00       		.byte	0
 414 0228 07       		.uleb128 0x7
 415 0229 7A070000 		.4byte	.LASF60
 416 022d 01       		.byte	0x1
 417 022e 07       		.uleb128 0x7
 418 022f F7060000 		.4byte	.LASF61
 419 0233 02       		.byte	0x2
 420 0234 07       		.uleb128 0x7
 421 0235 53050000 		.4byte	.LASF62
ARM GAS  C:\Users\zakis\AppData\Local\Temp\ccA9yEje.s 			page 14


 422 0239 03       		.byte	0x3
 423 023a 00       		.byte	0
 424 023b 03       		.uleb128 0x3
 425 023c 61010000 		.4byte	.LASF63
 426 0240 0B       		.byte	0xb
 427 0241 5E       		.byte	0x5e
 428 0242 16020000 		.4byte	0x216
 429 0246 0B       		.uleb128 0xb
 430 0247 01       		.byte	0x1
 431 0248 0C       		.byte	0xc
 432 0249 21       		.byte	0x21
 433 024a 5B020000 		.4byte	0x25b
 434 024e 0C       		.uleb128 0xc
 435 024f B4050000 		.4byte	.LASF67
 436 0253 0C       		.byte	0xc
 437 0254 23       		.byte	0x23
 438 0255 8C000000 		.4byte	0x8c
 439 0259 00       		.byte	0
 440 025a 00       		.byte	0
 441 025b 03       		.uleb128 0x3
 442 025c FC010000 		.4byte	.LASF64
 443 0260 0C       		.byte	0xc
 444 0261 26       		.byte	0x26
 445 0262 46020000 		.4byte	0x246
 446 0266 03       		.uleb128 0x3
 447 0267 8C060000 		.4byte	.LASF65
 448 026b 02       		.byte	0x2
 449 026c 26       		.byte	0x26
 450 026d 71020000 		.4byte	0x271
 451 0271 0D       		.uleb128 0xd
 452 0272 04       		.byte	0x4
 453 0273 77020000 		.4byte	0x277
 454 0277 0E       		.uleb128 0xe
 455 0278 EA010000 		.4byte	0x1ea
 456 027c 86020000 		.4byte	0x286
 457 0280 0F       		.uleb128 0xf
 458 0281 8C020000 		.4byte	0x28c
 459 0285 00       		.byte	0
 460 0286 0D       		.uleb128 0xd
 461 0287 04       		.byte	0x4
 462 0288 5B020000 		.4byte	0x25b
 463 028c 10       		.uleb128 0x10
 464 028d 86020000 		.4byte	0x286
 465 0291 03       		.uleb128 0x3
 466 0292 CB000000 		.4byte	.LASF66
 467 0296 02       		.byte	0x2
 468 0297 2C       		.byte	0x2c
 469 0298 9C020000 		.4byte	0x29c
 470 029c 0D       		.uleb128 0xd
 471 029d 04       		.byte	0x4
 472 029e A2020000 		.4byte	0x2a2
 473 02a2 0E       		.uleb128 0xe
 474 02a3 EA010000 		.4byte	0x1ea
 475 02a7 B1020000 		.4byte	0x2b1
 476 02ab 0F       		.uleb128 0xf
 477 02ac BC020000 		.4byte	0x2bc
 478 02b0 00       		.byte	0
ARM GAS  C:\Users\zakis\AppData\Local\Temp\ccA9yEje.s 			page 15


 479 02b1 0D       		.uleb128 0xd
 480 02b2 04       		.byte	0x4
 481 02b3 B7020000 		.4byte	0x2b7
 482 02b7 10       		.uleb128 0x10
 483 02b8 5B020000 		.4byte	0x25b
 484 02bc 10       		.uleb128 0x10
 485 02bd B1020000 		.4byte	0x2b1
 486 02c1 11       		.uleb128 0x11
 487 02c2 23020000 		.4byte	.LASF79
 488 02c6 28       		.byte	0x28
 489 02c7 02       		.byte	0x2
 490 02c8 36       		.byte	0x36
 491 02c9 46030000 		.4byte	0x346
 492 02cd 0C       		.uleb128 0xc
 493 02ce 0E070000 		.4byte	.LASF68
 494 02d2 02       		.byte	0x2
 495 02d3 3B       		.byte	0x3b
 496 02d4 46030000 		.4byte	0x346
 497 02d8 00       		.byte	0
 498 02d9 0C       		.uleb128 0xc
 499 02da C7030000 		.4byte	.LASF69
 500 02de 02       		.byte	0x2
 501 02df 40       		.byte	0x40
 502 02e0 4B030000 		.4byte	0x34b
 503 02e4 04       		.byte	0x4
 504 02e5 0C       		.uleb128 0xc
 505 02e6 1E050000 		.4byte	.LASF70
 506 02ea 02       		.byte	0x2
 507 02eb 45       		.byte	0x45
 508 02ec 50030000 		.4byte	0x350
 509 02f0 08       		.byte	0x8
 510 02f1 0C       		.uleb128 0xc
 511 02f2 E0000000 		.4byte	.LASF71
 512 02f6 02       		.byte	0x2
 513 02f7 4B       		.byte	0x4b
 514 02f8 50030000 		.4byte	0x350
 515 02fc 0C       		.byte	0xc
 516 02fd 0C       		.uleb128 0xc
 517 02fe D3050000 		.4byte	.LASF72
 518 0302 02       		.byte	0x2
 519 0303 50       		.byte	0x50
 520 0304 55030000 		.4byte	0x355
 521 0308 10       		.byte	0x10
 522 0309 0C       		.uleb128 0xc
 523 030a 0A060000 		.4byte	.LASF73
 524 030e 02       		.byte	0x2
 525 030f 55       		.byte	0x55
 526 0310 60030000 		.4byte	0x360
 527 0314 14       		.byte	0x14
 528 0315 0C       		.uleb128 0xc
 529 0316 9C000000 		.4byte	.LASF74
 530 031a 02       		.byte	0x2
 531 031b 5A       		.byte	0x5a
 532 031c 55030000 		.4byte	0x355
 533 0320 18       		.byte	0x18
 534 0321 0C       		.uleb128 0xc
 535 0322 43030000 		.4byte	.LASF75
ARM GAS  C:\Users\zakis\AppData\Local\Temp\ccA9yEje.s 			page 16


 536 0326 02       		.byte	0x2
 537 0327 5F       		.byte	0x5f
 538 0328 60030000 		.4byte	0x360
 539 032c 1C       		.byte	0x1c
 540 032d 0C       		.uleb128 0xc
 541 032e 3D050000 		.4byte	.LASF76
 542 0332 02       		.byte	0x2
 543 0333 65       		.byte	0x65
 544 0334 65030000 		.4byte	0x365
 545 0338 20       		.byte	0x20
 546 0339 0C       		.uleb128 0xc
 547 033a 41020000 		.4byte	.LASF77
 548 033e 02       		.byte	0x2
 549 033f 6A       		.byte	0x6a
 550 0340 6A030000 		.4byte	0x36a
 551 0344 24       		.byte	0x24
 552 0345 00       		.byte	0
 553 0346 10       		.uleb128 0x10
 554 0347 66020000 		.4byte	0x266
 555 034b 10       		.uleb128 0x10
 556 034c 91020000 		.4byte	0x291
 557 0350 10       		.uleb128 0x10
 558 0351 23010000 		.4byte	0x123
 559 0355 10       		.uleb128 0x10
 560 0356 C2000000 		.4byte	0xc2
 561 035a 0D       		.uleb128 0xd
 562 035b 04       		.byte	0x4
 563 035c F5010000 		.4byte	0x1f5
 564 0360 10       		.uleb128 0x10
 565 0361 5A030000 		.4byte	0x35a
 566 0365 10       		.uleb128 0x10
 567 0366 36010000 		.4byte	0x136
 568 036a 10       		.uleb128 0x10
 569 036b 17010000 		.4byte	0x117
 570 036f 03       		.uleb128 0x3
 571 0370 32020000 		.4byte	.LASF78
 572 0374 02       		.byte	0x2
 573 0375 6D       		.byte	0x6d
 574 0376 7A030000 		.4byte	0x37a
 575 037a 10       		.uleb128 0x10
 576 037b C1020000 		.4byte	0x2c1
 577 037f 11       		.uleb128 0x11
 578 0380 A0060000 		.4byte	.LASF80
 579 0384 0C       		.byte	0xc
 580 0385 02       		.byte	0x2
 581 0386 79       		.byte	0x79
 582 0387 BC030000 		.4byte	0x3bc
 583 038b 0C       		.uleb128 0xc
 584 038c DB010000 		.4byte	.LASF81
 585 0390 02       		.byte	0x2
 586 0391 7F       		.byte	0x7f
 587 0392 5B020000 		.4byte	0x25b
 588 0396 00       		.byte	0
 589 0397 0C       		.uleb128 0xc
 590 0398 29050000 		.4byte	.LASF82
 591 039c 02       		.byte	0x2
 592 039d 84       		.byte	0x84
ARM GAS  C:\Users\zakis\AppData\Local\Temp\ccA9yEje.s 			page 17


 593 039e 3B020000 		.4byte	0x23b
 594 03a2 01       		.byte	0x1
 595 03a3 12       		.uleb128 0x12
 596 03a4 61676500 		.ascii	"age\000"
 597 03a8 02       		.byte	0x2
 598 03a9 89       		.byte	0x89
 599 03aa A2000000 		.4byte	0xa2
 600 03ae 04       		.byte	0x4
 601 03af 0C       		.uleb128 0xc
 602 03b0 16050000 		.4byte	.LASF83
 603 03b4 02       		.byte	0x2
 604 03b5 8E       		.byte	0x8e
 605 03b6 C2030000 		.4byte	0x3c2
 606 03ba 08       		.byte	0x8
 607 03bb 00       		.byte	0
 608 03bc 0D       		.uleb128 0xd
 609 03bd 04       		.byte	0x4
 610 03be 6F030000 		.4byte	0x36f
 611 03c2 10       		.uleb128 0x10
 612 03c3 BC030000 		.4byte	0x3bc
 613 03c7 03       		.uleb128 0x3
 614 03c8 BD060000 		.4byte	.LASF84
 615 03cc 02       		.byte	0x2
 616 03cd 91       		.byte	0x91
 617 03ce 7F030000 		.4byte	0x37f
 618 03d2 06       		.uleb128 0x6
 619 03d3 01       		.byte	0x1
 620 03d4 37000000 		.4byte	0x37
 621 03d8 0D       		.byte	0xd
 622 03d9 2B       		.byte	0x2b
 623 03da 03040000 		.4byte	0x403
 624 03de 07       		.uleb128 0x7
 625 03df 17070000 		.4byte	.LASF85
 626 03e3 00       		.byte	0
 627 03e4 07       		.uleb128 0x7
 628 03e5 95020000 		.4byte	.LASF86
 629 03e9 01       		.byte	0x1
 630 03ea 07       		.uleb128 0x7
 631 03eb 16010000 		.4byte	.LASF87
 632 03ef 02       		.byte	0x2
 633 03f0 07       		.uleb128 0x7
 634 03f1 D5060000 		.4byte	.LASF88
 635 03f5 03       		.byte	0x3
 636 03f6 07       		.uleb128 0x7
 637 03f7 79040000 		.4byte	.LASF89
 638 03fb 04       		.byte	0x4
 639 03fc 07       		.uleb128 0x7
 640 03fd C0010000 		.4byte	.LASF90
 641 0401 05       		.byte	0x5
 642 0402 00       		.byte	0
 643 0403 0B       		.uleb128 0xb
 644 0404 06       		.byte	0x6
 645 0405 0D       		.byte	0xd
 646 0406 36       		.byte	0x36
 647 0407 54040000 		.4byte	0x454
 648 040b 0C       		.uleb128 0xc
 649 040c 46040000 		.4byte	.LASF91
ARM GAS  C:\Users\zakis\AppData\Local\Temp\ccA9yEje.s 			page 18


 650 0410 0D       		.byte	0xd
 651 0411 37       		.byte	0x37
 652 0412 8C000000 		.4byte	0x8c
 653 0416 00       		.byte	0
 654 0417 0C       		.uleb128 0xc
 655 0418 C1050000 		.4byte	.LASF92
 656 041c 0D       		.byte	0xd
 657 041d 38       		.byte	0x38
 658 041e 8C000000 		.4byte	0x8c
 659 0422 01       		.byte	0x1
 660 0423 0C       		.uleb128 0xc
 661 0424 B7030000 		.4byte	.LASF93
 662 0428 0D       		.byte	0xd
 663 0429 39       		.byte	0x39
 664 042a 8C000000 		.4byte	0x8c
 665 042e 02       		.byte	0x2
 666 042f 0C       		.uleb128 0xc
 667 0430 37060000 		.4byte	.LASF94
 668 0434 0D       		.byte	0xd
 669 0435 3A       		.byte	0x3a
 670 0436 8C000000 		.4byte	0x8c
 671 043a 03       		.byte	0x3
 672 043b 0C       		.uleb128 0xc
 673 043c D1030000 		.4byte	.LASF95
 674 0440 0D       		.byte	0xd
 675 0441 3B       		.byte	0x3b
 676 0442 8C000000 		.4byte	0x8c
 677 0446 04       		.byte	0x4
 678 0447 0C       		.uleb128 0xc
 679 0448 A9010000 		.4byte	.LASF96
 680 044c 0D       		.byte	0xd
 681 044d 3C       		.byte	0x3c
 682 044e 8C000000 		.4byte	0x8c
 683 0452 05       		.byte	0x5
 684 0453 00       		.byte	0
 685 0454 03       		.uleb128 0x3
 686 0455 5F020000 		.4byte	.LASF97
 687 0459 0D       		.byte	0xd
 688 045a 3D       		.byte	0x3d
 689 045b 03040000 		.4byte	0x403
 690 045f 13       		.uleb128 0x13
 691 0460 02050000 		.4byte	.LASF113
 692 0464 02       		.byte	0x2
 693 0465 EF       		.byte	0xef
 694 0466 03       		.byte	0x3
 695 0467 82040000 		.4byte	0x482
 696 046b 14       		.uleb128 0x14
 697 046c 4C050000 		.4byte	.LASF98
 698 0470 02       		.byte	0x2
 699 0471 EF       		.byte	0xef
 700 0472 88040000 		.4byte	0x488
 701 0476 14       		.uleb128 0x14
 702 0477 AD030000 		.4byte	.LASF99
 703 047b 02       		.byte	0x2
 704 047c EF       		.byte	0xef
 705 047d A2000000 		.4byte	0xa2
 706 0481 00       		.byte	0
ARM GAS  C:\Users\zakis\AppData\Local\Temp\ccA9yEje.s 			page 19


 707 0482 0D       		.uleb128 0xd
 708 0483 04       		.byte	0x4
 709 0484 C7030000 		.4byte	0x3c7
 710 0488 10       		.uleb128 0x10
 711 0489 82040000 		.4byte	0x482
 712 048d 15       		.uleb128 0x15
 713 048e 78060000 		.4byte	.LASF114
 714 0492 02       		.byte	0x2
 715 0493 E4       		.byte	0xe4
 716 0494 A2000000 		.4byte	0xa2
 717 0498 03       		.byte	0x3
 718 0499 A9040000 		.4byte	0x4a9
 719 049d 14       		.uleb128 0x14
 720 049e 4C050000 		.4byte	.LASF98
 721 04a2 02       		.byte	0x2
 722 04a3 E4       		.byte	0xe4
 723 04a4 B4040000 		.4byte	0x4b4
 724 04a8 00       		.byte	0
 725 04a9 0D       		.uleb128 0xd
 726 04aa 04       		.byte	0x4
 727 04ab AF040000 		.4byte	0x4af
 728 04af 10       		.uleb128 0x10
 729 04b0 C7030000 		.4byte	0x3c7
 730 04b4 10       		.uleb128 0x10
 731 04b5 A9040000 		.4byte	0x4a9
 732 04b9 16       		.uleb128 0x16
 733 04ba EA010000 		.4byte	.LASF115
 734 04be 01       		.byte	0x1
 735 04bf 2F       		.byte	0x2f
 736 04c0 00000000 		.4byte	.LFB165
 737 04c4 68000000 		.4byte	.LFE165-.LFB165
 738 04c8 01       		.uleb128 0x1
 739 04c9 9C       		.byte	0x9c
 740 04ca 3F050000 		.4byte	0x53f
 741 04ce 17       		.uleb128 0x17
 742 04cf 657600   		.ascii	"ev\000"
 743 04d2 01       		.byte	0x1
 744 04d3 2F       		.byte	0x2f
 745 04d4 0B020000 		.4byte	0x20b
 746 04d8 00000000 		.4byte	.LLST0
 747 04dc 18       		.uleb128 0x18
 748 04dd 3D040000 		.4byte	.LASF116
 749 04e1 01       		.byte	0x1
 750 04e2 33       		.byte	0x33
 751 04e3 A2000000 		.4byte	0xa2
 752 04e7 19       		.uleb128 0x19
 753 04e8 8D040000 		.4byte	0x48d
 754 04ec 02000000 		.4byte	.LBB6
 755 04f0 04000000 		.4byte	.LBE6-.LBB6
 756 04f4 01       		.byte	0x1
 757 04f5 33       		.byte	0x33
 758 04f6 00050000 		.4byte	0x500
 759 04fa 1A       		.uleb128 0x1a
 760 04fb 9D040000 		.4byte	0x49d
 761 04ff 00       		.byte	0
 762 0500 19       		.uleb128 0x19
 763 0501 5F040000 		.4byte	0x45f
ARM GAS  C:\Users\zakis\AppData\Local\Temp\ccA9yEje.s 			page 20


 764 0505 06000000 		.4byte	.LBB8
 765 0509 0C000000 		.4byte	.LBE8-.LBB8
 766 050d 01       		.byte	0x1
 767 050e 34       		.byte	0x34
 768 050f 22050000 		.4byte	0x522
 769 0513 1B       		.uleb128 0x1b
 770 0514 76040000 		.4byte	0x476
 771 0518 21000000 		.4byte	.LLST1
 772 051c 1A       		.uleb128 0x1a
 773 051d 6B040000 		.4byte	0x46b
 774 0521 00       		.byte	0
 775 0522 1C       		.uleb128 0x1c
 776 0523 18000000 		.4byte	.LVL5
 777 0527 9D050000 		.4byte	0x59d
 778 052b 35050000 		.4byte	0x535
 779 052f 1D       		.uleb128 0x1d
 780 0530 01       		.uleb128 0x1
 781 0531 50       		.byte	0x50
 782 0532 01       		.uleb128 0x1
 783 0533 35       		.byte	0x35
 784 0534 00       		.byte	0
 785 0535 1E       		.uleb128 0x1e
 786 0536 4C000000 		.4byte	.LVL6
 787 053a A8050000 		.4byte	0x5a8
 788 053e 00       		.byte	0
 789 053f 1F       		.uleb128 0x1f
 790 0540 4A070000 		.4byte	.LASF100
 791 0544 0E       		.byte	0xe
 792 0545 40       		.byte	0x40
 793 0546 EA000000 		.4byte	0xea
 794 054a 1F       		.uleb128 0x1f
 795 054b EB020000 		.4byte	.LASF101
 796 054f 0E       		.byte	0xe
 797 0550 47       		.byte	0x47
 798 0551 F5000000 		.4byte	0xf5
 799 0555 1F       		.uleb128 0x1f
 800 0556 E5050000 		.4byte	.LASF102
 801 055a 0E       		.byte	0xe
 802 055b 4A       		.byte	0x4a
 803 055c EA000000 		.4byte	0xea
 804 0560 1F       		.uleb128 0x1f
 805 0561 6D020000 		.4byte	.LASF103
 806 0565 0F       		.byte	0xf
 807 0566 48       		.byte	0x48
 808 0567 00010000 		.4byte	0x100
 809 056b 1F       		.uleb128 0x1f
 810 056c 4A020000 		.4byte	.LASF104
 811 0570 10       		.byte	0x10
 812 0571 44       		.byte	0x44
 813 0572 EA000000 		.4byte	0xea
 814 0576 20       		.uleb128 0x20
 815 0577 18060000 		.4byte	.LASF105
 816 057b 11       		.byte	0x11
 817 057c 1207     		.2byte	0x712
 818 057e 82050000 		.4byte	0x582
 819 0582 21       		.uleb128 0x21
 820 0583 97000000 		.4byte	0x97
ARM GAS  C:\Users\zakis\AppData\Local\Temp\ccA9yEje.s 			page 21


 821 0587 1F       		.uleb128 0x1f
 822 0588 30050000 		.4byte	.LASF106
 823 058c 0D       		.byte	0xd
 824 058d 46       		.byte	0x46
 825 058e 54040000 		.4byte	0x454
 826 0592 1F       		.uleb128 0x1f
 827 0593 B4020000 		.4byte	.LASF107
 828 0597 12       		.byte	0x12
 829 0598 3A       		.byte	0x3a
 830 0599 C7030000 		.4byte	0x3c7
 831 059d 22       		.uleb128 0x22
 832 059e 77030000 		.4byte	.LASF108
 833 05a2 77030000 		.4byte	.LASF108
 834 05a6 0D       		.byte	0xd
 835 05a7 5D       		.byte	0x5d
 836 05a8 22       		.uleb128 0x22
 837 05a9 F7000000 		.4byte	.LASF109
 838 05ad F7000000 		.4byte	.LASF109
 839 05b1 0D       		.byte	0xd
 840 05b2 5B       		.byte	0x5b
 841 05b3 00       		.byte	0
 842              		.section	.debug_abbrev,"",%progbits
 843              	.Ldebug_abbrev0:
 844 0000 01       		.uleb128 0x1
 845 0001 11       		.uleb128 0x11
 846 0002 01       		.byte	0x1
 847 0003 25       		.uleb128 0x25
 848 0004 0E       		.uleb128 0xe
 849 0005 13       		.uleb128 0x13
 850 0006 0B       		.uleb128 0xb
 851 0007 03       		.uleb128 0x3
 852 0008 0E       		.uleb128 0xe
 853 0009 1B       		.uleb128 0x1b
 854 000a 0E       		.uleb128 0xe
 855 000b 55       		.uleb128 0x55
 856 000c 17       		.uleb128 0x17
 857 000d 11       		.uleb128 0x11
 858 000e 01       		.uleb128 0x1
 859 000f 10       		.uleb128 0x10
 860 0010 17       		.uleb128 0x17
 861 0011 00       		.byte	0
 862 0012 00       		.byte	0
 863 0013 02       		.uleb128 0x2
 864 0014 24       		.uleb128 0x24
 865 0015 00       		.byte	0
 866 0016 0B       		.uleb128 0xb
 867 0017 0B       		.uleb128 0xb
 868 0018 3E       		.uleb128 0x3e
 869 0019 0B       		.uleb128 0xb
 870 001a 03       		.uleb128 0x3
 871 001b 0E       		.uleb128 0xe
 872 001c 00       		.byte	0
 873 001d 00       		.byte	0
 874 001e 03       		.uleb128 0x3
 875 001f 16       		.uleb128 0x16
 876 0020 00       		.byte	0
 877 0021 03       		.uleb128 0x3
ARM GAS  C:\Users\zakis\AppData\Local\Temp\ccA9yEje.s 			page 22


 878 0022 0E       		.uleb128 0xe
 879 0023 3A       		.uleb128 0x3a
 880 0024 0B       		.uleb128 0xb
 881 0025 3B       		.uleb128 0x3b
 882 0026 0B       		.uleb128 0xb
 883 0027 49       		.uleb128 0x49
 884 0028 13       		.uleb128 0x13
 885 0029 00       		.byte	0
 886 002a 00       		.byte	0
 887 002b 04       		.uleb128 0x4
 888 002c 24       		.uleb128 0x24
 889 002d 00       		.byte	0
 890 002e 0B       		.uleb128 0xb
 891 002f 0B       		.uleb128 0xb
 892 0030 3E       		.uleb128 0x3e
 893 0031 0B       		.uleb128 0xb
 894 0032 03       		.uleb128 0x3
 895 0033 08       		.uleb128 0x8
 896 0034 00       		.byte	0
 897 0035 00       		.byte	0
 898 0036 05       		.uleb128 0x5
 899 0037 16       		.uleb128 0x16
 900 0038 00       		.byte	0
 901 0039 03       		.uleb128 0x3
 902 003a 0E       		.uleb128 0xe
 903 003b 3A       		.uleb128 0x3a
 904 003c 0B       		.uleb128 0xb
 905 003d 3B       		.uleb128 0x3b
 906 003e 05       		.uleb128 0x5
 907 003f 49       		.uleb128 0x49
 908 0040 13       		.uleb128 0x13
 909 0041 00       		.byte	0
 910 0042 00       		.byte	0
 911 0043 06       		.uleb128 0x6
 912 0044 04       		.uleb128 0x4
 913 0045 01       		.byte	0x1
 914 0046 0B       		.uleb128 0xb
 915 0047 0B       		.uleb128 0xb
 916 0048 49       		.uleb128 0x49
 917 0049 13       		.uleb128 0x13
 918 004a 3A       		.uleb128 0x3a
 919 004b 0B       		.uleb128 0xb
 920 004c 3B       		.uleb128 0x3b
 921 004d 0B       		.uleb128 0xb
 922 004e 01       		.uleb128 0x1
 923 004f 13       		.uleb128 0x13
 924 0050 00       		.byte	0
 925 0051 00       		.byte	0
 926 0052 07       		.uleb128 0x7
 927 0053 28       		.uleb128 0x28
 928 0054 00       		.byte	0
 929 0055 03       		.uleb128 0x3
 930 0056 0E       		.uleb128 0xe
 931 0057 1C       		.uleb128 0x1c
 932 0058 0B       		.uleb128 0xb
 933 0059 00       		.byte	0
 934 005a 00       		.byte	0
ARM GAS  C:\Users\zakis\AppData\Local\Temp\ccA9yEje.s 			page 23


 935 005b 08       		.uleb128 0x8
 936 005c 28       		.uleb128 0x28
 937 005d 00       		.byte	0
 938 005e 03       		.uleb128 0x3
 939 005f 0E       		.uleb128 0xe
 940 0060 1C       		.uleb128 0x1c
 941 0061 0D       		.uleb128 0xd
 942 0062 00       		.byte	0
 943 0063 00       		.byte	0
 944 0064 09       		.uleb128 0x9
 945 0065 01       		.uleb128 0x1
 946 0066 01       		.byte	0x1
 947 0067 49       		.uleb128 0x49
 948 0068 13       		.uleb128 0x13
 949 0069 01       		.uleb128 0x1
 950 006a 13       		.uleb128 0x13
 951 006b 00       		.byte	0
 952 006c 00       		.byte	0
 953 006d 0A       		.uleb128 0xa
 954 006e 21       		.uleb128 0x21
 955 006f 00       		.byte	0
 956 0070 00       		.byte	0
 957 0071 00       		.byte	0
 958 0072 0B       		.uleb128 0xb
 959 0073 13       		.uleb128 0x13
 960 0074 01       		.byte	0x1
 961 0075 0B       		.uleb128 0xb
 962 0076 0B       		.uleb128 0xb
 963 0077 3A       		.uleb128 0x3a
 964 0078 0B       		.uleb128 0xb
 965 0079 3B       		.uleb128 0x3b
 966 007a 0B       		.uleb128 0xb
 967 007b 01       		.uleb128 0x1
 968 007c 13       		.uleb128 0x13
 969 007d 00       		.byte	0
 970 007e 00       		.byte	0
 971 007f 0C       		.uleb128 0xc
 972 0080 0D       		.uleb128 0xd
 973 0081 00       		.byte	0
 974 0082 03       		.uleb128 0x3
 975 0083 0E       		.uleb128 0xe
 976 0084 3A       		.uleb128 0x3a
 977 0085 0B       		.uleb128 0xb
 978 0086 3B       		.uleb128 0x3b
 979 0087 0B       		.uleb128 0xb
 980 0088 49       		.uleb128 0x49
 981 0089 13       		.uleb128 0x13
 982 008a 38       		.uleb128 0x38
 983 008b 0B       		.uleb128 0xb
 984 008c 00       		.byte	0
 985 008d 00       		.byte	0
 986 008e 0D       		.uleb128 0xd
 987 008f 0F       		.uleb128 0xf
 988 0090 00       		.byte	0
 989 0091 0B       		.uleb128 0xb
 990 0092 0B       		.uleb128 0xb
 991 0093 49       		.uleb128 0x49
ARM GAS  C:\Users\zakis\AppData\Local\Temp\ccA9yEje.s 			page 24


 992 0094 13       		.uleb128 0x13
 993 0095 00       		.byte	0
 994 0096 00       		.byte	0
 995 0097 0E       		.uleb128 0xe
 996 0098 15       		.uleb128 0x15
 997 0099 01       		.byte	0x1
 998 009a 27       		.uleb128 0x27
 999 009b 19       		.uleb128 0x19
 1000 009c 49       		.uleb128 0x49
 1001 009d 13       		.uleb128 0x13
 1002 009e 01       		.uleb128 0x1
 1003 009f 13       		.uleb128 0x13
 1004 00a0 00       		.byte	0
 1005 00a1 00       		.byte	0
 1006 00a2 0F       		.uleb128 0xf
 1007 00a3 05       		.uleb128 0x5
 1008 00a4 00       		.byte	0
 1009 00a5 49       		.uleb128 0x49
 1010 00a6 13       		.uleb128 0x13
 1011 00a7 00       		.byte	0
 1012 00a8 00       		.byte	0
 1013 00a9 10       		.uleb128 0x10
 1014 00aa 26       		.uleb128 0x26
 1015 00ab 00       		.byte	0
 1016 00ac 49       		.uleb128 0x49
 1017 00ad 13       		.uleb128 0x13
 1018 00ae 00       		.byte	0
 1019 00af 00       		.byte	0
 1020 00b0 11       		.uleb128 0x11
 1021 00b1 13       		.uleb128 0x13
 1022 00b2 01       		.byte	0x1
 1023 00b3 03       		.uleb128 0x3
 1024 00b4 0E       		.uleb128 0xe
 1025 00b5 0B       		.uleb128 0xb
 1026 00b6 0B       		.uleb128 0xb
 1027 00b7 3A       		.uleb128 0x3a
 1028 00b8 0B       		.uleb128 0xb
 1029 00b9 3B       		.uleb128 0x3b
 1030 00ba 0B       		.uleb128 0xb
 1031 00bb 01       		.uleb128 0x1
 1032 00bc 13       		.uleb128 0x13
 1033 00bd 00       		.byte	0
 1034 00be 00       		.byte	0
 1035 00bf 12       		.uleb128 0x12
 1036 00c0 0D       		.uleb128 0xd
 1037 00c1 00       		.byte	0
 1038 00c2 03       		.uleb128 0x3
 1039 00c3 08       		.uleb128 0x8
 1040 00c4 3A       		.uleb128 0x3a
 1041 00c5 0B       		.uleb128 0xb
 1042 00c6 3B       		.uleb128 0x3b
 1043 00c7 0B       		.uleb128 0xb
 1044 00c8 49       		.uleb128 0x49
 1045 00c9 13       		.uleb128 0x13
 1046 00ca 38       		.uleb128 0x38
 1047 00cb 0B       		.uleb128 0xb
 1048 00cc 00       		.byte	0
ARM GAS  C:\Users\zakis\AppData\Local\Temp\ccA9yEje.s 			page 25


 1049 00cd 00       		.byte	0
 1050 00ce 13       		.uleb128 0x13
 1051 00cf 2E       		.uleb128 0x2e
 1052 00d0 01       		.byte	0x1
 1053 00d1 3F       		.uleb128 0x3f
 1054 00d2 19       		.uleb128 0x19
 1055 00d3 03       		.uleb128 0x3
 1056 00d4 0E       		.uleb128 0xe
 1057 00d5 3A       		.uleb128 0x3a
 1058 00d6 0B       		.uleb128 0xb
 1059 00d7 3B       		.uleb128 0x3b
 1060 00d8 0B       		.uleb128 0xb
 1061 00d9 27       		.uleb128 0x27
 1062 00da 19       		.uleb128 0x19
 1063 00db 20       		.uleb128 0x20
 1064 00dc 0B       		.uleb128 0xb
 1065 00dd 01       		.uleb128 0x1
 1066 00de 13       		.uleb128 0x13
 1067 00df 00       		.byte	0
 1068 00e0 00       		.byte	0
 1069 00e1 14       		.uleb128 0x14
 1070 00e2 05       		.uleb128 0x5
 1071 00e3 00       		.byte	0
 1072 00e4 03       		.uleb128 0x3
 1073 00e5 0E       		.uleb128 0xe
 1074 00e6 3A       		.uleb128 0x3a
 1075 00e7 0B       		.uleb128 0xb
 1076 00e8 3B       		.uleb128 0x3b
 1077 00e9 0B       		.uleb128 0xb
 1078 00ea 49       		.uleb128 0x49
 1079 00eb 13       		.uleb128 0x13
 1080 00ec 00       		.byte	0
 1081 00ed 00       		.byte	0
 1082 00ee 15       		.uleb128 0x15
 1083 00ef 2E       		.uleb128 0x2e
 1084 00f0 01       		.byte	0x1
 1085 00f1 3F       		.uleb128 0x3f
 1086 00f2 19       		.uleb128 0x19
 1087 00f3 03       		.uleb128 0x3
 1088 00f4 0E       		.uleb128 0xe
 1089 00f5 3A       		.uleb128 0x3a
 1090 00f6 0B       		.uleb128 0xb
 1091 00f7 3B       		.uleb128 0x3b
 1092 00f8 0B       		.uleb128 0xb
 1093 00f9 27       		.uleb128 0x27
 1094 00fa 19       		.uleb128 0x19
 1095 00fb 49       		.uleb128 0x49
 1096 00fc 13       		.uleb128 0x13
 1097 00fd 20       		.uleb128 0x20
 1098 00fe 0B       		.uleb128 0xb
 1099 00ff 01       		.uleb128 0x1
 1100 0100 13       		.uleb128 0x13
 1101 0101 00       		.byte	0
 1102 0102 00       		.byte	0
 1103 0103 16       		.uleb128 0x16
 1104 0104 2E       		.uleb128 0x2e
 1105 0105 01       		.byte	0x1
ARM GAS  C:\Users\zakis\AppData\Local\Temp\ccA9yEje.s 			page 26


 1106 0106 3F       		.uleb128 0x3f
 1107 0107 19       		.uleb128 0x19
 1108 0108 03       		.uleb128 0x3
 1109 0109 0E       		.uleb128 0xe
 1110 010a 3A       		.uleb128 0x3a
 1111 010b 0B       		.uleb128 0xb
 1112 010c 3B       		.uleb128 0x3b
 1113 010d 0B       		.uleb128 0xb
 1114 010e 27       		.uleb128 0x27
 1115 010f 19       		.uleb128 0x19
 1116 0110 11       		.uleb128 0x11
 1117 0111 01       		.uleb128 0x1
 1118 0112 12       		.uleb128 0x12
 1119 0113 06       		.uleb128 0x6
 1120 0114 40       		.uleb128 0x40
 1121 0115 18       		.uleb128 0x18
 1122 0116 9742     		.uleb128 0x2117
 1123 0118 19       		.uleb128 0x19
 1124 0119 01       		.uleb128 0x1
 1125 011a 13       		.uleb128 0x13
 1126 011b 00       		.byte	0
 1127 011c 00       		.byte	0
 1128 011d 17       		.uleb128 0x17
 1129 011e 05       		.uleb128 0x5
 1130 011f 00       		.byte	0
 1131 0120 03       		.uleb128 0x3
 1132 0121 08       		.uleb128 0x8
 1133 0122 3A       		.uleb128 0x3a
 1134 0123 0B       		.uleb128 0xb
 1135 0124 3B       		.uleb128 0x3b
 1136 0125 0B       		.uleb128 0xb
 1137 0126 49       		.uleb128 0x49
 1138 0127 13       		.uleb128 0x13
 1139 0128 02       		.uleb128 0x2
 1140 0129 17       		.uleb128 0x17
 1141 012a 00       		.byte	0
 1142 012b 00       		.byte	0
 1143 012c 18       		.uleb128 0x18
 1144 012d 34       		.uleb128 0x34
 1145 012e 00       		.byte	0
 1146 012f 03       		.uleb128 0x3
 1147 0130 0E       		.uleb128 0xe
 1148 0131 3A       		.uleb128 0x3a
 1149 0132 0B       		.uleb128 0xb
 1150 0133 3B       		.uleb128 0x3b
 1151 0134 0B       		.uleb128 0xb
 1152 0135 49       		.uleb128 0x49
 1153 0136 13       		.uleb128 0x13
 1154 0137 00       		.byte	0
 1155 0138 00       		.byte	0
 1156 0139 19       		.uleb128 0x19
 1157 013a 1D       		.uleb128 0x1d
 1158 013b 01       		.byte	0x1
 1159 013c 31       		.uleb128 0x31
 1160 013d 13       		.uleb128 0x13
 1161 013e 11       		.uleb128 0x11
 1162 013f 01       		.uleb128 0x1
ARM GAS  C:\Users\zakis\AppData\Local\Temp\ccA9yEje.s 			page 27


 1163 0140 12       		.uleb128 0x12
 1164 0141 06       		.uleb128 0x6
 1165 0142 58       		.uleb128 0x58
 1166 0143 0B       		.uleb128 0xb
 1167 0144 59       		.uleb128 0x59
 1168 0145 0B       		.uleb128 0xb
 1169 0146 01       		.uleb128 0x1
 1170 0147 13       		.uleb128 0x13
 1171 0148 00       		.byte	0
 1172 0149 00       		.byte	0
 1173 014a 1A       		.uleb128 0x1a
 1174 014b 05       		.uleb128 0x5
 1175 014c 00       		.byte	0
 1176 014d 31       		.uleb128 0x31
 1177 014e 13       		.uleb128 0x13
 1178 014f 00       		.byte	0
 1179 0150 00       		.byte	0
 1180 0151 1B       		.uleb128 0x1b
 1181 0152 05       		.uleb128 0x5
 1182 0153 00       		.byte	0
 1183 0154 31       		.uleb128 0x31
 1184 0155 13       		.uleb128 0x13
 1185 0156 02       		.uleb128 0x2
 1186 0157 17       		.uleb128 0x17
 1187 0158 00       		.byte	0
 1188 0159 00       		.byte	0
 1189 015a 1C       		.uleb128 0x1c
 1190 015b 898201   		.uleb128 0x4109
 1191 015e 01       		.byte	0x1
 1192 015f 11       		.uleb128 0x11
 1193 0160 01       		.uleb128 0x1
 1194 0161 31       		.uleb128 0x31
 1195 0162 13       		.uleb128 0x13
 1196 0163 01       		.uleb128 0x1
 1197 0164 13       		.uleb128 0x13
 1198 0165 00       		.byte	0
 1199 0166 00       		.byte	0
 1200 0167 1D       		.uleb128 0x1d
 1201 0168 8A8201   		.uleb128 0x410a
 1202 016b 00       		.byte	0
 1203 016c 02       		.uleb128 0x2
 1204 016d 18       		.uleb128 0x18
 1205 016e 9142     		.uleb128 0x2111
 1206 0170 18       		.uleb128 0x18
 1207 0171 00       		.byte	0
 1208 0172 00       		.byte	0
 1209 0173 1E       		.uleb128 0x1e
 1210 0174 898201   		.uleb128 0x4109
 1211 0177 00       		.byte	0
 1212 0178 11       		.uleb128 0x11
 1213 0179 01       		.uleb128 0x1
 1214 017a 31       		.uleb128 0x31
 1215 017b 13       		.uleb128 0x13
 1216 017c 00       		.byte	0
 1217 017d 00       		.byte	0
 1218 017e 1F       		.uleb128 0x1f
 1219 017f 34       		.uleb128 0x34
ARM GAS  C:\Users\zakis\AppData\Local\Temp\ccA9yEje.s 			page 28


 1220 0180 00       		.byte	0
 1221 0181 03       		.uleb128 0x3
 1222 0182 0E       		.uleb128 0xe
 1223 0183 3A       		.uleb128 0x3a
 1224 0184 0B       		.uleb128 0xb
 1225 0185 3B       		.uleb128 0x3b
 1226 0186 0B       		.uleb128 0xb
 1227 0187 49       		.uleb128 0x49
 1228 0188 13       		.uleb128 0x13
 1229 0189 3F       		.uleb128 0x3f
 1230 018a 19       		.uleb128 0x19
 1231 018b 3C       		.uleb128 0x3c
 1232 018c 19       		.uleb128 0x19
 1233 018d 00       		.byte	0
 1234 018e 00       		.byte	0
 1235 018f 20       		.uleb128 0x20
 1236 0190 34       		.uleb128 0x34
 1237 0191 00       		.byte	0
 1238 0192 03       		.uleb128 0x3
 1239 0193 0E       		.uleb128 0xe
 1240 0194 3A       		.uleb128 0x3a
 1241 0195 0B       		.uleb128 0xb
 1242 0196 3B       		.uleb128 0x3b
 1243 0197 05       		.uleb128 0x5
 1244 0198 49       		.uleb128 0x49
 1245 0199 13       		.uleb128 0x13
 1246 019a 3F       		.uleb128 0x3f
 1247 019b 19       		.uleb128 0x19
 1248 019c 3C       		.uleb128 0x3c
 1249 019d 19       		.uleb128 0x19
 1250 019e 00       		.byte	0
 1251 019f 00       		.byte	0
 1252 01a0 21       		.uleb128 0x21
 1253 01a1 35       		.uleb128 0x35
 1254 01a2 00       		.byte	0
 1255 01a3 49       		.uleb128 0x49
 1256 01a4 13       		.uleb128 0x13
 1257 01a5 00       		.byte	0
 1258 01a6 00       		.byte	0
 1259 01a7 22       		.uleb128 0x22
 1260 01a8 2E       		.uleb128 0x2e
 1261 01a9 00       		.byte	0
 1262 01aa 3F       		.uleb128 0x3f
 1263 01ab 19       		.uleb128 0x19
 1264 01ac 3C       		.uleb128 0x3c
 1265 01ad 19       		.uleb128 0x19
 1266 01ae 6E       		.uleb128 0x6e
 1267 01af 0E       		.uleb128 0xe
 1268 01b0 03       		.uleb128 0x3
 1269 01b1 0E       		.uleb128 0xe
 1270 01b2 3A       		.uleb128 0x3a
 1271 01b3 0B       		.uleb128 0xb
 1272 01b4 3B       		.uleb128 0x3b
 1273 01b5 0B       		.uleb128 0xb
 1274 01b6 00       		.byte	0
 1275 01b7 00       		.byte	0
 1276 01b8 00       		.byte	0
ARM GAS  C:\Users\zakis\AppData\Local\Temp\ccA9yEje.s 			page 29


 1277              		.section	.debug_loc,"",%progbits
 1278              	.Ldebug_loc0:
 1279              	.LLST0:
 1280 0000 00000000 		.4byte	.LVL0
 1281 0004 14000000 		.4byte	.LVL4
 1282 0008 0100     		.2byte	0x1
 1283 000a 50       		.byte	0x50
 1284 000b 14000000 		.4byte	.LVL4
 1285 000f 68000000 		.4byte	.LFE165
 1286 0013 0400     		.2byte	0x4
 1287 0015 F3       		.byte	0xf3
 1288 0016 01       		.uleb128 0x1
 1289 0017 50       		.byte	0x50
 1290 0018 9F       		.byte	0x9f
 1291 0019 00000000 		.4byte	0
 1292 001d 00000000 		.4byte	0
 1293              	.LLST1:
 1294 0021 06000000 		.4byte	.LVL2
 1295 0025 12000000 		.4byte	.LVL3
 1296 0029 0200     		.2byte	0x2
 1297 002b 35       		.byte	0x35
 1298 002c 9F       		.byte	0x9f
 1299 002d 00000000 		.4byte	0
 1300 0031 00000000 		.4byte	0
 1301              		.section	.debug_aranges,"",%progbits
 1302 0000 1C000000 		.4byte	0x1c
 1303 0004 0200     		.2byte	0x2
 1304 0006 00000000 		.4byte	.Ldebug_info0
 1305 000a 04       		.byte	0x4
 1306 000b 00       		.byte	0
 1307 000c 0000     		.2byte	0
 1308 000e 0000     		.2byte	0
 1309 0010 00000000 		.4byte	.LFB165
 1310 0014 68000000 		.4byte	.LFE165-.LFB165
 1311 0018 00000000 		.4byte	0
 1312 001c 00000000 		.4byte	0
 1313              		.section	.debug_ranges,"",%progbits
 1314              	.Ldebug_ranges0:
 1315 0000 00000000 		.4byte	.LFB165
 1316 0004 68000000 		.4byte	.LFE165
 1317 0008 00000000 		.4byte	0
 1318 000c 00000000 		.4byte	0
 1319              		.section	.debug_line,"",%progbits
 1320              	.Ldebug_line0:
 1321 0000 46030000 		.section	.debug_str,"MS",%progbits,1
 1321      02000E03 
 1321      00000201 
 1321      FB0E0D00 
 1321      01010101 
 1322              	.LASF110:
 1323 0000 474E5520 		.ascii	"GNU C11 5.4.1 20160609 (release) [ARM/embedded-5-br"
 1323      43313120 
 1323      352E342E 
 1323      31203230 
 1323      31363036 
 1324 0033 616E6368 		.ascii	"anch revision 237715] -mcpu=cortex-m3 -mthumb -g -O"
 1324      20726576 
ARM GAS  C:\Users\zakis\AppData\Local\Temp\ccA9yEje.s 			page 30


 1324      6973696F 
 1324      6E203233 
 1324      37373135 
 1325 0066 67202D66 		.ascii	"g -ffunction-sections -ffat-lto-objects\000"
 1325      66756E63 
 1325      74696F6E 
 1325      2D736563 
 1325      74696F6E 
 1326              	.LASF27:
 1327 008e 4576656E 		.ascii	"EventMaskType\000"
 1327      744D6173 
 1327      6B547970 
 1327      6500
 1328              	.LASF74:
 1329 009c 6F6E4572 		.ascii	"onErrorTaskCount\000"
 1329      726F7254 
 1329      61736B43 
 1329      6F756E74 
 1329      00
 1330              	.LASF44:
 1331 00ad 52435F45 		.ascii	"RC_ERROR_READ_ONLY\000"
 1331      52524F52 
 1331      5F524541 
 1331      445F4F4E 
 1331      4C5900
 1332              	.LASF30:
 1333 00c0 52435F53 		.ascii	"RC_SUCCESS\000"
 1333      55434345 
 1333      535300
 1334              	.LASF66:
 1335 00cb 53435F53 		.ascii	"SC_SPEED_driverOut_t\000"
 1335      50454544 
 1335      5F647269 
 1335      7665724F 
 1335      75745F74 
 1336              	.LASF71:
 1337 00e0 65764F6E 		.ascii	"evOnError\000"
 1337      4572726F 
 1337      7200
 1338              	.LASF22:
 1339 00ea 45455F55 		.ascii	"EE_UREG\000"
 1339      52454700 
 1340              	.LASF17:
 1341 00f2 63686172 		.ascii	"char\000"
 1341      00
 1342              	.LASF109:
 1343 00f7 57445F54 		.ascii	"WD_Trigger\000"
 1343      72696767 
 1343      657200
 1344              	.LASF45:
 1345 0102 52435F45 		.ascii	"RC_ERROR_WRITE_ONLY\000"
 1345      52524F52 
 1345      5F575249 
 1345      54455F4F 
 1345      4E4C5900 
 1346              	.LASF87:
 1347 0116 57415443 		.ascii	"WATCHDOG_RUN_SETENGINE\000"
ARM GAS  C:\Users\zakis\AppData\Local\Temp\ccA9yEje.s 			page 31


 1347      48444F47 
 1347      5F52554E 
 1347      5F534554 
 1347      454E4749 
 1348              	.LASF2:
 1349 012d 73686F72 		.ascii	"short int\000"
 1349      7420696E 
 1349      7400
 1350              	.LASF18:
 1351 0137 73697A65 		.ascii	"size_t\000"
 1351      5F7400
 1352              	.LASF48:
 1353 013e 52435F45 		.ascii	"RC_ERROR_WRITE_FAILS\000"
 1353      52524F52 
 1353      5F575249 
 1353      54455F46 
 1353      41494C53 
 1354              	.LASF28:
 1355 0153 73697A65 		.ascii	"sizetype\000"
 1355      74797065 
 1355      00
 1356              	.LASF56:
 1357 015c 52435F74 		.ascii	"RC_t\000"
 1357      00
 1358              	.LASF63:
 1359 0161 5254455F 		.ascii	"RTE_signalStatus_t\000"
 1359      7369676E 
 1359      616C5374 
 1359      61747573 
 1359      5F7400
 1360              	.LASF33:
 1361 0174 52435F45 		.ascii	"RC_ERROR_ZERO\000"
 1361      52524F52 
 1361      5F5A4552 
 1361      4F00
 1362              	.LASF23:
 1363 0182 45455F46 		.ascii	"EE_FREG\000"
 1363      52454700 
 1364              	.LASF47:
 1365 018a 52435F45 		.ascii	"RC_ERROR_READ_FAILS\000"
 1365      52524F52 
 1365      5F524541 
 1365      445F4641 
 1365      494C5300 
 1366              	.LASF7:
 1367 019e 5F5F7569 		.ascii	"__uint32_t\000"
 1367      6E743332 
 1367      5F7400
 1368              	.LASF96:
 1369 01a9 6D5F4269 		.ascii	"m_Bit_System\000"
 1369      745F5379 
 1369      7374656D 
 1369      00
 1370              	.LASF21:
 1371 01b6 45455F55 		.ascii	"EE_UINT32\000"
 1371      494E5433 
 1371      3200
ARM GAS  C:\Users\zakis\AppData\Local\Temp\ccA9yEje.s 			page 32


 1372              	.LASF90:
 1373 01c0 57415443 		.ascii	"WATCHDOG_RUN_SYSTEM\000"
 1373      48444F47 
 1373      5F52554E 
 1373      5F535953 
 1373      54454D00 
 1374              	.LASF24:
 1375 01d4 45455F54 		.ascii	"EE_TID\000"
 1375      494400
 1376              	.LASF81:
 1377 01db 76616C75 		.ascii	"value\000"
 1377      6500
 1378              	.LASF25:
 1379 01e1 5461736B 		.ascii	"TaskType\000"
 1379      54797065 
 1379      00
 1380              	.LASF115:
 1381 01ea 53595354 		.ascii	"SYSTEM_system_run\000"
 1381      454D5F73 
 1381      79737465 
 1381      6D5F7275 
 1381      6E00
 1382              	.LASF64:
 1383 01fc 53435F53 		.ascii	"SC_SPEED_data_t\000"
 1383      50454544 
 1383      5F646174 
 1383      615F7400 
 1384              	.LASF53:
 1385 020c 52435F45 		.ascii	"RC_ERROR_INVALID_STATE\000"
 1385      52524F52 
 1385      5F494E56 
 1385      414C4944 
 1385      5F535441 
 1386              	.LASF79:
 1387 0223 53435F53 		.ascii	"SC_SPEED_cfg_s\000"
 1387      50454544 
 1387      5F636667 
 1387      5F7300
 1388              	.LASF78:
 1389 0232 53435F53 		.ascii	"SC_SPEED_cfg_t\000"
 1389      50454544 
 1389      5F636667 
 1389      5F7400
 1390              	.LASF77:
 1391 0241 7265736F 		.ascii	"resource\000"
 1391      75726365 
 1391      00
 1392              	.LASF104:
 1393 024a 45455F49 		.ascii	"EE_IRQ_nesting_level\000"
 1393      52515F6E 
 1393      65737469 
 1393      6E675F6C 
 1393      6576656C 
 1394              	.LASF97:
 1395 025f 5744545F 		.ascii	"WDT_Bitfields\000"
 1395      42697466 
 1395      69656C64 
ARM GAS  C:\Users\zakis\AppData\Local\Temp\ccA9yEje.s 			page 33


 1395      7300
 1396              	.LASF103:
 1397 026d 45455F73 		.ascii	"EE_std_endcycle_next_tid\000"
 1397      74645F65 
 1397      6E646379 
 1397      636C655F 
 1397      6E657874 
 1398              	.LASF35:
 1399 0286 52435F45 		.ascii	"RC_ERROR_RANGE\000"
 1399      52524F52 
 1399      5F52414E 
 1399      474500
 1400              	.LASF86:
 1401 0295 57415443 		.ascii	"WATCHDOG_RUN_CALCCONTROL\000"
 1401      48444F47 
 1401      5F52554E 
 1401      5F43414C 
 1401      43434F4E 
 1402              	.LASF15:
 1403 02ae 666C6F61 		.ascii	"float\000"
 1403      7400
 1404              	.LASF107:
 1405 02b4 534F5F53 		.ascii	"SO_SPEED_signal\000"
 1405      50454544 
 1405      5F736967 
 1405      6E616C00 
 1406              	.LASF55:
 1407 02c4 52435F45 		.ascii	"RC_ERROR_NOT_IMPLEMENTED\000"
 1407      52524F52 
 1407      5F4E4F54 
 1407      5F494D50 
 1407      4C454D45 
 1408              	.LASF9:
 1409 02dd 6C6F6E67 		.ascii	"long long int\000"
 1409      206C6F6E 
 1409      6720696E 
 1409      7400
 1410              	.LASF101:
 1411 02eb 45455F6F 		.ascii	"EE_oo_IRQ_suspend_status\000"
 1411      6F5F4952 
 1411      515F7375 
 1411      7370656E 
 1411      645F7374 
 1412              	.LASF49:
 1413 0304 52435F45 		.ascii	"RC_ERROR_NOT_MATCH\000"
 1413      52524F52 
 1413      5F4E4F54 
 1413      5F4D4154 
 1413      434800
 1414              	.LASF54:
 1415 0317 52435F45 		.ascii	"RC_ERROR_UNKNOWN\000"
 1415      52524F52 
 1415      5F554E4B 
 1415      4E4F574E 
 1415      00
 1416              	.LASF6:
 1417 0328 6C6F6E67 		.ascii	"long int\000"
ARM GAS  C:\Users\zakis\AppData\Local\Temp\ccA9yEje.s 			page 34


 1417      20696E74 
 1417      00
 1418              	.LASF37:
 1419 0331 52435F45 		.ascii	"RC_ERROR_UNDERRUN\000"
 1419      52524F52 
 1419      5F554E44 
 1419      45525255 
 1419      4E00
 1420              	.LASF75:
 1421 0343 6F6E4572 		.ascii	"onErrorTasks\000"
 1421      726F7254 
 1421      61736B73 
 1421      00
 1422              	.LASF40:
 1423 0350 52435F45 		.ascii	"RC_ERROR_BUSY\000"
 1423      52524F52 
 1423      5F425553 
 1423      5900
 1424              	.LASF59:
 1425 035e 5254455F 		.ascii	"RTE_SIGNALSTATUS_STARTUP\000"
 1425      5349474E 
 1425      414C5354 
 1425      41545553 
 1425      5F535441 
 1426              	.LASF108:
 1427 0377 57445F41 		.ascii	"WD_Alive\000"
 1427      6C697665 
 1427      00
 1428              	.LASF46:
 1429 0380 52435F45 		.ascii	"RC_ERROR_INVALID\000"
 1429      52524F52 
 1429      5F494E56 
 1429      414C4944 
 1429      00
 1430              	.LASF51:
 1431 0391 52435F45 		.ascii	"RC_ERROR_BAD_DATA\000"
 1431      52524F52 
 1431      5F424144 
 1431      5F444154 
 1431      4100
 1432              	.LASF29:
 1433 03a3 626F6F6C 		.ascii	"boolean_t\000"
 1433      65616E5F 
 1433      7400
 1434              	.LASF99:
 1435 03ad 696E6372 		.ascii	"increment\000"
 1435      656D656E 
 1435      7400
 1436              	.LASF93:
 1437 03b7 6D5F4269 		.ascii	"m_Bit_SetEngine\000"
 1437      745F5365 
 1437      74456E67 
 1437      696E6500 
 1438              	.LASF69:
 1439 03c7 6F757444 		.ascii	"outDriver\000"
 1439      72697665 
 1439      7200
ARM GAS  C:\Users\zakis\AppData\Local\Temp\ccA9yEje.s 			page 35


 1440              	.LASF95:
 1441 03d1 6D5F4269 		.ascii	"m_Bit_Logging\000"
 1441      745F4C6F 
 1441      6767696E 
 1441      6700
 1442              	.LASF19:
 1443 03df 6C6F6E67 		.ascii	"long double\000"
 1443      20646F75 
 1443      626C6500 
 1444              	.LASF112:
 1445 03eb 433A5C55 		.ascii	"C:\\Users\\zakis\\Documents\\EAA\\RTE_Gaspedal_Watc"
 1445      73657273 
 1445      5C7A616B 
 1445      69735C44 
 1445      6F63756D 
 1446 0419 68646F67 		.ascii	"hdog\\LabOne\\Gaspedal_Watchdog.cydsn\000"
 1446      5C4C6162 
 1446      4F6E655C 
 1446      47617370 
 1446      6564616C 
 1447              	.LASF116:
 1448 043d 73706565 		.ascii	"speedAge\000"
 1448      64416765 
 1448      00
 1449              	.LASF91:
 1450 0446 6D5F4269 		.ascii	"m_BitReadJoystick\000"
 1450      74526561 
 1450      644A6F79 
 1450      73746963 
 1450      6B00
 1451              	.LASF1:
 1452 0458 756E7369 		.ascii	"unsigned char\000"
 1452      676E6564 
 1452      20636861 
 1452      7200
 1453              	.LASF50:
 1454 0466 52435F45 		.ascii	"RC_ERROR_BAD_PARAM\000"
 1454      52524F52 
 1454      5F424144 
 1454      5F504152 
 1454      414D00
 1455              	.LASF89:
 1456 0479 57415443 		.ascii	"WATCHDOG_RUN_LOGGING\000"
 1456      48444F47 
 1456      5F52554E 
 1456      5F4C4F47 
 1456      47494E47 
 1457              	.LASF0:
 1458 048e 7369676E 		.ascii	"signed char\000"
 1458      65642063 
 1458      68617200 
 1459              	.LASF10:
 1460 049a 6C6F6E67 		.ascii	"long long unsigned int\000"
 1460      206C6F6E 
 1460      6720756E 
 1460      7369676E 
 1460      65642069 
ARM GAS  C:\Users\zakis\AppData\Local\Temp\ccA9yEje.s 			page 36


 1461              	.LASF14:
 1462 04b1 75696E74 		.ascii	"uint32_t\000"
 1462      33325F74 
 1462      00
 1463              	.LASF11:
 1464 04ba 756E7369 		.ascii	"unsigned int\000"
 1464      676E6564 
 1464      20696E74 
 1464      00
 1465              	.LASF42:
 1466 04c7 52435F45 		.ascii	"RC_ERROR_OPEN\000"
 1466      52524F52 
 1466      5F4F5045 
 1466      4E00
 1467              	.LASF32:
 1468 04d5 52435F45 		.ascii	"RC_ERROR_NULL\000"
 1468      52524F52 
 1468      5F4E554C 
 1468      4C00
 1469              	.LASF39:
 1470 04e3 52435F45 		.ascii	"RC_ERROR_BUFFER_EMTPY\000"
 1470      52524F52 
 1470      5F425546 
 1470      4645525F 
 1470      454D5450 
 1471              	.LASF20:
 1472 04f9 45455F49 		.ascii	"EE_INT32\000"
 1472      4E543332 
 1472      00
 1473              	.LASF113:
 1474 0502 5254455F 		.ascii	"RTE_SC_SPEED_incAge\000"
 1474      53435F53 
 1474      50454544 
 1474      5F696E63 
 1474      41676500 
 1475              	.LASF83:
 1476 0516 70536967 		.ascii	"pSigCfg\000"
 1476      43666700 
 1477              	.LASF70:
 1478 051e 65764F6E 		.ascii	"evOnUpdate\000"
 1478      55706461 
 1478      746500
 1479              	.LASF82:
 1480 0529 73746174 		.ascii	"status\000"
 1480      757300
 1481              	.LASF106:
 1482 0530 77647442 		.ascii	"wdtBitfields\000"
 1482      69746669 
 1482      656C6473 
 1482      00
 1483              	.LASF76:
 1484 053d 7265736F 		.ascii	"resourceActive\000"
 1484      75726365 
 1484      41637469 
 1484      766500
 1485              	.LASF98:
 1486 054c 7369676E 		.ascii	"signal\000"
ARM GAS  C:\Users\zakis\AppData\Local\Temp\ccA9yEje.s 			page 37


 1486      616C00
 1487              	.LASF62:
 1488 0553 5254455F 		.ascii	"RTE_SIGNALSTATUS_INVALID\000"
 1488      5349474E 
 1488      414C5354 
 1488      41545553 
 1488      5F494E56 
 1489              	.LASF38:
 1490 056c 52435F45 		.ascii	"RC_ERROR_BUFFER_FULL\000"
 1490      52524F52 
 1490      5F425546 
 1490      4645525F 
 1490      46554C4C 
 1491              	.LASF13:
 1492 0581 696E7433 		.ascii	"int32_t\000"
 1492      325F7400 
 1493              	.LASF3:
 1494 0589 73686F72 		.ascii	"short unsigned int\000"
 1494      7420756E 
 1494      7369676E 
 1494      65642069 
 1494      6E7400
 1495              	.LASF111:
 1496 059c 736F7572 		.ascii	"source\\asw\\swc_system.c\000"
 1496      63655C61 
 1496      73775C73 
 1496      77635F73 
 1496      79737465 
 1497              	.LASF67:
 1498 05b4 6D5F7370 		.ascii	"m_speedValue\000"
 1498      65656456 
 1498      616C7565 
 1498      00
 1499              	.LASF92:
 1500 05c1 6D5F4269 		.ascii	"m_Bit_CalcControl\000"
 1500      745F4361 
 1500      6C63436F 
 1500      6E74726F 
 1500      6C00
 1501              	.LASF72:
 1502 05d3 6F6E5570 		.ascii	"onUpdateTaskCount\000"
 1502      64617465 
 1502      5461736B 
 1502      436F756E 
 1502      7400
 1503              	.LASF102:
 1504 05e5 45455F41 		.ascii	"EE_ApplicationMode\000"
 1504      70706C69 
 1504      63617469 
 1504      6F6E4D6F 
 1504      646500
 1505              	.LASF8:
 1506 05f8 6C6F6E67 		.ascii	"long unsigned int\000"
 1506      20756E73 
 1506      69676E65 
 1506      6420696E 
 1506      7400
ARM GAS  C:\Users\zakis\AppData\Local\Temp\ccA9yEje.s 			page 38


 1507              	.LASF73:
 1508 060a 6F6E5570 		.ascii	"onUpdateTasks\000"
 1508      64617465 
 1508      5461736B 
 1508      7300
 1509              	.LASF105:
 1510 0618 49544D5F 		.ascii	"ITM_RxBuffer\000"
 1510      52784275 
 1510      66666572 
 1510      00
 1511              	.LASF43:
 1512 0625 52435F45 		.ascii	"RC_ERROR_CHECKSUM\000"
 1512      52524F52 
 1512      5F434845 
 1512      434B5355 
 1512      4D00
 1513              	.LASF94:
 1514 0637 6D5F4269 		.ascii	"m_Bit_SetBrakelight\000"
 1514      745F5365 
 1514      74427261 
 1514      6B656C69 
 1514      67687400 
 1515              	.LASF36:
 1516 064b 52435F45 		.ascii	"RC_ERROR_OVERRUN\000"
 1516      52524F52 
 1516      5F4F5645 
 1516      5252554E 
 1516      00
 1517              	.LASF5:
 1518 065c 5F5F696E 		.ascii	"__int32_t\000"
 1518      7433325F 
 1518      7400
 1519              	.LASF12:
 1520 0666 75696E74 		.ascii	"uint8_t\000"
 1520      385F7400 
 1521              	.LASF58:
 1522 066e 5254455F 		.ascii	"RTE_event\000"
 1522      6576656E 
 1522      7400
 1523              	.LASF114:
 1524 0678 5254455F 		.ascii	"RTE_SC_SPEED_getAge\000"
 1524      53435F53 
 1524      50454544 
 1524      5F676574 
 1524      41676500 
 1525              	.LASF65:
 1526 068c 53435F53 		.ascii	"SC_SPEED_driverIn_t\000"
 1526      50454544 
 1526      5F647269 
 1526      76657249 
 1526      6E5F7400 
 1527              	.LASF80:
 1528 06a0 53435F53 		.ascii	"SC_SPEED_s\000"
 1528      50454544 
 1528      5F7300
 1529              	.LASF52:
 1530 06ab 52435F45 		.ascii	"RC_ERROR_CANCELED\000"
ARM GAS  C:\Users\zakis\AppData\Local\Temp\ccA9yEje.s 			page 39


 1530      52524F52 
 1530      5F43414E 
 1530      43454C45 
 1530      4400
 1531              	.LASF84:
 1532 06bd 53435F53 		.ascii	"SC_SPEED_t\000"
 1532      50454544 
 1532      5F7400
 1533              	.LASF26:
 1534 06c8 5265736F 		.ascii	"ResourceType\000"
 1534      75726365 
 1534      54797065 
 1534      00
 1535              	.LASF88:
 1536 06d5 57415443 		.ascii	"WATCHDOG_RUN_SETBRAKELIGHT\000"
 1536      48444F47 
 1536      5F52554E 
 1536      5F534554 
 1536      4252414B 
 1537              	.LASF16:
 1538 06f0 646F7562 		.ascii	"double\000"
 1538      6C6500
 1539              	.LASF61:
 1540 06f7 5254455F 		.ascii	"RTE_SIGNALSTATUS_VALID\000"
 1540      5349474E 
 1540      414C5354 
 1540      41545553 
 1540      5F56414C 
 1541              	.LASF68:
 1542 070e 696E4472 		.ascii	"inDriver\000"
 1542      69766572 
 1542      00
 1543              	.LASF85:
 1544 0717 57415443 		.ascii	"WATCHDOG_RUN_READJOYSTICK\000"
 1544      48444F47 
 1544      5F52554E 
 1544      5F524541 
 1544      444A4F59 
 1545              	.LASF31:
 1546 0731 52435F45 		.ascii	"RC_ERROR\000"
 1546      52524F52 
 1546      00
 1547              	.LASF34:
 1548 073a 52435F45 		.ascii	"RC_ERROR_MEMORY\000"
 1548      52524F52 
 1548      5F4D454D 
 1548      4F525900 
 1549              	.LASF100:
 1550 074a 45455F6F 		.ascii	"EE_oo_IRQ_disable_count\000"
 1550      6F5F4952 
 1550      515F6469 
 1550      7361626C 
 1550      655F636F 
 1551              	.LASF57:
 1552 0762 5461736B 		.ascii	"TaskTypeArray\000"
 1552      54797065 
 1552      41727261 
ARM GAS  C:\Users\zakis\AppData\Local\Temp\ccA9yEje.s 			page 40


 1552      7900
 1553              	.LASF4:
 1554 0770 5F5F7569 		.ascii	"__uint8_t\000"
 1554      6E74385F 
 1554      7400
 1555              	.LASF60:
 1556 077a 5254455F 		.ascii	"RTE_SIGNALSTATUS_INITIALIZED\000"
 1556      5349474E 
 1556      414C5354 
 1556      41545553 
 1556      5F494E49 
 1557              	.LASF41:
 1558 0797 52435F45 		.ascii	"RC_ERROR_TIME_OUT\000"
 1558      52524F52 
 1558      5F54494D 
 1558      455F4F55 
 1558      5400
 1559              		.ident	"GCC: (GNU Tools for ARM Embedded Processors) 5.4.1 20160609 (release) [ARM/embedded-5-bran
