ARM GAS  C:\Users\zakis\AppData\Local\Temp\cc0YNX8K.s 			page 1


   1              		.syntax unified
   2              		.cpu cortex-m3
   3              		.fpu softvfp
   4              		.eabi_attribute 20, 1
   5              		.eabi_attribute 21, 1
   6              		.eabi_attribute 23, 3
   7              		.eabi_attribute 24, 1
   8              		.eabi_attribute 25, 1
   9              		.eabi_attribute 26, 1
  10              		.eabi_attribute 30, 1
  11              		.eabi_attribute 34, 1
  12              		.eabi_attribute 18, 4
  13              		.thumb
  14              		.syntax unified
  15              		.file	"swc_joystick.c"
  16              		.text
  17              	.Ltext0:
  18              		.cfi_sections	.debug_frame
  19              		.section	.text.JOYSTICK_readJoystick_run,"ax",%progbits
  20              		.align	2
  21              		.global	JOYSTICK_readJoystick_run
  22              		.thumb
  23              		.thumb_func
  24              		.type	JOYSTICK_readJoystick_run, %function
  25              	JOYSTICK_readJoystick_run:
  26              	.LFB154:
  27              		.file 1 "source\\asw\\swc_joystick.c"
   1:source\asw/swc_joystick.c **** /*
   2:source\asw/swc_joystick.c ****  * Filename: swc_joystick.c
   3:source\asw/swc_joystick.c ****  *
   4:source\asw/swc_joystick.c ****  * Author: Autogenerated by H-DA RTE Generator, (c) Prof. Fromm
   5:source\asw/swc_joystick.c ****  *
   6:source\asw/swc_joystick.c ****  * description: Input
   7:source\asw/swc_joystick.c ****  * name: swc_joystick
   8:source\asw/swc_joystick.c ****  * shortname: joystick
   9:source\asw/swc_joystick.c ****  *
  10:source\asw/swc_joystick.c ****  */
  11:source\asw/swc_joystick.c **** 
  12:source\asw/swc_joystick.c **** #include "project.h"
  13:source\asw/swc_joystick.c **** #include "global.h"
  14:source\asw/swc_joystick.c **** #include "rte.h"
  15:source\asw/swc_joystick.c **** #include "rte_types.h"
  16:source\asw/swc_joystick.c **** #include "swc_joystick.h"
  17:source\asw/swc_joystick.c **** 
  18:source\asw/swc_joystick.c **** 
  19:source\asw/swc_joystick.c **** 
  20:source\asw/swc_joystick.c **** /* USER CODE START SWC_JOYSTICK_INCLUDE */
  21:source\asw/swc_joystick.c **** 
  22:source\asw/swc_joystick.c **** /* USER CODE END SWC_JOYSTICK_INCLUDE */
  23:source\asw/swc_joystick.c **** 
  24:source\asw/swc_joystick.c **** 
  25:source\asw/swc_joystick.c **** #include "sp_common.h"
  26:source\asw/swc_joystick.c **** 
  27:source\asw/swc_joystick.c **** /* USER CODE START SWC_JOYSTICK_USERDEFINITIONS */
  28:source\asw/swc_joystick.c **** 
  29:source\asw/swc_joystick.c **** /* USER CODE END SWC_JOYSTICK_USERDEFINITIONS */
  30:source\asw/swc_joystick.c **** 
ARM GAS  C:\Users\zakis\AppData\Local\Temp\cc0YNX8K.s 			page 2


  31:source\asw/swc_joystick.c **** 
  32:source\asw/swc_joystick.c **** 
  33:source\asw/swc_joystick.c **** /*
  34:source\asw/swc_joystick.c ****  * component: swc_joystick
  35:source\asw/swc_joystick.c ****  * cycletime: 10
  36:source\asw/swc_joystick.c ****  * description: takes input from joysticl
  37:source\asw/swc_joystick.c ****  * events: 
  38:source\asw/swc_joystick.c ****  * name: JOYSTICK_readJoystick_run
  39:source\asw/swc_joystick.c ****  * shortname: readJoystick
  40:source\asw/swc_joystick.c ****  * signalIN: 
  41:source\asw/swc_joystick.c ****  * signalOUT: so_joystick
  42:source\asw/swc_joystick.c ****  * task: tsk_control
  43:source\asw/swc_joystick.c ****  */
  44:source\asw/swc_joystick.c **** void JOYSTICK_readJoystick_run(RTE_event ev){
  28              		.loc 1 44 0
  29              		.cfi_startproc
  30              		@ args = 0, pretend = 0, frame = 0
  31              		@ frame_needed = 0, uses_anonymous_args = 0
  32              		@ link register save eliminated.
  33              	.LVL0:
  34 0000 7047     		bx	lr
  35              		.cfi_endproc
  36              	.LFE154:
  37              		.size	JOYSTICK_readJoystick_run, .-JOYSTICK_readJoystick_run
  38 0002 00BF     		.text
  39              	.Letext0:
  40              		.file 2 "c:\\program files (x86)\\cypress\\psoc creator\\4.4\\psoc creator\\import\\gnu\\arm\\5.4.
  41              		.file 3 "c:\\program files (x86)\\cypress\\psoc creator\\4.4\\psoc creator\\import\\gnu\\arm\\5.4.
  42              		.file 4 "Generated_Source\\PSoC5/ErikaOS_common_ee_types.inc"
  43              		.file 5 "Generated_Source\\PSoC5/ErikaOS_cortex_mx_ee_cpu.inc"
  44              		.file 6 "Generated_Source\\PSoC5/ErikaOS_ee_oo_common.inc"
  45              		.file 7 ".\\source\\rte/rte_types.h"
  46              		.file 8 "Generated_Source\\PSoC5/ErikaOS_ee_oo_intfunc.inc"
  47              		.file 9 "Generated_Source\\PSoC5/ErikaOS_cortex_mx_ee_context.inc"
  48              		.file 10 "Generated_Source\\PSoC5/ErikaOS_common_ee_primitives.inc"
  49              		.file 11 "Generated_Source\\PSoC5/core_cm3.h"
  50              		.section	.debug_info,"",%progbits
  51              	.Ldebug_info0:
  52 0000 59010000 		.4byte	0x159
  53 0004 0400     		.2byte	0x4
  54 0006 00000000 		.4byte	.Ldebug_abbrev0
  55 000a 04       		.byte	0x4
  56 000b 01       		.uleb128 0x1
  57 000c 8C000000 		.4byte	.LASF29
  58 0010 0C       		.byte	0xc
  59 0011 35010000 		.4byte	.LASF30
  60 0015 1F000000 		.4byte	.LASF31
  61 0019 00000000 		.4byte	.Ldebug_ranges0+0
  62 001d 00000000 		.4byte	0
  63 0021 00000000 		.4byte	.Ldebug_line0
  64 0025 02       		.uleb128 0x2
  65 0026 01       		.byte	0x1
  66 0027 06       		.byte	0x6
  67 0028 86020000 		.4byte	.LASF0
  68 002c 02       		.uleb128 0x2
  69 002d 01       		.byte	0x1
  70 002e 08       		.byte	0x8
ARM GAS  C:\Users\zakis\AppData\Local\Temp\cc0YNX8K.s 			page 3


  71 002f 7E000000 		.4byte	.LASF1
  72 0033 02       		.uleb128 0x2
  73 0034 02       		.byte	0x2
  74 0035 05       		.byte	0x5
  75 0036 56020000 		.4byte	.LASF2
  76 003a 02       		.uleb128 0x2
  77 003b 02       		.byte	0x2
  78 003c 07       		.byte	0x7
  79 003d 4F010000 		.4byte	.LASF3
  80 0041 03       		.uleb128 0x3
  81 0042 00000000 		.4byte	.LASF9
  82 0046 02       		.byte	0x2
  83 0047 3F       		.byte	0x3f
  84 0048 4C000000 		.4byte	0x4c
  85 004c 02       		.uleb128 0x2
  86 004d 04       		.byte	0x4
  87 004e 05       		.byte	0x5
  88 004f 0C020000 		.4byte	.LASF4
  89 0053 02       		.uleb128 0x2
  90 0054 04       		.byte	0x4
  91 0055 07       		.byte	0x7
  92 0056 23010000 		.4byte	.LASF5
  93 005a 02       		.uleb128 0x2
  94 005b 08       		.byte	0x8
  95 005c 05       		.byte	0x5
  96 005d 26020000 		.4byte	.LASF6
  97 0061 02       		.uleb128 0x2
  98 0062 08       		.byte	0x8
  99 0063 07       		.byte	0x7
 100 0064 E2010000 		.4byte	.LASF7
 101 0068 04       		.uleb128 0x4
 102 0069 04       		.byte	0x4
 103 006a 05       		.byte	0x5
 104 006b 696E7400 		.ascii	"int\000"
 105 006f 02       		.uleb128 0x2
 106 0070 04       		.byte	0x4
 107 0071 07       		.byte	0x7
 108 0072 AA010000 		.4byte	.LASF8
 109 0076 03       		.uleb128 0x3
 110 0077 15020000 		.4byte	.LASF10
 111 007b 03       		.byte	0x3
 112 007c 2C       		.byte	0x2c
 113 007d 41000000 		.4byte	0x41
 114 0081 02       		.uleb128 0x2
 115 0082 04       		.byte	0x4
 116 0083 04       		.byte	0x4
 117 0084 78000000 		.4byte	.LASF11
 118 0088 02       		.uleb128 0x2
 119 0089 08       		.byte	0x8
 120 008a 04       		.byte	0x4
 121 008b 18000000 		.4byte	.LASF12
 122 008f 02       		.uleb128 0x2
 123 0090 01       		.byte	0x1
 124 0091 08       		.byte	0x8
 125 0092 34020000 		.4byte	.LASF13
 126 0096 02       		.uleb128 0x2
 127 0097 08       		.byte	0x8
ARM GAS  C:\Users\zakis\AppData\Local\Temp\cc0YNX8K.s 			page 4


 128 0098 04       		.byte	0x4
 129 0099 7A020000 		.4byte	.LASF14
 130 009d 03       		.uleb128 0x3
 131 009e 1A010000 		.4byte	.LASF15
 132 00a2 04       		.byte	0x4
 133 00a3 53       		.byte	0x53
 134 00a4 68000000 		.4byte	0x68
 135 00a8 03       		.uleb128 0x3
 136 00a9 BF010000 		.4byte	.LASF16
 137 00ad 04       		.byte	0x4
 138 00ae 54       		.byte	0x54
 139 00af 6F000000 		.4byte	0x6f
 140 00b3 03       		.uleb128 0x3
 141 00b4 39020000 		.4byte	.LASF17
 142 00b8 05       		.byte	0x5
 143 00b9 4D       		.byte	0x4d
 144 00ba A8000000 		.4byte	0xa8
 145 00be 03       		.uleb128 0x3
 146 00bf B7010000 		.4byte	.LASF18
 147 00c3 05       		.byte	0x5
 148 00c4 4F       		.byte	0x4f
 149 00c5 A8000000 		.4byte	0xa8
 150 00c9 03       		.uleb128 0x3
 151 00ca 71000000 		.4byte	.LASF19
 152 00ce 05       		.byte	0x5
 153 00cf 78       		.byte	0x78
 154 00d0 9D000000 		.4byte	0x9d
 155 00d4 05       		.uleb128 0x5
 156 00d5 0A000000 		.4byte	.LASF20
 157 00d9 06       		.byte	0x6
 158 00da 2C02     		.2byte	0x22c
 159 00dc B3000000 		.4byte	0xb3
 160 00e0 02       		.uleb128 0x2
 161 00e1 04       		.byte	0x4
 162 00e2 07       		.byte	0x7
 163 00e3 1D020000 		.4byte	.LASF21
 164 00e7 03       		.uleb128 0x3
 165 00e8 87010000 		.4byte	.LASF22
 166 00ec 07       		.byte	0x7
 167 00ed 21       		.byte	0x21
 168 00ee D4000000 		.4byte	0xd4
 169 00f2 06       		.uleb128 0x6
 170 00f3 60020000 		.4byte	.LASF32
 171 00f7 01       		.byte	0x1
 172 00f8 2C       		.byte	0x2c
 173 00f9 00000000 		.4byte	.LFB154
 174 00fd 02000000 		.4byte	.LFE154-.LFB154
 175 0101 01       		.uleb128 0x1
 176 0102 9C       		.byte	0x9c
 177 0103 14010000 		.4byte	0x114
 178 0107 07       		.uleb128 0x7
 179 0108 657600   		.ascii	"ev\000"
 180 010b 01       		.byte	0x1
 181 010c 2C       		.byte	0x2c
 182 010d E7000000 		.4byte	0xe7
 183 0111 01       		.uleb128 0x1
 184 0112 50       		.byte	0x50
ARM GAS  C:\Users\zakis\AppData\Local\Temp\cc0YNX8K.s 			page 5


 185 0113 00       		.byte	0
 186 0114 08       		.uleb128 0x8
 187 0115 62010000 		.4byte	.LASF23
 188 0119 08       		.byte	0x8
 189 011a 40       		.byte	0x40
 190 011b B3000000 		.4byte	0xb3
 191 011f 08       		.uleb128 0x8
 192 0120 C9010000 		.4byte	.LASF24
 193 0124 08       		.byte	0x8
 194 0125 47       		.byte	0x47
 195 0126 BE000000 		.4byte	0xbe
 196 012a 08       		.uleb128 0x8
 197 012b F9010000 		.4byte	.LASF25
 198 012f 08       		.byte	0x8
 199 0130 4A       		.byte	0x4a
 200 0131 B3000000 		.4byte	0xb3
 201 0135 08       		.uleb128 0x8
 202 0136 91010000 		.4byte	.LASF26
 203 013a 09       		.byte	0x9
 204 013b 48       		.byte	0x48
 205 013c C9000000 		.4byte	0xc9
 206 0140 08       		.uleb128 0x8
 207 0141 41020000 		.4byte	.LASF27
 208 0145 0A       		.byte	0xa
 209 0146 44       		.byte	0x44
 210 0147 B3000000 		.4byte	0xb3
 211 014b 09       		.uleb128 0x9
 212 014c 7A010000 		.4byte	.LASF28
 213 0150 0B       		.byte	0xb
 214 0151 1207     		.2byte	0x712
 215 0153 57010000 		.4byte	0x157
 216 0157 0A       		.uleb128 0xa
 217 0158 76000000 		.4byte	0x76
 218 015c 00       		.byte	0
 219              		.section	.debug_abbrev,"",%progbits
 220              	.Ldebug_abbrev0:
 221 0000 01       		.uleb128 0x1
 222 0001 11       		.uleb128 0x11
 223 0002 01       		.byte	0x1
 224 0003 25       		.uleb128 0x25
 225 0004 0E       		.uleb128 0xe
 226 0005 13       		.uleb128 0x13
 227 0006 0B       		.uleb128 0xb
 228 0007 03       		.uleb128 0x3
 229 0008 0E       		.uleb128 0xe
 230 0009 1B       		.uleb128 0x1b
 231 000a 0E       		.uleb128 0xe
 232 000b 55       		.uleb128 0x55
 233 000c 17       		.uleb128 0x17
 234 000d 11       		.uleb128 0x11
 235 000e 01       		.uleb128 0x1
 236 000f 10       		.uleb128 0x10
 237 0010 17       		.uleb128 0x17
 238 0011 00       		.byte	0
 239 0012 00       		.byte	0
 240 0013 02       		.uleb128 0x2
 241 0014 24       		.uleb128 0x24
ARM GAS  C:\Users\zakis\AppData\Local\Temp\cc0YNX8K.s 			page 6


 242 0015 00       		.byte	0
 243 0016 0B       		.uleb128 0xb
 244 0017 0B       		.uleb128 0xb
 245 0018 3E       		.uleb128 0x3e
 246 0019 0B       		.uleb128 0xb
 247 001a 03       		.uleb128 0x3
 248 001b 0E       		.uleb128 0xe
 249 001c 00       		.byte	0
 250 001d 00       		.byte	0
 251 001e 03       		.uleb128 0x3
 252 001f 16       		.uleb128 0x16
 253 0020 00       		.byte	0
 254 0021 03       		.uleb128 0x3
 255 0022 0E       		.uleb128 0xe
 256 0023 3A       		.uleb128 0x3a
 257 0024 0B       		.uleb128 0xb
 258 0025 3B       		.uleb128 0x3b
 259 0026 0B       		.uleb128 0xb
 260 0027 49       		.uleb128 0x49
 261 0028 13       		.uleb128 0x13
 262 0029 00       		.byte	0
 263 002a 00       		.byte	0
 264 002b 04       		.uleb128 0x4
 265 002c 24       		.uleb128 0x24
 266 002d 00       		.byte	0
 267 002e 0B       		.uleb128 0xb
 268 002f 0B       		.uleb128 0xb
 269 0030 3E       		.uleb128 0x3e
 270 0031 0B       		.uleb128 0xb
 271 0032 03       		.uleb128 0x3
 272 0033 08       		.uleb128 0x8
 273 0034 00       		.byte	0
 274 0035 00       		.byte	0
 275 0036 05       		.uleb128 0x5
 276 0037 16       		.uleb128 0x16
 277 0038 00       		.byte	0
 278 0039 03       		.uleb128 0x3
 279 003a 0E       		.uleb128 0xe
 280 003b 3A       		.uleb128 0x3a
 281 003c 0B       		.uleb128 0xb
 282 003d 3B       		.uleb128 0x3b
 283 003e 05       		.uleb128 0x5
 284 003f 49       		.uleb128 0x49
 285 0040 13       		.uleb128 0x13
 286 0041 00       		.byte	0
 287 0042 00       		.byte	0
 288 0043 06       		.uleb128 0x6
 289 0044 2E       		.uleb128 0x2e
 290 0045 01       		.byte	0x1
 291 0046 3F       		.uleb128 0x3f
 292 0047 19       		.uleb128 0x19
 293 0048 03       		.uleb128 0x3
 294 0049 0E       		.uleb128 0xe
 295 004a 3A       		.uleb128 0x3a
 296 004b 0B       		.uleb128 0xb
 297 004c 3B       		.uleb128 0x3b
 298 004d 0B       		.uleb128 0xb
ARM GAS  C:\Users\zakis\AppData\Local\Temp\cc0YNX8K.s 			page 7


 299 004e 27       		.uleb128 0x27
 300 004f 19       		.uleb128 0x19
 301 0050 11       		.uleb128 0x11
 302 0051 01       		.uleb128 0x1
 303 0052 12       		.uleb128 0x12
 304 0053 06       		.uleb128 0x6
 305 0054 40       		.uleb128 0x40
 306 0055 18       		.uleb128 0x18
 307 0056 9742     		.uleb128 0x2117
 308 0058 19       		.uleb128 0x19
 309 0059 01       		.uleb128 0x1
 310 005a 13       		.uleb128 0x13
 311 005b 00       		.byte	0
 312 005c 00       		.byte	0
 313 005d 07       		.uleb128 0x7
 314 005e 05       		.uleb128 0x5
 315 005f 00       		.byte	0
 316 0060 03       		.uleb128 0x3
 317 0061 08       		.uleb128 0x8
 318 0062 3A       		.uleb128 0x3a
 319 0063 0B       		.uleb128 0xb
 320 0064 3B       		.uleb128 0x3b
 321 0065 0B       		.uleb128 0xb
 322 0066 49       		.uleb128 0x49
 323 0067 13       		.uleb128 0x13
 324 0068 02       		.uleb128 0x2
 325 0069 18       		.uleb128 0x18
 326 006a 00       		.byte	0
 327 006b 00       		.byte	0
 328 006c 08       		.uleb128 0x8
 329 006d 34       		.uleb128 0x34
 330 006e 00       		.byte	0
 331 006f 03       		.uleb128 0x3
 332 0070 0E       		.uleb128 0xe
 333 0071 3A       		.uleb128 0x3a
 334 0072 0B       		.uleb128 0xb
 335 0073 3B       		.uleb128 0x3b
 336 0074 0B       		.uleb128 0xb
 337 0075 49       		.uleb128 0x49
 338 0076 13       		.uleb128 0x13
 339 0077 3F       		.uleb128 0x3f
 340 0078 19       		.uleb128 0x19
 341 0079 3C       		.uleb128 0x3c
 342 007a 19       		.uleb128 0x19
 343 007b 00       		.byte	0
 344 007c 00       		.byte	0
 345 007d 09       		.uleb128 0x9
 346 007e 34       		.uleb128 0x34
 347 007f 00       		.byte	0
 348 0080 03       		.uleb128 0x3
 349 0081 0E       		.uleb128 0xe
 350 0082 3A       		.uleb128 0x3a
 351 0083 0B       		.uleb128 0xb
 352 0084 3B       		.uleb128 0x3b
 353 0085 05       		.uleb128 0x5
 354 0086 49       		.uleb128 0x49
 355 0087 13       		.uleb128 0x13
ARM GAS  C:\Users\zakis\AppData\Local\Temp\cc0YNX8K.s 			page 8


 356 0088 3F       		.uleb128 0x3f
 357 0089 19       		.uleb128 0x19
 358 008a 3C       		.uleb128 0x3c
 359 008b 19       		.uleb128 0x19
 360 008c 00       		.byte	0
 361 008d 00       		.byte	0
 362 008e 0A       		.uleb128 0xa
 363 008f 35       		.uleb128 0x35
 364 0090 00       		.byte	0
 365 0091 49       		.uleb128 0x49
 366 0092 13       		.uleb128 0x13
 367 0093 00       		.byte	0
 368 0094 00       		.byte	0
 369 0095 00       		.byte	0
 370              		.section	.debug_aranges,"",%progbits
 371 0000 1C000000 		.4byte	0x1c
 372 0004 0200     		.2byte	0x2
 373 0006 00000000 		.4byte	.Ldebug_info0
 374 000a 04       		.byte	0x4
 375 000b 00       		.byte	0
 376 000c 0000     		.2byte	0
 377 000e 0000     		.2byte	0
 378 0010 00000000 		.4byte	.LFB154
 379 0014 02000000 		.4byte	.LFE154-.LFB154
 380 0018 00000000 		.4byte	0
 381 001c 00000000 		.4byte	0
 382              		.section	.debug_ranges,"",%progbits
 383              	.Ldebug_ranges0:
 384 0000 00000000 		.4byte	.LFB154
 385 0004 02000000 		.4byte	.LFE154
 386 0008 00000000 		.4byte	0
 387 000c 00000000 		.4byte	0
 388              		.section	.debug_line,"",%progbits
 389              	.Ldebug_line0:
 390 0000 43020000 		.section	.debug_str,"MS",%progbits,1
 390      02002E02 
 390      00000201 
 390      FB0E0D00 
 390      01010101 
 391              	.LASF9:
 392 0000 5F5F696E 		.ascii	"__int32_t\000"
 392      7433325F 
 392      7400
 393              	.LASF20:
 394 000a 4576656E 		.ascii	"EventMaskType\000"
 394      744D6173 
 394      6B547970 
 394      6500
 395              	.LASF12:
 396 0018 646F7562 		.ascii	"double\000"
 396      6C6500
 397              	.LASF31:
 398 001f 433A5C55 		.ascii	"C:\\Users\\zakis\\Documents\\EAA\\RTE_Gaspedal_Watc"
 398      73657273 
 398      5C7A616B 
 398      69735C44 
 398      6F63756D 
ARM GAS  C:\Users\zakis\AppData\Local\Temp\cc0YNX8K.s 			page 9


 399 004d 68646F67 		.ascii	"hdog\\LabOne\\Gaspedal_Watchdog.cydsn\000"
 399      5C4C6162 
 399      4F6E655C 
 399      47617370 
 399      6564616C 
 400              	.LASF19:
 401 0071 45455F54 		.ascii	"EE_TID\000"
 401      494400
 402              	.LASF11:
 403 0078 666C6F61 		.ascii	"float\000"
 403      7400
 404              	.LASF1:
 405 007e 756E7369 		.ascii	"unsigned char\000"
 405      676E6564 
 405      20636861 
 405      7200
 406              	.LASF29:
 407 008c 474E5520 		.ascii	"GNU C11 5.4.1 20160609 (release) [ARM/embedded-5-br"
 407      43313120 
 407      352E342E 
 407      31203230 
 407      31363036 
 408 00bf 616E6368 		.ascii	"anch revision 237715] -mcpu=cortex-m3 -mthumb -g -O"
 408      20726576 
 408      6973696F 
 408      6E203233 
 408      37373135 
 409 00f2 67202D66 		.ascii	"g -ffunction-sections -ffat-lto-objects\000"
 409      66756E63 
 409      74696F6E 
 409      2D736563 
 409      74696F6E 
 410              	.LASF15:
 411 011a 45455F49 		.ascii	"EE_INT32\000"
 411      4E543332 
 411      00
 412              	.LASF5:
 413 0123 6C6F6E67 		.ascii	"long unsigned int\000"
 413      20756E73 
 413      69676E65 
 413      6420696E 
 413      7400
 414              	.LASF30:
 415 0135 736F7572 		.ascii	"source\\asw\\swc_joystick.c\000"
 415      63655C61 
 415      73775C73 
 415      77635F6A 
 415      6F797374 
 416              	.LASF3:
 417 014f 73686F72 		.ascii	"short unsigned int\000"
 417      7420756E 
 417      7369676E 
 417      65642069 
 417      6E7400
 418              	.LASF23:
 419 0162 45455F6F 		.ascii	"EE_oo_IRQ_disable_count\000"
 419      6F5F4952 
ARM GAS  C:\Users\zakis\AppData\Local\Temp\cc0YNX8K.s 			page 10


 419      515F6469 
 419      7361626C 
 419      655F636F 
 420              	.LASF28:
 421 017a 49544D5F 		.ascii	"ITM_RxBuffer\000"
 421      52784275 
 421      66666572 
 421      00
 422              	.LASF22:
 423 0187 5254455F 		.ascii	"RTE_event\000"
 423      6576656E 
 423      7400
 424              	.LASF26:
 425 0191 45455F73 		.ascii	"EE_std_endcycle_next_tid\000"
 425      74645F65 
 425      6E646379 
 425      636C655F 
 425      6E657874 
 426              	.LASF8:
 427 01aa 756E7369 		.ascii	"unsigned int\000"
 427      676E6564 
 427      20696E74 
 427      00
 428              	.LASF18:
 429 01b7 45455F46 		.ascii	"EE_FREG\000"
 429      52454700 
 430              	.LASF16:
 431 01bf 45455F55 		.ascii	"EE_UINT32\000"
 431      494E5433 
 431      3200
 432              	.LASF24:
 433 01c9 45455F6F 		.ascii	"EE_oo_IRQ_suspend_status\000"
 433      6F5F4952 
 433      515F7375 
 433      7370656E 
 433      645F7374 
 434              	.LASF7:
 435 01e2 6C6F6E67 		.ascii	"long long unsigned int\000"
 435      206C6F6E 
 435      6720756E 
 435      7369676E 
 435      65642069 
 436              	.LASF25:
 437 01f9 45455F41 		.ascii	"EE_ApplicationMode\000"
 437      70706C69 
 437      63617469 
 437      6F6E4D6F 
 437      646500
 438              	.LASF4:
 439 020c 6C6F6E67 		.ascii	"long int\000"
 439      20696E74 
 439      00
 440              	.LASF10:
 441 0215 696E7433 		.ascii	"int32_t\000"
 441      325F7400 
 442              	.LASF21:
 443 021d 73697A65 		.ascii	"sizetype\000"
ARM GAS  C:\Users\zakis\AppData\Local\Temp\cc0YNX8K.s 			page 11


 443      74797065 
 443      00
 444              	.LASF6:
 445 0226 6C6F6E67 		.ascii	"long long int\000"
 445      206C6F6E 
 445      6720696E 
 445      7400
 446              	.LASF13:
 447 0234 63686172 		.ascii	"char\000"
 447      00
 448              	.LASF17:
 449 0239 45455F55 		.ascii	"EE_UREG\000"
 449      52454700 
 450              	.LASF27:
 451 0241 45455F49 		.ascii	"EE_IRQ_nesting_level\000"
 451      52515F6E 
 451      65737469 
 451      6E675F6C 
 451      6576656C 
 452              	.LASF2:
 453 0256 73686F72 		.ascii	"short int\000"
 453      7420696E 
 453      7400
 454              	.LASF32:
 455 0260 4A4F5953 		.ascii	"JOYSTICK_readJoystick_run\000"
 455      5449434B 
 455      5F726561 
 455      644A6F79 
 455      73746963 
 456              	.LASF14:
 457 027a 6C6F6E67 		.ascii	"long double\000"
 457      20646F75 
 457      626C6500 
 458              	.LASF0:
 459 0286 7369676E 		.ascii	"signed char\000"
 459      65642063 
 459      68617200 
 460              		.ident	"GCC: (GNU Tools for ARM Embedded Processors) 5.4.1 20160609 (release) [ARM/embedded-5-bran
