ARM GAS  C:\Users\zakis\AppData\Local\Temp\cchZoQgo.s 			page 1


   1              		.syntax unified
   2              		.cpu cortex-m3
   3              		.fpu softvfp
   4              		.eabi_attribute 20, 1
   5              		.eabi_attribute 21, 1
   6              		.eabi_attribute 23, 3
   7              		.eabi_attribute 24, 1
   8              		.eabi_attribute 25, 1
   9              		.eabi_attribute 26, 1
  10              		.eabi_attribute 30, 1
  11              		.eabi_attribute 34, 1
  12              		.eabi_attribute 18, 4
  13              		.thumb
  14              		.syntax unified
  15              		.file	"swc_output.c"
  16              		.text
  17              	.Ltext0:
  18              		.cfi_sections	.debug_frame
  19              		.section	.text.OUTPUT_setEngine_run,"ax",%progbits
  20              		.align	2
  21              		.global	OUTPUT_setEngine_run
  22              		.thumb
  23              		.thumb_func
  24              		.type	OUTPUT_setEngine_run, %function
  25              	OUTPUT_setEngine_run:
  26              	.LFB154:
  27              		.file 1 "source\\asw\\swc_output.c"
   1:source\asw/swc_output.c **** /*
   2:source\asw/swc_output.c ****  * Filename: swc_output.c
   3:source\asw/swc_output.c ****  *
   4:source\asw/swc_output.c ****  * Author: Autogenerated by H-DA RTE Generator, (c) Prof. Fromm
   5:source\asw/swc_output.c ****  *
   6:source\asw/swc_output.c ****  * description: engine and brakelights
   7:source\asw/swc_output.c ****  * name: swc_output
   8:source\asw/swc_output.c ****  * shortname: output
   9:source\asw/swc_output.c ****  *
  10:source\asw/swc_output.c ****  */
  11:source\asw/swc_output.c **** 
  12:source\asw/swc_output.c **** #include "project.h"
  13:source\asw/swc_output.c **** #include "global.h"
  14:source\asw/swc_output.c **** #include "rte.h"
  15:source\asw/swc_output.c **** #include "rte_types.h"
  16:source\asw/swc_output.c **** #include "swc_output.h"
  17:source\asw/swc_output.c **** 
  18:source\asw/swc_output.c **** 
  19:source\asw/swc_output.c **** 
  20:source\asw/swc_output.c **** /* USER CODE START SWC_OUTPUT_INCLUDE */
  21:source\asw/swc_output.c **** 
  22:source\asw/swc_output.c **** /* USER CODE END SWC_OUTPUT_INCLUDE */
  23:source\asw/swc_output.c **** 
  24:source\asw/swc_output.c **** 
  25:source\asw/swc_output.c **** #include "sp_common.h"
  26:source\asw/swc_output.c **** 
  27:source\asw/swc_output.c **** /* USER CODE START SWC_OUTPUT_USERDEFINITIONS */
  28:source\asw/swc_output.c **** 
  29:source\asw/swc_output.c **** /* USER CODE END SWC_OUTPUT_USERDEFINITIONS */
  30:source\asw/swc_output.c **** 
ARM GAS  C:\Users\zakis\AppData\Local\Temp\cchZoQgo.s 			page 2


  31:source\asw/swc_output.c **** 
  32:source\asw/swc_output.c **** 
  33:source\asw/swc_output.c **** /*
  34:source\asw/swc_output.c ****  * component: swc_output
  35:source\asw/swc_output.c ****  * cycletime: 100
  36:source\asw/swc_output.c ****  * description: Runnable
  37:source\asw/swc_output.c ****  * events: 
  38:source\asw/swc_output.c ****  * name: OUTPUT_setEngine_run
  39:source\asw/swc_output.c ****  * shortname: setEngine
  40:source\asw/swc_output.c ****  * signalIN: so_speed
  41:source\asw/swc_output.c ****  * signalOUT: so_engine
  42:source\asw/swc_output.c ****  * task: tsk_output
  43:source\asw/swc_output.c ****  */
  44:source\asw/swc_output.c **** void OUTPUT_setEngine_run(RTE_event ev){
  28              		.loc 1 44 0
  29              		.cfi_startproc
  30              		@ args = 0, pretend = 0, frame = 0
  31              		@ frame_needed = 0, uses_anonymous_args = 0
  32              	.LVL0:
  33 0000 08B5     		push	{r3, lr}
  34              		.cfi_def_cfa_offset 8
  35              		.cfi_offset 3, -8
  36              		.cfi_offset 14, -4
  45:source\asw/swc_output.c **** 	
  46:source\asw/swc_output.c **** 	/* USER CODE START OUTPUT_setEngine_run */
  47:source\asw/swc_output.c ****     
  48:source\asw/swc_output.c ****     UART_Logs_PutString("Send engine speed on UART, led glow\n");
  37              		.loc 1 48 0
  38 0002 0248     		ldr	r0, .L3
  39              	.LVL1:
  40 0004 FFF7FEFF 		bl	UART_Logs_PutString
  41              	.LVL2:
  42 0008 08BD     		pop	{r3, pc}
  43              	.L4:
  44 000a 00BF     		.align	2
  45              	.L3:
  46 000c 00000000 		.word	.LC0
  47              		.cfi_endproc
  48              	.LFE154:
  49              		.size	OUTPUT_setEngine_run, .-OUTPUT_setEngine_run
  50              		.section	.text.OUTPUT_setBrakeLight_run,"ax",%progbits
  51              		.align	2
  52              		.global	OUTPUT_setBrakeLight_run
  53              		.thumb
  54              		.thumb_func
  55              		.type	OUTPUT_setBrakeLight_run, %function
  56              	OUTPUT_setBrakeLight_run:
  57              	.LFB155:
  49:source\asw/swc_output.c **** 
  50:source\asw/swc_output.c ****     /* USER CODE END OUTPUT_setEngine_run */
  51:source\asw/swc_output.c **** }
  52:source\asw/swc_output.c **** 
  53:source\asw/swc_output.c **** /*
  54:source\asw/swc_output.c ****  * component: swc_output
  55:source\asw/swc_output.c ****  * cycletime: 0
  56:source\asw/swc_output.c ****  * description: Runnable
  57:source\asw/swc_output.c ****  * events: ev_speed_onData
ARM GAS  C:\Users\zakis\AppData\Local\Temp\cchZoQgo.s 			page 3


  58:source\asw/swc_output.c ****  * name: OUTPUT_setBrakeLight_run
  59:source\asw/swc_output.c ****  * shortname: setBrakeLight
  60:source\asw/swc_output.c ****  * signalIN: so_speed
  61:source\asw/swc_output.c ****  * signalOUT: so_brakelight
  62:source\asw/swc_output.c ****  * task: tsk_output
  63:source\asw/swc_output.c ****  */
  64:source\asw/swc_output.c **** void OUTPUT_setBrakeLight_run(RTE_event ev){
  58              		.loc 1 64 0
  59              		.cfi_startproc
  60              		@ args = 0, pretend = 0, frame = 0
  61              		@ frame_needed = 0, uses_anonymous_args = 0
  62              	.LVL3:
  63 0000 08B5     		push	{r3, lr}
  64              		.cfi_def_cfa_offset 8
  65              		.cfi_offset 3, -8
  66              		.cfi_offset 14, -4
  65:source\asw/swc_output.c **** 	
  66:source\asw/swc_output.c **** 	/* USER CODE START OUTPUT_setBrakeLight_run */
  67:source\asw/swc_output.c ****     
  68:source\asw/swc_output.c ****     UART_Logs_PutString("Send brakelight on UART, led glow\n");
  67              		.loc 1 68 0
  68 0002 0248     		ldr	r0, .L7
  69              	.LVL4:
  70 0004 FFF7FEFF 		bl	UART_Logs_PutString
  71              	.LVL5:
  72 0008 08BD     		pop	{r3, pc}
  73              	.L8:
  74 000a 00BF     		.align	2
  75              	.L7:
  76 000c 28000000 		.word	.LC1
  77              		.cfi_endproc
  78              	.LFE155:
  79              		.size	OUTPUT_setBrakeLight_run, .-OUTPUT_setBrakeLight_run
  80              		.section	.rodata.str1.4,"aMS",%progbits,1
  81              		.align	2
  82              	.LC0:
  83 0000 53656E64 		.ascii	"Send engine speed on UART, led glow\012\000"
  83      20656E67 
  83      696E6520 
  83      73706565 
  83      64206F6E 
  84 0025 000000   		.space	3
  85              	.LC1:
  86 0028 53656E64 		.ascii	"Send brakelight on UART, led glow\012\000"
  86      20627261 
  86      6B656C69 
  86      67687420 
  86      6F6E2055 
  87              		.text
  88              	.Letext0:
  89              		.file 2 "c:\\program files (x86)\\cypress\\psoc creator\\4.4\\psoc creator\\import\\gnu\\arm\\5.4.
  90              		.file 3 "c:\\program files (x86)\\cypress\\psoc creator\\4.4\\psoc creator\\import\\gnu\\arm\\5.4.
  91              		.file 4 "Generated_Source\\PSoC5/ErikaOS_common_ee_types.inc"
  92              		.file 5 "Generated_Source\\PSoC5/ErikaOS_cortex_mx_ee_cpu.inc"
  93              		.file 6 "Generated_Source\\PSoC5/ErikaOS_ee_oo_common.inc"
  94              		.file 7 ".\\source\\rte/rte_types.h"
  95              		.file 8 "Generated_Source\\PSoC5/ErikaOS_ee_oo_intfunc.inc"
ARM GAS  C:\Users\zakis\AppData\Local\Temp\cchZoQgo.s 			page 4


  96              		.file 9 "Generated_Source\\PSoC5/ErikaOS_cortex_mx_ee_context.inc"
  97              		.file 10 "Generated_Source\\PSoC5/ErikaOS_common_ee_primitives.inc"
  98              		.file 11 "Generated_Source\\PSoC5/core_cm3.h"
  99              		.file 12 "Generated_Source\\PSoC5/UART_Logs.h"
 100              		.section	.debug_info,"",%progbits
 101              	.Ldebug_info0:
 102 0000 B0010000 		.4byte	0x1b0
 103 0004 0400     		.2byte	0x4
 104 0006 00000000 		.4byte	.Ldebug_abbrev0
 105 000a 04       		.byte	0x4
 106 000b 01       		.uleb128 0x1
 107 000c B9000000 		.4byte	.LASF31
 108 0010 0C       		.byte	0xc
 109 0011 34020000 		.4byte	.LASF32
 110 0015 4C000000 		.4byte	.LASF33
 111 0019 00000000 		.4byte	.Ldebug_ranges0+0
 112 001d 00000000 		.4byte	0
 113 0021 00000000 		.4byte	.Ldebug_line0
 114 0025 02       		.uleb128 0x2
 115 0026 01       		.byte	0x1
 116 0027 06       		.byte	0x6
 117 0028 AC020000 		.4byte	.LASF0
 118 002c 02       		.uleb128 0x2
 119 002d 01       		.byte	0x1
 120 002e 08       		.byte	0x8
 121 002f AB000000 		.4byte	.LASF1
 122 0033 02       		.uleb128 0x2
 123 0034 02       		.byte	0x2
 124 0035 05       		.byte	0x5
 125 0036 8D020000 		.4byte	.LASF2
 126 003a 02       		.uleb128 0x2
 127 003b 02       		.byte	0x2
 128 003c 07       		.byte	0x7
 129 003d 77010000 		.4byte	.LASF3
 130 0041 03       		.uleb128 0x3
 131 0042 2D000000 		.4byte	.LASF9
 132 0046 02       		.byte	0x2
 133 0047 3F       		.byte	0x3f
 134 0048 4C000000 		.4byte	0x4c
 135 004c 02       		.uleb128 0x2
 136 004d 04       		.byte	0x4
 137 004e 05       		.byte	0x5
 138 004f 97020000 		.4byte	.LASF4
 139 0053 02       		.uleb128 0x2
 140 0054 04       		.byte	0x4
 141 0055 07       		.byte	0x7
 142 0056 50010000 		.4byte	.LASF5
 143 005a 02       		.uleb128 0x2
 144 005b 08       		.byte	0x8
 145 005c 05       		.byte	0x5
 146 005d 5D020000 		.4byte	.LASF6
 147 0061 02       		.uleb128 0x2
 148 0062 08       		.byte	0x8
 149 0063 07       		.byte	0x7
 150 0064 0A020000 		.4byte	.LASF7
 151 0068 04       		.uleb128 0x4
 152 0069 04       		.byte	0x4
ARM GAS  C:\Users\zakis\AppData\Local\Temp\cchZoQgo.s 			page 5


 153 006a 05       		.byte	0x5
 154 006b 696E7400 		.ascii	"int\000"
 155 006f 02       		.uleb128 0x2
 156 0070 04       		.byte	0x4
 157 0071 07       		.byte	0x7
 158 0072 D2010000 		.4byte	.LASF8
 159 0076 03       		.uleb128 0x3
 160 0077 4C020000 		.4byte	.LASF10
 161 007b 03       		.byte	0x3
 162 007c 2C       		.byte	0x2c
 163 007d 41000000 		.4byte	0x41
 164 0081 02       		.uleb128 0x2
 165 0082 04       		.byte	0x4
 166 0083 04       		.byte	0x4
 167 0084 A5000000 		.4byte	.LASF11
 168 0088 02       		.uleb128 0x2
 169 0089 08       		.byte	0x8
 170 008a 04       		.byte	0x4
 171 008b 45000000 		.4byte	.LASF12
 172 008f 02       		.uleb128 0x2
 173 0090 01       		.byte	0x1
 174 0091 08       		.byte	0x8
 175 0092 6B020000 		.4byte	.LASF13
 176 0096 02       		.uleb128 0x2
 177 0097 08       		.byte	0x8
 178 0098 04       		.byte	0x4
 179 0099 A0020000 		.4byte	.LASF14
 180 009d 03       		.uleb128 0x3
 181 009e 47010000 		.4byte	.LASF15
 182 00a2 04       		.byte	0x4
 183 00a3 53       		.byte	0x53
 184 00a4 68000000 		.4byte	0x68
 185 00a8 03       		.uleb128 0x3
 186 00a9 E7010000 		.4byte	.LASF16
 187 00ad 04       		.byte	0x4
 188 00ae 54       		.byte	0x54
 189 00af 6F000000 		.4byte	0x6f
 190 00b3 03       		.uleb128 0x3
 191 00b4 70020000 		.4byte	.LASF17
 192 00b8 05       		.byte	0x5
 193 00b9 4D       		.byte	0x4d
 194 00ba A8000000 		.4byte	0xa8
 195 00be 03       		.uleb128 0x3
 196 00bf DF010000 		.4byte	.LASF18
 197 00c3 05       		.byte	0x5
 198 00c4 4F       		.byte	0x4f
 199 00c5 A8000000 		.4byte	0xa8
 200 00c9 03       		.uleb128 0x3
 201 00ca 9E000000 		.4byte	.LASF19
 202 00ce 05       		.byte	0x5
 203 00cf 78       		.byte	0x78
 204 00d0 9D000000 		.4byte	0x9d
 205 00d4 05       		.uleb128 0x5
 206 00d5 37000000 		.4byte	.LASF20
 207 00d9 06       		.byte	0x6
 208 00da 2C02     		.2byte	0x22c
 209 00dc B3000000 		.4byte	0xb3
ARM GAS  C:\Users\zakis\AppData\Local\Temp\cchZoQgo.s 			page 6


 210 00e0 02       		.uleb128 0x2
 211 00e1 04       		.byte	0x4
 212 00e2 07       		.byte	0x7
 213 00e3 54020000 		.4byte	.LASF21
 214 00e7 03       		.uleb128 0x3
 215 00e8 AF010000 		.4byte	.LASF22
 216 00ec 07       		.byte	0x7
 217 00ed 21       		.byte	0x21
 218 00ee D4000000 		.4byte	0xd4
 219 00f2 06       		.uleb128 0x6
 220 00f3 62010000 		.4byte	.LASF23
 221 00f7 01       		.byte	0x1
 222 00f8 2C       		.byte	0x2c
 223 00f9 00000000 		.4byte	.LFB154
 224 00fd 10000000 		.4byte	.LFE154-.LFB154
 225 0101 01       		.uleb128 0x1
 226 0102 9C       		.byte	0x9c
 227 0103 29010000 		.4byte	0x129
 228 0107 07       		.uleb128 0x7
 229 0108 657600   		.ascii	"ev\000"
 230 010b 01       		.byte	0x1
 231 010c 2C       		.byte	0x2c
 232 010d E7000000 		.4byte	0xe7
 233 0111 00000000 		.4byte	.LLST0
 234 0115 08       		.uleb128 0x8
 235 0116 08000000 		.4byte	.LVL2
 236 011a A8010000 		.4byte	0x1a8
 237 011e 09       		.uleb128 0x9
 238 011f 01       		.uleb128 0x1
 239 0120 50       		.byte	0x50
 240 0121 05       		.uleb128 0x5
 241 0122 03       		.byte	0x3
 242 0123 00000000 		.4byte	.LC0
 243 0127 00       		.byte	0
 244 0128 00       		.byte	0
 245 0129 06       		.uleb128 0x6
 246 012a 00000000 		.4byte	.LASF24
 247 012e 01       		.byte	0x1
 248 012f 40       		.byte	0x40
 249 0130 00000000 		.4byte	.LFB155
 250 0134 10000000 		.4byte	.LFE155-.LFB155
 251 0138 01       		.uleb128 0x1
 252 0139 9C       		.byte	0x9c
 253 013a 60010000 		.4byte	0x160
 254 013e 07       		.uleb128 0x7
 255 013f 657600   		.ascii	"ev\000"
 256 0142 01       		.byte	0x1
 257 0143 40       		.byte	0x40
 258 0144 E7000000 		.4byte	0xe7
 259 0148 21000000 		.4byte	.LLST1
 260 014c 08       		.uleb128 0x8
 261 014d 08000000 		.4byte	.LVL5
 262 0151 A8010000 		.4byte	0x1a8
 263 0155 09       		.uleb128 0x9
 264 0156 01       		.uleb128 0x1
 265 0157 50       		.byte	0x50
 266 0158 05       		.uleb128 0x5
ARM GAS  C:\Users\zakis\AppData\Local\Temp\cchZoQgo.s 			page 7


 267 0159 03       		.byte	0x3
 268 015a 28000000 		.4byte	.LC1
 269 015e 00       		.byte	0
 270 015f 00       		.byte	0
 271 0160 0A       		.uleb128 0xa
 272 0161 8A010000 		.4byte	.LASF25
 273 0165 08       		.byte	0x8
 274 0166 40       		.byte	0x40
 275 0167 B3000000 		.4byte	0xb3
 276 016b 0A       		.uleb128 0xa
 277 016c F1010000 		.4byte	.LASF26
 278 0170 08       		.byte	0x8
 279 0171 47       		.byte	0x47
 280 0172 BE000000 		.4byte	0xbe
 281 0176 0A       		.uleb128 0xa
 282 0177 21020000 		.4byte	.LASF27
 283 017b 08       		.byte	0x8
 284 017c 4A       		.byte	0x4a
 285 017d B3000000 		.4byte	0xb3
 286 0181 0A       		.uleb128 0xa
 287 0182 B9010000 		.4byte	.LASF28
 288 0186 09       		.byte	0x9
 289 0187 48       		.byte	0x48
 290 0188 C9000000 		.4byte	0xc9
 291 018c 0A       		.uleb128 0xa
 292 018d 78020000 		.4byte	.LASF29
 293 0191 0A       		.byte	0xa
 294 0192 44       		.byte	0x44
 295 0193 B3000000 		.4byte	0xb3
 296 0197 0B       		.uleb128 0xb
 297 0198 A2010000 		.4byte	.LASF30
 298 019c 0B       		.byte	0xb
 299 019d 1207     		.2byte	0x712
 300 019f A3010000 		.4byte	0x1a3
 301 01a3 0C       		.uleb128 0xc
 302 01a4 76000000 		.4byte	0x76
 303 01a8 0D       		.uleb128 0xd
 304 01a9 19000000 		.4byte	.LASF34
 305 01ad 19000000 		.4byte	.LASF34
 306 01b1 0C       		.byte	0xc
 307 01b2 8B       		.byte	0x8b
 308 01b3 00       		.byte	0
 309              		.section	.debug_abbrev,"",%progbits
 310              	.Ldebug_abbrev0:
 311 0000 01       		.uleb128 0x1
 312 0001 11       		.uleb128 0x11
 313 0002 01       		.byte	0x1
 314 0003 25       		.uleb128 0x25
 315 0004 0E       		.uleb128 0xe
 316 0005 13       		.uleb128 0x13
 317 0006 0B       		.uleb128 0xb
 318 0007 03       		.uleb128 0x3
 319 0008 0E       		.uleb128 0xe
 320 0009 1B       		.uleb128 0x1b
 321 000a 0E       		.uleb128 0xe
 322 000b 55       		.uleb128 0x55
 323 000c 17       		.uleb128 0x17
ARM GAS  C:\Users\zakis\AppData\Local\Temp\cchZoQgo.s 			page 8


 324 000d 11       		.uleb128 0x11
 325 000e 01       		.uleb128 0x1
 326 000f 10       		.uleb128 0x10
 327 0010 17       		.uleb128 0x17
 328 0011 00       		.byte	0
 329 0012 00       		.byte	0
 330 0013 02       		.uleb128 0x2
 331 0014 24       		.uleb128 0x24
 332 0015 00       		.byte	0
 333 0016 0B       		.uleb128 0xb
 334 0017 0B       		.uleb128 0xb
 335 0018 3E       		.uleb128 0x3e
 336 0019 0B       		.uleb128 0xb
 337 001a 03       		.uleb128 0x3
 338 001b 0E       		.uleb128 0xe
 339 001c 00       		.byte	0
 340 001d 00       		.byte	0
 341 001e 03       		.uleb128 0x3
 342 001f 16       		.uleb128 0x16
 343 0020 00       		.byte	0
 344 0021 03       		.uleb128 0x3
 345 0022 0E       		.uleb128 0xe
 346 0023 3A       		.uleb128 0x3a
 347 0024 0B       		.uleb128 0xb
 348 0025 3B       		.uleb128 0x3b
 349 0026 0B       		.uleb128 0xb
 350 0027 49       		.uleb128 0x49
 351 0028 13       		.uleb128 0x13
 352 0029 00       		.byte	0
 353 002a 00       		.byte	0
 354 002b 04       		.uleb128 0x4
 355 002c 24       		.uleb128 0x24
 356 002d 00       		.byte	0
 357 002e 0B       		.uleb128 0xb
 358 002f 0B       		.uleb128 0xb
 359 0030 3E       		.uleb128 0x3e
 360 0031 0B       		.uleb128 0xb
 361 0032 03       		.uleb128 0x3
 362 0033 08       		.uleb128 0x8
 363 0034 00       		.byte	0
 364 0035 00       		.byte	0
 365 0036 05       		.uleb128 0x5
 366 0037 16       		.uleb128 0x16
 367 0038 00       		.byte	0
 368 0039 03       		.uleb128 0x3
 369 003a 0E       		.uleb128 0xe
 370 003b 3A       		.uleb128 0x3a
 371 003c 0B       		.uleb128 0xb
 372 003d 3B       		.uleb128 0x3b
 373 003e 05       		.uleb128 0x5
 374 003f 49       		.uleb128 0x49
 375 0040 13       		.uleb128 0x13
 376 0041 00       		.byte	0
 377 0042 00       		.byte	0
 378 0043 06       		.uleb128 0x6
 379 0044 2E       		.uleb128 0x2e
 380 0045 01       		.byte	0x1
ARM GAS  C:\Users\zakis\AppData\Local\Temp\cchZoQgo.s 			page 9


 381 0046 3F       		.uleb128 0x3f
 382 0047 19       		.uleb128 0x19
 383 0048 03       		.uleb128 0x3
 384 0049 0E       		.uleb128 0xe
 385 004a 3A       		.uleb128 0x3a
 386 004b 0B       		.uleb128 0xb
 387 004c 3B       		.uleb128 0x3b
 388 004d 0B       		.uleb128 0xb
 389 004e 27       		.uleb128 0x27
 390 004f 19       		.uleb128 0x19
 391 0050 11       		.uleb128 0x11
 392 0051 01       		.uleb128 0x1
 393 0052 12       		.uleb128 0x12
 394 0053 06       		.uleb128 0x6
 395 0054 40       		.uleb128 0x40
 396 0055 18       		.uleb128 0x18
 397 0056 9742     		.uleb128 0x2117
 398 0058 19       		.uleb128 0x19
 399 0059 01       		.uleb128 0x1
 400 005a 13       		.uleb128 0x13
 401 005b 00       		.byte	0
 402 005c 00       		.byte	0
 403 005d 07       		.uleb128 0x7
 404 005e 05       		.uleb128 0x5
 405 005f 00       		.byte	0
 406 0060 03       		.uleb128 0x3
 407 0061 08       		.uleb128 0x8
 408 0062 3A       		.uleb128 0x3a
 409 0063 0B       		.uleb128 0xb
 410 0064 3B       		.uleb128 0x3b
 411 0065 0B       		.uleb128 0xb
 412 0066 49       		.uleb128 0x49
 413 0067 13       		.uleb128 0x13
 414 0068 02       		.uleb128 0x2
 415 0069 17       		.uleb128 0x17
 416 006a 00       		.byte	0
 417 006b 00       		.byte	0
 418 006c 08       		.uleb128 0x8
 419 006d 898201   		.uleb128 0x4109
 420 0070 01       		.byte	0x1
 421 0071 11       		.uleb128 0x11
 422 0072 01       		.uleb128 0x1
 423 0073 31       		.uleb128 0x31
 424 0074 13       		.uleb128 0x13
 425 0075 00       		.byte	0
 426 0076 00       		.byte	0
 427 0077 09       		.uleb128 0x9
 428 0078 8A8201   		.uleb128 0x410a
 429 007b 00       		.byte	0
 430 007c 02       		.uleb128 0x2
 431 007d 18       		.uleb128 0x18
 432 007e 9142     		.uleb128 0x2111
 433 0080 18       		.uleb128 0x18
 434 0081 00       		.byte	0
 435 0082 00       		.byte	0
 436 0083 0A       		.uleb128 0xa
 437 0084 34       		.uleb128 0x34
ARM GAS  C:\Users\zakis\AppData\Local\Temp\cchZoQgo.s 			page 10


 438 0085 00       		.byte	0
 439 0086 03       		.uleb128 0x3
 440 0087 0E       		.uleb128 0xe
 441 0088 3A       		.uleb128 0x3a
 442 0089 0B       		.uleb128 0xb
 443 008a 3B       		.uleb128 0x3b
 444 008b 0B       		.uleb128 0xb
 445 008c 49       		.uleb128 0x49
 446 008d 13       		.uleb128 0x13
 447 008e 3F       		.uleb128 0x3f
 448 008f 19       		.uleb128 0x19
 449 0090 3C       		.uleb128 0x3c
 450 0091 19       		.uleb128 0x19
 451 0092 00       		.byte	0
 452 0093 00       		.byte	0
 453 0094 0B       		.uleb128 0xb
 454 0095 34       		.uleb128 0x34
 455 0096 00       		.byte	0
 456 0097 03       		.uleb128 0x3
 457 0098 0E       		.uleb128 0xe
 458 0099 3A       		.uleb128 0x3a
 459 009a 0B       		.uleb128 0xb
 460 009b 3B       		.uleb128 0x3b
 461 009c 05       		.uleb128 0x5
 462 009d 49       		.uleb128 0x49
 463 009e 13       		.uleb128 0x13
 464 009f 3F       		.uleb128 0x3f
 465 00a0 19       		.uleb128 0x19
 466 00a1 3C       		.uleb128 0x3c
 467 00a2 19       		.uleb128 0x19
 468 00a3 00       		.byte	0
 469 00a4 00       		.byte	0
 470 00a5 0C       		.uleb128 0xc
 471 00a6 35       		.uleb128 0x35
 472 00a7 00       		.byte	0
 473 00a8 49       		.uleb128 0x49
 474 00a9 13       		.uleb128 0x13
 475 00aa 00       		.byte	0
 476 00ab 00       		.byte	0
 477 00ac 0D       		.uleb128 0xd
 478 00ad 2E       		.uleb128 0x2e
 479 00ae 00       		.byte	0
 480 00af 3F       		.uleb128 0x3f
 481 00b0 19       		.uleb128 0x19
 482 00b1 3C       		.uleb128 0x3c
 483 00b2 19       		.uleb128 0x19
 484 00b3 6E       		.uleb128 0x6e
 485 00b4 0E       		.uleb128 0xe
 486 00b5 03       		.uleb128 0x3
 487 00b6 0E       		.uleb128 0xe
 488 00b7 3A       		.uleb128 0x3a
 489 00b8 0B       		.uleb128 0xb
 490 00b9 3B       		.uleb128 0x3b
 491 00ba 0B       		.uleb128 0xb
 492 00bb 00       		.byte	0
 493 00bc 00       		.byte	0
 494 00bd 00       		.byte	0
ARM GAS  C:\Users\zakis\AppData\Local\Temp\cchZoQgo.s 			page 11


 495              		.section	.debug_loc,"",%progbits
 496              	.Ldebug_loc0:
 497              	.LLST0:
 498 0000 00000000 		.4byte	.LVL0
 499 0004 04000000 		.4byte	.LVL1
 500 0008 0100     		.2byte	0x1
 501 000a 50       		.byte	0x50
 502 000b 04000000 		.4byte	.LVL1
 503 000f 10000000 		.4byte	.LFE154
 504 0013 0400     		.2byte	0x4
 505 0015 F3       		.byte	0xf3
 506 0016 01       		.uleb128 0x1
 507 0017 50       		.byte	0x50
 508 0018 9F       		.byte	0x9f
 509 0019 00000000 		.4byte	0
 510 001d 00000000 		.4byte	0
 511              	.LLST1:
 512 0021 00000000 		.4byte	.LVL3
 513 0025 04000000 		.4byte	.LVL4
 514 0029 0100     		.2byte	0x1
 515 002b 50       		.byte	0x50
 516 002c 04000000 		.4byte	.LVL4
 517 0030 10000000 		.4byte	.LFE155
 518 0034 0400     		.2byte	0x4
 519 0036 F3       		.byte	0xf3
 520 0037 01       		.uleb128 0x1
 521 0038 50       		.byte	0x50
 522 0039 9F       		.byte	0x9f
 523 003a 00000000 		.4byte	0
 524 003e 00000000 		.4byte	0
 525              		.section	.debug_aranges,"",%progbits
 526 0000 24000000 		.4byte	0x24
 527 0004 0200     		.2byte	0x2
 528 0006 00000000 		.4byte	.Ldebug_info0
 529 000a 04       		.byte	0x4
 530 000b 00       		.byte	0
 531 000c 0000     		.2byte	0
 532 000e 0000     		.2byte	0
 533 0010 00000000 		.4byte	.LFB154
 534 0014 10000000 		.4byte	.LFE154-.LFB154
 535 0018 00000000 		.4byte	.LFB155
 536 001c 10000000 		.4byte	.LFE155-.LFB155
 537 0020 00000000 		.4byte	0
 538 0024 00000000 		.4byte	0
 539              		.section	.debug_ranges,"",%progbits
 540              	.Ldebug_ranges0:
 541 0000 00000000 		.4byte	.LFB154
 542 0004 10000000 		.4byte	.LFE154
 543 0008 00000000 		.4byte	.LFB155
 544 000c 10000000 		.4byte	.LFE155
 545 0010 00000000 		.4byte	0
 546 0014 00000000 		.4byte	0
 547              		.section	.debug_line,"",%progbits
 548              	.Ldebug_line0:
 549 0000 61020000 		.section	.debug_str,"MS",%progbits,1
 549      02003B02 
 549      00000201 
ARM GAS  C:\Users\zakis\AppData\Local\Temp\cchZoQgo.s 			page 12


 549      FB0E0D00 
 549      01010101 
 550              	.LASF24:
 551 0000 4F555450 		.ascii	"OUTPUT_setBrakeLight_run\000"
 551      55545F73 
 551      65744272 
 551      616B654C 
 551      69676874 
 552              	.LASF34:
 553 0019 55415254 		.ascii	"UART_Logs_PutString\000"
 553      5F4C6F67 
 553      735F5075 
 553      74537472 
 553      696E6700 
 554              	.LASF9:
 555 002d 5F5F696E 		.ascii	"__int32_t\000"
 555      7433325F 
 555      7400
 556              	.LASF20:
 557 0037 4576656E 		.ascii	"EventMaskType\000"
 557      744D6173 
 557      6B547970 
 557      6500
 558              	.LASF12:
 559 0045 646F7562 		.ascii	"double\000"
 559      6C6500
 560              	.LASF33:
 561 004c 433A5C55 		.ascii	"C:\\Users\\zakis\\Documents\\EAA\\RTE_Gaspedal_Watc"
 561      73657273 
 561      5C7A616B 
 561      69735C44 
 561      6F63756D 
 562 007a 68646F67 		.ascii	"hdog\\LabOne\\Gaspedal_Watchdog.cydsn\000"
 562      5C4C6162 
 562      4F6E655C 
 562      47617370 
 562      6564616C 
 563              	.LASF19:
 564 009e 45455F54 		.ascii	"EE_TID\000"
 564      494400
 565              	.LASF11:
 566 00a5 666C6F61 		.ascii	"float\000"
 566      7400
 567              	.LASF1:
 568 00ab 756E7369 		.ascii	"unsigned char\000"
 568      676E6564 
 568      20636861 
 568      7200
 569              	.LASF31:
 570 00b9 474E5520 		.ascii	"GNU C11 5.4.1 20160609 (release) [ARM/embedded-5-br"
 570      43313120 
 570      352E342E 
 570      31203230 
 570      31363036 
 571 00ec 616E6368 		.ascii	"anch revision 237715] -mcpu=cortex-m3 -mthumb -g -O"
 571      20726576 
 571      6973696F 
ARM GAS  C:\Users\zakis\AppData\Local\Temp\cchZoQgo.s 			page 13


 571      6E203233 
 571      37373135 
 572 011f 67202D66 		.ascii	"g -ffunction-sections -ffat-lto-objects\000"
 572      66756E63 
 572      74696F6E 
 572      2D736563 
 572      74696F6E 
 573              	.LASF15:
 574 0147 45455F49 		.ascii	"EE_INT32\000"
 574      4E543332 
 574      00
 575              	.LASF5:
 576 0150 6C6F6E67 		.ascii	"long unsigned int\000"
 576      20756E73 
 576      69676E65 
 576      6420696E 
 576      7400
 577              	.LASF23:
 578 0162 4F555450 		.ascii	"OUTPUT_setEngine_run\000"
 578      55545F73 
 578      6574456E 
 578      67696E65 
 578      5F72756E 
 579              	.LASF3:
 580 0177 73686F72 		.ascii	"short unsigned int\000"
 580      7420756E 
 580      7369676E 
 580      65642069 
 580      6E7400
 581              	.LASF25:
 582 018a 45455F6F 		.ascii	"EE_oo_IRQ_disable_count\000"
 582      6F5F4952 
 582      515F6469 
 582      7361626C 
 582      655F636F 
 583              	.LASF30:
 584 01a2 49544D5F 		.ascii	"ITM_RxBuffer\000"
 584      52784275 
 584      66666572 
 584      00
 585              	.LASF22:
 586 01af 5254455F 		.ascii	"RTE_event\000"
 586      6576656E 
 586      7400
 587              	.LASF28:
 588 01b9 45455F73 		.ascii	"EE_std_endcycle_next_tid\000"
 588      74645F65 
 588      6E646379 
 588      636C655F 
 588      6E657874 
 589              	.LASF8:
 590 01d2 756E7369 		.ascii	"unsigned int\000"
 590      676E6564 
 590      20696E74 
 590      00
 591              	.LASF18:
 592 01df 45455F46 		.ascii	"EE_FREG\000"
ARM GAS  C:\Users\zakis\AppData\Local\Temp\cchZoQgo.s 			page 14


 592      52454700 
 593              	.LASF16:
 594 01e7 45455F55 		.ascii	"EE_UINT32\000"
 594      494E5433 
 594      3200
 595              	.LASF26:
 596 01f1 45455F6F 		.ascii	"EE_oo_IRQ_suspend_status\000"
 596      6F5F4952 
 596      515F7375 
 596      7370656E 
 596      645F7374 
 597              	.LASF7:
 598 020a 6C6F6E67 		.ascii	"long long unsigned int\000"
 598      206C6F6E 
 598      6720756E 
 598      7369676E 
 598      65642069 
 599              	.LASF27:
 600 0221 45455F41 		.ascii	"EE_ApplicationMode\000"
 600      70706C69 
 600      63617469 
 600      6F6E4D6F 
 600      646500
 601              	.LASF32:
 602 0234 736F7572 		.ascii	"source\\asw\\swc_output.c\000"
 602      63655C61 
 602      73775C73 
 602      77635F6F 
 602      75747075 
 603              	.LASF10:
 604 024c 696E7433 		.ascii	"int32_t\000"
 604      325F7400 
 605              	.LASF21:
 606 0254 73697A65 		.ascii	"sizetype\000"
 606      74797065 
 606      00
 607              	.LASF6:
 608 025d 6C6F6E67 		.ascii	"long long int\000"
 608      206C6F6E 
 608      6720696E 
 608      7400
 609              	.LASF13:
 610 026b 63686172 		.ascii	"char\000"
 610      00
 611              	.LASF17:
 612 0270 45455F55 		.ascii	"EE_UREG\000"
 612      52454700 
 613              	.LASF29:
 614 0278 45455F49 		.ascii	"EE_IRQ_nesting_level\000"
 614      52515F6E 
 614      65737469 
 614      6E675F6C 
 614      6576656C 
 615              	.LASF2:
 616 028d 73686F72 		.ascii	"short int\000"
 616      7420696E 
 616      7400
ARM GAS  C:\Users\zakis\AppData\Local\Temp\cchZoQgo.s 			page 15


 617              	.LASF4:
 618 0297 6C6F6E67 		.ascii	"long int\000"
 618      20696E74 
 618      00
 619              	.LASF14:
 620 02a0 6C6F6E67 		.ascii	"long double\000"
 620      20646F75 
 620      626C6500 
 621              	.LASF0:
 622 02ac 7369676E 		.ascii	"signed char\000"
 622      65642063 
 622      68617200 
 623              		.ident	"GCC: (GNU Tools for ARM Embedded Processors) 5.4.1 20160609 (release) [ARM/embedded-5-bran
