ARM GAS  C:\Users\zakis\AppData\Local\Temp\ccvylQrg.s 			page 1


   1              		.syntax unified
   2              		.cpu cortex-m3
   3              		.fpu softvfp
   4              		.eabi_attribute 20, 1
   5              		.eabi_attribute 21, 1
   6              		.eabi_attribute 23, 3
   7              		.eabi_attribute 24, 1
   8              		.eabi_attribute 25, 1
   9              		.eabi_attribute 26, 1
  10              		.eabi_attribute 30, 1
  11              		.eabi_attribute 34, 1
  12              		.eabi_attribute 18, 4
  13              		.thumb
  14              		.syntax unified
  15              		.file	"tsk_io.c"
  16              		.text
  17              	.Ltext0:
  18              		.cfi_sections	.debug_frame
  19              		.section	.text.Functsk_io,"ax",%progbits
  20              		.align	2
  21              		.global	Functsk_io
  22              		.thumb
  23              		.thumb_func
  24              		.type	Functsk_io, %function
  25              	Functsk_io:
  26              	.LFB110:
  27              		.file 1 "source\\asw\\tsk_io.c"
   1:source\asw/tsk_io.c **** /*
   2:source\asw/tsk_io.c ****  * Filename: tsk_io.c
   3:source\asw/tsk_io.c ****  *
   4:source\asw/tsk_io.c ****  * Author: Autogenerated by H-DA RTE Generator, (c) Prof. Fromm
   5:source\asw/tsk_io.c ****  *
   6:source\asw/tsk_io.c ****  * description: Task where inputs and outputs are handled. Peripheral In/Out
   7:source\asw/tsk_io.c ****  * events: ev_speed_onData|ev_tick_10ms
   8:source\asw/tsk_io.c ****  * mode: Cyclic and Event
   9:source\asw/tsk_io.c ****  * name: tsk_io
  10:source\asw/tsk_io.c ****  * shortname: io
  11:source\asw/tsk_io.c ****  * signalpoolsRO: sp_common
  12:source\asw/tsk_io.c ****  * signalpoolsRW: sp_common
  13:source\asw/tsk_io.c ****  * tickEvent: ev_tick_10ms
  14:source\asw/tsk_io.c ****  * timertickperiod: 10
  15:source\asw/tsk_io.c ****  *
  16:source\asw/tsk_io.c ****  */
  17:source\asw/tsk_io.c **** 
  18:source\asw/tsk_io.c **** #include "project.h"
  19:source\asw/tsk_io.c **** #include "global.h"
  20:source\asw/tsk_io.c **** #include "rte.h"
  21:source\asw/tsk_io.c **** #include "rte_types.h"
  22:source\asw/tsk_io.c **** #include "tsk_io.h"
  23:source\asw/tsk_io.c **** 
  24:source\asw/tsk_io.c **** 
  25:source\asw/tsk_io.c **** 
  26:source\asw/tsk_io.c **** /* USER CODE START TSK_IO_INCLUDE */
  27:source\asw/tsk_io.c **** 
  28:source\asw/tsk_io.c **** /* USER CODE END TSK_IO_INCLUDE */
  29:source\asw/tsk_io.c **** 
  30:source\asw/tsk_io.c **** #include "swc_input.h"
ARM GAS  C:\Users\zakis\AppData\Local\Temp\ccvylQrg.s 			page 2


  31:source\asw/tsk_io.c **** #include "swc_output.h"
  32:source\asw/tsk_io.c **** 
  33:source\asw/tsk_io.c **** 
  34:source\asw/tsk_io.c **** 
  35:source\asw/tsk_io.c **** /* USER CODE START TSK_IO_USERDEFINITIONS */
  36:source\asw/tsk_io.c **** 
  37:source\asw/tsk_io.c **** /* USER CODE END TSK_IO_USERDEFINITIONS */
  38:source\asw/tsk_io.c **** 
  39:source\asw/tsk_io.c **** /*******************************************************************************
  40:source\asw/tsk_io.c ****  * Runnable Tables from Activation Engine
  41:source\asw/tsk_io.c ****  *******************************************************************************/
  42:source\asw/tsk_io.c **** 
  43:source\asw/tsk_io.c **** /* Cyclic Table */
  44:source\asw/tsk_io.c **** 
  45:source\asw/tsk_io.c **** const RTE_cyclicTable_t RTE_cyclicActivationTable_tsk_io[] = {
  46:source\asw/tsk_io.c **** 	{ INPUT_readJoystick_run, 10 },	//takes input from joystick
  47:source\asw/tsk_io.c **** 	{ OUTPUT_setEngine_run, 100 },	//Sets Green LED according to Engine Speed
  48:source\asw/tsk_io.c **** };
  49:source\asw/tsk_io.c **** const uint16_t RTE_cyclicActivation_tsk_io_size = sizeof (RTE_cyclicActivationTable_tsk_io) / sizeo
  50:source\asw/tsk_io.c **** 
  51:source\asw/tsk_io.c **** /* Event Table */
  52:source\asw/tsk_io.c **** const RTE_eventTable_t RTE_eventActivationTable_tsk_io[] = {
  53:source\asw/tsk_io.c ****     { OUTPUT_setBrakeLight_run, ev_speed_onData },  //Sets LED according to brake condition
  54:source\asw/tsk_io.c **** }; 
  55:source\asw/tsk_io.c **** const uint16_t RTE_eventActivation_tsk_io_size = sizeof (RTE_eventActivationTable_tsk_io) / sizeof(
  56:source\asw/tsk_io.c **** 
  57:source\asw/tsk_io.c **** /*******************************************************************************
  58:source\asw/tsk_io.c ****  * Task Body
  59:source\asw/tsk_io.c ****  *******************************************************************************/
  60:source\asw/tsk_io.c **** 
  61:source\asw/tsk_io.c **** 
  62:source\asw/tsk_io.c **** /*
  63:source\asw/tsk_io.c ****  * description: Task where inputs and outputs are handled. Peripheral In/Out
  64:source\asw/tsk_io.c ****  * events: ev_speed_onData|ev_tick_10ms
  65:source\asw/tsk_io.c ****  * mode: Cyclic and Event
  66:source\asw/tsk_io.c ****  * name: tsk_io
  67:source\asw/tsk_io.c ****  * shortname: io
  68:source\asw/tsk_io.c ****  * signalpoolsRO: sp_common
  69:source\asw/tsk_io.c ****  * signalpoolsRW: sp_common
  70:source\asw/tsk_io.c ****  * tickEvent: ev_tick_10ms
  71:source\asw/tsk_io.c ****  * timertickperiod: 10
  72:source\asw/tsk_io.c ****  */
  73:source\asw/tsk_io.c **** TASK(tsk_io)
  74:source\asw/tsk_io.c **** {
  28              		.loc 1 74 0
  29              		.cfi_startproc
  30              		@ args = 0, pretend = 0, frame = 8
  31              		@ frame_needed = 0, uses_anonymous_args = 0
  32 0000 10B5     		push	{r4, lr}
  33              		.cfi_def_cfa_offset 8
  34              		.cfi_offset 4, -8
  35              		.cfi_offset 14, -4
  36 0002 82B0     		sub	sp, sp, #8
  37              		.cfi_def_cfa_offset 16
  38              	.LVL0:
  75:source\asw/tsk_io.c **** 	/* ticktime of the task */
  76:source\asw/tsk_io.c **** 	uint32_t ticktime = 0;
ARM GAS  C:\Users\zakis\AppData\Local\Temp\ccvylQrg.s 			page 3


  77:source\asw/tsk_io.c **** 	
  78:source\asw/tsk_io.c ****     EventMaskType ev = 0;
  39              		.loc 1 78 0
  40 0004 0024     		movs	r4, #0
  41 0006 0194     		str	r4, [sp, #4]
  42              	.LVL1:
  43              	.L3:
  79:source\asw/tsk_io.c **** 	
  80:source\asw/tsk_io.c **** 	/* USER CODE START TSK_IO_INIT */
  81:source\asw/tsk_io.c **** 
  82:source\asw/tsk_io.c **** 	/* USER CODE END TSK_IO_INIT */
  83:source\asw/tsk_io.c ****     
  84:source\asw/tsk_io.c ****     while(1)
  85:source\asw/tsk_io.c ****     {
  86:source\asw/tsk_io.c ****         //Wait, read and clear the event
  87:source\asw/tsk_io.c ****         WaitEvent(ev_speed_onData|ev_tick_10ms);
  44              		.loc 1 87 0
  45 0008 0620     		movs	r0, #6
  46 000a FFF7FEFF 		bl	EE_oo_WaitEvent
  47              	.LVL2:
  88:source\asw/tsk_io.c ****         GetEvent(tsk_io,&ev);
  48              		.loc 1 88 0
  49 000e 01A9     		add	r1, sp, #4
  50 0010 0220     		movs	r0, #2
  51 0012 FFF7FEFF 		bl	EE_oo_GetEvent
  52              	.LVL3:
  89:source\asw/tsk_io.c ****         ClearEvent(ev);
  53              		.loc 1 89 0
  54 0016 0198     		ldr	r0, [sp, #4]
  55 0018 FFF7FEFF 		bl	EE_oo_ClearEvent
  56              	.LVL4:
  90:source\asw/tsk_io.c ****     
  91:source\asw/tsk_io.c **** 		/* USER CODE START TSK_IO_TASKBOBY_PRE */
  92:source\asw/tsk_io.c **** 
  93:source\asw/tsk_io.c **** 		/* USER CODE END TSK_IO_TASKBODY_PRE */
  94:source\asw/tsk_io.c ****         
  95:source\asw/tsk_io.c ****         if (ev & ev_tick_10ms){
  57              		.loc 1 95 0
  58 001c 019B     		ldr	r3, [sp, #4]
  59 001e 13F0040F 		tst	r3, #4
  60 0022 09D0     		beq	.L2
  96:source\asw/tsk_io.c ****             //Process Cyclic table on tick
  97:source\asw/tsk_io.c ****             RTE_ProcessCyclicTable(RTE_cyclicActivationTable_tsk_io, RTE_cyclicActivation_tsk_io_si
  61              		.loc 1 97 0
  62 0024 2246     		mov	r2, r4
  63 0026 0221     		movs	r1, #2
  64 0028 0648     		ldr	r0, .L6
  65 002a FFF7FEFF 		bl	RTE_ProcessCyclicTable
  66              	.LVL5:
  98:source\asw/tsk_io.c **** 
  99:source\asw/tsk_io.c **** 			ticktime += 10;
  67              		.loc 1 99 0
  68 002e 0A34     		adds	r4, r4, #10
  69              	.LVL6:
 100:source\asw/tsk_io.c **** 			if (ticktime > 0xFFFFFF00) ticktime = 0;
  70              		.loc 1 100 0
  71 0030 14F5807F 		cmn	r4, #256
ARM GAS  C:\Users\zakis\AppData\Local\Temp\ccvylQrg.s 			page 4


  72 0034 00D9     		bls	.L2
  73 0036 0024     		movs	r4, #0
  74              	.LVL7:
  75              	.L2:
 101:source\asw/tsk_io.c **** 
 102:source\asw/tsk_io.c **** 		};
 103:source\asw/tsk_io.c **** 		
 104:source\asw/tsk_io.c **** 		//Process data driven events
 105:source\asw/tsk_io.c **** 		RTE_ProcessEventTable(RTE_eventActivationTable_tsk_io, RTE_eventActivation_tsk_io_size, ev);
  76              		.loc 1 105 0
  77 0038 019A     		ldr	r2, [sp, #4]
  78 003a 0121     		movs	r1, #1
  79 003c 0248     		ldr	r0, .L6+4
  80 003e FFF7FEFF 		bl	RTE_ProcessEventTable
  81              	.LVL8:
 106:source\asw/tsk_io.c **** 		
 107:source\asw/tsk_io.c **** 		/* USER CODE START TSK_IO_TASKBODY_POST */
 108:source\asw/tsk_io.c **** 
 109:source\asw/tsk_io.c **** 		/* USER CODE END TSK_IO_TASKBODY_POST */
 110:source\asw/tsk_io.c ****         
 111:source\asw/tsk_io.c ****     }
  82              		.loc 1 111 0
  83 0042 E1E7     		b	.L3
  84              	.L7:
  85              		.align	2
  86              	.L6:
  87 0044 00000000 		.word	.LANCHOR0
  88 0048 10000000 		.word	.LANCHOR0+16
  89              		.cfi_endproc
  90              	.LFE110:
  91              		.size	Functsk_io, .-Functsk_io
  92              		.global	RTE_eventActivation_tsk_io_size
  93              		.global	RTE_eventActivationTable_tsk_io
  94              		.global	RTE_cyclicActivation_tsk_io_size
  95              		.global	RTE_cyclicActivationTable_tsk_io
  96              		.section	.rodata
  97              		.align	2
  98              		.set	.LANCHOR0,. + 0
  99              		.type	RTE_cyclicActivationTable_tsk_io, %object
 100              		.size	RTE_cyclicActivationTable_tsk_io, 16
 101              	RTE_cyclicActivationTable_tsk_io:
 102 0000 00000000 		.word	INPUT_readJoystick_run
 103 0004 0A00     		.short	10
 104 0006 0000     		.space	2
 105 0008 00000000 		.word	OUTPUT_setEngine_run
 106 000c 6400     		.short	100
 107 000e 0000     		.space	2
 108              		.type	RTE_eventActivationTable_tsk_io, %object
 109              		.size	RTE_eventActivationTable_tsk_io, 8
 110              	RTE_eventActivationTable_tsk_io:
 111 0010 00000000 		.word	OUTPUT_setBrakeLight_run
 112 0014 02000000 		.word	2
 113              		.type	RTE_eventActivation_tsk_io_size, %object
 114              		.size	RTE_eventActivation_tsk_io_size, 2
 115              	RTE_eventActivation_tsk_io_size:
 116 0018 0100     		.short	1
 117              		.type	RTE_cyclicActivation_tsk_io_size, %object
ARM GAS  C:\Users\zakis\AppData\Local\Temp\ccvylQrg.s 			page 5


 118              		.size	RTE_cyclicActivation_tsk_io_size, 2
 119              	RTE_cyclicActivation_tsk_io_size:
 120 001a 0200     		.short	2
 121              		.text
 122              	.Letext0:
 123              		.file 2 "c:\\program files (x86)\\cypress\\psoc creator\\4.4\\psoc creator\\import\\gnu\\arm\\5.4.
 124              		.file 3 "c:\\program files (x86)\\cypress\\psoc creator\\4.4\\psoc creator\\import\\gnu\\arm\\5.4.
 125              		.file 4 "Generated_Source\\PSoC5/ErikaOS_common_ee_types.inc"
 126              		.file 5 "Generated_Source\\PSoC5/ErikaOS_cortex_mx_ee_cpu.inc"
 127              		.file 6 "Generated_Source\\PSoC5/ErikaOS_ee_oo_common.inc"
 128              		.file 7 ".\\source\\rte/rte_types.h"
 129              		.file 8 ".\\source\\rte/rte.h"
 130              		.file 9 "Generated_Source\\PSoC5/ErikaOS_ee_oo_intfunc.inc"
 131              		.file 10 "Generated_Source\\PSoC5/ErikaOS_cortex_mx_ee_context.inc"
 132              		.file 11 "Generated_Source\\PSoC5/ErikaOS_common_ee_primitives.inc"
 133              		.file 12 "Generated_Source\\PSoC5/core_cm3.h"
 134              		.file 13 "Generated_Source\\PSoC5/ErikaOS_ee_oo_kernel.inc"
 135              		.section	.debug_info,"",%progbits
 136              	.Ldebug_info0:
 137 0000 2F030000 		.4byte	0x32f
 138 0004 0400     		.2byte	0x4
 139 0006 00000000 		.4byte	.Ldebug_abbrev0
 140 000a 04       		.byte	0x4
 141 000b 01       		.uleb128 0x1
 142 000c E7000000 		.4byte	.LASF48
 143 0010 0C       		.byte	0xc
 144 0011 50020000 		.4byte	.LASF49
 145 0015 40000000 		.4byte	.LASF50
 146 0019 00000000 		.4byte	.Ldebug_ranges0+0
 147 001d 00000000 		.4byte	0
 148 0021 00000000 		.4byte	.Ldebug_line0
 149 0025 02       		.uleb128 0x2
 150 0026 01       		.byte	0x1
 151 0027 06       		.byte	0x6
 152 0028 6B030000 		.4byte	.LASF0
 153 002c 02       		.uleb128 0x2
 154 002d 01       		.byte	0x1
 155 002e 08       		.byte	0x8
 156 002f D9000000 		.4byte	.LASF1
 157 0033 02       		.uleb128 0x2
 158 0034 02       		.byte	0x2
 159 0035 05       		.byte	0x5
 160 0036 22030000 		.4byte	.LASF2
 161 003a 03       		.uleb128 0x3
 162 003b FF010000 		.4byte	.LASF4
 163 003f 02       		.byte	0x2
 164 0040 2B       		.byte	0x2b
 165 0041 45000000 		.4byte	0x45
 166 0045 02       		.uleb128 0x2
 167 0046 02       		.byte	0x2
 168 0047 07       		.byte	0x7
 169 0048 B0010000 		.4byte	.LASF3
 170 004c 03       		.uleb128 0x3
 171 004d 21000000 		.4byte	.LASF5
 172 0051 02       		.byte	0x2
 173 0052 3F       		.byte	0x3f
 174 0053 57000000 		.4byte	0x57
ARM GAS  C:\Users\zakis\AppData\Local\Temp\ccvylQrg.s 			page 6


 175 0057 02       		.uleb128 0x2
 176 0058 04       		.byte	0x4
 177 0059 05       		.byte	0x5
 178 005a 56030000 		.4byte	.LASF6
 179 005e 03       		.uleb128 0x3
 180 005f 25020000 		.4byte	.LASF7
 181 0063 02       		.byte	0x2
 182 0064 41       		.byte	0x41
 183 0065 69000000 		.4byte	0x69
 184 0069 02       		.uleb128 0x2
 185 006a 04       		.byte	0x4
 186 006b 07       		.byte	0x7
 187 006c 9E010000 		.4byte	.LASF8
 188 0070 02       		.uleb128 0x2
 189 0071 08       		.byte	0x8
 190 0072 05       		.byte	0x5
 191 0073 E9020000 		.4byte	.LASF9
 192 0077 02       		.uleb128 0x2
 193 0078 08       		.byte	0x8
 194 0079 07       		.byte	0x7
 195 007a B8000000 		.4byte	.LASF10
 196 007e 04       		.uleb128 0x4
 197 007f 04       		.byte	0x4
 198 0080 05       		.byte	0x5
 199 0081 696E7400 		.ascii	"int\000"
 200 0085 02       		.uleb128 0x2
 201 0086 04       		.byte	0x4
 202 0087 07       		.byte	0x7
 203 0088 7C020000 		.4byte	.LASF11
 204 008c 03       		.uleb128 0x3
 205 008d 19030000 		.4byte	.LASF12
 206 0091 03       		.byte	0x3
 207 0092 24       		.byte	0x24
 208 0093 3A000000 		.4byte	0x3a
 209 0097 03       		.uleb128 0x3
 210 0098 D8020000 		.4byte	.LASF13
 211 009c 03       		.byte	0x3
 212 009d 2C       		.byte	0x2c
 213 009e 4C000000 		.4byte	0x4c
 214 00a2 03       		.uleb128 0x3
 215 00a3 4D030000 		.4byte	.LASF14
 216 00a7 03       		.byte	0x3
 217 00a8 30       		.byte	0x30
 218 00a9 5E000000 		.4byte	0x5e
 219 00ad 02       		.uleb128 0x2
 220 00ae 04       		.byte	0x4
 221 00af 04       		.byte	0x4
 222 00b0 99000000 		.4byte	.LASF15
 223 00b4 02       		.uleb128 0x2
 224 00b5 08       		.byte	0x8
 225 00b6 04       		.byte	0x4
 226 00b7 39000000 		.4byte	.LASF16
 227 00bb 02       		.uleb128 0x2
 228 00bc 01       		.byte	0x1
 229 00bd 08       		.byte	0x8
 230 00be F7020000 		.4byte	.LASF17
 231 00c2 02       		.uleb128 0x2
ARM GAS  C:\Users\zakis\AppData\Local\Temp\ccvylQrg.s 			page 7


 232 00c3 08       		.byte	0x8
 233 00c4 04       		.byte	0x4
 234 00c5 5F030000 		.4byte	.LASF18
 235 00c9 03       		.uleb128 0x3
 236 00ca 95010000 		.4byte	.LASF19
 237 00ce 04       		.byte	0x4
 238 00cf 53       		.byte	0x53
 239 00d0 7E000000 		.4byte	0x7e
 240 00d4 03       		.uleb128 0x3
 241 00d5 91020000 		.4byte	.LASF20
 242 00d9 04       		.byte	0x4
 243 00da 54       		.byte	0x54
 244 00db 85000000 		.4byte	0x85
 245 00df 03       		.uleb128 0x3
 246 00e0 FC020000 		.4byte	.LASF21
 247 00e4 05       		.byte	0x5
 248 00e5 4D       		.byte	0x4d
 249 00e6 D4000000 		.4byte	0xd4
 250 00ea 03       		.uleb128 0x3
 251 00eb 89020000 		.4byte	.LASF22
 252 00ef 05       		.byte	0x5
 253 00f0 4F       		.byte	0x4f
 254 00f1 D4000000 		.4byte	0xd4
 255 00f5 03       		.uleb128 0x3
 256 00f6 92000000 		.4byte	.LASF23
 257 00fa 05       		.byte	0x5
 258 00fb 78       		.byte	0x78
 259 00fc C9000000 		.4byte	0xc9
 260 0100 05       		.uleb128 0x5
 261 0101 2B000000 		.4byte	.LASF24
 262 0105 06       		.byte	0x6
 263 0106 2C02     		.2byte	0x22c
 264 0108 DF000000 		.4byte	0xdf
 265 010c 02       		.uleb128 0x2
 266 010d 04       		.byte	0x4
 267 010e 07       		.byte	0x7
 268 010f E0020000 		.4byte	.LASF25
 269 0113 03       		.uleb128 0x3
 270 0114 0A020000 		.4byte	.LASF26
 271 0118 07       		.byte	0x7
 272 0119 21       		.byte	0x21
 273 011a 00010000 		.4byte	0x100
 274 011e 03       		.uleb128 0x3
 275 011f 77030000 		.4byte	.LASF27
 276 0123 08       		.byte	0x8
 277 0124 66       		.byte	0x66
 278 0125 29010000 		.4byte	0x129
 279 0129 06       		.uleb128 0x6
 280 012a 04       		.byte	0x4
 281 012b 2F010000 		.4byte	0x12f
 282 012f 07       		.uleb128 0x7
 283 0130 3A010000 		.4byte	0x13a
 284 0134 08       		.uleb128 0x8
 285 0135 13010000 		.4byte	0x113
 286 0139 00       		.byte	0
 287 013a 09       		.uleb128 0x9
 288 013b 08       		.byte	0x8
ARM GAS  C:\Users\zakis\AppData\Local\Temp\ccvylQrg.s 			page 8


 289 013c 08       		.byte	0x8
 290 013d 6B       		.byte	0x6b
 291 013e 5B010000 		.4byte	0x15b
 292 0142 0A       		.uleb128 0xa
 293 0143 72756E00 		.ascii	"run\000"
 294 0147 08       		.byte	0x8
 295 0148 6D       		.byte	0x6d
 296 0149 1E010000 		.4byte	0x11e
 297 014d 00       		.byte	0
 298 014e 0B       		.uleb128 0xb
 299 014f CF000000 		.4byte	.LASF28
 300 0153 08       		.byte	0x8
 301 0154 6E       		.byte	0x6e
 302 0155 8C000000 		.4byte	0x8c
 303 0159 04       		.byte	0x4
 304 015a 00       		.byte	0
 305 015b 03       		.uleb128 0x3
 306 015c 6A020000 		.4byte	.LASF29
 307 0160 08       		.byte	0x8
 308 0161 6F       		.byte	0x6f
 309 0162 3A010000 		.4byte	0x13a
 310 0166 09       		.uleb128 0x9
 311 0167 08       		.byte	0x8
 312 0168 08       		.byte	0x8
 313 0169 74       		.byte	0x74
 314 016a 87010000 		.4byte	0x187
 315 016e 0A       		.uleb128 0xa
 316 016f 72756E00 		.ascii	"run\000"
 317 0173 08       		.byte	0x8
 318 0174 76       		.byte	0x76
 319 0175 1E010000 		.4byte	0x11e
 320 0179 00       		.byte	0
 321 017a 0B       		.uleb128 0xb
 322 017b 64020000 		.4byte	.LASF30
 323 017f 08       		.byte	0x8
 324 0180 77       		.byte	0x77
 325 0181 00010000 		.4byte	0x100
 326 0185 04       		.byte	0x4
 327 0186 00       		.byte	0
 328 0187 03       		.uleb128 0x3
 329 0188 10000000 		.4byte	.LASF31
 330 018c 08       		.byte	0x8
 331 018d 78       		.byte	0x78
 332 018e 66010000 		.4byte	0x166
 333 0192 0C       		.uleb128 0xc
 334 0193 A4020000 		.4byte	.LASF51
 335 0197 01       		.byte	0x1
 336 0198 49       		.byte	0x49
 337 0199 00000000 		.4byte	.LFB110
 338 019d 4C000000 		.4byte	.LFE110-.LFB110
 339 01a1 01       		.uleb128 0x1
 340 01a2 9C       		.byte	0x9c
 341 01a3 33020000 		.4byte	0x233
 342 01a7 0D       		.uleb128 0xd
 343 01a8 9B020000 		.4byte	.LASF32
 344 01ac 01       		.byte	0x1
 345 01ad 4C       		.byte	0x4c
ARM GAS  C:\Users\zakis\AppData\Local\Temp\ccvylQrg.s 			page 9


 346 01ae A2000000 		.4byte	0xa2
 347 01b2 00000000 		.4byte	.LLST0
 348 01b6 0E       		.uleb128 0xe
 349 01b7 657600   		.ascii	"ev\000"
 350 01ba 01       		.byte	0x1
 351 01bb 4E       		.byte	0x4e
 352 01bc 00010000 		.4byte	0x100
 353 01c0 02       		.uleb128 0x2
 354 01c1 91       		.byte	0x91
 355 01c2 74       		.sleb128 -12
 356 01c3 0F       		.uleb128 0xf
 357 01c4 0E000000 		.4byte	.LVL2
 358 01c8 F8020000 		.4byte	0x2f8
 359 01cc D6010000 		.4byte	0x1d6
 360 01d0 10       		.uleb128 0x10
 361 01d1 01       		.uleb128 0x1
 362 01d2 50       		.byte	0x50
 363 01d3 01       		.uleb128 0x1
 364 01d4 36       		.byte	0x36
 365 01d5 00       		.byte	0
 366 01d6 0F       		.uleb128 0xf
 367 01d7 16000000 		.4byte	.LVL3
 368 01db 04030000 		.4byte	0x304
 369 01df EF010000 		.4byte	0x1ef
 370 01e3 10       		.uleb128 0x10
 371 01e4 01       		.uleb128 0x1
 372 01e5 50       		.byte	0x50
 373 01e6 01       		.uleb128 0x1
 374 01e7 32       		.byte	0x32
 375 01e8 10       		.uleb128 0x10
 376 01e9 01       		.uleb128 0x1
 377 01ea 51       		.byte	0x51
 378 01eb 02       		.uleb128 0x2
 379 01ec 91       		.byte	0x91
 380 01ed 74       		.sleb128 -12
 381 01ee 00       		.byte	0
 382 01ef 11       		.uleb128 0x11
 383 01f0 1C000000 		.4byte	.LVL4
 384 01f4 10030000 		.4byte	0x310
 385 01f8 0F       		.uleb128 0xf
 386 01f9 2E000000 		.4byte	.LVL5
 387 01fd 1C030000 		.4byte	0x31c
 388 0201 1A020000 		.4byte	0x21a
 389 0205 10       		.uleb128 0x10
 390 0206 01       		.uleb128 0x1
 391 0207 50       		.byte	0x50
 392 0208 05       		.uleb128 0x5
 393 0209 03       		.byte	0x3
 394 020a 00000000 		.4byte	.LANCHOR0
 395 020e 10       		.uleb128 0x10
 396 020f 01       		.uleb128 0x1
 397 0210 51       		.byte	0x51
 398 0211 01       		.uleb128 0x1
 399 0212 32       		.byte	0x32
 400 0213 10       		.uleb128 0x10
 401 0214 01       		.uleb128 0x1
 402 0215 52       		.byte	0x52
ARM GAS  C:\Users\zakis\AppData\Local\Temp\ccvylQrg.s 			page 10


 403 0216 02       		.uleb128 0x2
 404 0217 74       		.byte	0x74
 405 0218 00       		.sleb128 0
 406 0219 00       		.byte	0
 407 021a 12       		.uleb128 0x12
 408 021b 42000000 		.4byte	.LVL8
 409 021f 27030000 		.4byte	0x327
 410 0223 10       		.uleb128 0x10
 411 0224 01       		.uleb128 0x1
 412 0225 50       		.byte	0x50
 413 0226 05       		.uleb128 0x5
 414 0227 03       		.byte	0x3
 415 0228 10000000 		.4byte	.LANCHOR0+16
 416 022c 10       		.uleb128 0x10
 417 022d 01       		.uleb128 0x1
 418 022e 51       		.byte	0x51
 419 022f 01       		.uleb128 0x1
 420 0230 31       		.byte	0x31
 421 0231 00       		.byte	0
 422 0232 00       		.byte	0
 423 0233 13       		.uleb128 0x13
 424 0234 C3010000 		.4byte	.LASF33
 425 0238 09       		.byte	0x9
 426 0239 40       		.byte	0x40
 427 023a DF000000 		.4byte	0xdf
 428 023e 13       		.uleb128 0x13
 429 023f 94030000 		.4byte	.LASF34
 430 0243 09       		.byte	0x9
 431 0244 47       		.byte	0x47
 432 0245 EA000000 		.4byte	0xea
 433 0249 13       		.uleb128 0x13
 434 024a AF020000 		.4byte	.LASF35
 435 024e 09       		.byte	0x9
 436 024f 4A       		.byte	0x4a
 437 0250 DF000000 		.4byte	0xdf
 438 0254 13       		.uleb128 0x13
 439 0255 9F000000 		.4byte	.LASF36
 440 0259 0A       		.byte	0xa
 441 025a 48       		.byte	0x48
 442 025b F5000000 		.4byte	0xf5
 443 025f 13       		.uleb128 0x13
 444 0260 04030000 		.4byte	.LASF37
 445 0264 0B       		.byte	0xb
 446 0265 44       		.byte	0x44
 447 0266 DF000000 		.4byte	0xdf
 448 026a 14       		.uleb128 0x14
 449 026b DB010000 		.4byte	.LASF38
 450 026f 0C       		.byte	0xc
 451 0270 1207     		.2byte	0x712
 452 0272 76020000 		.4byte	0x276
 453 0276 15       		.uleb128 0x15
 454 0277 97000000 		.4byte	0x97
 455 027b 16       		.uleb128 0x16
 456 027c 8B020000 		.4byte	0x28b
 457 0280 8B020000 		.4byte	0x28b
 458 0284 17       		.uleb128 0x17
 459 0285 0C010000 		.4byte	0x10c
ARM GAS  C:\Users\zakis\AppData\Local\Temp\ccvylQrg.s 			page 11


 460 0289 01       		.byte	0x1
 461 028a 00       		.byte	0
 462 028b 18       		.uleb128 0x18
 463 028c 5B010000 		.4byte	0x15b
 464 0290 19       		.uleb128 0x19
 465 0291 AD030000 		.4byte	.LASF39
 466 0295 01       		.byte	0x1
 467 0296 2D       		.byte	0x2d
 468 0297 A1020000 		.4byte	0x2a1
 469 029b 05       		.uleb128 0x5
 470 029c 03       		.byte	0x3
 471 029d 00000000 		.4byte	RTE_cyclicActivationTable_tsk_io
 472 02a1 18       		.uleb128 0x18
 473 02a2 7B020000 		.4byte	0x27b
 474 02a6 19       		.uleb128 0x19
 475 02a7 2C030000 		.4byte	.LASF40
 476 02ab 01       		.byte	0x1
 477 02ac 31       		.byte	0x31
 478 02ad B7020000 		.4byte	0x2b7
 479 02b1 05       		.uleb128 0x5
 480 02b2 03       		.byte	0x3
 481 02b3 00000000 		.4byte	RTE_cyclicActivation_tsk_io_size
 482 02b7 18       		.uleb128 0x18
 483 02b8 8C000000 		.4byte	0x8c
 484 02bc 16       		.uleb128 0x16
 485 02bd CC020000 		.4byte	0x2cc
 486 02c1 CC020000 		.4byte	0x2cc
 487 02c5 17       		.uleb128 0x17
 488 02c6 0C010000 		.4byte	0x10c
 489 02ca 00       		.byte	0
 490 02cb 00       		.byte	0
 491 02cc 18       		.uleb128 0x18
 492 02cd 87010000 		.4byte	0x187
 493 02d1 19       		.uleb128 0x19
 494 02d2 30020000 		.4byte	.LASF41
 495 02d6 01       		.byte	0x1
 496 02d7 34       		.byte	0x34
 497 02d8 E2020000 		.4byte	0x2e2
 498 02dc 05       		.uleb128 0x5
 499 02dd 03       		.byte	0x3
 500 02de 00000000 		.4byte	RTE_eventActivationTable_tsk_io
 501 02e2 18       		.uleb128 0x18
 502 02e3 BC020000 		.4byte	0x2bc
 503 02e7 19       		.uleb128 0x19
 504 02e8 75010000 		.4byte	.LASF42
 505 02ec 01       		.byte	0x1
 506 02ed 37       		.byte	0x37
 507 02ee B7020000 		.4byte	0x2b7
 508 02f2 05       		.uleb128 0x5
 509 02f3 03       		.byte	0x3
 510 02f4 00000000 		.4byte	RTE_eventActivation_tsk_io_size
 511 02f8 1A       		.uleb128 0x1a
 512 02f9 00000000 		.4byte	.LASF43
 513 02fd 00000000 		.4byte	.LASF43
 514 0301 0D       		.byte	0xd
 515 0302 5901     		.2byte	0x159
 516 0304 1A       		.uleb128 0x1a
ARM GAS  C:\Users\zakis\AppData\Local\Temp\ccvylQrg.s 			page 12


 517 0305 85030000 		.4byte	.LASF44
 518 0309 85030000 		.4byte	.LASF44
 519 030d 0D       		.byte	0xd
 520 030e 5401     		.2byte	0x154
 521 0310 1A       		.uleb128 0x1a
 522 0311 14020000 		.4byte	.LASF45
 523 0315 14020000 		.4byte	.LASF45
 524 0319 0D       		.byte	0xd
 525 031a 4F01     		.2byte	0x14f
 526 031c 1B       		.uleb128 0x1b
 527 031d E8010000 		.4byte	.LASF46
 528 0321 E8010000 		.4byte	.LASF46
 529 0325 08       		.byte	0x8
 530 0326 8E       		.byte	0x8e
 531 0327 1B       		.uleb128 0x1b
 532 0328 C2020000 		.4byte	.LASF47
 533 032c C2020000 		.4byte	.LASF47
 534 0330 08       		.byte	0x8
 535 0331 97       		.byte	0x97
 536 0332 00       		.byte	0
 537              		.section	.debug_abbrev,"",%progbits
 538              	.Ldebug_abbrev0:
 539 0000 01       		.uleb128 0x1
 540 0001 11       		.uleb128 0x11
 541 0002 01       		.byte	0x1
 542 0003 25       		.uleb128 0x25
 543 0004 0E       		.uleb128 0xe
 544 0005 13       		.uleb128 0x13
 545 0006 0B       		.uleb128 0xb
 546 0007 03       		.uleb128 0x3
 547 0008 0E       		.uleb128 0xe
 548 0009 1B       		.uleb128 0x1b
 549 000a 0E       		.uleb128 0xe
 550 000b 55       		.uleb128 0x55
 551 000c 17       		.uleb128 0x17
 552 000d 11       		.uleb128 0x11
 553 000e 01       		.uleb128 0x1
 554 000f 10       		.uleb128 0x10
 555 0010 17       		.uleb128 0x17
 556 0011 00       		.byte	0
 557 0012 00       		.byte	0
 558 0013 02       		.uleb128 0x2
 559 0014 24       		.uleb128 0x24
 560 0015 00       		.byte	0
 561 0016 0B       		.uleb128 0xb
 562 0017 0B       		.uleb128 0xb
 563 0018 3E       		.uleb128 0x3e
 564 0019 0B       		.uleb128 0xb
 565 001a 03       		.uleb128 0x3
 566 001b 0E       		.uleb128 0xe
 567 001c 00       		.byte	0
 568 001d 00       		.byte	0
 569 001e 03       		.uleb128 0x3
 570 001f 16       		.uleb128 0x16
 571 0020 00       		.byte	0
 572 0021 03       		.uleb128 0x3
 573 0022 0E       		.uleb128 0xe
ARM GAS  C:\Users\zakis\AppData\Local\Temp\ccvylQrg.s 			page 13


 574 0023 3A       		.uleb128 0x3a
 575 0024 0B       		.uleb128 0xb
 576 0025 3B       		.uleb128 0x3b
 577 0026 0B       		.uleb128 0xb
 578 0027 49       		.uleb128 0x49
 579 0028 13       		.uleb128 0x13
 580 0029 00       		.byte	0
 581 002a 00       		.byte	0
 582 002b 04       		.uleb128 0x4
 583 002c 24       		.uleb128 0x24
 584 002d 00       		.byte	0
 585 002e 0B       		.uleb128 0xb
 586 002f 0B       		.uleb128 0xb
 587 0030 3E       		.uleb128 0x3e
 588 0031 0B       		.uleb128 0xb
 589 0032 03       		.uleb128 0x3
 590 0033 08       		.uleb128 0x8
 591 0034 00       		.byte	0
 592 0035 00       		.byte	0
 593 0036 05       		.uleb128 0x5
 594 0037 16       		.uleb128 0x16
 595 0038 00       		.byte	0
 596 0039 03       		.uleb128 0x3
 597 003a 0E       		.uleb128 0xe
 598 003b 3A       		.uleb128 0x3a
 599 003c 0B       		.uleb128 0xb
 600 003d 3B       		.uleb128 0x3b
 601 003e 05       		.uleb128 0x5
 602 003f 49       		.uleb128 0x49
 603 0040 13       		.uleb128 0x13
 604 0041 00       		.byte	0
 605 0042 00       		.byte	0
 606 0043 06       		.uleb128 0x6
 607 0044 0F       		.uleb128 0xf
 608 0045 00       		.byte	0
 609 0046 0B       		.uleb128 0xb
 610 0047 0B       		.uleb128 0xb
 611 0048 49       		.uleb128 0x49
 612 0049 13       		.uleb128 0x13
 613 004a 00       		.byte	0
 614 004b 00       		.byte	0
 615 004c 07       		.uleb128 0x7
 616 004d 15       		.uleb128 0x15
 617 004e 01       		.byte	0x1
 618 004f 27       		.uleb128 0x27
 619 0050 19       		.uleb128 0x19
 620 0051 01       		.uleb128 0x1
 621 0052 13       		.uleb128 0x13
 622 0053 00       		.byte	0
 623 0054 00       		.byte	0
 624 0055 08       		.uleb128 0x8
 625 0056 05       		.uleb128 0x5
 626 0057 00       		.byte	0
 627 0058 49       		.uleb128 0x49
 628 0059 13       		.uleb128 0x13
 629 005a 00       		.byte	0
 630 005b 00       		.byte	0
ARM GAS  C:\Users\zakis\AppData\Local\Temp\ccvylQrg.s 			page 14


 631 005c 09       		.uleb128 0x9
 632 005d 13       		.uleb128 0x13
 633 005e 01       		.byte	0x1
 634 005f 0B       		.uleb128 0xb
 635 0060 0B       		.uleb128 0xb
 636 0061 3A       		.uleb128 0x3a
 637 0062 0B       		.uleb128 0xb
 638 0063 3B       		.uleb128 0x3b
 639 0064 0B       		.uleb128 0xb
 640 0065 01       		.uleb128 0x1
 641 0066 13       		.uleb128 0x13
 642 0067 00       		.byte	0
 643 0068 00       		.byte	0
 644 0069 0A       		.uleb128 0xa
 645 006a 0D       		.uleb128 0xd
 646 006b 00       		.byte	0
 647 006c 03       		.uleb128 0x3
 648 006d 08       		.uleb128 0x8
 649 006e 3A       		.uleb128 0x3a
 650 006f 0B       		.uleb128 0xb
 651 0070 3B       		.uleb128 0x3b
 652 0071 0B       		.uleb128 0xb
 653 0072 49       		.uleb128 0x49
 654 0073 13       		.uleb128 0x13
 655 0074 38       		.uleb128 0x38
 656 0075 0B       		.uleb128 0xb
 657 0076 00       		.byte	0
 658 0077 00       		.byte	0
 659 0078 0B       		.uleb128 0xb
 660 0079 0D       		.uleb128 0xd
 661 007a 00       		.byte	0
 662 007b 03       		.uleb128 0x3
 663 007c 0E       		.uleb128 0xe
 664 007d 3A       		.uleb128 0x3a
 665 007e 0B       		.uleb128 0xb
 666 007f 3B       		.uleb128 0x3b
 667 0080 0B       		.uleb128 0xb
 668 0081 49       		.uleb128 0x49
 669 0082 13       		.uleb128 0x13
 670 0083 38       		.uleb128 0x38
 671 0084 0B       		.uleb128 0xb
 672 0085 00       		.byte	0
 673 0086 00       		.byte	0
 674 0087 0C       		.uleb128 0xc
 675 0088 2E       		.uleb128 0x2e
 676 0089 01       		.byte	0x1
 677 008a 3F       		.uleb128 0x3f
 678 008b 19       		.uleb128 0x19
 679 008c 03       		.uleb128 0x3
 680 008d 0E       		.uleb128 0xe
 681 008e 3A       		.uleb128 0x3a
 682 008f 0B       		.uleb128 0xb
 683 0090 3B       		.uleb128 0x3b
 684 0091 0B       		.uleb128 0xb
 685 0092 27       		.uleb128 0x27
 686 0093 19       		.uleb128 0x19
 687 0094 8701     		.uleb128 0x87
ARM GAS  C:\Users\zakis\AppData\Local\Temp\ccvylQrg.s 			page 15


 688 0096 19       		.uleb128 0x19
 689 0097 11       		.uleb128 0x11
 690 0098 01       		.uleb128 0x1
 691 0099 12       		.uleb128 0x12
 692 009a 06       		.uleb128 0x6
 693 009b 40       		.uleb128 0x40
 694 009c 18       		.uleb128 0x18
 695 009d 9742     		.uleb128 0x2117
 696 009f 19       		.uleb128 0x19
 697 00a0 01       		.uleb128 0x1
 698 00a1 13       		.uleb128 0x13
 699 00a2 00       		.byte	0
 700 00a3 00       		.byte	0
 701 00a4 0D       		.uleb128 0xd
 702 00a5 34       		.uleb128 0x34
 703 00a6 00       		.byte	0
 704 00a7 03       		.uleb128 0x3
 705 00a8 0E       		.uleb128 0xe
 706 00a9 3A       		.uleb128 0x3a
 707 00aa 0B       		.uleb128 0xb
 708 00ab 3B       		.uleb128 0x3b
 709 00ac 0B       		.uleb128 0xb
 710 00ad 49       		.uleb128 0x49
 711 00ae 13       		.uleb128 0x13
 712 00af 02       		.uleb128 0x2
 713 00b0 17       		.uleb128 0x17
 714 00b1 00       		.byte	0
 715 00b2 00       		.byte	0
 716 00b3 0E       		.uleb128 0xe
 717 00b4 34       		.uleb128 0x34
 718 00b5 00       		.byte	0
 719 00b6 03       		.uleb128 0x3
 720 00b7 08       		.uleb128 0x8
 721 00b8 3A       		.uleb128 0x3a
 722 00b9 0B       		.uleb128 0xb
 723 00ba 3B       		.uleb128 0x3b
 724 00bb 0B       		.uleb128 0xb
 725 00bc 49       		.uleb128 0x49
 726 00bd 13       		.uleb128 0x13
 727 00be 02       		.uleb128 0x2
 728 00bf 18       		.uleb128 0x18
 729 00c0 00       		.byte	0
 730 00c1 00       		.byte	0
 731 00c2 0F       		.uleb128 0xf
 732 00c3 898201   		.uleb128 0x4109
 733 00c6 01       		.byte	0x1
 734 00c7 11       		.uleb128 0x11
 735 00c8 01       		.uleb128 0x1
 736 00c9 31       		.uleb128 0x31
 737 00ca 13       		.uleb128 0x13
 738 00cb 01       		.uleb128 0x1
 739 00cc 13       		.uleb128 0x13
 740 00cd 00       		.byte	0
 741 00ce 00       		.byte	0
 742 00cf 10       		.uleb128 0x10
 743 00d0 8A8201   		.uleb128 0x410a
 744 00d3 00       		.byte	0
ARM GAS  C:\Users\zakis\AppData\Local\Temp\ccvylQrg.s 			page 16


 745 00d4 02       		.uleb128 0x2
 746 00d5 18       		.uleb128 0x18
 747 00d6 9142     		.uleb128 0x2111
 748 00d8 18       		.uleb128 0x18
 749 00d9 00       		.byte	0
 750 00da 00       		.byte	0
 751 00db 11       		.uleb128 0x11
 752 00dc 898201   		.uleb128 0x4109
 753 00df 00       		.byte	0
 754 00e0 11       		.uleb128 0x11
 755 00e1 01       		.uleb128 0x1
 756 00e2 31       		.uleb128 0x31
 757 00e3 13       		.uleb128 0x13
 758 00e4 00       		.byte	0
 759 00e5 00       		.byte	0
 760 00e6 12       		.uleb128 0x12
 761 00e7 898201   		.uleb128 0x4109
 762 00ea 01       		.byte	0x1
 763 00eb 11       		.uleb128 0x11
 764 00ec 01       		.uleb128 0x1
 765 00ed 31       		.uleb128 0x31
 766 00ee 13       		.uleb128 0x13
 767 00ef 00       		.byte	0
 768 00f0 00       		.byte	0
 769 00f1 13       		.uleb128 0x13
 770 00f2 34       		.uleb128 0x34
 771 00f3 00       		.byte	0
 772 00f4 03       		.uleb128 0x3
 773 00f5 0E       		.uleb128 0xe
 774 00f6 3A       		.uleb128 0x3a
 775 00f7 0B       		.uleb128 0xb
 776 00f8 3B       		.uleb128 0x3b
 777 00f9 0B       		.uleb128 0xb
 778 00fa 49       		.uleb128 0x49
 779 00fb 13       		.uleb128 0x13
 780 00fc 3F       		.uleb128 0x3f
 781 00fd 19       		.uleb128 0x19
 782 00fe 3C       		.uleb128 0x3c
 783 00ff 19       		.uleb128 0x19
 784 0100 00       		.byte	0
 785 0101 00       		.byte	0
 786 0102 14       		.uleb128 0x14
 787 0103 34       		.uleb128 0x34
 788 0104 00       		.byte	0
 789 0105 03       		.uleb128 0x3
 790 0106 0E       		.uleb128 0xe
 791 0107 3A       		.uleb128 0x3a
 792 0108 0B       		.uleb128 0xb
 793 0109 3B       		.uleb128 0x3b
 794 010a 05       		.uleb128 0x5
 795 010b 49       		.uleb128 0x49
 796 010c 13       		.uleb128 0x13
 797 010d 3F       		.uleb128 0x3f
 798 010e 19       		.uleb128 0x19
 799 010f 3C       		.uleb128 0x3c
 800 0110 19       		.uleb128 0x19
 801 0111 00       		.byte	0
ARM GAS  C:\Users\zakis\AppData\Local\Temp\ccvylQrg.s 			page 17


 802 0112 00       		.byte	0
 803 0113 15       		.uleb128 0x15
 804 0114 35       		.uleb128 0x35
 805 0115 00       		.byte	0
 806 0116 49       		.uleb128 0x49
 807 0117 13       		.uleb128 0x13
 808 0118 00       		.byte	0
 809 0119 00       		.byte	0
 810 011a 16       		.uleb128 0x16
 811 011b 01       		.uleb128 0x1
 812 011c 01       		.byte	0x1
 813 011d 49       		.uleb128 0x49
 814 011e 13       		.uleb128 0x13
 815 011f 01       		.uleb128 0x1
 816 0120 13       		.uleb128 0x13
 817 0121 00       		.byte	0
 818 0122 00       		.byte	0
 819 0123 17       		.uleb128 0x17
 820 0124 21       		.uleb128 0x21
 821 0125 00       		.byte	0
 822 0126 49       		.uleb128 0x49
 823 0127 13       		.uleb128 0x13
 824 0128 2F       		.uleb128 0x2f
 825 0129 0B       		.uleb128 0xb
 826 012a 00       		.byte	0
 827 012b 00       		.byte	0
 828 012c 18       		.uleb128 0x18
 829 012d 26       		.uleb128 0x26
 830 012e 00       		.byte	0
 831 012f 49       		.uleb128 0x49
 832 0130 13       		.uleb128 0x13
 833 0131 00       		.byte	0
 834 0132 00       		.byte	0
 835 0133 19       		.uleb128 0x19
 836 0134 34       		.uleb128 0x34
 837 0135 00       		.byte	0
 838 0136 03       		.uleb128 0x3
 839 0137 0E       		.uleb128 0xe
 840 0138 3A       		.uleb128 0x3a
 841 0139 0B       		.uleb128 0xb
 842 013a 3B       		.uleb128 0x3b
 843 013b 0B       		.uleb128 0xb
 844 013c 49       		.uleb128 0x49
 845 013d 13       		.uleb128 0x13
 846 013e 3F       		.uleb128 0x3f
 847 013f 19       		.uleb128 0x19
 848 0140 02       		.uleb128 0x2
 849 0141 18       		.uleb128 0x18
 850 0142 00       		.byte	0
 851 0143 00       		.byte	0
 852 0144 1A       		.uleb128 0x1a
 853 0145 2E       		.uleb128 0x2e
 854 0146 00       		.byte	0
 855 0147 3F       		.uleb128 0x3f
 856 0148 19       		.uleb128 0x19
 857 0149 3C       		.uleb128 0x3c
 858 014a 19       		.uleb128 0x19
ARM GAS  C:\Users\zakis\AppData\Local\Temp\ccvylQrg.s 			page 18


 859 014b 6E       		.uleb128 0x6e
 860 014c 0E       		.uleb128 0xe
 861 014d 03       		.uleb128 0x3
 862 014e 0E       		.uleb128 0xe
 863 014f 3A       		.uleb128 0x3a
 864 0150 0B       		.uleb128 0xb
 865 0151 3B       		.uleb128 0x3b
 866 0152 05       		.uleb128 0x5
 867 0153 00       		.byte	0
 868 0154 00       		.byte	0
 869 0155 1B       		.uleb128 0x1b
 870 0156 2E       		.uleb128 0x2e
 871 0157 00       		.byte	0
 872 0158 3F       		.uleb128 0x3f
 873 0159 19       		.uleb128 0x19
 874 015a 3C       		.uleb128 0x3c
 875 015b 19       		.uleb128 0x19
 876 015c 6E       		.uleb128 0x6e
 877 015d 0E       		.uleb128 0xe
 878 015e 03       		.uleb128 0x3
 879 015f 0E       		.uleb128 0xe
 880 0160 3A       		.uleb128 0x3a
 881 0161 0B       		.uleb128 0xb
 882 0162 3B       		.uleb128 0x3b
 883 0163 0B       		.uleb128 0xb
 884 0164 00       		.byte	0
 885 0165 00       		.byte	0
 886 0166 00       		.byte	0
 887              		.section	.debug_loc,"",%progbits
 888              	.Ldebug_loc0:
 889              	.LLST0:
 890 0000 04000000 		.4byte	.LVL0
 891 0004 08000000 		.4byte	.LVL1
 892 0008 0200     		.2byte	0x2
 893 000a 30       		.byte	0x30
 894 000b 9F       		.byte	0x9f
 895 000c 08000000 		.4byte	.LVL1
 896 0010 4C000000 		.4byte	.LFE110
 897 0014 0100     		.2byte	0x1
 898 0016 54       		.byte	0x54
 899 0017 00000000 		.4byte	0
 900 001b 00000000 		.4byte	0
 901              		.section	.debug_aranges,"",%progbits
 902 0000 1C000000 		.4byte	0x1c
 903 0004 0200     		.2byte	0x2
 904 0006 00000000 		.4byte	.Ldebug_info0
 905 000a 04       		.byte	0x4
 906 000b 00       		.byte	0
 907 000c 0000     		.2byte	0
 908 000e 0000     		.2byte	0
 909 0010 00000000 		.4byte	.LFB110
 910 0014 4C000000 		.4byte	.LFE110-.LFB110
 911 0018 00000000 		.4byte	0
 912 001c 00000000 		.4byte	0
 913              		.section	.debug_ranges,"",%progbits
 914              	.Ldebug_ranges0:
 915 0000 00000000 		.4byte	.LFB110
ARM GAS  C:\Users\zakis\AppData\Local\Temp\ccvylQrg.s 			page 19


 916 0004 4C000000 		.4byte	.LFE110
 917 0008 00000000 		.4byte	0
 918 000c 00000000 		.4byte	0
 919              		.section	.debug_line,"",%progbits
 920              	.Ldebug_line0:
 921 0000 6F020000 		.section	.debug_str,"MS",%progbits,1
 921      02004D02 
 921      00000201 
 921      FB0E0D00 
 921      01010101 
 922              	.LASF43:
 923 0000 45455F6F 		.ascii	"EE_oo_WaitEvent\000"
 923      6F5F5761 
 923      69744576 
 923      656E7400 
 924              	.LASF31:
 925 0010 5254455F 		.ascii	"RTE_eventTable_t\000"
 925      6576656E 
 925      74546162 
 925      6C655F74 
 925      00
 926              	.LASF5:
 927 0021 5F5F696E 		.ascii	"__int32_t\000"
 927      7433325F 
 927      7400
 928              	.LASF24:
 929 002b 4576656E 		.ascii	"EventMaskType\000"
 929      744D6173 
 929      6B547970 
 929      6500
 930              	.LASF16:
 931 0039 646F7562 		.ascii	"double\000"
 931      6C6500
 932              	.LASF50:
 933 0040 433A5C55 		.ascii	"C:\\Users\\zakis\\Documents\\EAA\\RTE_Gaspedal_Watc"
 933      73657273 
 933      5C7A616B 
 933      69735C44 
 933      6F63756D 
 934 006e 68646F67 		.ascii	"hdog\\LabOne\\Gaspedal_Watchdog.cydsn\000"
 934      5C4C6162 
 934      4F6E655C 
 934      47617370 
 934      6564616C 
 935              	.LASF23:
 936 0092 45455F54 		.ascii	"EE_TID\000"
 936      494400
 937              	.LASF15:
 938 0099 666C6F61 		.ascii	"float\000"
 938      7400
 939              	.LASF36:
 940 009f 45455F73 		.ascii	"EE_std_endcycle_next_tid\000"
 940      74645F65 
 940      6E646379 
 940      636C655F 
 940      6E657874 
 941              	.LASF10:
ARM GAS  C:\Users\zakis\AppData\Local\Temp\ccvylQrg.s 			page 20


 942 00b8 6C6F6E67 		.ascii	"long long unsigned int\000"
 942      206C6F6E 
 942      6720756E 
 942      7369676E 
 942      65642069 
 943              	.LASF28:
 944 00cf 6379636C 		.ascii	"cycleTime\000"
 944      6554696D 
 944      6500
 945              	.LASF1:
 946 00d9 756E7369 		.ascii	"unsigned char\000"
 946      676E6564 
 946      20636861 
 946      7200
 947              	.LASF48:
 948 00e7 474E5520 		.ascii	"GNU C11 5.4.1 20160609 (release) [ARM/embedded-5-br"
 948      43313120 
 948      352E342E 
 948      31203230 
 948      31363036 
 949 011a 616E6368 		.ascii	"anch revision 237715] -mcpu=cortex-m3 -mthumb -g -O"
 949      20726576 
 949      6973696F 
 949      6E203233 
 949      37373135 
 950 014d 67202D66 		.ascii	"g -ffunction-sections -ffat-lto-objects\000"
 950      66756E63 
 950      74696F6E 
 950      2D736563 
 950      74696F6E 
 951              	.LASF42:
 952 0175 5254455F 		.ascii	"RTE_eventActivation_tsk_io_size\000"
 952      6576656E 
 952      74416374 
 952      69766174 
 952      696F6E5F 
 953              	.LASF19:
 954 0195 45455F49 		.ascii	"EE_INT32\000"
 954      4E543332 
 954      00
 955              	.LASF8:
 956 019e 6C6F6E67 		.ascii	"long unsigned int\000"
 956      20756E73 
 956      69676E65 
 956      6420696E 
 956      7400
 957              	.LASF3:
 958 01b0 73686F72 		.ascii	"short unsigned int\000"
 958      7420756E 
 958      7369676E 
 958      65642069 
 958      6E7400
 959              	.LASF33:
 960 01c3 45455F6F 		.ascii	"EE_oo_IRQ_disable_count\000"
 960      6F5F4952 
 960      515F6469 
 960      7361626C 
ARM GAS  C:\Users\zakis\AppData\Local\Temp\ccvylQrg.s 			page 21


 960      655F636F 
 961              	.LASF38:
 962 01db 49544D5F 		.ascii	"ITM_RxBuffer\000"
 962      52784275 
 962      66666572 
 962      00
 963              	.LASF46:
 964 01e8 5254455F 		.ascii	"RTE_ProcessCyclicTable\000"
 964      50726F63 
 964      65737343 
 964      79636C69 
 964      63546162 
 965              	.LASF4:
 966 01ff 5F5F7569 		.ascii	"__uint16_t\000"
 966      6E743136 
 966      5F7400
 967              	.LASF26:
 968 020a 5254455F 		.ascii	"RTE_event\000"
 968      6576656E 
 968      7400
 969              	.LASF45:
 970 0214 45455F6F 		.ascii	"EE_oo_ClearEvent\000"
 970      6F5F436C 
 970      65617245 
 970      76656E74 
 970      00
 971              	.LASF7:
 972 0225 5F5F7569 		.ascii	"__uint32_t\000"
 972      6E743332 
 972      5F7400
 973              	.LASF41:
 974 0230 5254455F 		.ascii	"RTE_eventActivationTable_tsk_io\000"
 974      6576656E 
 974      74416374 
 974      69766174 
 974      696F6E54 
 975              	.LASF49:
 976 0250 736F7572 		.ascii	"source\\asw\\tsk_io.c\000"
 976      63655C61 
 976      73775C74 
 976      736B5F69 
 976      6F2E6300 
 977              	.LASF30:
 978 0264 6576656E 		.ascii	"event\000"
 978      7400
 979              	.LASF29:
 980 026a 5254455F 		.ascii	"RTE_cyclicTable_t\000"
 980      6379636C 
 980      69635461 
 980      626C655F 
 980      7400
 981              	.LASF11:
 982 027c 756E7369 		.ascii	"unsigned int\000"
 982      676E6564 
 982      20696E74 
 982      00
 983              	.LASF22:
ARM GAS  C:\Users\zakis\AppData\Local\Temp\ccvylQrg.s 			page 22


 984 0289 45455F46 		.ascii	"EE_FREG\000"
 984      52454700 
 985              	.LASF20:
 986 0291 45455F55 		.ascii	"EE_UINT32\000"
 986      494E5433 
 986      3200
 987              	.LASF32:
 988 029b 7469636B 		.ascii	"ticktime\000"
 988      74696D65 
 988      00
 989              	.LASF51:
 990 02a4 46756E63 		.ascii	"Functsk_io\000"
 990      74736B5F 
 990      696F00
 991              	.LASF35:
 992 02af 45455F41 		.ascii	"EE_ApplicationMode\000"
 992      70706C69 
 992      63617469 
 992      6F6E4D6F 
 992      646500
 993              	.LASF47:
 994 02c2 5254455F 		.ascii	"RTE_ProcessEventTable\000"
 994      50726F63 
 994      65737345 
 994      76656E74 
 994      5461626C 
 995              	.LASF13:
 996 02d8 696E7433 		.ascii	"int32_t\000"
 996      325F7400 
 997              	.LASF25:
 998 02e0 73697A65 		.ascii	"sizetype\000"
 998      74797065 
 998      00
 999              	.LASF9:
 1000 02e9 6C6F6E67 		.ascii	"long long int\000"
 1000      206C6F6E 
 1000      6720696E 
 1000      7400
 1001              	.LASF17:
 1002 02f7 63686172 		.ascii	"char\000"
 1002      00
 1003              	.LASF21:
 1004 02fc 45455F55 		.ascii	"EE_UREG\000"
 1004      52454700 
 1005              	.LASF37:
 1006 0304 45455F49 		.ascii	"EE_IRQ_nesting_level\000"
 1006      52515F6E 
 1006      65737469 
 1006      6E675F6C 
 1006      6576656C 
 1007              	.LASF12:
 1008 0319 75696E74 		.ascii	"uint16_t\000"
 1008      31365F74 
 1008      00
 1009              	.LASF2:
 1010 0322 73686F72 		.ascii	"short int\000"
 1010      7420696E 
ARM GAS  C:\Users\zakis\AppData\Local\Temp\ccvylQrg.s 			page 23


 1010      7400
 1011              	.LASF40:
 1012 032c 5254455F 		.ascii	"RTE_cyclicActivation_tsk_io_size\000"
 1012      6379636C 
 1012      69634163 
 1012      74697661 
 1012      74696F6E 
 1013              	.LASF14:
 1014 034d 75696E74 		.ascii	"uint32_t\000"
 1014      33325F74 
 1014      00
 1015              	.LASF6:
 1016 0356 6C6F6E67 		.ascii	"long int\000"
 1016      20696E74 
 1016      00
 1017              	.LASF18:
 1018 035f 6C6F6E67 		.ascii	"long double\000"
 1018      20646F75 
 1018      626C6500 
 1019              	.LASF0:
 1020 036b 7369676E 		.ascii	"signed char\000"
 1020      65642063 
 1020      68617200 
 1021              	.LASF27:
 1022 0377 5254455F 		.ascii	"RTE_pRunnable\000"
 1022      7052756E 
 1022      6E61626C 
 1022      6500
 1023              	.LASF44:
 1024 0385 45455F6F 		.ascii	"EE_oo_GetEvent\000"
 1024      6F5F4765 
 1024      74457665 
 1024      6E7400
 1025              	.LASF34:
 1026 0394 45455F6F 		.ascii	"EE_oo_IRQ_suspend_status\000"
 1026      6F5F4952 
 1026      515F7375 
 1026      7370656E 
 1026      645F7374 
 1027              	.LASF39:
 1028 03ad 5254455F 		.ascii	"RTE_cyclicActivationTable_tsk_io\000"
 1028      6379636C 
 1028      69634163 
 1028      74697661 
 1028      74696F6E 
 1029              		.ident	"GCC: (GNU Tools for ARM Embedded Processors) 5.4.1 20160609 (release) [ARM/embedded-5-bran
