ARM GAS  C:\Users\zakis\AppData\Local\Temp\ccir6mxV.s 			page 1


   1              		.syntax unified
   2              		.cpu cortex-m3
   3              		.fpu softvfp
   4              		.eabi_attribute 20, 1
   5              		.eabi_attribute 21, 1
   6              		.eabi_attribute 23, 3
   7              		.eabi_attribute 24, 1
   8              		.eabi_attribute 25, 1
   9              		.eabi_attribute 26, 1
  10              		.eabi_attribute 30, 1
  11              		.eabi_attribute 34, 1
  12              		.eabi_attribute 18, 4
  13              		.thumb
  14              		.syntax unified
  15              		.file	"tsk_output.c"
  16              		.text
  17              	.Ltext0:
  18              		.cfi_sections	.debug_frame
  19              		.section	.text.Functsk_output,"ax",%progbits
  20              		.align	2
  21              		.global	Functsk_output
  22              		.thumb
  23              		.thumb_func
  24              		.type	Functsk_output, %function
  25              	Functsk_output:
  26              	.LFB110:
  27              		.file 1 "source\\asw\\tsk_output.c"
   1:source\asw/tsk_output.c **** /*
   2:source\asw/tsk_output.c ****  * Filename: tsk_output.c
   3:source\asw/tsk_output.c ****  *
   4:source\asw/tsk_output.c ****  * Author: Autogenerated by H-DA RTE Generator, (c) Prof. Fromm
   5:source\asw/tsk_output.c ****  *
   6:source\asw/tsk_output.c ****  * description: Task contains all output operations. Engine, brake light
   7:source\asw/tsk_output.c ****  * events: ev_speed_onData
   8:source\asw/tsk_output.c ****  * mode: Cyclic and Event
   9:source\asw/tsk_output.c ****  * name: tsk_output
  10:source\asw/tsk_output.c ****  * shortname: output
  11:source\asw/tsk_output.c ****  * signalpoolsRO: sp_common
  12:source\asw/tsk_output.c ****  * signalpoolsRW: sp_common
  13:source\asw/tsk_output.c ****  * tickEvent: 0
  14:source\asw/tsk_output.c ****  * timertickperiod: 1
  15:source\asw/tsk_output.c ****  *
  16:source\asw/tsk_output.c ****  */
  17:source\asw/tsk_output.c **** 
  18:source\asw/tsk_output.c **** #include "project.h"
  19:source\asw/tsk_output.c **** #include "global.h"
  20:source\asw/tsk_output.c **** #include "rte.h"
  21:source\asw/tsk_output.c **** #include "rte_types.h"
  22:source\asw/tsk_output.c **** #include "tsk_output.h"
  23:source\asw/tsk_output.c **** 
  24:source\asw/tsk_output.c **** 
  25:source\asw/tsk_output.c **** 
  26:source\asw/tsk_output.c **** /* USER CODE START TSK_OUTPUT_INCLUDE */
  27:source\asw/tsk_output.c **** 
  28:source\asw/tsk_output.c **** /* USER CODE END TSK_OUTPUT_INCLUDE */
  29:source\asw/tsk_output.c **** 
  30:source\asw/tsk_output.c **** #include "swc_output.h"
ARM GAS  C:\Users\zakis\AppData\Local\Temp\ccir6mxV.s 			page 2


  31:source\asw/tsk_output.c **** 
  32:source\asw/tsk_output.c **** 
  33:source\asw/tsk_output.c **** 
  34:source\asw/tsk_output.c **** /* USER CODE START TSK_OUTPUT_USERDEFINITIONS */
  35:source\asw/tsk_output.c **** 
  36:source\asw/tsk_output.c **** /* USER CODE END TSK_OUTPUT_USERDEFINITIONS */
  37:source\asw/tsk_output.c **** 
  38:source\asw/tsk_output.c **** /*******************************************************************************
  39:source\asw/tsk_output.c ****  * Runnable Tables from Activation Engine
  40:source\asw/tsk_output.c ****  *******************************************************************************/
  41:source\asw/tsk_output.c **** 
  42:source\asw/tsk_output.c **** /* Cyclic Table */
  43:source\asw/tsk_output.c **** 
  44:source\asw/tsk_output.c **** const RTE_cyclicTable_t RTE_cyclicActivationTable_tsk_output[] = {
  45:source\asw/tsk_output.c **** 	{ OUTPUT_setEngine_run, 100 },	//Runnable
  46:source\asw/tsk_output.c **** };
  47:source\asw/tsk_output.c **** const uint16_t RTE_cyclicActivation_tsk_output_size = sizeof (RTE_cyclicActivationTable_tsk_output)
  48:source\asw/tsk_output.c **** 
  49:source\asw/tsk_output.c **** /* Event Table */
  50:source\asw/tsk_output.c **** const RTE_eventTable_t RTE_eventActivationTable_tsk_output[] = {
  51:source\asw/tsk_output.c ****     { OUTPUT_setBrakeLight_run, ev_speed_onData },  //Runnable
  52:source\asw/tsk_output.c **** }; 
  53:source\asw/tsk_output.c **** const uint16_t RTE_eventActivation_tsk_output_size = sizeof (RTE_eventActivationTable_tsk_output) /
  54:source\asw/tsk_output.c **** 
  55:source\asw/tsk_output.c **** /*******************************************************************************
  56:source\asw/tsk_output.c ****  * Task Body
  57:source\asw/tsk_output.c ****  *******************************************************************************/
  58:source\asw/tsk_output.c **** 
  59:source\asw/tsk_output.c **** 
  60:source\asw/tsk_output.c **** /*
  61:source\asw/tsk_output.c ****  * description: Task contains all output operations. Engine, brake light
  62:source\asw/tsk_output.c ****  * events: ev_speed_onData
  63:source\asw/tsk_output.c ****  * mode: Cyclic and Event
  64:source\asw/tsk_output.c ****  * name: tsk_output
  65:source\asw/tsk_output.c ****  * shortname: output
  66:source\asw/tsk_output.c ****  * signalpoolsRO: sp_common
  67:source\asw/tsk_output.c ****  * signalpoolsRW: sp_common
  68:source\asw/tsk_output.c ****  * tickEvent: 0
  69:source\asw/tsk_output.c ****  * timertickperiod: 1
  70:source\asw/tsk_output.c ****  */
  71:source\asw/tsk_output.c **** TASK(tsk_output)
  72:source\asw/tsk_output.c **** {
  28              		.loc 1 72 0
  29              		.cfi_startproc
  30              		@ args = 0, pretend = 0, frame = 8
  31              		@ frame_needed = 0, uses_anonymous_args = 0
  32 0000 00B5     		push	{lr}
  33              		.cfi_def_cfa_offset 4
  34              		.cfi_offset 14, -4
  35 0002 83B0     		sub	sp, sp, #12
  36              		.cfi_def_cfa_offset 16
  73:source\asw/tsk_output.c **** 	/* ticktime of the task */
  74:source\asw/tsk_output.c **** 	static uint32_t ticktime = 0;
  75:source\asw/tsk_output.c **** 	
  76:source\asw/tsk_output.c ****     EventMaskType ev = 0;
  37              		.loc 1 76 0
  38 0004 0023     		movs	r3, #0
ARM GAS  C:\Users\zakis\AppData\Local\Temp\ccir6mxV.s 			page 3


  39 0006 0193     		str	r3, [sp, #4]
  40              	.L2:
  77:source\asw/tsk_output.c **** 	
  78:source\asw/tsk_output.c **** 	/* USER CODE START TSK_OUTPUT_INIT */
  79:source\asw/tsk_output.c **** 
  80:source\asw/tsk_output.c **** 
  81:source\asw/tsk_output.c **** 	/* USER CODE END TSK_OUTPUT_INIT */
  82:source\asw/tsk_output.c ****     
  83:source\asw/tsk_output.c ****     while(1)
  84:source\asw/tsk_output.c ****     {
  85:source\asw/tsk_output.c ****         
  86:source\asw/tsk_output.c ****         //Wait, read and clear the event
  87:source\asw/tsk_output.c ****         //WaitEvent(ev_speed_onData);
  88:source\asw/tsk_output.c ****         GetEvent(tsk_output,&ev);
  41              		.loc 1 88 0
  42 0008 01A9     		add	r1, sp, #4
  43 000a 0220     		movs	r0, #2
  44 000c FFF7FEFF 		bl	EE_oo_GetEvent
  45              	.LVL0:
  89:source\asw/tsk_output.c ****         ClearEvent(ev);
  46              		.loc 1 89 0
  47 0010 0198     		ldr	r0, [sp, #4]
  48 0012 FFF7FEFF 		bl	EE_oo_ClearEvent
  49              	.LVL1:
  90:source\asw/tsk_output.c ****     
  91:source\asw/tsk_output.c **** 		/* USER CODE START TSK_OUTPUT_TASKBOBY_PRE */
  92:source\asw/tsk_output.c ****         
  93:source\asw/tsk_output.c **** 
  94:source\asw/tsk_output.c **** 
  95:source\asw/tsk_output.c **** 		/* USER CODE END TSK_OUTPUT_TASKBODY_PRE */
  96:source\asw/tsk_output.c ****         
  97:source\asw/tsk_output.c ****         if (ev & 0){
  98:source\asw/tsk_output.c ****             //Process Cyclic table on tick
  99:source\asw/tsk_output.c ****             RTE_ProcessCyclicTable(RTE_cyclicActivationTable_tsk_output, RTE_cyclicActivation_tsk_o
 100:source\asw/tsk_output.c **** 
 101:source\asw/tsk_output.c **** 			ticktime += 1;
 102:source\asw/tsk_output.c **** 			if (ticktime > 0xFFFFFF00) ticktime = 0;
 103:source\asw/tsk_output.c **** 
 104:source\asw/tsk_output.c **** 		};
 105:source\asw/tsk_output.c **** 		
 106:source\asw/tsk_output.c **** 		//Process data driven events
 107:source\asw/tsk_output.c **** 		RTE_ProcessEventTable(RTE_eventActivationTable_tsk_output, RTE_eventActivation_tsk_output_size, e
  50              		.loc 1 107 0
  51 0016 019A     		ldr	r2, [sp, #4]
  52 0018 0121     		movs	r1, #1
  53 001a 0248     		ldr	r0, .L4
  54 001c FFF7FEFF 		bl	RTE_ProcessEventTable
  55              	.LVL2:
  56 0020 F2E7     		b	.L2
  57              	.L5:
  58 0022 00BF     		.align	2
  59              	.L4:
  60 0024 00000000 		.word	.LANCHOR0
  61              		.cfi_endproc
  62              	.LFE110:
  63              		.size	Functsk_output, .-Functsk_output
  64              		.global	RTE_eventActivation_tsk_output_size
ARM GAS  C:\Users\zakis\AppData\Local\Temp\ccir6mxV.s 			page 4


  65              		.global	RTE_eventActivationTable_tsk_output
  66              		.global	RTE_cyclicActivation_tsk_output_size
  67              		.global	RTE_cyclicActivationTable_tsk_output
  68              		.section	.rodata
  69              		.align	2
  70              		.set	.LANCHOR0,. + 0
  71              		.type	RTE_eventActivationTable_tsk_output, %object
  72              		.size	RTE_eventActivationTable_tsk_output, 8
  73              	RTE_eventActivationTable_tsk_output:
  74 0000 00000000 		.word	OUTPUT_setBrakeLight_run
  75 0004 02000000 		.word	2
  76              		.type	RTE_eventActivation_tsk_output_size, %object
  77              		.size	RTE_eventActivation_tsk_output_size, 2
  78              	RTE_eventActivation_tsk_output_size:
  79 0008 0100     		.short	1
  80              		.type	RTE_cyclicActivation_tsk_output_size, %object
  81              		.size	RTE_cyclicActivation_tsk_output_size, 2
  82              	RTE_cyclicActivation_tsk_output_size:
  83 000a 0100     		.short	1
  84              		.type	RTE_cyclicActivationTable_tsk_output, %object
  85              		.size	RTE_cyclicActivationTable_tsk_output, 8
  86              	RTE_cyclicActivationTable_tsk_output:
  87 000c 00000000 		.word	OUTPUT_setEngine_run
  88 0010 6400     		.short	100
  89 0012 0000     		.space	2
  90              		.text
  91              	.Letext0:
  92              		.file 2 "c:\\program files (x86)\\cypress\\psoc creator\\4.4\\psoc creator\\import\\gnu\\arm\\5.4.
  93              		.file 3 "c:\\program files (x86)\\cypress\\psoc creator\\4.4\\psoc creator\\import\\gnu\\arm\\5.4.
  94              		.file 4 "Generated_Source\\PSoC5/ErikaOS_common_ee_types.inc"
  95              		.file 5 "Generated_Source\\PSoC5/ErikaOS_cortex_mx_ee_cpu.inc"
  96              		.file 6 "Generated_Source\\PSoC5/ErikaOS_ee_oo_common.inc"
  97              		.file 7 ".\\source\\rte/rte_types.h"
  98              		.file 8 ".\\source\\rte/rte.h"
  99              		.file 9 "Generated_Source\\PSoC5/ErikaOS_ee_oo_intfunc.inc"
 100              		.file 10 "Generated_Source\\PSoC5/ErikaOS_cortex_mx_ee_context.inc"
 101              		.file 11 "Generated_Source\\PSoC5/ErikaOS_common_ee_primitives.inc"
 102              		.file 12 "Generated_Source\\PSoC5/core_cm3.h"
 103              		.file 13 "Generated_Source\\PSoC5/ErikaOS_ee_oo_kernel.inc"
 104              		.section	.debug_info,"",%progbits
 105              	.Ldebug_info0:
 106 0000 E0020000 		.4byte	0x2e0
 107 0004 0400     		.2byte	0x4
 108 0006 00000000 		.4byte	.Ldebug_abbrev0
 109 000a 04       		.byte	0x4
 110 000b 01       		.uleb128 0x1
 111 000c 14010000 		.4byte	.LASF46
 112 0010 0C       		.byte	0xc
 113 0011 A7000000 		.4byte	.LASF47
 114 0015 30000000 		.4byte	.LASF48
 115 0019 00000000 		.4byte	.Ldebug_ranges0+0
 116 001d 00000000 		.4byte	0
 117 0021 00000000 		.4byte	.Ldebug_line0
 118 0025 02       		.uleb128 0x2
 119 0026 01       		.byte	0x1
 120 0027 06       		.byte	0x6
 121 0028 96030000 		.4byte	.LASF0
ARM GAS  C:\Users\zakis\AppData\Local\Temp\ccir6mxV.s 			page 5


 122 002c 02       		.uleb128 0x2
 123 002d 01       		.byte	0x1
 124 002e 08       		.byte	0x8
 125 002f 71020000 		.4byte	.LASF1
 126 0033 02       		.uleb128 0x2
 127 0034 02       		.byte	0x2
 128 0035 05       		.byte	0x5
 129 0036 65030000 		.4byte	.LASF2
 130 003a 03       		.uleb128 0x3
 131 003b 28020000 		.4byte	.LASF4
 132 003f 02       		.byte	0x2
 133 0040 2B       		.byte	0x2b
 134 0041 45000000 		.4byte	0x45
 135 0045 02       		.uleb128 0x2
 136 0046 02       		.byte	0x2
 137 0047 07       		.byte	0x7
 138 0048 CC010000 		.4byte	.LASF3
 139 004c 03       		.uleb128 0x3
 140 004d 11000000 		.4byte	.LASF5
 141 0051 02       		.byte	0x2
 142 0052 3F       		.byte	0x3f
 143 0053 57000000 		.4byte	0x57
 144 0057 02       		.uleb128 0x2
 145 0058 04       		.byte	0x4
 146 0059 05       		.byte	0x5
 147 005a 81030000 		.4byte	.LASF6
 148 005e 03       		.uleb128 0x3
 149 005f 4E020000 		.4byte	.LASF7
 150 0063 02       		.byte	0x2
 151 0064 41       		.byte	0x41
 152 0065 69000000 		.4byte	0x69
 153 0069 02       		.uleb128 0x2
 154 006a 04       		.byte	0x4
 155 006b 07       		.byte	0x7
 156 006c AB010000 		.4byte	.LASF8
 157 0070 02       		.uleb128 0x2
 158 0071 08       		.byte	0x8
 159 0072 05       		.byte	0x5
 160 0073 1C030000 		.4byte	.LASF9
 161 0077 02       		.uleb128 0x2
 162 0078 08       		.byte	0x8
 163 0079 07       		.byte	0x7
 164 007a A7020000 		.4byte	.LASF10
 165 007e 04       		.uleb128 0x4
 166 007f 04       		.byte	0x4
 167 0080 05       		.byte	0x5
 168 0081 696E7400 		.ascii	"int\000"
 169 0085 02       		.uleb128 0x2
 170 0086 04       		.byte	0x4
 171 0087 07       		.byte	0x7
 172 0088 7F020000 		.4byte	.LASF11
 173 008c 03       		.uleb128 0x3
 174 008d 6F030000 		.4byte	.LASF12
 175 0091 03       		.byte	0x3
 176 0092 24       		.byte	0x24
 177 0093 3A000000 		.4byte	0x3a
 178 0097 03       		.uleb128 0x3
ARM GAS  C:\Users\zakis\AppData\Local\Temp\ccir6mxV.s 			page 6


 179 0098 0B030000 		.4byte	.LASF13
 180 009c 03       		.byte	0x3
 181 009d 2C       		.byte	0x2c
 182 009e 4C000000 		.4byte	0x4c
 183 00a2 03       		.uleb128 0x3
 184 00a3 78030000 		.4byte	.LASF14
 185 00a7 03       		.byte	0x3
 186 00a8 30       		.byte	0x30
 187 00a9 5E000000 		.4byte	0x5e
 188 00ad 02       		.uleb128 0x2
 189 00ae 04       		.byte	0x4
 190 00af 04       		.byte	0x4
 191 00b0 C6000000 		.4byte	.LASF15
 192 00b4 02       		.uleb128 0x2
 193 00b5 08       		.byte	0x8
 194 00b6 04       		.byte	0x4
 195 00b7 29000000 		.4byte	.LASF16
 196 00bb 02       		.uleb128 0x2
 197 00bc 01       		.byte	0x1
 198 00bd 08       		.byte	0x8
 199 00be 2A030000 		.4byte	.LASF17
 200 00c2 02       		.uleb128 0x2
 201 00c3 08       		.byte	0x8
 202 00c4 04       		.byte	0x4
 203 00c5 8A030000 		.4byte	.LASF18
 204 00c9 03       		.uleb128 0x3
 205 00ca A2010000 		.4byte	.LASF19
 206 00ce 04       		.byte	0x4
 207 00cf 53       		.byte	0x53
 208 00d0 7E000000 		.4byte	0x7e
 209 00d4 03       		.uleb128 0x3
 210 00d5 94020000 		.4byte	.LASF20
 211 00d9 04       		.byte	0x4
 212 00da 54       		.byte	0x54
 213 00db 85000000 		.4byte	0x85
 214 00df 03       		.uleb128 0x3
 215 00e0 2F030000 		.4byte	.LASF21
 216 00e4 05       		.byte	0x5
 217 00e5 4D       		.byte	0x4d
 218 00e6 D4000000 		.4byte	0xd4
 219 00ea 03       		.uleb128 0x3
 220 00eb 8C020000 		.4byte	.LASF22
 221 00ef 05       		.byte	0x5
 222 00f0 4F       		.byte	0x4f
 223 00f1 D4000000 		.4byte	0xd4
 224 00f5 03       		.uleb128 0x3
 225 00f6 BF000000 		.4byte	.LASF23
 226 00fa 05       		.byte	0x5
 227 00fb 78       		.byte	0x78
 228 00fc C9000000 		.4byte	0xc9
 229 0100 05       		.uleb128 0x5
 230 0101 1B000000 		.4byte	.LASF24
 231 0105 06       		.byte	0x6
 232 0106 2C02     		.2byte	0x22c
 233 0108 DF000000 		.4byte	0xdf
 234 010c 02       		.uleb128 0x2
 235 010d 04       		.byte	0x4
ARM GAS  C:\Users\zakis\AppData\Local\Temp\ccir6mxV.s 			page 7


 236 010e 07       		.byte	0x7
 237 010f 13030000 		.4byte	.LASF25
 238 0113 03       		.uleb128 0x3
 239 0114 33020000 		.4byte	.LASF26
 240 0118 07       		.byte	0x7
 241 0119 21       		.byte	0x21
 242 011a 00010000 		.4byte	0x100
 243 011e 03       		.uleb128 0x3
 244 011f A2030000 		.4byte	.LASF27
 245 0123 08       		.byte	0x8
 246 0124 66       		.byte	0x66
 247 0125 29010000 		.4byte	0x129
 248 0129 06       		.uleb128 0x6
 249 012a 04       		.byte	0x4
 250 012b 2F010000 		.4byte	0x12f
 251 012f 07       		.uleb128 0x7
 252 0130 3A010000 		.4byte	0x13a
 253 0134 08       		.uleb128 0x8
 254 0135 13010000 		.4byte	0x113
 255 0139 00       		.byte	0
 256 013a 09       		.uleb128 0x9
 257 013b 08       		.byte	0x8
 258 013c 08       		.byte	0x8
 259 013d 6B       		.byte	0x6b
 260 013e 5B010000 		.4byte	0x15b
 261 0142 0A       		.uleb128 0xa
 262 0143 72756E00 		.ascii	"run\000"
 263 0147 08       		.byte	0x8
 264 0148 6D       		.byte	0x6d
 265 0149 1E010000 		.4byte	0x11e
 266 014d 00       		.byte	0
 267 014e 0B       		.uleb128 0xb
 268 014f E5000000 		.4byte	.LASF28
 269 0153 08       		.byte	0x8
 270 0154 6E       		.byte	0x6e
 271 0155 8C000000 		.4byte	0x8c
 272 0159 04       		.byte	0x4
 273 015a 00       		.byte	0
 274 015b 03       		.uleb128 0x3
 275 015c 5F020000 		.4byte	.LASF29
 276 0160 08       		.byte	0x8
 277 0161 6F       		.byte	0x6f
 278 0162 3A010000 		.4byte	0x13a
 279 0166 09       		.uleb128 0x9
 280 0167 08       		.byte	0x8
 281 0168 08       		.byte	0x8
 282 0169 74       		.byte	0x74
 283 016a 87010000 		.4byte	0x187
 284 016e 0A       		.uleb128 0xa
 285 016f 72756E00 		.ascii	"run\000"
 286 0173 08       		.byte	0x8
 287 0174 76       		.byte	0x76
 288 0175 1E010000 		.4byte	0x11e
 289 0179 00       		.byte	0
 290 017a 0B       		.uleb128 0xb
 291 017b 59020000 		.4byte	.LASF30
 292 017f 08       		.byte	0x8
ARM GAS  C:\Users\zakis\AppData\Local\Temp\ccir6mxV.s 			page 8


 293 0180 77       		.byte	0x77
 294 0181 00010000 		.4byte	0x100
 295 0185 04       		.byte	0x4
 296 0186 00       		.byte	0
 297 0187 03       		.uleb128 0x3
 298 0188 00000000 		.4byte	.LASF31
 299 018c 08       		.byte	0x8
 300 018d 78       		.byte	0x78
 301 018e 66010000 		.4byte	0x166
 302 0192 0C       		.uleb128 0xc
 303 0193 BD010000 		.4byte	.LASF49
 304 0197 01       		.byte	0x1
 305 0198 47       		.byte	0x47
 306 0199 00000000 		.4byte	.LFB110
 307 019d 28000000 		.4byte	.LFE110-.LFB110
 308 01a1 01       		.uleb128 0x1
 309 01a2 9C       		.byte	0x9c
 310 01a3 FB010000 		.4byte	0x1fb
 311 01a7 0D       		.uleb128 0xd
 312 01a8 9E020000 		.4byte	.LASF32
 313 01ac 01       		.byte	0x1
 314 01ad 4A       		.byte	0x4a
 315 01ae A2000000 		.4byte	0xa2
 316 01b2 00       		.byte	0
 317 01b3 0E       		.uleb128 0xe
 318 01b4 657600   		.ascii	"ev\000"
 319 01b7 01       		.byte	0x1
 320 01b8 4C       		.byte	0x4c
 321 01b9 00010000 		.4byte	0x100
 322 01bd 02       		.uleb128 0x2
 323 01be 91       		.byte	0x91
 324 01bf 74       		.sleb128 -12
 325 01c0 0F       		.uleb128 0xf
 326 01c1 10000000 		.4byte	.LVL0
 327 01c5 C0020000 		.4byte	0x2c0
 328 01c9 D9010000 		.4byte	0x1d9
 329 01cd 10       		.uleb128 0x10
 330 01ce 01       		.uleb128 0x1
 331 01cf 50       		.byte	0x50
 332 01d0 01       		.uleb128 0x1
 333 01d1 32       		.byte	0x32
 334 01d2 10       		.uleb128 0x10
 335 01d3 01       		.uleb128 0x1
 336 01d4 51       		.byte	0x51
 337 01d5 02       		.uleb128 0x2
 338 01d6 91       		.byte	0x91
 339 01d7 74       		.sleb128 -12
 340 01d8 00       		.byte	0
 341 01d9 11       		.uleb128 0x11
 342 01da 16000000 		.4byte	.LVL1
 343 01de CC020000 		.4byte	0x2cc
 344 01e2 12       		.uleb128 0x12
 345 01e3 20000000 		.4byte	.LVL2
 346 01e7 D8020000 		.4byte	0x2d8
 347 01eb 10       		.uleb128 0x10
 348 01ec 01       		.uleb128 0x1
 349 01ed 50       		.byte	0x50
ARM GAS  C:\Users\zakis\AppData\Local\Temp\ccir6mxV.s 			page 9


 350 01ee 05       		.uleb128 0x5
 351 01ef 03       		.byte	0x3
 352 01f0 00000000 		.4byte	.LANCHOR0
 353 01f4 10       		.uleb128 0x10
 354 01f5 01       		.uleb128 0x1
 355 01f6 51       		.byte	0x51
 356 01f7 01       		.uleb128 0x1
 357 01f8 31       		.byte	0x31
 358 01f9 00       		.byte	0
 359 01fa 00       		.byte	0
 360 01fb 13       		.uleb128 0x13
 361 01fc DF010000 		.4byte	.LASF33
 362 0200 09       		.byte	0x9
 363 0201 40       		.byte	0x40
 364 0202 DF000000 		.4byte	0xdf
 365 0206 13       		.uleb128 0x13
 366 0207 4C030000 		.4byte	.LASF34
 367 020b 09       		.byte	0x9
 368 020c 47       		.byte	0x47
 369 020d EA000000 		.4byte	0xea
 370 0211 13       		.uleb128 0x13
 371 0212 BE020000 		.4byte	.LASF35
 372 0216 09       		.byte	0x9
 373 0217 4A       		.byte	0x4a
 374 0218 DF000000 		.4byte	0xdf
 375 021c 13       		.uleb128 0x13
 376 021d CC000000 		.4byte	.LASF36
 377 0221 0A       		.byte	0xa
 378 0222 48       		.byte	0x48
 379 0223 F5000000 		.4byte	0xf5
 380 0227 13       		.uleb128 0x13
 381 0228 37030000 		.4byte	.LASF37
 382 022c 0B       		.byte	0xb
 383 022d 44       		.byte	0x44
 384 022e DF000000 		.4byte	0xdf
 385 0232 14       		.uleb128 0x14
 386 0233 F7010000 		.4byte	.LASF38
 387 0237 0C       		.byte	0xc
 388 0238 1207     		.2byte	0x712
 389 023a 3E020000 		.4byte	0x23e
 390 023e 15       		.uleb128 0x15
 391 023f 97000000 		.4byte	0x97
 392 0243 16       		.uleb128 0x16
 393 0244 53020000 		.4byte	0x253
 394 0248 53020000 		.4byte	0x253
 395 024c 17       		.uleb128 0x17
 396 024d 0C010000 		.4byte	0x10c
 397 0251 00       		.byte	0
 398 0252 00       		.byte	0
 399 0253 18       		.uleb128 0x18
 400 0254 5B010000 		.4byte	0x15b
 401 0258 19       		.uleb128 0x19
 402 0259 EF000000 		.4byte	.LASF39
 403 025d 01       		.byte	0x1
 404 025e 2C       		.byte	0x2c
 405 025f 69020000 		.4byte	0x269
 406 0263 05       		.uleb128 0x5
ARM GAS  C:\Users\zakis\AppData\Local\Temp\ccir6mxV.s 			page 10


 407 0264 03       		.byte	0x3
 408 0265 00000000 		.4byte	RTE_cyclicActivationTable_tsk_output
 409 0269 18       		.uleb128 0x18
 410 026a 43020000 		.4byte	0x243
 411 026e 19       		.uleb128 0x19
 412 026f 82000000 		.4byte	.LASF40
 413 0273 01       		.byte	0x1
 414 0274 2F       		.byte	0x2f
 415 0275 7F020000 		.4byte	0x27f
 416 0279 05       		.uleb128 0x5
 417 027a 03       		.byte	0x3
 418 027b 00000000 		.4byte	RTE_cyclicActivation_tsk_output_size
 419 027f 18       		.uleb128 0x18
 420 0280 8C000000 		.4byte	0x8c
 421 0284 16       		.uleb128 0x16
 422 0285 94020000 		.4byte	0x294
 423 0289 94020000 		.4byte	0x294
 424 028d 17       		.uleb128 0x17
 425 028e 0C010000 		.4byte	0x10c
 426 0292 00       		.byte	0
 427 0293 00       		.byte	0
 428 0294 18       		.uleb128 0x18
 429 0295 87010000 		.4byte	0x187
 430 0299 19       		.uleb128 0x19
 431 029a E7020000 		.4byte	.LASF41
 432 029e 01       		.byte	0x1
 433 029f 32       		.byte	0x32
 434 02a0 AA020000 		.4byte	0x2aa
 435 02a4 05       		.uleb128 0x5
 436 02a5 03       		.byte	0x3
 437 02a6 00000000 		.4byte	RTE_eventActivationTable_tsk_output
 438 02aa 18       		.uleb128 0x18
 439 02ab 84020000 		.4byte	0x284
 440 02af 19       		.uleb128 0x19
 441 02b0 04020000 		.4byte	.LASF42
 442 02b4 01       		.byte	0x1
 443 02b5 35       		.byte	0x35
 444 02b6 7F020000 		.4byte	0x27f
 445 02ba 05       		.uleb128 0x5
 446 02bb 03       		.byte	0x3
 447 02bc 00000000 		.4byte	RTE_eventActivation_tsk_output_size
 448 02c0 1A       		.uleb128 0x1a
 449 02c1 B0030000 		.4byte	.LASF43
 450 02c5 B0030000 		.4byte	.LASF43
 451 02c9 0D       		.byte	0xd
 452 02ca 5401     		.2byte	0x154
 453 02cc 1A       		.uleb128 0x1a
 454 02cd 3D020000 		.4byte	.LASF44
 455 02d1 3D020000 		.4byte	.LASF44
 456 02d5 0D       		.byte	0xd
 457 02d6 4F01     		.2byte	0x14f
 458 02d8 1B       		.uleb128 0x1b
 459 02d9 D1020000 		.4byte	.LASF45
 460 02dd D1020000 		.4byte	.LASF45
 461 02e1 08       		.byte	0x8
 462 02e2 97       		.byte	0x97
 463 02e3 00       		.byte	0
ARM GAS  C:\Users\zakis\AppData\Local\Temp\ccir6mxV.s 			page 11


 464              		.section	.debug_abbrev,"",%progbits
 465              	.Ldebug_abbrev0:
 466 0000 01       		.uleb128 0x1
 467 0001 11       		.uleb128 0x11
 468 0002 01       		.byte	0x1
 469 0003 25       		.uleb128 0x25
 470 0004 0E       		.uleb128 0xe
 471 0005 13       		.uleb128 0x13
 472 0006 0B       		.uleb128 0xb
 473 0007 03       		.uleb128 0x3
 474 0008 0E       		.uleb128 0xe
 475 0009 1B       		.uleb128 0x1b
 476 000a 0E       		.uleb128 0xe
 477 000b 55       		.uleb128 0x55
 478 000c 17       		.uleb128 0x17
 479 000d 11       		.uleb128 0x11
 480 000e 01       		.uleb128 0x1
 481 000f 10       		.uleb128 0x10
 482 0010 17       		.uleb128 0x17
 483 0011 00       		.byte	0
 484 0012 00       		.byte	0
 485 0013 02       		.uleb128 0x2
 486 0014 24       		.uleb128 0x24
 487 0015 00       		.byte	0
 488 0016 0B       		.uleb128 0xb
 489 0017 0B       		.uleb128 0xb
 490 0018 3E       		.uleb128 0x3e
 491 0019 0B       		.uleb128 0xb
 492 001a 03       		.uleb128 0x3
 493 001b 0E       		.uleb128 0xe
 494 001c 00       		.byte	0
 495 001d 00       		.byte	0
 496 001e 03       		.uleb128 0x3
 497 001f 16       		.uleb128 0x16
 498 0020 00       		.byte	0
 499 0021 03       		.uleb128 0x3
 500 0022 0E       		.uleb128 0xe
 501 0023 3A       		.uleb128 0x3a
 502 0024 0B       		.uleb128 0xb
 503 0025 3B       		.uleb128 0x3b
 504 0026 0B       		.uleb128 0xb
 505 0027 49       		.uleb128 0x49
 506 0028 13       		.uleb128 0x13
 507 0029 00       		.byte	0
 508 002a 00       		.byte	0
 509 002b 04       		.uleb128 0x4
 510 002c 24       		.uleb128 0x24
 511 002d 00       		.byte	0
 512 002e 0B       		.uleb128 0xb
 513 002f 0B       		.uleb128 0xb
 514 0030 3E       		.uleb128 0x3e
 515 0031 0B       		.uleb128 0xb
 516 0032 03       		.uleb128 0x3
 517 0033 08       		.uleb128 0x8
 518 0034 00       		.byte	0
 519 0035 00       		.byte	0
 520 0036 05       		.uleb128 0x5
ARM GAS  C:\Users\zakis\AppData\Local\Temp\ccir6mxV.s 			page 12


 521 0037 16       		.uleb128 0x16
 522 0038 00       		.byte	0
 523 0039 03       		.uleb128 0x3
 524 003a 0E       		.uleb128 0xe
 525 003b 3A       		.uleb128 0x3a
 526 003c 0B       		.uleb128 0xb
 527 003d 3B       		.uleb128 0x3b
 528 003e 05       		.uleb128 0x5
 529 003f 49       		.uleb128 0x49
 530 0040 13       		.uleb128 0x13
 531 0041 00       		.byte	0
 532 0042 00       		.byte	0
 533 0043 06       		.uleb128 0x6
 534 0044 0F       		.uleb128 0xf
 535 0045 00       		.byte	0
 536 0046 0B       		.uleb128 0xb
 537 0047 0B       		.uleb128 0xb
 538 0048 49       		.uleb128 0x49
 539 0049 13       		.uleb128 0x13
 540 004a 00       		.byte	0
 541 004b 00       		.byte	0
 542 004c 07       		.uleb128 0x7
 543 004d 15       		.uleb128 0x15
 544 004e 01       		.byte	0x1
 545 004f 27       		.uleb128 0x27
 546 0050 19       		.uleb128 0x19
 547 0051 01       		.uleb128 0x1
 548 0052 13       		.uleb128 0x13
 549 0053 00       		.byte	0
 550 0054 00       		.byte	0
 551 0055 08       		.uleb128 0x8
 552 0056 05       		.uleb128 0x5
 553 0057 00       		.byte	0
 554 0058 49       		.uleb128 0x49
 555 0059 13       		.uleb128 0x13
 556 005a 00       		.byte	0
 557 005b 00       		.byte	0
 558 005c 09       		.uleb128 0x9
 559 005d 13       		.uleb128 0x13
 560 005e 01       		.byte	0x1
 561 005f 0B       		.uleb128 0xb
 562 0060 0B       		.uleb128 0xb
 563 0061 3A       		.uleb128 0x3a
 564 0062 0B       		.uleb128 0xb
 565 0063 3B       		.uleb128 0x3b
 566 0064 0B       		.uleb128 0xb
 567 0065 01       		.uleb128 0x1
 568 0066 13       		.uleb128 0x13
 569 0067 00       		.byte	0
 570 0068 00       		.byte	0
 571 0069 0A       		.uleb128 0xa
 572 006a 0D       		.uleb128 0xd
 573 006b 00       		.byte	0
 574 006c 03       		.uleb128 0x3
 575 006d 08       		.uleb128 0x8
 576 006e 3A       		.uleb128 0x3a
 577 006f 0B       		.uleb128 0xb
ARM GAS  C:\Users\zakis\AppData\Local\Temp\ccir6mxV.s 			page 13


 578 0070 3B       		.uleb128 0x3b
 579 0071 0B       		.uleb128 0xb
 580 0072 49       		.uleb128 0x49
 581 0073 13       		.uleb128 0x13
 582 0074 38       		.uleb128 0x38
 583 0075 0B       		.uleb128 0xb
 584 0076 00       		.byte	0
 585 0077 00       		.byte	0
 586 0078 0B       		.uleb128 0xb
 587 0079 0D       		.uleb128 0xd
 588 007a 00       		.byte	0
 589 007b 03       		.uleb128 0x3
 590 007c 0E       		.uleb128 0xe
 591 007d 3A       		.uleb128 0x3a
 592 007e 0B       		.uleb128 0xb
 593 007f 3B       		.uleb128 0x3b
 594 0080 0B       		.uleb128 0xb
 595 0081 49       		.uleb128 0x49
 596 0082 13       		.uleb128 0x13
 597 0083 38       		.uleb128 0x38
 598 0084 0B       		.uleb128 0xb
 599 0085 00       		.byte	0
 600 0086 00       		.byte	0
 601 0087 0C       		.uleb128 0xc
 602 0088 2E       		.uleb128 0x2e
 603 0089 01       		.byte	0x1
 604 008a 3F       		.uleb128 0x3f
 605 008b 19       		.uleb128 0x19
 606 008c 03       		.uleb128 0x3
 607 008d 0E       		.uleb128 0xe
 608 008e 3A       		.uleb128 0x3a
 609 008f 0B       		.uleb128 0xb
 610 0090 3B       		.uleb128 0x3b
 611 0091 0B       		.uleb128 0xb
 612 0092 27       		.uleb128 0x27
 613 0093 19       		.uleb128 0x19
 614 0094 8701     		.uleb128 0x87
 615 0096 19       		.uleb128 0x19
 616 0097 11       		.uleb128 0x11
 617 0098 01       		.uleb128 0x1
 618 0099 12       		.uleb128 0x12
 619 009a 06       		.uleb128 0x6
 620 009b 40       		.uleb128 0x40
 621 009c 18       		.uleb128 0x18
 622 009d 9742     		.uleb128 0x2117
 623 009f 19       		.uleb128 0x19
 624 00a0 01       		.uleb128 0x1
 625 00a1 13       		.uleb128 0x13
 626 00a2 00       		.byte	0
 627 00a3 00       		.byte	0
 628 00a4 0D       		.uleb128 0xd
 629 00a5 34       		.uleb128 0x34
 630 00a6 00       		.byte	0
 631 00a7 03       		.uleb128 0x3
 632 00a8 0E       		.uleb128 0xe
 633 00a9 3A       		.uleb128 0x3a
 634 00aa 0B       		.uleb128 0xb
ARM GAS  C:\Users\zakis\AppData\Local\Temp\ccir6mxV.s 			page 14


 635 00ab 3B       		.uleb128 0x3b
 636 00ac 0B       		.uleb128 0xb
 637 00ad 49       		.uleb128 0x49
 638 00ae 13       		.uleb128 0x13
 639 00af 1C       		.uleb128 0x1c
 640 00b0 0B       		.uleb128 0xb
 641 00b1 00       		.byte	0
 642 00b2 00       		.byte	0
 643 00b3 0E       		.uleb128 0xe
 644 00b4 34       		.uleb128 0x34
 645 00b5 00       		.byte	0
 646 00b6 03       		.uleb128 0x3
 647 00b7 08       		.uleb128 0x8
 648 00b8 3A       		.uleb128 0x3a
 649 00b9 0B       		.uleb128 0xb
 650 00ba 3B       		.uleb128 0x3b
 651 00bb 0B       		.uleb128 0xb
 652 00bc 49       		.uleb128 0x49
 653 00bd 13       		.uleb128 0x13
 654 00be 02       		.uleb128 0x2
 655 00bf 18       		.uleb128 0x18
 656 00c0 00       		.byte	0
 657 00c1 00       		.byte	0
 658 00c2 0F       		.uleb128 0xf
 659 00c3 898201   		.uleb128 0x4109
 660 00c6 01       		.byte	0x1
 661 00c7 11       		.uleb128 0x11
 662 00c8 01       		.uleb128 0x1
 663 00c9 31       		.uleb128 0x31
 664 00ca 13       		.uleb128 0x13
 665 00cb 01       		.uleb128 0x1
 666 00cc 13       		.uleb128 0x13
 667 00cd 00       		.byte	0
 668 00ce 00       		.byte	0
 669 00cf 10       		.uleb128 0x10
 670 00d0 8A8201   		.uleb128 0x410a
 671 00d3 00       		.byte	0
 672 00d4 02       		.uleb128 0x2
 673 00d5 18       		.uleb128 0x18
 674 00d6 9142     		.uleb128 0x2111
 675 00d8 18       		.uleb128 0x18
 676 00d9 00       		.byte	0
 677 00da 00       		.byte	0
 678 00db 11       		.uleb128 0x11
 679 00dc 898201   		.uleb128 0x4109
 680 00df 00       		.byte	0
 681 00e0 11       		.uleb128 0x11
 682 00e1 01       		.uleb128 0x1
 683 00e2 31       		.uleb128 0x31
 684 00e3 13       		.uleb128 0x13
 685 00e4 00       		.byte	0
 686 00e5 00       		.byte	0
 687 00e6 12       		.uleb128 0x12
 688 00e7 898201   		.uleb128 0x4109
 689 00ea 01       		.byte	0x1
 690 00eb 11       		.uleb128 0x11
 691 00ec 01       		.uleb128 0x1
ARM GAS  C:\Users\zakis\AppData\Local\Temp\ccir6mxV.s 			page 15


 692 00ed 31       		.uleb128 0x31
 693 00ee 13       		.uleb128 0x13
 694 00ef 00       		.byte	0
 695 00f0 00       		.byte	0
 696 00f1 13       		.uleb128 0x13
 697 00f2 34       		.uleb128 0x34
 698 00f3 00       		.byte	0
 699 00f4 03       		.uleb128 0x3
 700 00f5 0E       		.uleb128 0xe
 701 00f6 3A       		.uleb128 0x3a
 702 00f7 0B       		.uleb128 0xb
 703 00f8 3B       		.uleb128 0x3b
 704 00f9 0B       		.uleb128 0xb
 705 00fa 49       		.uleb128 0x49
 706 00fb 13       		.uleb128 0x13
 707 00fc 3F       		.uleb128 0x3f
 708 00fd 19       		.uleb128 0x19
 709 00fe 3C       		.uleb128 0x3c
 710 00ff 19       		.uleb128 0x19
 711 0100 00       		.byte	0
 712 0101 00       		.byte	0
 713 0102 14       		.uleb128 0x14
 714 0103 34       		.uleb128 0x34
 715 0104 00       		.byte	0
 716 0105 03       		.uleb128 0x3
 717 0106 0E       		.uleb128 0xe
 718 0107 3A       		.uleb128 0x3a
 719 0108 0B       		.uleb128 0xb
 720 0109 3B       		.uleb128 0x3b
 721 010a 05       		.uleb128 0x5
 722 010b 49       		.uleb128 0x49
 723 010c 13       		.uleb128 0x13
 724 010d 3F       		.uleb128 0x3f
 725 010e 19       		.uleb128 0x19
 726 010f 3C       		.uleb128 0x3c
 727 0110 19       		.uleb128 0x19
 728 0111 00       		.byte	0
 729 0112 00       		.byte	0
 730 0113 15       		.uleb128 0x15
 731 0114 35       		.uleb128 0x35
 732 0115 00       		.byte	0
 733 0116 49       		.uleb128 0x49
 734 0117 13       		.uleb128 0x13
 735 0118 00       		.byte	0
 736 0119 00       		.byte	0
 737 011a 16       		.uleb128 0x16
 738 011b 01       		.uleb128 0x1
 739 011c 01       		.byte	0x1
 740 011d 49       		.uleb128 0x49
 741 011e 13       		.uleb128 0x13
 742 011f 01       		.uleb128 0x1
 743 0120 13       		.uleb128 0x13
 744 0121 00       		.byte	0
 745 0122 00       		.byte	0
 746 0123 17       		.uleb128 0x17
 747 0124 21       		.uleb128 0x21
 748 0125 00       		.byte	0
ARM GAS  C:\Users\zakis\AppData\Local\Temp\ccir6mxV.s 			page 16


 749 0126 49       		.uleb128 0x49
 750 0127 13       		.uleb128 0x13
 751 0128 2F       		.uleb128 0x2f
 752 0129 0B       		.uleb128 0xb
 753 012a 00       		.byte	0
 754 012b 00       		.byte	0
 755 012c 18       		.uleb128 0x18
 756 012d 26       		.uleb128 0x26
 757 012e 00       		.byte	0
 758 012f 49       		.uleb128 0x49
 759 0130 13       		.uleb128 0x13
 760 0131 00       		.byte	0
 761 0132 00       		.byte	0
 762 0133 19       		.uleb128 0x19
 763 0134 34       		.uleb128 0x34
 764 0135 00       		.byte	0
 765 0136 03       		.uleb128 0x3
 766 0137 0E       		.uleb128 0xe
 767 0138 3A       		.uleb128 0x3a
 768 0139 0B       		.uleb128 0xb
 769 013a 3B       		.uleb128 0x3b
 770 013b 0B       		.uleb128 0xb
 771 013c 49       		.uleb128 0x49
 772 013d 13       		.uleb128 0x13
 773 013e 3F       		.uleb128 0x3f
 774 013f 19       		.uleb128 0x19
 775 0140 02       		.uleb128 0x2
 776 0141 18       		.uleb128 0x18
 777 0142 00       		.byte	0
 778 0143 00       		.byte	0
 779 0144 1A       		.uleb128 0x1a
 780 0145 2E       		.uleb128 0x2e
 781 0146 00       		.byte	0
 782 0147 3F       		.uleb128 0x3f
 783 0148 19       		.uleb128 0x19
 784 0149 3C       		.uleb128 0x3c
 785 014a 19       		.uleb128 0x19
 786 014b 6E       		.uleb128 0x6e
 787 014c 0E       		.uleb128 0xe
 788 014d 03       		.uleb128 0x3
 789 014e 0E       		.uleb128 0xe
 790 014f 3A       		.uleb128 0x3a
 791 0150 0B       		.uleb128 0xb
 792 0151 3B       		.uleb128 0x3b
 793 0152 05       		.uleb128 0x5
 794 0153 00       		.byte	0
 795 0154 00       		.byte	0
 796 0155 1B       		.uleb128 0x1b
 797 0156 2E       		.uleb128 0x2e
 798 0157 00       		.byte	0
 799 0158 3F       		.uleb128 0x3f
 800 0159 19       		.uleb128 0x19
 801 015a 3C       		.uleb128 0x3c
 802 015b 19       		.uleb128 0x19
 803 015c 6E       		.uleb128 0x6e
 804 015d 0E       		.uleb128 0xe
 805 015e 03       		.uleb128 0x3
ARM GAS  C:\Users\zakis\AppData\Local\Temp\ccir6mxV.s 			page 17


 806 015f 0E       		.uleb128 0xe
 807 0160 3A       		.uleb128 0x3a
 808 0161 0B       		.uleb128 0xb
 809 0162 3B       		.uleb128 0x3b
 810 0163 0B       		.uleb128 0xb
 811 0164 00       		.byte	0
 812 0165 00       		.byte	0
 813 0166 00       		.byte	0
 814              		.section	.debug_aranges,"",%progbits
 815 0000 1C000000 		.4byte	0x1c
 816 0004 0200     		.2byte	0x2
 817 0006 00000000 		.4byte	.Ldebug_info0
 818 000a 04       		.byte	0x4
 819 000b 00       		.byte	0
 820 000c 0000     		.2byte	0
 821 000e 0000     		.2byte	0
 822 0010 00000000 		.4byte	.LFB110
 823 0014 28000000 		.4byte	.LFE110-.LFB110
 824 0018 00000000 		.4byte	0
 825 001c 00000000 		.4byte	0
 826              		.section	.debug_ranges,"",%progbits
 827              	.Ldebug_ranges0:
 828 0000 00000000 		.4byte	.LFB110
 829 0004 28000000 		.4byte	.LFE110
 830 0008 00000000 		.4byte	0
 831 000c 00000000 		.4byte	0
 832              		.section	.debug_line,"",%progbits
 833              	.Ldebug_line0:
 834 0000 6F020000 		.section	.debug_str,"MS",%progbits,1
 834      02005102 
 834      00000201 
 834      FB0E0D00 
 834      01010101 
 835              	.LASF31:
 836 0000 5254455F 		.ascii	"RTE_eventTable_t\000"
 836      6576656E 
 836      74546162 
 836      6C655F74 
 836      00
 837              	.LASF5:
 838 0011 5F5F696E 		.ascii	"__int32_t\000"
 838      7433325F 
 838      7400
 839              	.LASF24:
 840 001b 4576656E 		.ascii	"EventMaskType\000"
 840      744D6173 
 840      6B547970 
 840      6500
 841              	.LASF16:
 842 0029 646F7562 		.ascii	"double\000"
 842      6C6500
 843              	.LASF48:
 844 0030 433A5C55 		.ascii	"C:\\Users\\zakis\\Documents\\EAA\\RTE_Gaspedal_Watc"
 844      73657273 
 844      5C7A616B 
 844      69735C44 
 844      6F63756D 
ARM GAS  C:\Users\zakis\AppData\Local\Temp\ccir6mxV.s 			page 18


 845 005e 68646F67 		.ascii	"hdog\\LabOne\\Gaspedal_Watchdog.cydsn\000"
 845      5C4C6162 
 845      4F6E655C 
 845      47617370 
 845      6564616C 
 846              	.LASF40:
 847 0082 5254455F 		.ascii	"RTE_cyclicActivation_tsk_output_size\000"
 847      6379636C 
 847      69634163 
 847      74697661 
 847      74696F6E 
 848              	.LASF47:
 849 00a7 736F7572 		.ascii	"source\\asw\\tsk_output.c\000"
 849      63655C61 
 849      73775C74 
 849      736B5F6F 
 849      75747075 
 850              	.LASF23:
 851 00bf 45455F54 		.ascii	"EE_TID\000"
 851      494400
 852              	.LASF15:
 853 00c6 666C6F61 		.ascii	"float\000"
 853      7400
 854              	.LASF36:
 855 00cc 45455F73 		.ascii	"EE_std_endcycle_next_tid\000"
 855      74645F65 
 855      6E646379 
 855      636C655F 
 855      6E657874 
 856              	.LASF28:
 857 00e5 6379636C 		.ascii	"cycleTime\000"
 857      6554696D 
 857      6500
 858              	.LASF39:
 859 00ef 5254455F 		.ascii	"RTE_cyclicActivationTable_tsk_output\000"
 859      6379636C 
 859      69634163 
 859      74697661 
 859      74696F6E 
 860              	.LASF46:
 861 0114 474E5520 		.ascii	"GNU C11 5.4.1 20160609 (release) [ARM/embedded-5-br"
 861      43313120 
 861      352E342E 
 861      31203230 
 861      31363036 
 862 0147 616E6368 		.ascii	"anch revision 237715] -mcpu=cortex-m3 -mthumb -g -O"
 862      20726576 
 862      6973696F 
 862      6E203233 
 862      37373135 
 863 017a 67202D66 		.ascii	"g -ffunction-sections -ffat-lto-objects\000"
 863      66756E63 
 863      74696F6E 
 863      2D736563 
 863      74696F6E 
 864              	.LASF19:
 865 01a2 45455F49 		.ascii	"EE_INT32\000"
ARM GAS  C:\Users\zakis\AppData\Local\Temp\ccir6mxV.s 			page 19


 865      4E543332 
 865      00
 866              	.LASF8:
 867 01ab 6C6F6E67 		.ascii	"long unsigned int\000"
 867      20756E73 
 867      69676E65 
 867      6420696E 
 867      7400
 868              	.LASF49:
 869 01bd 46756E63 		.ascii	"Functsk_output\000"
 869      74736B5F 
 869      6F757470 
 869      757400
 870              	.LASF3:
 871 01cc 73686F72 		.ascii	"short unsigned int\000"
 871      7420756E 
 871      7369676E 
 871      65642069 
 871      6E7400
 872              	.LASF33:
 873 01df 45455F6F 		.ascii	"EE_oo_IRQ_disable_count\000"
 873      6F5F4952 
 873      515F6469 
 873      7361626C 
 873      655F636F 
 874              	.LASF38:
 875 01f7 49544D5F 		.ascii	"ITM_RxBuffer\000"
 875      52784275 
 875      66666572 
 875      00
 876              	.LASF42:
 877 0204 5254455F 		.ascii	"RTE_eventActivation_tsk_output_size\000"
 877      6576656E 
 877      74416374 
 877      69766174 
 877      696F6E5F 
 878              	.LASF4:
 879 0228 5F5F7569 		.ascii	"__uint16_t\000"
 879      6E743136 
 879      5F7400
 880              	.LASF26:
 881 0233 5254455F 		.ascii	"RTE_event\000"
 881      6576656E 
 881      7400
 882              	.LASF44:
 883 023d 45455F6F 		.ascii	"EE_oo_ClearEvent\000"
 883      6F5F436C 
 883      65617245 
 883      76656E74 
 883      00
 884              	.LASF7:
 885 024e 5F5F7569 		.ascii	"__uint32_t\000"
 885      6E743332 
 885      5F7400
 886              	.LASF30:
 887 0259 6576656E 		.ascii	"event\000"
 887      7400
ARM GAS  C:\Users\zakis\AppData\Local\Temp\ccir6mxV.s 			page 20


 888              	.LASF29:
 889 025f 5254455F 		.ascii	"RTE_cyclicTable_t\000"
 889      6379636C 
 889      69635461 
 889      626C655F 
 889      7400
 890              	.LASF1:
 891 0271 756E7369 		.ascii	"unsigned char\000"
 891      676E6564 
 891      20636861 
 891      7200
 892              	.LASF11:
 893 027f 756E7369 		.ascii	"unsigned int\000"
 893      676E6564 
 893      20696E74 
 893      00
 894              	.LASF22:
 895 028c 45455F46 		.ascii	"EE_FREG\000"
 895      52454700 
 896              	.LASF20:
 897 0294 45455F55 		.ascii	"EE_UINT32\000"
 897      494E5433 
 897      3200
 898              	.LASF32:
 899 029e 7469636B 		.ascii	"ticktime\000"
 899      74696D65 
 899      00
 900              	.LASF10:
 901 02a7 6C6F6E67 		.ascii	"long long unsigned int\000"
 901      206C6F6E 
 901      6720756E 
 901      7369676E 
 901      65642069 
 902              	.LASF35:
 903 02be 45455F41 		.ascii	"EE_ApplicationMode\000"
 903      70706C69 
 903      63617469 
 903      6F6E4D6F 
 903      646500
 904              	.LASF45:
 905 02d1 5254455F 		.ascii	"RTE_ProcessEventTable\000"
 905      50726F63 
 905      65737345 
 905      76656E74 
 905      5461626C 
 906              	.LASF41:
 907 02e7 5254455F 		.ascii	"RTE_eventActivationTable_tsk_output\000"
 907      6576656E 
 907      74416374 
 907      69766174 
 907      696F6E54 
 908              	.LASF13:
 909 030b 696E7433 		.ascii	"int32_t\000"
 909      325F7400 
 910              	.LASF25:
 911 0313 73697A65 		.ascii	"sizetype\000"
 911      74797065 
ARM GAS  C:\Users\zakis\AppData\Local\Temp\ccir6mxV.s 			page 21


 911      00
 912              	.LASF9:
 913 031c 6C6F6E67 		.ascii	"long long int\000"
 913      206C6F6E 
 913      6720696E 
 913      7400
 914              	.LASF17:
 915 032a 63686172 		.ascii	"char\000"
 915      00
 916              	.LASF21:
 917 032f 45455F55 		.ascii	"EE_UREG\000"
 917      52454700 
 918              	.LASF37:
 919 0337 45455F49 		.ascii	"EE_IRQ_nesting_level\000"
 919      52515F6E 
 919      65737469 
 919      6E675F6C 
 919      6576656C 
 920              	.LASF34:
 921 034c 45455F6F 		.ascii	"EE_oo_IRQ_suspend_status\000"
 921      6F5F4952 
 921      515F7375 
 921      7370656E 
 921      645F7374 
 922              	.LASF2:
 923 0365 73686F72 		.ascii	"short int\000"
 923      7420696E 
 923      7400
 924              	.LASF12:
 925 036f 75696E74 		.ascii	"uint16_t\000"
 925      31365F74 
 925      00
 926              	.LASF14:
 927 0378 75696E74 		.ascii	"uint32_t\000"
 927      33325F74 
 927      00
 928              	.LASF6:
 929 0381 6C6F6E67 		.ascii	"long int\000"
 929      20696E74 
 929      00
 930              	.LASF18:
 931 038a 6C6F6E67 		.ascii	"long double\000"
 931      20646F75 
 931      626C6500 
 932              	.LASF0:
 933 0396 7369676E 		.ascii	"signed char\000"
 933      65642063 
 933      68617200 
 934              	.LASF27:
 935 03a2 5254455F 		.ascii	"RTE_pRunnable\000"
 935      7052756E 
 935      6E61626C 
 935      6500
 936              	.LASF43:
 937 03b0 45455F6F 		.ascii	"EE_oo_GetEvent\000"
 937      6F5F4765 
 937      74457665 
ARM GAS  C:\Users\zakis\AppData\Local\Temp\ccir6mxV.s 			page 22


 937      6E7400
 938              		.ident	"GCC: (GNU Tools for ARM Embedded Processors) 5.4.1 20160609 (release) [ARM/embedded-5-bran
