ARM GAS  C:\Users\zakis\AppData\Local\Temp\ccXmKPXL.s 			page 1


   1              		.syntax unified
   2              		.cpu cortex-m3
   3              		.fpu softvfp
   4              		.eabi_attribute 20, 1
   5              		.eabi_attribute 21, 1
   6              		.eabi_attribute 23, 3
   7              		.eabi_attribute 24, 1
   8              		.eabi_attribute 25, 1
   9              		.eabi_attribute 26, 1
  10              		.eabi_attribute 30, 1
  11              		.eabi_attribute 34, 1
  12              		.eabi_attribute 18, 4
  13              		.thumb
  14              		.syntax unified
  15              		.file	"tsk_control.c"
  16              		.text
  17              	.Ltext0:
  18              		.cfi_sections	.debug_frame
  19              		.section	.text.Functsk_control,"ax",%progbits
  20              		.align	2
  21              		.global	Functsk_control
  22              		.thumb
  23              		.thumb_func
  24              		.type	Functsk_control, %function
  25              	Functsk_control:
  26              	.LFB110:
  27              		.file 1 "source\\asw\\tsk_control.c"
   1:source\asw/tsk_control.c **** /*
   2:source\asw/tsk_control.c ****  * Filename: tsk_control.c
   3:source\asw/tsk_control.c ****  *
   4:source\asw/tsk_control.c ****  * Author: Autogenerated by H-DA RTE Generator, (c) Prof. Fromm
   5:source\asw/tsk_control.c ****  *
   6:source\asw/tsk_control.c ****  * description: Task doing work
   7:source\asw/tsk_control.c ****  * events: ev_joystick_onData
   8:source\asw/tsk_control.c ****  * mode: Event
   9:source\asw/tsk_control.c ****  * name: tsk_control
  10:source\asw/tsk_control.c ****  * shortname: control
  11:source\asw/tsk_control.c ****  * signalpoolsRO: sp_common
  12:source\asw/tsk_control.c ****  * signalpoolsRW: sp_common
  13:source\asw/tsk_control.c ****  * tickEvent: ev_joystick_onData
  14:source\asw/tsk_control.c ****  * timertickperiod: 1
  15:source\asw/tsk_control.c ****  *
  16:source\asw/tsk_control.c ****  */
  17:source\asw/tsk_control.c **** 
  18:source\asw/tsk_control.c **** #include "project.h"
  19:source\asw/tsk_control.c **** #include "global.h"
  20:source\asw/tsk_control.c **** #include "rte.h"
  21:source\asw/tsk_control.c **** #include "rte_types.h"
  22:source\asw/tsk_control.c **** #include "tsk_control.h"
  23:source\asw/tsk_control.c **** 
  24:source\asw/tsk_control.c **** 
  25:source\asw/tsk_control.c **** 
  26:source\asw/tsk_control.c **** /* USER CODE START TSK_CONTROL_INCLUDE */
  27:source\asw/tsk_control.c **** 
  28:source\asw/tsk_control.c **** /* USER CODE END TSK_CONTROL_INCLUDE */
  29:source\asw/tsk_control.c **** 
  30:source\asw/tsk_control.c **** #include "swc_control.h"
ARM GAS  C:\Users\zakis\AppData\Local\Temp\ccXmKPXL.s 			page 2


  31:source\asw/tsk_control.c **** 
  32:source\asw/tsk_control.c **** 
  33:source\asw/tsk_control.c **** 
  34:source\asw/tsk_control.c **** /* USER CODE START TSK_CONTROL_USERDEFINITIONS */
  35:source\asw/tsk_control.c **** 
  36:source\asw/tsk_control.c **** /* USER CODE END TSK_CONTROL_USERDEFINITIONS */
  37:source\asw/tsk_control.c **** 
  38:source\asw/tsk_control.c **** /*******************************************************************************
  39:source\asw/tsk_control.c ****  * Runnable Tables from Activation Engine
  40:source\asw/tsk_control.c ****  *******************************************************************************/
  41:source\asw/tsk_control.c **** 
  42:source\asw/tsk_control.c **** /* Event Table */
  43:source\asw/tsk_control.c **** const RTE_eventTable_t RTE_eventActivationTable_tsk_control[] = {
  44:source\asw/tsk_control.c ****     { CONTROL_calcControl_run, ev_joystick_onData },  //Takes in Joystick data and updates Speed
  45:source\asw/tsk_control.c **** }; 
  46:source\asw/tsk_control.c **** const uint16_t RTE_eventActivation_tsk_control_size = sizeof (RTE_eventActivationTable_tsk_control)
  47:source\asw/tsk_control.c **** 
  48:source\asw/tsk_control.c **** /*******************************************************************************
  49:source\asw/tsk_control.c ****  * Task Body
  50:source\asw/tsk_control.c ****  *******************************************************************************/
  51:source\asw/tsk_control.c **** 
  52:source\asw/tsk_control.c **** 
  53:source\asw/tsk_control.c **** /*
  54:source\asw/tsk_control.c ****  * description: Task doing work
  55:source\asw/tsk_control.c ****  * events: ev_joystick_onData
  56:source\asw/tsk_control.c ****  * mode: Event
  57:source\asw/tsk_control.c ****  * name: tsk_control
  58:source\asw/tsk_control.c ****  * shortname: control
  59:source\asw/tsk_control.c ****  * signalpoolsRO: sp_common
  60:source\asw/tsk_control.c ****  * signalpoolsRW: sp_common
  61:source\asw/tsk_control.c ****  * tickEvent: ev_joystick_onData
  62:source\asw/tsk_control.c ****  * timertickperiod: 1
  63:source\asw/tsk_control.c ****  */
  64:source\asw/tsk_control.c **** TASK(tsk_control)
  65:source\asw/tsk_control.c **** {
  28              		.loc 1 65 0
  29              		.cfi_startproc
  30              		@ args = 0, pretend = 0, frame = 8
  31              		@ frame_needed = 0, uses_anonymous_args = 0
  32 0000 00B5     		push	{lr}
  33              		.cfi_def_cfa_offset 4
  34              		.cfi_offset 14, -4
  35 0002 83B0     		sub	sp, sp, #12
  36              		.cfi_def_cfa_offset 16
  66:source\asw/tsk_control.c ****     EventMaskType ev = 0;
  37              		.loc 1 66 0
  38 0004 0023     		movs	r3, #0
  39 0006 0193     		str	r3, [sp, #4]
  40              	.L2:
  67:source\asw/tsk_control.c ****     
  68:source\asw/tsk_control.c **** 	/* USER CODE START TSK_CONTROL_INIT */
  69:source\asw/tsk_control.c **** 
  70:source\asw/tsk_control.c **** 
  71:source\asw/tsk_control.c **** 	/* USER CODE END TSK_CONTROL_INIT */
  72:source\asw/tsk_control.c **** 	
  73:source\asw/tsk_control.c ****     while(1)
  74:source\asw/tsk_control.c ****     {
ARM GAS  C:\Users\zakis\AppData\Local\Temp\ccXmKPXL.s 			page 3


  75:source\asw/tsk_control.c ****         //Wait, read and clear the event
  76:source\asw/tsk_control.c ****         WaitEvent(ev_joystick_onData);
  41              		.loc 1 76 0 discriminator 1
  42 0008 0120     		movs	r0, #1
  43 000a FFF7FEFF 		bl	EE_oo_WaitEvent
  44              	.LVL0:
  77:source\asw/tsk_control.c ****         GetEvent(tsk_control,&ev);
  45              		.loc 1 77 0 discriminator 1
  46 000e 01A9     		add	r1, sp, #4
  47 0010 0320     		movs	r0, #3
  48 0012 FFF7FEFF 		bl	EE_oo_GetEvent
  49              	.LVL1:
  78:source\asw/tsk_control.c ****         ClearEvent(ev);
  50              		.loc 1 78 0 discriminator 1
  51 0016 0198     		ldr	r0, [sp, #4]
  52 0018 FFF7FEFF 		bl	EE_oo_ClearEvent
  53              	.LVL2:
  79:source\asw/tsk_control.c **** 		
  80:source\asw/tsk_control.c **** 		/* USER CODE START TSK_CONTROL_TASKBOBY_PRE */
  81:source\asw/tsk_control.c ****         SetRelAlarm(alrm_error_control, 10, 0);
  54              		.loc 1 81 0 discriminator 1
  55 001c 0022     		movs	r2, #0
  56 001e 0A21     		movs	r1, #10
  57 0020 0320     		movs	r0, #3
  58 0022 FFF7FEFF 		bl	EE_oo_SetRelAlarm
  59              	.LVL3:
  82:source\asw/tsk_control.c **** 
  83:source\asw/tsk_control.c **** 		/* USER CODE END TSK_CONTROL_TASKBODY_PRE */
  84:source\asw/tsk_control.c ****     
  85:source\asw/tsk_control.c **** 
  86:source\asw/tsk_control.c ****         //Process Event table on event
  87:source\asw/tsk_control.c ****         RTE_ProcessEventTable(RTE_eventActivationTable_tsk_control, RTE_eventActivation_tsk_control
  60              		.loc 1 87 0 discriminator 1
  61 0026 019A     		ldr	r2, [sp, #4]
  62 0028 0121     		movs	r1, #1
  63 002a 0348     		ldr	r0, .L4
  64 002c FFF7FEFF 		bl	RTE_ProcessEventTable
  65              	.LVL4:
  88:source\asw/tsk_control.c **** 		
  89:source\asw/tsk_control.c **** 		/* USER CODE START TSK_CONTROL_TASKBODY_POST */
  90:source\asw/tsk_control.c ****         CancelAlarm(alrm_error_control);
  66              		.loc 1 90 0 discriminator 1
  67 0030 0320     		movs	r0, #3
  68 0032 FFF7FEFF 		bl	EE_oo_CancelAlarm
  69              	.LVL5:
  70 0036 E7E7     		b	.L2
  71              	.L5:
  72              		.align	2
  73              	.L4:
  74 0038 00000000 		.word	.LANCHOR0
  75              		.cfi_endproc
  76              	.LFE110:
  77              		.size	Functsk_control, .-Functsk_control
  78              		.global	RTE_eventActivation_tsk_control_size
  79              		.global	RTE_eventActivationTable_tsk_control
  80              		.section	.rodata
  81              		.align	2
ARM GAS  C:\Users\zakis\AppData\Local\Temp\ccXmKPXL.s 			page 4


  82              		.set	.LANCHOR0,. + 0
  83              		.type	RTE_eventActivationTable_tsk_control, %object
  84              		.size	RTE_eventActivationTable_tsk_control, 8
  85              	RTE_eventActivationTable_tsk_control:
  86 0000 00000000 		.word	CONTROL_calcControl_run
  87 0004 01000000 		.word	1
  88              		.type	RTE_eventActivation_tsk_control_size, %object
  89              		.size	RTE_eventActivation_tsk_control_size, 2
  90              	RTE_eventActivation_tsk_control_size:
  91 0008 0100     		.short	1
  92              		.text
  93              	.Letext0:
  94              		.file 2 "c:\\program files (x86)\\cypress\\psoc creator\\4.4\\psoc creator\\import\\gnu\\arm\\5.4.
  95              		.file 3 "c:\\program files (x86)\\cypress\\psoc creator\\4.4\\psoc creator\\import\\gnu\\arm\\5.4.
  96              		.file 4 "Generated_Source\\PSoC5/ErikaOS_common_ee_types.inc"
  97              		.file 5 "Generated_Source\\PSoC5/ErikaOS_cortex_mx_ee_cpu.inc"
  98              		.file 6 "Generated_Source\\PSoC5/ErikaOS_ee_oo_common.inc"
  99              		.file 7 ".\\source\\rte/rte_types.h"
 100              		.file 8 ".\\source\\rte/rte.h"
 101              		.file 9 "Generated_Source\\PSoC5/ErikaOS_ee_oo_intfunc.inc"
 102              		.file 10 "Generated_Source\\PSoC5/ErikaOS_cortex_mx_ee_context.inc"
 103              		.file 11 "Generated_Source\\PSoC5/ErikaOS_common_ee_primitives.inc"
 104              		.file 12 "Generated_Source\\PSoC5/core_cm3.h"
 105              		.file 13 "Generated_Source\\PSoC5/ErikaOS_ee_oo_kernel.inc"
 106              		.section	.debug_info,"",%progbits
 107              	.Ldebug_info0:
 108 0000 BD020000 		.4byte	0x2bd
 109 0004 0400     		.2byte	0x4
 110 0006 00000000 		.4byte	.Ldebug_abbrev0
 111 000a 04       		.byte	0x4
 112 000b 01       		.uleb128 0x1
 113 000c 07010000 		.4byte	.LASF42
 114 0010 0C       		.byte	0xc
 115 0011 1D030000 		.4byte	.LASF43
 116 0015 75000000 		.4byte	.LASF44
 117 0019 00000000 		.4byte	.Ldebug_ranges0+0
 118 001d 00000000 		.4byte	0
 119 0021 00000000 		.4byte	.Ldebug_line0
 120 0025 02       		.uleb128 0x2
 121 0026 01       		.byte	0x1
 122 0027 06       		.byte	0x6
 123 0028 4B030000 		.4byte	.LASF0
 124 002c 02       		.uleb128 0x2
 125 002d 01       		.byte	0x1
 126 002e 08       		.byte	0x8
 127 002f F9000000 		.4byte	.LASF1
 128 0033 02       		.uleb128 0x2
 129 0034 02       		.byte	0x2
 130 0035 05       		.byte	0x5
 131 0036 0A030000 		.4byte	.LASF2
 132 003a 03       		.uleb128 0x3
 133 003b E8010000 		.4byte	.LASF4
 134 003f 02       		.byte	0x2
 135 0040 2B       		.byte	0x2b
 136 0041 45000000 		.4byte	0x45
 137 0045 02       		.uleb128 0x2
 138 0046 02       		.byte	0x2
ARM GAS  C:\Users\zakis\AppData\Local\Temp\ccXmKPXL.s 			page 5


 139 0047 07       		.byte	0x7
 140 0048 B0010000 		.4byte	.LASF3
 141 004c 03       		.uleb128 0x3
 142 004d 31000000 		.4byte	.LASF5
 143 0051 02       		.byte	0x2
 144 0052 3F       		.byte	0x3f
 145 0053 57000000 		.4byte	0x57
 146 0057 02       		.uleb128 0x2
 147 0058 04       		.byte	0x4
 148 0059 05       		.byte	0x5
 149 005a 36030000 		.4byte	.LASF6
 150 005e 02       		.uleb128 0x2
 151 005f 04       		.byte	0x4
 152 0060 07       		.byte	0x7
 153 0061 9E010000 		.4byte	.LASF7
 154 0065 02       		.uleb128 0x2
 155 0066 08       		.byte	0x8
 156 0067 05       		.byte	0x5
 157 0068 C8020000 		.4byte	.LASF8
 158 006c 02       		.uleb128 0x2
 159 006d 08       		.byte	0x8
 160 006e 07       		.byte	0x7
 161 006f 65020000 		.4byte	.LASF9
 162 0073 04       		.uleb128 0x4
 163 0074 04       		.byte	0x4
 164 0075 05       		.byte	0x5
 165 0076 696E7400 		.ascii	"int\000"
 166 007a 02       		.uleb128 0x2
 167 007b 04       		.byte	0x4
 168 007c 07       		.byte	0x7
 169 007d 2D020000 		.4byte	.LASF10
 170 0081 03       		.uleb128 0x3
 171 0082 14030000 		.4byte	.LASF11
 172 0086 03       		.byte	0x3
 173 0087 24       		.byte	0x24
 174 0088 3A000000 		.4byte	0x3a
 175 008c 03       		.uleb128 0x3
 176 008d B7020000 		.4byte	.LASF12
 177 0091 03       		.byte	0x3
 178 0092 2C       		.byte	0x2c
 179 0093 4C000000 		.4byte	0x4c
 180 0097 02       		.uleb128 0x2
 181 0098 04       		.byte	0x4
 182 0099 04       		.byte	0x4
 183 009a CE000000 		.4byte	.LASF13
 184 009e 02       		.uleb128 0x2
 185 009f 08       		.byte	0x8
 186 00a0 04       		.byte	0x4
 187 00a1 6E000000 		.4byte	.LASF14
 188 00a5 02       		.uleb128 0x2
 189 00a6 01       		.byte	0x1
 190 00a7 08       		.byte	0x8
 191 00a8 D6020000 		.4byte	.LASF15
 192 00ac 02       		.uleb128 0x2
 193 00ad 08       		.byte	0x8
 194 00ae 04       		.byte	0x4
 195 00af 3F030000 		.4byte	.LASF16
ARM GAS  C:\Users\zakis\AppData\Local\Temp\ccXmKPXL.s 			page 6


 196 00b3 03       		.uleb128 0x3
 197 00b4 95010000 		.4byte	.LASF17
 198 00b8 04       		.byte	0x4
 199 00b9 53       		.byte	0x53
 200 00ba 73000000 		.4byte	0x73
 201 00be 03       		.uleb128 0x3
 202 00bf 42020000 		.4byte	.LASF18
 203 00c3 04       		.byte	0x4
 204 00c4 54       		.byte	0x54
 205 00c5 7A000000 		.4byte	0x7a
 206 00c9 03       		.uleb128 0x3
 207 00ca ED020000 		.4byte	.LASF19
 208 00ce 05       		.byte	0x5
 209 00cf 4D       		.byte	0x4d
 210 00d0 BE000000 		.4byte	0xbe
 211 00d4 03       		.uleb128 0x3
 212 00d5 3A020000 		.4byte	.LASF20
 213 00d9 05       		.byte	0x5
 214 00da 4F       		.byte	0x4f
 215 00db BE000000 		.4byte	0xbe
 216 00df 03       		.uleb128 0x3
 217 00e0 C7000000 		.4byte	.LASF21
 218 00e4 05       		.byte	0x5
 219 00e5 78       		.byte	0x78
 220 00e6 B3000000 		.4byte	0xb3
 221 00ea 05       		.uleb128 0x5
 222 00eb 3B000000 		.4byte	.LASF22
 223 00ef 06       		.byte	0x6
 224 00f0 2C02     		.2byte	0x22c
 225 00f2 C9000000 		.4byte	0xc9
 226 00f6 02       		.uleb128 0x2
 227 00f7 04       		.byte	0x4
 228 00f8 07       		.byte	0x7
 229 00f9 BF020000 		.4byte	.LASF23
 230 00fd 03       		.uleb128 0x3
 231 00fe F3010000 		.4byte	.LASF24
 232 0102 07       		.byte	0x7
 233 0103 21       		.byte	0x21
 234 0104 EA000000 		.4byte	0xea
 235 0108 03       		.uleb128 0x3
 236 0109 57030000 		.4byte	.LASF25
 237 010d 08       		.byte	0x8
 238 010e 66       		.byte	0x66
 239 010f 13010000 		.4byte	0x113
 240 0113 06       		.uleb128 0x6
 241 0114 04       		.byte	0x4
 242 0115 19010000 		.4byte	0x119
 243 0119 07       		.uleb128 0x7
 244 011a 24010000 		.4byte	0x124
 245 011e 08       		.uleb128 0x8
 246 011f FD000000 		.4byte	0xfd
 247 0123 00       		.byte	0
 248 0124 09       		.uleb128 0x9
 249 0125 08       		.byte	0x8
 250 0126 08       		.byte	0x8
 251 0127 74       		.byte	0x74
 252 0128 45010000 		.4byte	0x145
ARM GAS  C:\Users\zakis\AppData\Local\Temp\ccXmKPXL.s 			page 7


 253 012c 0A       		.uleb128 0xa
 254 012d 72756E00 		.ascii	"run\000"
 255 0131 08       		.byte	0x8
 256 0132 76       		.byte	0x76
 257 0133 08010000 		.4byte	0x108
 258 0137 00       		.byte	0
 259 0138 0B       		.uleb128 0xb
 260 0139 0E020000 		.4byte	.LASF26
 261 013d 08       		.byte	0x8
 262 013e 77       		.byte	0x77
 263 013f EA000000 		.4byte	0xea
 264 0143 04       		.byte	0x4
 265 0144 00       		.byte	0
 266 0145 03       		.uleb128 0x3
 267 0146 20000000 		.4byte	.LASF27
 268 014a 08       		.byte	0x8
 269 014b 78       		.byte	0x78
 270 014c 24010000 		.4byte	0x124
 271 0150 0C       		.uleb128 0xc
 272 0151 00000000 		.4byte	.LASF45
 273 0155 01       		.byte	0x1
 274 0156 40       		.byte	0x40
 275 0157 00000000 		.4byte	.LFB110
 276 015b 3C000000 		.4byte	.LFE110-.LFB110
 277 015f 01       		.uleb128 0x1
 278 0160 9C       		.byte	0x9c
 279 0161 F0010000 		.4byte	0x1f0
 280 0165 0D       		.uleb128 0xd
 281 0166 657600   		.ascii	"ev\000"
 282 0169 01       		.byte	0x1
 283 016a 42       		.byte	0x42
 284 016b EA000000 		.4byte	0xea
 285 016f 02       		.uleb128 0x2
 286 0170 91       		.byte	0x91
 287 0171 74       		.sleb128 -12
 288 0172 0E       		.uleb128 0xe
 289 0173 0E000000 		.4byte	.LVL0
 290 0177 79020000 		.4byte	0x279
 291 017b 85010000 		.4byte	0x185
 292 017f 0F       		.uleb128 0xf
 293 0180 01       		.uleb128 0x1
 294 0181 50       		.byte	0x50
 295 0182 01       		.uleb128 0x1
 296 0183 31       		.byte	0x31
 297 0184 00       		.byte	0
 298 0185 0E       		.uleb128 0xe
 299 0186 16000000 		.4byte	.LVL1
 300 018a 85020000 		.4byte	0x285
 301 018e 9E010000 		.4byte	0x19e
 302 0192 0F       		.uleb128 0xf
 303 0193 01       		.uleb128 0x1
 304 0194 50       		.byte	0x50
 305 0195 01       		.uleb128 0x1
 306 0196 33       		.byte	0x33
 307 0197 0F       		.uleb128 0xf
 308 0198 01       		.uleb128 0x1
 309 0199 51       		.byte	0x51
ARM GAS  C:\Users\zakis\AppData\Local\Temp\ccXmKPXL.s 			page 8


 310 019a 02       		.uleb128 0x2
 311 019b 91       		.byte	0x91
 312 019c 74       		.sleb128 -12
 313 019d 00       		.byte	0
 314 019e 10       		.uleb128 0x10
 315 019f 1C000000 		.4byte	.LVL2
 316 01a3 91020000 		.4byte	0x291
 317 01a7 0E       		.uleb128 0xe
 318 01a8 26000000 		.4byte	.LVL3
 319 01ac 9D020000 		.4byte	0x29d
 320 01b0 C4010000 		.4byte	0x1c4
 321 01b4 0F       		.uleb128 0xf
 322 01b5 01       		.uleb128 0x1
 323 01b6 50       		.byte	0x50
 324 01b7 01       		.uleb128 0x1
 325 01b8 33       		.byte	0x33
 326 01b9 0F       		.uleb128 0xf
 327 01ba 01       		.uleb128 0x1
 328 01bb 51       		.byte	0x51
 329 01bc 01       		.uleb128 0x1
 330 01bd 3A       		.byte	0x3a
 331 01be 0F       		.uleb128 0xf
 332 01bf 01       		.uleb128 0x1
 333 01c0 52       		.byte	0x52
 334 01c1 01       		.uleb128 0x1
 335 01c2 30       		.byte	0x30
 336 01c3 00       		.byte	0
 337 01c4 0E       		.uleb128 0xe
 338 01c5 30000000 		.4byte	.LVL4
 339 01c9 A9020000 		.4byte	0x2a9
 340 01cd E0010000 		.4byte	0x1e0
 341 01d1 0F       		.uleb128 0xf
 342 01d2 01       		.uleb128 0x1
 343 01d3 50       		.byte	0x50
 344 01d4 05       		.uleb128 0x5
 345 01d5 03       		.byte	0x3
 346 01d6 00000000 		.4byte	.LANCHOR0
 347 01da 0F       		.uleb128 0xf
 348 01db 01       		.uleb128 0x1
 349 01dc 51       		.byte	0x51
 350 01dd 01       		.uleb128 0x1
 351 01de 31       		.byte	0x31
 352 01df 00       		.byte	0
 353 01e0 11       		.uleb128 0x11
 354 01e1 36000000 		.4byte	.LVL5
 355 01e5 B4020000 		.4byte	0x2b4
 356 01e9 0F       		.uleb128 0xf
 357 01ea 01       		.uleb128 0x1
 358 01eb 50       		.byte	0x50
 359 01ec 01       		.uleb128 0x1
 360 01ed 33       		.byte	0x33
 361 01ee 00       		.byte	0
 362 01ef 00       		.byte	0
 363 01f0 12       		.uleb128 0x12
 364 01f1 C3010000 		.4byte	.LASF28
 365 01f5 09       		.byte	0x9
 366 01f6 40       		.byte	0x40
ARM GAS  C:\Users\zakis\AppData\Local\Temp\ccXmKPXL.s 			page 9


 367 01f7 C9000000 		.4byte	0xc9
 368 01fb 12       		.uleb128 0x12
 369 01fc 4C020000 		.4byte	.LASF29
 370 0200 09       		.byte	0x9
 371 0201 47       		.byte	0x47
 372 0202 D4000000 		.4byte	0xd4
 373 0206 12       		.uleb128 0x12
 374 0207 8E020000 		.4byte	.LASF30
 375 020b 09       		.byte	0x9
 376 020c 4A       		.byte	0x4a
 377 020d C9000000 		.4byte	0xc9
 378 0211 12       		.uleb128 0x12
 379 0212 14020000 		.4byte	.LASF31
 380 0216 0A       		.byte	0xa
 381 0217 48       		.byte	0x48
 382 0218 DF000000 		.4byte	0xdf
 383 021c 12       		.uleb128 0x12
 384 021d F5020000 		.4byte	.LASF32
 385 0221 0B       		.byte	0xb
 386 0222 44       		.byte	0x44
 387 0223 C9000000 		.4byte	0xc9
 388 0227 13       		.uleb128 0x13
 389 0228 DB010000 		.4byte	.LASF33
 390 022c 0C       		.byte	0xc
 391 022d 1207     		.2byte	0x712
 392 022f 33020000 		.4byte	0x233
 393 0233 14       		.uleb128 0x14
 394 0234 8C000000 		.4byte	0x8c
 395 0238 15       		.uleb128 0x15
 396 0239 48020000 		.4byte	0x248
 397 023d 48020000 		.4byte	0x248
 398 0241 16       		.uleb128 0x16
 399 0242 F6000000 		.4byte	0xf6
 400 0246 00       		.byte	0
 401 0247 00       		.byte	0
 402 0248 17       		.uleb128 0x17
 403 0249 45010000 		.4byte	0x145
 404 024d 18       		.uleb128 0x18
 405 024e D4000000 		.4byte	.LASF34
 406 0252 01       		.byte	0x1
 407 0253 2B       		.byte	0x2b
 408 0254 5E020000 		.4byte	0x25e
 409 0258 05       		.uleb128 0x5
 410 0259 03       		.byte	0x3
 411 025a 00000000 		.4byte	RTE_eventActivationTable_tsk_control
 412 025e 17       		.uleb128 0x17
 413 025f 38020000 		.4byte	0x238
 414 0263 18       		.uleb128 0x18
 415 0264 49000000 		.4byte	.LASF35
 416 0268 01       		.byte	0x1
 417 0269 2E       		.byte	0x2e
 418 026a 74020000 		.4byte	0x274
 419 026e 05       		.uleb128 0x5
 420 026f 03       		.byte	0x3
 421 0270 00000000 		.4byte	RTE_eventActivation_tsk_control_size
 422 0274 17       		.uleb128 0x17
 423 0275 81000000 		.4byte	0x81
ARM GAS  C:\Users\zakis\AppData\Local\Temp\ccXmKPXL.s 			page 10


 424 0279 19       		.uleb128 0x19
 425 027a 10000000 		.4byte	.LASF36
 426 027e 10000000 		.4byte	.LASF36
 427 0282 0D       		.byte	0xd
 428 0283 5901     		.2byte	0x159
 429 0285 19       		.uleb128 0x19
 430 0286 65030000 		.4byte	.LASF37
 431 028a 65030000 		.4byte	.LASF37
 432 028e 0D       		.byte	0xd
 433 028f 5401     		.2byte	0x154
 434 0291 19       		.uleb128 0x19
 435 0292 FD010000 		.4byte	.LASF38
 436 0296 FD010000 		.4byte	.LASF38
 437 029a 0D       		.byte	0xd
 438 029b 4F01     		.2byte	0x14f
 439 029d 19       		.uleb128 0x19
 440 029e 7C020000 		.4byte	.LASF39
 441 02a2 7C020000 		.4byte	.LASF39
 442 02a6 0D       		.byte	0xd
 443 02a7 EF01     		.2byte	0x1ef
 444 02a9 1A       		.uleb128 0x1a
 445 02aa A1020000 		.4byte	.LASF40
 446 02ae A1020000 		.4byte	.LASF40
 447 02b2 08       		.byte	0x8
 448 02b3 97       		.byte	0x97
 449 02b4 19       		.uleb128 0x19
 450 02b5 DB020000 		.4byte	.LASF41
 451 02b9 DB020000 		.4byte	.LASF41
 452 02bd 0D       		.byte	0xd
 453 02be F901     		.2byte	0x1f9
 454 02c0 00       		.byte	0
 455              		.section	.debug_abbrev,"",%progbits
 456              	.Ldebug_abbrev0:
 457 0000 01       		.uleb128 0x1
 458 0001 11       		.uleb128 0x11
 459 0002 01       		.byte	0x1
 460 0003 25       		.uleb128 0x25
 461 0004 0E       		.uleb128 0xe
 462 0005 13       		.uleb128 0x13
 463 0006 0B       		.uleb128 0xb
 464 0007 03       		.uleb128 0x3
 465 0008 0E       		.uleb128 0xe
 466 0009 1B       		.uleb128 0x1b
 467 000a 0E       		.uleb128 0xe
 468 000b 55       		.uleb128 0x55
 469 000c 17       		.uleb128 0x17
 470 000d 11       		.uleb128 0x11
 471 000e 01       		.uleb128 0x1
 472 000f 10       		.uleb128 0x10
 473 0010 17       		.uleb128 0x17
 474 0011 00       		.byte	0
 475 0012 00       		.byte	0
 476 0013 02       		.uleb128 0x2
 477 0014 24       		.uleb128 0x24
 478 0015 00       		.byte	0
 479 0016 0B       		.uleb128 0xb
 480 0017 0B       		.uleb128 0xb
ARM GAS  C:\Users\zakis\AppData\Local\Temp\ccXmKPXL.s 			page 11


 481 0018 3E       		.uleb128 0x3e
 482 0019 0B       		.uleb128 0xb
 483 001a 03       		.uleb128 0x3
 484 001b 0E       		.uleb128 0xe
 485 001c 00       		.byte	0
 486 001d 00       		.byte	0
 487 001e 03       		.uleb128 0x3
 488 001f 16       		.uleb128 0x16
 489 0020 00       		.byte	0
 490 0021 03       		.uleb128 0x3
 491 0022 0E       		.uleb128 0xe
 492 0023 3A       		.uleb128 0x3a
 493 0024 0B       		.uleb128 0xb
 494 0025 3B       		.uleb128 0x3b
 495 0026 0B       		.uleb128 0xb
 496 0027 49       		.uleb128 0x49
 497 0028 13       		.uleb128 0x13
 498 0029 00       		.byte	0
 499 002a 00       		.byte	0
 500 002b 04       		.uleb128 0x4
 501 002c 24       		.uleb128 0x24
 502 002d 00       		.byte	0
 503 002e 0B       		.uleb128 0xb
 504 002f 0B       		.uleb128 0xb
 505 0030 3E       		.uleb128 0x3e
 506 0031 0B       		.uleb128 0xb
 507 0032 03       		.uleb128 0x3
 508 0033 08       		.uleb128 0x8
 509 0034 00       		.byte	0
 510 0035 00       		.byte	0
 511 0036 05       		.uleb128 0x5
 512 0037 16       		.uleb128 0x16
 513 0038 00       		.byte	0
 514 0039 03       		.uleb128 0x3
 515 003a 0E       		.uleb128 0xe
 516 003b 3A       		.uleb128 0x3a
 517 003c 0B       		.uleb128 0xb
 518 003d 3B       		.uleb128 0x3b
 519 003e 05       		.uleb128 0x5
 520 003f 49       		.uleb128 0x49
 521 0040 13       		.uleb128 0x13
 522 0041 00       		.byte	0
 523 0042 00       		.byte	0
 524 0043 06       		.uleb128 0x6
 525 0044 0F       		.uleb128 0xf
 526 0045 00       		.byte	0
 527 0046 0B       		.uleb128 0xb
 528 0047 0B       		.uleb128 0xb
 529 0048 49       		.uleb128 0x49
 530 0049 13       		.uleb128 0x13
 531 004a 00       		.byte	0
 532 004b 00       		.byte	0
 533 004c 07       		.uleb128 0x7
 534 004d 15       		.uleb128 0x15
 535 004e 01       		.byte	0x1
 536 004f 27       		.uleb128 0x27
 537 0050 19       		.uleb128 0x19
ARM GAS  C:\Users\zakis\AppData\Local\Temp\ccXmKPXL.s 			page 12


 538 0051 01       		.uleb128 0x1
 539 0052 13       		.uleb128 0x13
 540 0053 00       		.byte	0
 541 0054 00       		.byte	0
 542 0055 08       		.uleb128 0x8
 543 0056 05       		.uleb128 0x5
 544 0057 00       		.byte	0
 545 0058 49       		.uleb128 0x49
 546 0059 13       		.uleb128 0x13
 547 005a 00       		.byte	0
 548 005b 00       		.byte	0
 549 005c 09       		.uleb128 0x9
 550 005d 13       		.uleb128 0x13
 551 005e 01       		.byte	0x1
 552 005f 0B       		.uleb128 0xb
 553 0060 0B       		.uleb128 0xb
 554 0061 3A       		.uleb128 0x3a
 555 0062 0B       		.uleb128 0xb
 556 0063 3B       		.uleb128 0x3b
 557 0064 0B       		.uleb128 0xb
 558 0065 01       		.uleb128 0x1
 559 0066 13       		.uleb128 0x13
 560 0067 00       		.byte	0
 561 0068 00       		.byte	0
 562 0069 0A       		.uleb128 0xa
 563 006a 0D       		.uleb128 0xd
 564 006b 00       		.byte	0
 565 006c 03       		.uleb128 0x3
 566 006d 08       		.uleb128 0x8
 567 006e 3A       		.uleb128 0x3a
 568 006f 0B       		.uleb128 0xb
 569 0070 3B       		.uleb128 0x3b
 570 0071 0B       		.uleb128 0xb
 571 0072 49       		.uleb128 0x49
 572 0073 13       		.uleb128 0x13
 573 0074 38       		.uleb128 0x38
 574 0075 0B       		.uleb128 0xb
 575 0076 00       		.byte	0
 576 0077 00       		.byte	0
 577 0078 0B       		.uleb128 0xb
 578 0079 0D       		.uleb128 0xd
 579 007a 00       		.byte	0
 580 007b 03       		.uleb128 0x3
 581 007c 0E       		.uleb128 0xe
 582 007d 3A       		.uleb128 0x3a
 583 007e 0B       		.uleb128 0xb
 584 007f 3B       		.uleb128 0x3b
 585 0080 0B       		.uleb128 0xb
 586 0081 49       		.uleb128 0x49
 587 0082 13       		.uleb128 0x13
 588 0083 38       		.uleb128 0x38
 589 0084 0B       		.uleb128 0xb
 590 0085 00       		.byte	0
 591 0086 00       		.byte	0
 592 0087 0C       		.uleb128 0xc
 593 0088 2E       		.uleb128 0x2e
 594 0089 01       		.byte	0x1
ARM GAS  C:\Users\zakis\AppData\Local\Temp\ccXmKPXL.s 			page 13


 595 008a 3F       		.uleb128 0x3f
 596 008b 19       		.uleb128 0x19
 597 008c 03       		.uleb128 0x3
 598 008d 0E       		.uleb128 0xe
 599 008e 3A       		.uleb128 0x3a
 600 008f 0B       		.uleb128 0xb
 601 0090 3B       		.uleb128 0x3b
 602 0091 0B       		.uleb128 0xb
 603 0092 27       		.uleb128 0x27
 604 0093 19       		.uleb128 0x19
 605 0094 8701     		.uleb128 0x87
 606 0096 19       		.uleb128 0x19
 607 0097 11       		.uleb128 0x11
 608 0098 01       		.uleb128 0x1
 609 0099 12       		.uleb128 0x12
 610 009a 06       		.uleb128 0x6
 611 009b 40       		.uleb128 0x40
 612 009c 18       		.uleb128 0x18
 613 009d 9742     		.uleb128 0x2117
 614 009f 19       		.uleb128 0x19
 615 00a0 01       		.uleb128 0x1
 616 00a1 13       		.uleb128 0x13
 617 00a2 00       		.byte	0
 618 00a3 00       		.byte	0
 619 00a4 0D       		.uleb128 0xd
 620 00a5 34       		.uleb128 0x34
 621 00a6 00       		.byte	0
 622 00a7 03       		.uleb128 0x3
 623 00a8 08       		.uleb128 0x8
 624 00a9 3A       		.uleb128 0x3a
 625 00aa 0B       		.uleb128 0xb
 626 00ab 3B       		.uleb128 0x3b
 627 00ac 0B       		.uleb128 0xb
 628 00ad 49       		.uleb128 0x49
 629 00ae 13       		.uleb128 0x13
 630 00af 02       		.uleb128 0x2
 631 00b0 18       		.uleb128 0x18
 632 00b1 00       		.byte	0
 633 00b2 00       		.byte	0
 634 00b3 0E       		.uleb128 0xe
 635 00b4 898201   		.uleb128 0x4109
 636 00b7 01       		.byte	0x1
 637 00b8 11       		.uleb128 0x11
 638 00b9 01       		.uleb128 0x1
 639 00ba 31       		.uleb128 0x31
 640 00bb 13       		.uleb128 0x13
 641 00bc 01       		.uleb128 0x1
 642 00bd 13       		.uleb128 0x13
 643 00be 00       		.byte	0
 644 00bf 00       		.byte	0
 645 00c0 0F       		.uleb128 0xf
 646 00c1 8A8201   		.uleb128 0x410a
 647 00c4 00       		.byte	0
 648 00c5 02       		.uleb128 0x2
 649 00c6 18       		.uleb128 0x18
 650 00c7 9142     		.uleb128 0x2111
 651 00c9 18       		.uleb128 0x18
ARM GAS  C:\Users\zakis\AppData\Local\Temp\ccXmKPXL.s 			page 14


 652 00ca 00       		.byte	0
 653 00cb 00       		.byte	0
 654 00cc 10       		.uleb128 0x10
 655 00cd 898201   		.uleb128 0x4109
 656 00d0 00       		.byte	0
 657 00d1 11       		.uleb128 0x11
 658 00d2 01       		.uleb128 0x1
 659 00d3 31       		.uleb128 0x31
 660 00d4 13       		.uleb128 0x13
 661 00d5 00       		.byte	0
 662 00d6 00       		.byte	0
 663 00d7 11       		.uleb128 0x11
 664 00d8 898201   		.uleb128 0x4109
 665 00db 01       		.byte	0x1
 666 00dc 11       		.uleb128 0x11
 667 00dd 01       		.uleb128 0x1
 668 00de 31       		.uleb128 0x31
 669 00df 13       		.uleb128 0x13
 670 00e0 00       		.byte	0
 671 00e1 00       		.byte	0
 672 00e2 12       		.uleb128 0x12
 673 00e3 34       		.uleb128 0x34
 674 00e4 00       		.byte	0
 675 00e5 03       		.uleb128 0x3
 676 00e6 0E       		.uleb128 0xe
 677 00e7 3A       		.uleb128 0x3a
 678 00e8 0B       		.uleb128 0xb
 679 00e9 3B       		.uleb128 0x3b
 680 00ea 0B       		.uleb128 0xb
 681 00eb 49       		.uleb128 0x49
 682 00ec 13       		.uleb128 0x13
 683 00ed 3F       		.uleb128 0x3f
 684 00ee 19       		.uleb128 0x19
 685 00ef 3C       		.uleb128 0x3c
 686 00f0 19       		.uleb128 0x19
 687 00f1 00       		.byte	0
 688 00f2 00       		.byte	0
 689 00f3 13       		.uleb128 0x13
 690 00f4 34       		.uleb128 0x34
 691 00f5 00       		.byte	0
 692 00f6 03       		.uleb128 0x3
 693 00f7 0E       		.uleb128 0xe
 694 00f8 3A       		.uleb128 0x3a
 695 00f9 0B       		.uleb128 0xb
 696 00fa 3B       		.uleb128 0x3b
 697 00fb 05       		.uleb128 0x5
 698 00fc 49       		.uleb128 0x49
 699 00fd 13       		.uleb128 0x13
 700 00fe 3F       		.uleb128 0x3f
 701 00ff 19       		.uleb128 0x19
 702 0100 3C       		.uleb128 0x3c
 703 0101 19       		.uleb128 0x19
 704 0102 00       		.byte	0
 705 0103 00       		.byte	0
 706 0104 14       		.uleb128 0x14
 707 0105 35       		.uleb128 0x35
 708 0106 00       		.byte	0
ARM GAS  C:\Users\zakis\AppData\Local\Temp\ccXmKPXL.s 			page 15


 709 0107 49       		.uleb128 0x49
 710 0108 13       		.uleb128 0x13
 711 0109 00       		.byte	0
 712 010a 00       		.byte	0
 713 010b 15       		.uleb128 0x15
 714 010c 01       		.uleb128 0x1
 715 010d 01       		.byte	0x1
 716 010e 49       		.uleb128 0x49
 717 010f 13       		.uleb128 0x13
 718 0110 01       		.uleb128 0x1
 719 0111 13       		.uleb128 0x13
 720 0112 00       		.byte	0
 721 0113 00       		.byte	0
 722 0114 16       		.uleb128 0x16
 723 0115 21       		.uleb128 0x21
 724 0116 00       		.byte	0
 725 0117 49       		.uleb128 0x49
 726 0118 13       		.uleb128 0x13
 727 0119 2F       		.uleb128 0x2f
 728 011a 0B       		.uleb128 0xb
 729 011b 00       		.byte	0
 730 011c 00       		.byte	0
 731 011d 17       		.uleb128 0x17
 732 011e 26       		.uleb128 0x26
 733 011f 00       		.byte	0
 734 0120 49       		.uleb128 0x49
 735 0121 13       		.uleb128 0x13
 736 0122 00       		.byte	0
 737 0123 00       		.byte	0
 738 0124 18       		.uleb128 0x18
 739 0125 34       		.uleb128 0x34
 740 0126 00       		.byte	0
 741 0127 03       		.uleb128 0x3
 742 0128 0E       		.uleb128 0xe
 743 0129 3A       		.uleb128 0x3a
 744 012a 0B       		.uleb128 0xb
 745 012b 3B       		.uleb128 0x3b
 746 012c 0B       		.uleb128 0xb
 747 012d 49       		.uleb128 0x49
 748 012e 13       		.uleb128 0x13
 749 012f 3F       		.uleb128 0x3f
 750 0130 19       		.uleb128 0x19
 751 0131 02       		.uleb128 0x2
 752 0132 18       		.uleb128 0x18
 753 0133 00       		.byte	0
 754 0134 00       		.byte	0
 755 0135 19       		.uleb128 0x19
 756 0136 2E       		.uleb128 0x2e
 757 0137 00       		.byte	0
 758 0138 3F       		.uleb128 0x3f
 759 0139 19       		.uleb128 0x19
 760 013a 3C       		.uleb128 0x3c
 761 013b 19       		.uleb128 0x19
 762 013c 6E       		.uleb128 0x6e
 763 013d 0E       		.uleb128 0xe
 764 013e 03       		.uleb128 0x3
 765 013f 0E       		.uleb128 0xe
ARM GAS  C:\Users\zakis\AppData\Local\Temp\ccXmKPXL.s 			page 16


 766 0140 3A       		.uleb128 0x3a
 767 0141 0B       		.uleb128 0xb
 768 0142 3B       		.uleb128 0x3b
 769 0143 05       		.uleb128 0x5
 770 0144 00       		.byte	0
 771 0145 00       		.byte	0
 772 0146 1A       		.uleb128 0x1a
 773 0147 2E       		.uleb128 0x2e
 774 0148 00       		.byte	0
 775 0149 3F       		.uleb128 0x3f
 776 014a 19       		.uleb128 0x19
 777 014b 3C       		.uleb128 0x3c
 778 014c 19       		.uleb128 0x19
 779 014d 6E       		.uleb128 0x6e
 780 014e 0E       		.uleb128 0xe
 781 014f 03       		.uleb128 0x3
 782 0150 0E       		.uleb128 0xe
 783 0151 3A       		.uleb128 0x3a
 784 0152 0B       		.uleb128 0xb
 785 0153 3B       		.uleb128 0x3b
 786 0154 0B       		.uleb128 0xb
 787 0155 00       		.byte	0
 788 0156 00       		.byte	0
 789 0157 00       		.byte	0
 790              		.section	.debug_aranges,"",%progbits
 791 0000 1C000000 		.4byte	0x1c
 792 0004 0200     		.2byte	0x2
 793 0006 00000000 		.4byte	.Ldebug_info0
 794 000a 04       		.byte	0x4
 795 000b 00       		.byte	0
 796 000c 0000     		.2byte	0
 797 000e 0000     		.2byte	0
 798 0010 00000000 		.4byte	.LFB110
 799 0014 3C000000 		.4byte	.LFE110-.LFB110
 800 0018 00000000 		.4byte	0
 801 001c 00000000 		.4byte	0
 802              		.section	.debug_ranges,"",%progbits
 803              	.Ldebug_ranges0:
 804 0000 00000000 		.4byte	.LFB110
 805 0004 3C000000 		.4byte	.LFE110
 806 0008 00000000 		.4byte	0
 807 000c 00000000 		.4byte	0
 808              		.section	.debug_line,"",%progbits
 809              	.Ldebug_line0:
 810 0000 89020000 		.section	.debug_str,"MS",%progbits,1
 810      02005202 
 810      00000201 
 810      FB0E0D00 
 810      01010101 
 811              	.LASF45:
 812 0000 46756E63 		.ascii	"Functsk_control\000"
 812      74736B5F 
 812      636F6E74 
 812      726F6C00 
 813              	.LASF36:
 814 0010 45455F6F 		.ascii	"EE_oo_WaitEvent\000"
 814      6F5F5761 
ARM GAS  C:\Users\zakis\AppData\Local\Temp\ccXmKPXL.s 			page 17


 814      69744576 
 814      656E7400 
 815              	.LASF27:
 816 0020 5254455F 		.ascii	"RTE_eventTable_t\000"
 816      6576656E 
 816      74546162 
 816      6C655F74 
 816      00
 817              	.LASF5:
 818 0031 5F5F696E 		.ascii	"__int32_t\000"
 818      7433325F 
 818      7400
 819              	.LASF22:
 820 003b 4576656E 		.ascii	"EventMaskType\000"
 820      744D6173 
 820      6B547970 
 820      6500
 821              	.LASF35:
 822 0049 5254455F 		.ascii	"RTE_eventActivation_tsk_control_size\000"
 822      6576656E 
 822      74416374 
 822      69766174 
 822      696F6E5F 
 823              	.LASF14:
 824 006e 646F7562 		.ascii	"double\000"
 824      6C6500
 825              	.LASF44:
 826 0075 433A5C55 		.ascii	"C:\\Users\\zakis\\Documents\\EAA\\RTE_Gaspedal_Watc"
 826      73657273 
 826      5C7A616B 
 826      69735C44 
 826      6F63756D 
 827 00a3 68646F67 		.ascii	"hdog\\LabOne\\Gaspedal_Watchdog.cydsn\000"
 827      5C4C6162 
 827      4F6E655C 
 827      47617370 
 827      6564616C 
 828              	.LASF21:
 829 00c7 45455F54 		.ascii	"EE_TID\000"
 829      494400
 830              	.LASF13:
 831 00ce 666C6F61 		.ascii	"float\000"
 831      7400
 832              	.LASF34:
 833 00d4 5254455F 		.ascii	"RTE_eventActivationTable_tsk_control\000"
 833      6576656E 
 833      74416374 
 833      69766174 
 833      696F6E54 
 834              	.LASF1:
 835 00f9 756E7369 		.ascii	"unsigned char\000"
 835      676E6564 
 835      20636861 
 835      7200
 836              	.LASF42:
 837 0107 474E5520 		.ascii	"GNU C11 5.4.1 20160609 (release) [ARM/embedded-5-br"
 837      43313120 
ARM GAS  C:\Users\zakis\AppData\Local\Temp\ccXmKPXL.s 			page 18


 837      352E342E 
 837      31203230 
 837      31363036 
 838 013a 616E6368 		.ascii	"anch revision 237715] -mcpu=cortex-m3 -mthumb -g -O"
 838      20726576 
 838      6973696F 
 838      6E203233 
 838      37373135 
 839 016d 67202D66 		.ascii	"g -ffunction-sections -ffat-lto-objects\000"
 839      66756E63 
 839      74696F6E 
 839      2D736563 
 839      74696F6E 
 840              	.LASF17:
 841 0195 45455F49 		.ascii	"EE_INT32\000"
 841      4E543332 
 841      00
 842              	.LASF7:
 843 019e 6C6F6E67 		.ascii	"long unsigned int\000"
 843      20756E73 
 843      69676E65 
 843      6420696E 
 843      7400
 844              	.LASF3:
 845 01b0 73686F72 		.ascii	"short unsigned int\000"
 845      7420756E 
 845      7369676E 
 845      65642069 
 845      6E7400
 846              	.LASF28:
 847 01c3 45455F6F 		.ascii	"EE_oo_IRQ_disable_count\000"
 847      6F5F4952 
 847      515F6469 
 847      7361626C 
 847      655F636F 
 848              	.LASF33:
 849 01db 49544D5F 		.ascii	"ITM_RxBuffer\000"
 849      52784275 
 849      66666572 
 849      00
 850              	.LASF4:
 851 01e8 5F5F7569 		.ascii	"__uint16_t\000"
 851      6E743136 
 851      5F7400
 852              	.LASF24:
 853 01f3 5254455F 		.ascii	"RTE_event\000"
 853      6576656E 
 853      7400
 854              	.LASF38:
 855 01fd 45455F6F 		.ascii	"EE_oo_ClearEvent\000"
 855      6F5F436C 
 855      65617245 
 855      76656E74 
 855      00
 856              	.LASF26:
 857 020e 6576656E 		.ascii	"event\000"
 857      7400
ARM GAS  C:\Users\zakis\AppData\Local\Temp\ccXmKPXL.s 			page 19


 858              	.LASF31:
 859 0214 45455F73 		.ascii	"EE_std_endcycle_next_tid\000"
 859      74645F65 
 859      6E646379 
 859      636C655F 
 859      6E657874 
 860              	.LASF10:
 861 022d 756E7369 		.ascii	"unsigned int\000"
 861      676E6564 
 861      20696E74 
 861      00
 862              	.LASF20:
 863 023a 45455F46 		.ascii	"EE_FREG\000"
 863      52454700 
 864              	.LASF18:
 865 0242 45455F55 		.ascii	"EE_UINT32\000"
 865      494E5433 
 865      3200
 866              	.LASF29:
 867 024c 45455F6F 		.ascii	"EE_oo_IRQ_suspend_status\000"
 867      6F5F4952 
 867      515F7375 
 867      7370656E 
 867      645F7374 
 868              	.LASF9:
 869 0265 6C6F6E67 		.ascii	"long long unsigned int\000"
 869      206C6F6E 
 869      6720756E 
 869      7369676E 
 869      65642069 
 870              	.LASF39:
 871 027c 45455F6F 		.ascii	"EE_oo_SetRelAlarm\000"
 871      6F5F5365 
 871      7452656C 
 871      416C6172 
 871      6D00
 872              	.LASF30:
 873 028e 45455F41 		.ascii	"EE_ApplicationMode\000"
 873      70706C69 
 873      63617469 
 873      6F6E4D6F 
 873      646500
 874              	.LASF40:
 875 02a1 5254455F 		.ascii	"RTE_ProcessEventTable\000"
 875      50726F63 
 875      65737345 
 875      76656E74 
 875      5461626C 
 876              	.LASF12:
 877 02b7 696E7433 		.ascii	"int32_t\000"
 877      325F7400 
 878              	.LASF23:
 879 02bf 73697A65 		.ascii	"sizetype\000"
 879      74797065 
 879      00
 880              	.LASF8:
 881 02c8 6C6F6E67 		.ascii	"long long int\000"
ARM GAS  C:\Users\zakis\AppData\Local\Temp\ccXmKPXL.s 			page 20


 881      206C6F6E 
 881      6720696E 
 881      7400
 882              	.LASF15:
 883 02d6 63686172 		.ascii	"char\000"
 883      00
 884              	.LASF41:
 885 02db 45455F6F 		.ascii	"EE_oo_CancelAlarm\000"
 885      6F5F4361 
 885      6E63656C 
 885      416C6172 
 885      6D00
 886              	.LASF19:
 887 02ed 45455F55 		.ascii	"EE_UREG\000"
 887      52454700 
 888              	.LASF32:
 889 02f5 45455F49 		.ascii	"EE_IRQ_nesting_level\000"
 889      52515F6E 
 889      65737469 
 889      6E675F6C 
 889      6576656C 
 890              	.LASF2:
 891 030a 73686F72 		.ascii	"short int\000"
 891      7420696E 
 891      7400
 892              	.LASF11:
 893 0314 75696E74 		.ascii	"uint16_t\000"
 893      31365F74 
 893      00
 894              	.LASF43:
 895 031d 736F7572 		.ascii	"source\\asw\\tsk_control.c\000"
 895      63655C61 
 895      73775C74 
 895      736B5F63 
 895      6F6E7472 
 896              	.LASF6:
 897 0336 6C6F6E67 		.ascii	"long int\000"
 897      20696E74 
 897      00
 898              	.LASF16:
 899 033f 6C6F6E67 		.ascii	"long double\000"
 899      20646F75 
 899      626C6500 
 900              	.LASF0:
 901 034b 7369676E 		.ascii	"signed char\000"
 901      65642063 
 901      68617200 
 902              	.LASF25:
 903 0357 5254455F 		.ascii	"RTE_pRunnable\000"
 903      7052756E 
 903      6E61626C 
 903      6500
 904              	.LASF37:
 905 0365 45455F6F 		.ascii	"EE_oo_GetEvent\000"
 905      6F5F4765 
 905      74457665 
 905      6E7400
ARM GAS  C:\Users\zakis\AppData\Local\Temp\ccXmKPXL.s 			page 21


 906              		.ident	"GCC: (GNU Tools for ARM Embedded Processors) 5.4.1 20160609 (release) [ARM/embedded-5-bran
