ARM GAS  C:\Users\zakis\AppData\Local\Temp\ccDcxFQQ.s 			page 1


   1              		.syntax unified
   2              		.cpu cortex-m3
   3              		.fpu softvfp
   4              		.eabi_attribute 20, 1
   5              		.eabi_attribute 21, 1
   6              		.eabi_attribute 23, 3
   7              		.eabi_attribute 24, 1
   8              		.eabi_attribute 25, 1
   9              		.eabi_attribute 26, 1
  10              		.eabi_attribute 30, 1
  11              		.eabi_attribute 34, 1
  12              		.eabi_attribute 18, 4
  13              		.thumb
  14              		.syntax unified
  15              		.file	"watchdog.c"
  16              		.text
  17              	.Ltext0:
  18              		.cfi_sections	.debug_frame
  19              		.section	.text.WD_Start,"ax",%progbits
  20              		.align	2
  21              		.global	WD_Start
  22              		.thumb
  23              		.thumb_func
  24              		.type	WD_Start, %function
  25              	WD_Start:
  26              	.LFB110:
  27              		.file 1 "source\\asw\\watchdog.c"
   1:source\asw/watchdog.c **** /**
   2:source\asw/watchdog.c **** * \file uart.c
   3:source\asw/watchdog.c **** * \author P. Fromm
   4:source\asw/watchdog.c **** * \date 8.12.19
   5:source\asw/watchdog.c **** *
   6:source\asw/watchdog.c **** * \brief UART wrapper
   7:source\asw/watchdog.c **** *
   8:source\asw/watchdog.c **** * \copyright Copyright ©2016
   9:source\asw/watchdog.c **** * Department of electrical engineering and information technology, Hochschule Darmstadt - Universit
  10:source\asw/watchdog.c **** * Permission to use, copy, modify, and distribute this software and its documentation for education
  11:source\asw/watchdog.c **** * (unless permitted by h_da) and official h_da projects, is hereby granted for enrolled students of
  12:source\asw/watchdog.c **** * this paragraph and the following paragraph appear in all copies, modifications, and distributions
  13:source\asw/watchdog.c **** * Contact Prof.Dr.-Ing. Peter Fromm, peter.fromm@h-da.de, Birkenweg 8 64295 Darmstadt - GERMANY for
  14:source\asw/watchdog.c **** *
  15:source\asw/watchdog.c **** * \warning This software is a PROTOTYPE version and is not designed or intended for use in producti
  16:source\asw/watchdog.c **** * The user represents and warrants that it will NOT use or redistribute the Software for such purpo
  17:source\asw/watchdog.c **** * This prototype is for research purposes only. This software is provided "AS IS," without a warran
  18:source\asw/watchdog.c **** */
  19:source\asw/watchdog.c **** 
  20:source\asw/watchdog.c **** /*****************************************************************************/
  21:source\asw/watchdog.c **** /* Include files                                                             */
  22:source\asw/watchdog.c **** /*****************************************************************************/
  23:source\asw/watchdog.c **** 
  24:source\asw/watchdog.c **** #include "project.h"
  25:source\asw/watchdog.c **** #include "watchdog.h"
  26:source\asw/watchdog.c **** 
  27:source\asw/watchdog.c **** /*****************************************************************************/
  28:source\asw/watchdog.c **** /* Local pre-processor symbols/macros ('#define')                            */
  29:source\asw/watchdog.c **** /*****************************************************************************/
  30:source\asw/watchdog.c **** 
ARM GAS  C:\Users\zakis\AppData\Local\Temp\ccDcxFQQ.s 			page 2


  31:source\asw/watchdog.c **** /*****************************************************************************/
  32:source\asw/watchdog.c **** /* Global variable definitions (declared in header file with 'extern')       */
  33:source\asw/watchdog.c **** /*****************************************************************************/
  34:source\asw/watchdog.c **** 
  35:source\asw/watchdog.c **** 
  36:source\asw/watchdog.c **** 
  37:source\asw/watchdog.c **** /*****************************************************************************/
  38:source\asw/watchdog.c **** /* Local type definitions ('typedef')                                        */
  39:source\asw/watchdog.c **** /*****************************************************************************/
  40:source\asw/watchdog.c **** 
  41:source\asw/watchdog.c **** WDT_Bitfields wdtBitfields = {0};
  42:source\asw/watchdog.c **** 
  43:source\asw/watchdog.c **** /*****************************************************************************/
  44:source\asw/watchdog.c **** /* Local variable definitions ('static')                                     */
  45:source\asw/watchdog.c **** /*****************************************************************************/
  46:source\asw/watchdog.c **** 
  47:source\asw/watchdog.c **** 
  48:source\asw/watchdog.c **** 
  49:source\asw/watchdog.c **** /*****************************************************************************/
  50:source\asw/watchdog.c **** /* Local function prototypes ('static')                                      */
  51:source\asw/watchdog.c **** /*****************************************************************************/
  52:source\asw/watchdog.c **** 
  53:source\asw/watchdog.c **** 
  54:source\asw/watchdog.c **** /*****************************************************************************/
  55:source\asw/watchdog.c **** /* Function implementation - global ('extern') and local ('static')          */
  56:source\asw/watchdog.c **** /*****************************************************************************/
  57:source\asw/watchdog.c **** RC_t WD_Start(WDT_TimeOut_t timeout){
  28              		.loc 1 57 0
  29              		.cfi_startproc
  30              		@ args = 0, pretend = 0, frame = 0
  31              		@ frame_needed = 0, uses_anonymous_args = 0
  32              	.LVL0:
  33 0000 08B5     		push	{r3, lr}
  34              		.cfi_def_cfa_offset 8
  35              		.cfi_offset 3, -8
  36              		.cfi_offset 14, -4
  58:source\asw/watchdog.c ****     
  59:source\asw/watchdog.c ****     switch (timeout){
  37              		.loc 1 59 0
  38 0002 0328     		cmp	r0, #3
  39 0004 16D8     		bhi	.L2
  40 0006 DFE800F0 		tbb	[pc, r0]
  41              	.L4:
  42 000a 02       		.byte	(.L3-.L4)/2
  43 000b 07       		.byte	(.L5-.L4)/2
  44 000c 0C       		.byte	(.L6-.L4)/2
  45 000d 11       		.byte	(.L7-.L4)/2
  46              		.p2align 1
  47              	.L3:
  60:source\asw/watchdog.c ****         case PERIOD_1_SEC:
  61:source\asw/watchdog.c ****             CyWdtStart(CYWDT_128_TICKS, 0);
  48              		.loc 1 61 0
  49 000e 0021     		movs	r1, #0
  50 0010 0220     		movs	r0, #2
  51              	.LVL1:
  52 0012 FFF7FEFF 		bl	CyWdtStart
  53              	.LVL2:
ARM GAS  C:\Users\zakis\AppData\Local\Temp\ccDcxFQQ.s 			page 3


  62:source\asw/watchdog.c ****             break;
  54              		.loc 1 62 0
  55 0016 0DE0     		b	.L2
  56              	.LVL3:
  57              	.L5:
  63:source\asw/watchdog.c ****         case PERIOD_2_SEC:
  64:source\asw/watchdog.c ****             CyWdtStart(CYWDT_1024_TICKS, 0);
  58              		.loc 1 64 0
  59 0018 0021     		movs	r1, #0
  60 001a 0320     		movs	r0, #3
  61              	.LVL4:
  62 001c FFF7FEFF 		bl	CyWdtStart
  63              	.LVL5:
  65:source\asw/watchdog.c ****             break;
  64              		.loc 1 65 0
  65 0020 08E0     		b	.L2
  66              	.LVL6:
  67              	.L6:
  66:source\asw/watchdog.c ****         case PERIOD_X_SEC:
  67:source\asw/watchdog.c ****             CyWdtStart(CYWDT_16_TICKS, 0);
  68              		.loc 1 67 0
  69 0022 0021     		movs	r1, #0
  70 0024 0120     		movs	r0, #1
  71              	.LVL7:
  72 0026 FFF7FEFF 		bl	CyWdtStart
  73              	.LVL8:
  68:source\asw/watchdog.c ****             break;
  74              		.loc 1 68 0
  75 002a 03E0     		b	.L2
  76              	.LVL9:
  77              	.L7:
  69:source\asw/watchdog.c ****         case PERIOD_Y_SEC:
  70:source\asw/watchdog.c ****             CyWdtStart(CYWDT_2_TICKS, 0);
  78              		.loc 1 70 0
  79 002c 0021     		movs	r1, #0
  80 002e 0846     		mov	r0, r1
  81              	.LVL10:
  82 0030 FFF7FEFF 		bl	CyWdtStart
  83              	.LVL11:
  84              	.L2:
  71:source\asw/watchdog.c ****             break;
  72:source\asw/watchdog.c ****     }
  73:source\asw/watchdog.c ****         
  74:source\asw/watchdog.c ****     return RC_SUCCESS;
  75:source\asw/watchdog.c **** }
  85              		.loc 1 75 0
  86 0034 0020     		movs	r0, #0
  87 0036 08BD     		pop	{r3, pc}
  88              		.cfi_endproc
  89              	.LFE110:
  90              		.size	WD_Start, .-WD_Start
  91              		.section	.text.WD_Trigger,"ax",%progbits
  92              		.align	2
  93              		.global	WD_Trigger
  94              		.thumb
  95              		.thumb_func
  96              		.type	WD_Trigger, %function
ARM GAS  C:\Users\zakis\AppData\Local\Temp\ccDcxFQQ.s 			page 4


  97              	WD_Trigger:
  98              	.LFB111:
  76:source\asw/watchdog.c **** 
  77:source\asw/watchdog.c **** RC_t WD_Trigger(){
  99              		.loc 1 77 0
 100              		.cfi_startproc
 101              		@ args = 0, pretend = 0, frame = 0
 102              		@ frame_needed = 0, uses_anonymous_args = 0
 103 0000 08B5     		push	{r3, lr}
 104              		.cfi_def_cfa_offset 8
 105              		.cfi_offset 3, -8
 106              		.cfi_offset 14, -4
  78:source\asw/watchdog.c ****     CyWdtClear();
 107              		.loc 1 78 0
 108 0002 FFF7FEFF 		bl	CyWdtClear
 109              	.LVL12:
  79:source\asw/watchdog.c ****     return RC_SUCCESS;
  80:source\asw/watchdog.c **** }
 110              		.loc 1 80 0
 111 0006 0020     		movs	r0, #0
 112 0008 08BD     		pop	{r3, pc}
 113              		.cfi_endproc
 114              	.LFE111:
 115              		.size	WD_Trigger, .-WD_Trigger
 116 000a 00BF     		.section	.text.WD_CheckResetBit,"ax",%progbits
 117              		.align	2
 118              		.global	WD_CheckResetBit
 119              		.thumb
 120              		.thumb_func
 121              		.type	WD_CheckResetBit, %function
 122              	WD_CheckResetBit:
 123              	.LFB112:
  81:source\asw/watchdog.c **** 
  82:source\asw/watchdog.c **** boolean_t WD_CheckResetBit() {
 124              		.loc 1 82 0
 125              		.cfi_startproc
 126              		@ args = 0, pretend = 0, frame = 0
 127              		@ frame_needed = 0, uses_anonymous_args = 0
 128              		@ link register save eliminated.
  83:source\asw/watchdog.c ****     
  84:source\asw/watchdog.c ****     if (CyResetStatus & CY_RESET_WD){
 129              		.loc 1 84 0
 130 0000 044B     		ldr	r3, .L13
 131 0002 1B78     		ldrb	r3, [r3]	@ zero_extendqisi2
 132 0004 03F00803 		and	r3, r3, #8
 133 0008 03F0FF00 		and	r0, r3, #255
 134 000c 03B1     		cbz	r3, .L12
  85:source\asw/watchdog.c ****         return TRUE;
 135              		.loc 1 85 0
 136 000e 0120     		movs	r0, #1
 137              	.L12:
  86:source\asw/watchdog.c ****     } else {
  87:source\asw/watchdog.c ****         return FALSE;
  88:source\asw/watchdog.c ****     }
  89:source\asw/watchdog.c **** }
 138              		.loc 1 89 0
 139 0010 7047     		bx	lr
ARM GAS  C:\Users\zakis\AppData\Local\Temp\ccDcxFQQ.s 			page 5


 140              	.L14:
 141 0012 00BF     		.align	2
 142              	.L13:
 143 0014 00000000 		.word	CyResetStatus
 144              		.cfi_endproc
 145              	.LFE112:
 146              		.size	WD_CheckResetBit, .-WD_CheckResetBit
 147              		.section	.text.WD_Alive,"ax",%progbits
 148              		.align	2
 149              		.global	WD_Alive
 150              		.thumb
 151              		.thumb_func
 152              		.type	WD_Alive, %function
 153              	WD_Alive:
 154              	.LFB113:
  90:source\asw/watchdog.c **** 
  91:source\asw/watchdog.c **** RC_t WD_Alive(WDT_Bits bit){
 155              		.loc 1 91 0
 156              		.cfi_startproc
 157              		@ args = 0, pretend = 0, frame = 0
 158              		@ frame_needed = 0, uses_anonymous_args = 0
 159              		@ link register save eliminated.
 160              	.LVL13:
  92:source\asw/watchdog.c ****     
  93:source\asw/watchdog.c ****     switch (bit){
 161              		.loc 1 93 0
 162 0000 0528     		cmp	r0, #5
 163 0002 1BD8     		bhi	.L16
 164 0004 DFE800F0 		tbb	[pc, r0]
 165              	.L18:
 166 0008 0B       		.byte	(.L17-.L18)/2
 167 0009 03       		.byte	(.L19-.L18)/2
 168 000a 13       		.byte	(.L20-.L18)/2
 169 000b 0F       		.byte	(.L21-.L18)/2
 170 000c 07       		.byte	(.L22-.L18)/2
 171 000d 17       		.byte	(.L23-.L18)/2
 172              		.p2align 1
 173              	.L19:
  94:source\asw/watchdog.c ****         case WATCHDOG_RUN_CALCCONTROL:
  95:source\asw/watchdog.c ****             wdtBitfields.m_Bit_CalcControl = 1;
 174              		.loc 1 95 0
 175 000e 0122     		movs	r2, #1
 176 0010 0B4B     		ldr	r3, .L24
 177 0012 5A70     		strb	r2, [r3, #1]
  96:source\asw/watchdog.c ****             break;
 178              		.loc 1 96 0
 179 0014 7047     		bx	lr
 180              	.L22:
  97:source\asw/watchdog.c ****         case WATCHDOG_RUN_LOGGING:
  98:source\asw/watchdog.c ****             wdtBitfields.m_Bit_Logging = 1;
 181              		.loc 1 98 0
 182 0016 0122     		movs	r2, #1
 183 0018 094B     		ldr	r3, .L24
 184 001a 1A71     		strb	r2, [r3, #4]
  99:source\asw/watchdog.c ****             break;
 185              		.loc 1 99 0
 186 001c 7047     		bx	lr
ARM GAS  C:\Users\zakis\AppData\Local\Temp\ccDcxFQQ.s 			page 6


 187              	.L17:
 100:source\asw/watchdog.c ****         case WATCHDOG_RUN_READJOYSTICK:
 101:source\asw/watchdog.c ****             wdtBitfields.m_BitReadJoystick = 1;
 188              		.loc 1 101 0
 189 001e 0122     		movs	r2, #1
 190 0020 074B     		ldr	r3, .L24
 191 0022 1A70     		strb	r2, [r3]
 102:source\asw/watchdog.c ****             break;
 192              		.loc 1 102 0
 193 0024 7047     		bx	lr
 194              	.L21:
 103:source\asw/watchdog.c ****         case WATCHDOG_RUN_SETBRAKELIGHT:
 104:source\asw/watchdog.c ****             wdtBitfields.m_Bit_SetBrakelight = 1;
 195              		.loc 1 104 0
 196 0026 0122     		movs	r2, #1
 197 0028 054B     		ldr	r3, .L24
 198 002a DA70     		strb	r2, [r3, #3]
 105:source\asw/watchdog.c ****             break;
 199              		.loc 1 105 0
 200 002c 7047     		bx	lr
 201              	.L20:
 106:source\asw/watchdog.c ****         case WATCHDOG_RUN_SETENGINE:
 107:source\asw/watchdog.c ****             wdtBitfields.m_Bit_SetEngine = 1;
 202              		.loc 1 107 0
 203 002e 0122     		movs	r2, #1
 204 0030 034B     		ldr	r3, .L24
 205 0032 9A70     		strb	r2, [r3, #2]
 108:source\asw/watchdog.c ****             break;
 206              		.loc 1 108 0
 207 0034 7047     		bx	lr
 208              	.L23:
 109:source\asw/watchdog.c ****         case WATCHDOG_RUN_SYSTEM:
 110:source\asw/watchdog.c ****             wdtBitfields.m_Bit_System = 1;
 209              		.loc 1 110 0
 210 0036 0122     		movs	r2, #1
 211 0038 014B     		ldr	r3, .L24
 212 003a 5A71     		strb	r2, [r3, #5]
 213              	.L16:
 214              	.LVL14:
 111:source\asw/watchdog.c ****             break;
 112:source\asw/watchdog.c ****     }
 113:source\asw/watchdog.c ****     
 114:source\asw/watchdog.c ****     
 115:source\asw/watchdog.c **** }
 215              		.loc 1 115 0
 216 003c 7047     		bx	lr
 217              	.L25:
 218 003e 00BF     		.align	2
 219              	.L24:
 220 0040 00000000 		.word	.LANCHOR0
 221              		.cfi_endproc
 222              	.LFE113:
 223              		.size	WD_Alive, .-WD_Alive
 224              		.global	wdtBitfields
 225              		.bss
 226              		.align	2
 227              		.set	.LANCHOR0,. + 0
ARM GAS  C:\Users\zakis\AppData\Local\Temp\ccDcxFQQ.s 			page 7


 228              		.type	wdtBitfields, %object
 229              		.size	wdtBitfields, 6
 230              	wdtBitfields:
 231 0000 00000000 		.space	6
 231      0000
 232              		.text
 233              	.Letext0:
 234              		.file 2 "c:\\program files (x86)\\cypress\\psoc creator\\4.4\\psoc creator\\import\\gnu\\arm\\5.4.
 235              		.file 3 "c:\\program files (x86)\\cypress\\psoc creator\\4.4\\psoc creator\\import\\gnu\\arm\\5.4.
 236              		.file 4 "Generated_Source\\PSoC5/cytypes.h"
 237              		.file 5 "Generated_Source\\PSoC5/ErikaOS_common_ee_types.inc"
 238              		.file 6 "Generated_Source\\PSoC5/ErikaOS_cortex_mx_ee_cpu.inc"
 239              		.file 7 ".\\source\\bsw/global.h"
 240              		.file 8 "source\\asw\\watchdog.h"
 241              		.file 9 "Generated_Source\\PSoC5/ErikaOS_ee_oo_intfunc.inc"
 242              		.file 10 "Generated_Source\\PSoC5/ErikaOS_cortex_mx_ee_context.inc"
 243              		.file 11 "Generated_Source\\PSoC5/ErikaOS_common_ee_primitives.inc"
 244              		.file 12 "Generated_Source\\PSoC5/CyLib.h"
 245              		.file 13 "Generated_Source\\PSoC5/core_cm3.h"
 246              		.section	.debug_info,"",%progbits
 247              	.Ldebug_info0:
 248 0000 E1030000 		.4byte	0x3e1
 249 0004 0400     		.2byte	0x4
 250 0006 00000000 		.4byte	.Ldebug_abbrev0
 251 000a 04       		.byte	0x4
 252 000b 01       		.uleb128 0x1
 253 000c B3030000 		.4byte	.LASF84
 254 0010 0C       		.byte	0xc
 255 0011 BD050000 		.4byte	.LASF85
 256 0015 7D020000 		.4byte	.LASF86
 257 0019 00000000 		.4byte	.Ldebug_ranges0+0
 258 001d 00000000 		.4byte	0
 259 0021 00000000 		.4byte	.Ldebug_line0
 260 0025 02       		.uleb128 0x2
 261 0026 01       		.byte	0x1
 262 0027 06       		.byte	0x6
 263 0028 17030000 		.4byte	.LASF0
 264 002c 03       		.uleb128 0x3
 265 002d 1C020000 		.4byte	.LASF4
 266 0031 02       		.byte	0x2
 267 0032 1D       		.byte	0x1d
 268 0033 37000000 		.4byte	0x37
 269 0037 02       		.uleb128 0x2
 270 0038 01       		.byte	0x1
 271 0039 08       		.byte	0x8
 272 003a E1020000 		.4byte	.LASF1
 273 003e 02       		.uleb128 0x2
 274 003f 02       		.byte	0x2
 275 0040 05       		.byte	0x5
 276 0041 61000000 		.4byte	.LASF2
 277 0045 02       		.uleb128 0x2
 278 0046 02       		.byte	0x2
 279 0047 07       		.byte	0x7
 280 0048 70040000 		.4byte	.LASF3
 281 004c 03       		.uleb128 0x3
 282 004d 32050000 		.4byte	.LASF5
 283 0051 02       		.byte	0x2
ARM GAS  C:\Users\zakis\AppData\Local\Temp\ccDcxFQQ.s 			page 8


 284 0052 3F       		.byte	0x3f
 285 0053 57000000 		.4byte	0x57
 286 0057 02       		.uleb128 0x2
 287 0058 04       		.byte	0x4
 288 0059 05       		.byte	0x5
 289 005a F3010000 		.4byte	.LASF6
 290 005e 02       		.uleb128 0x2
 291 005f 04       		.byte	0x4
 292 0060 07       		.byte	0x7
 293 0061 E2040000 		.4byte	.LASF7
 294 0065 02       		.uleb128 0x2
 295 0066 08       		.byte	0x8
 296 0067 05       		.byte	0x5
 297 0068 A8010000 		.4byte	.LASF8
 298 006c 02       		.uleb128 0x2
 299 006d 08       		.byte	0x8
 300 006e 07       		.byte	0x7
 301 006f 23030000 		.4byte	.LASF9
 302 0073 04       		.uleb128 0x4
 303 0074 04       		.byte	0x4
 304 0075 05       		.byte	0x5
 305 0076 696E7400 		.ascii	"int\000"
 306 007a 02       		.uleb128 0x2
 307 007b 04       		.byte	0x4
 308 007c 07       		.byte	0x7
 309 007d 3A030000 		.4byte	.LASF10
 310 0081 03       		.uleb128 0x3
 311 0082 E7000000 		.4byte	.LASF11
 312 0086 03       		.byte	0x3
 313 0087 18       		.byte	0x18
 314 0088 2C000000 		.4byte	0x2c
 315 008c 03       		.uleb128 0x3
 316 008d 68040000 		.4byte	.LASF12
 317 0091 03       		.byte	0x3
 318 0092 2C       		.byte	0x2c
 319 0093 4C000000 		.4byte	0x4c
 320 0097 05       		.uleb128 0x5
 321 0098 17010000 		.4byte	.LASF13
 322 009c 04       		.byte	0x4
 323 009d E801     		.2byte	0x1e8
 324 009f 37000000 		.4byte	0x37
 325 00a3 02       		.uleb128 0x2
 326 00a4 04       		.byte	0x4
 327 00a5 04       		.byte	0x4
 328 00a6 89010000 		.4byte	.LASF14
 329 00aa 02       		.uleb128 0x2
 330 00ab 08       		.byte	0x8
 331 00ac 04       		.byte	0x4
 332 00ad F4040000 		.4byte	.LASF15
 333 00b1 02       		.uleb128 0x2
 334 00b2 01       		.byte	0x1
 335 00b3 08       		.byte	0x8
 336 00b4 4E040000 		.4byte	.LASF16
 337 00b8 02       		.uleb128 0x2
 338 00b9 08       		.byte	0x8
 339 00ba 04       		.byte	0x4
 340 00bb 71020000 		.4byte	.LASF17
ARM GAS  C:\Users\zakis\AppData\Local\Temp\ccDcxFQQ.s 			page 9


 341 00bf 03       		.uleb128 0x3
 342 00c0 79030000 		.4byte	.LASF18
 343 00c4 05       		.byte	0x5
 344 00c5 53       		.byte	0x53
 345 00c6 73000000 		.4byte	0x73
 346 00ca 03       		.uleb128 0x3
 347 00cb B5000000 		.4byte	.LASF19
 348 00cf 05       		.byte	0x5
 349 00d0 54       		.byte	0x54
 350 00d1 7A000000 		.4byte	0x7a
 351 00d5 03       		.uleb128 0x3
 352 00d6 81010000 		.4byte	.LASF20
 353 00da 06       		.byte	0x6
 354 00db 4D       		.byte	0x4d
 355 00dc CA000000 		.4byte	0xca
 356 00e0 03       		.uleb128 0x3
 357 00e1 97000000 		.4byte	.LASF21
 358 00e5 06       		.byte	0x6
 359 00e6 4F       		.byte	0x4f
 360 00e7 CA000000 		.4byte	0xca
 361 00eb 03       		.uleb128 0x3
 362 00ec D3000000 		.4byte	.LASF22
 363 00f0 06       		.byte	0x6
 364 00f1 78       		.byte	0x78
 365 00f2 BF000000 		.4byte	0xbf
 366 00f6 02       		.uleb128 0x2
 367 00f7 04       		.byte	0x4
 368 00f8 07       		.byte	0x7
 369 00f9 80000000 		.4byte	.LASF23
 370 00fd 03       		.uleb128 0x3
 371 00fe 49020000 		.4byte	.LASF24
 372 0102 07       		.byte	0x7
 373 0103 9C       		.byte	0x9c
 374 0104 37000000 		.4byte	0x37
 375 0108 06       		.uleb128 0x6
 376 0109 01       		.byte	0x1
 377 010a 25000000 		.4byte	0x25
 378 010e 07       		.byte	0x7
 379 010f CF       		.byte	0xcf
 380 0110 B1010000 		.4byte	0x1b1
 381 0114 07       		.uleb128 0x7
 382 0115 13000000 		.4byte	.LASF25
 383 0119 00       		.byte	0
 384 011a 08       		.uleb128 0x8
 385 011b 8C050000 		.4byte	.LASF26
 386 011f 7F       		.sleb128 -1
 387 0120 08       		.uleb128 0x8
 388 0121 55030000 		.4byte	.LASF27
 389 0125 7E       		.sleb128 -2
 390 0126 08       		.uleb128 0x8
 391 0127 89000000 		.4byte	.LASF28
 392 012b 7D       		.sleb128 -3
 393 012c 08       		.uleb128 0x8
 394 012d 95050000 		.4byte	.LASF29
 395 0131 7C       		.sleb128 -4
 396 0132 08       		.uleb128 0x8
 397 0133 59010000 		.4byte	.LASF30
ARM GAS  C:\Users\zakis\AppData\Local\Temp\ccDcxFQQ.s 			page 10


 398 0137 7B       		.sleb128 -5
 399 0138 08       		.uleb128 0x8
 400 0139 21050000 		.4byte	.LASF31
 401 013d 7A       		.sleb128 -6
 402 013e 08       		.uleb128 0x8
 403 013f FC010000 		.4byte	.LASF32
 404 0143 79       		.sleb128 -7
 405 0144 08       		.uleb128 0x8
 406 0145 53040000 		.4byte	.LASF33
 407 0149 78       		.sleb128 -8
 408 014a 08       		.uleb128 0x8
 409 014b 63030000 		.4byte	.LASF34
 410 014f 77       		.sleb128 -9
 411 0150 08       		.uleb128 0x8
 412 0151 0E020000 		.4byte	.LASF35
 413 0155 76       		.sleb128 -10
 414 0156 08       		.uleb128 0x8
 415 0157 EB050000 		.4byte	.LASF36
 416 015b 75       		.sleb128 -11
 417 015c 08       		.uleb128 0x8
 418 015d 47030000 		.4byte	.LASF37
 419 0161 74       		.sleb128 -12
 420 0162 08       		.uleb128 0x8
 421 0163 FB040000 		.4byte	.LASF38
 422 0167 73       		.sleb128 -13
 423 0168 08       		.uleb128 0x8
 424 0169 00000000 		.4byte	.LASF39
 425 016d 72       		.sleb128 -14
 426 016e 08       		.uleb128 0x8
 427 016f 36000000 		.4byte	.LASF40
 428 0173 71       		.sleb128 -15
 429 0174 08       		.uleb128 0x8
 430 0175 26020000 		.4byte	.LASF41
 431 0179 70       		.sleb128 -16
 432 017a 08       		.uleb128 0x8
 433 017b 8E040000 		.4byte	.LASF42
 434 017f 6F       		.sleb128 -17
 435 0180 08       		.uleb128 0x8
 436 0181 6B000000 		.4byte	.LASF43
 437 0185 6E       		.sleb128 -18
 438 0186 08       		.uleb128 0x8
 439 0187 CF010000 		.4byte	.LASF44
 440 018b 6D       		.sleb128 -19
 441 018c 08       		.uleb128 0x8
 442 018d EF020000 		.4byte	.LASF45
 443 0191 6C       		.sleb128 -20
 444 0192 08       		.uleb128 0x8
 445 0193 37020000 		.4byte	.LASF46
 446 0197 6B       		.sleb128 -21
 447 0198 08       		.uleb128 0x8
 448 0199 52050000 		.4byte	.LASF47
 449 019d 6A       		.sleb128 -22
 450 019e 08       		.uleb128 0x8
 451 019f EF000000 		.4byte	.LASF48
 452 01a3 69       		.sleb128 -23
 453 01a4 08       		.uleb128 0x8
 454 01a5 E2010000 		.4byte	.LASF49
ARM GAS  C:\Users\zakis\AppData\Local\Temp\ccDcxFQQ.s 			page 11


 455 01a9 68       		.sleb128 -24
 456 01aa 08       		.uleb128 0x8
 457 01ab 8F010000 		.4byte	.LASF50
 458 01af 67       		.sleb128 -25
 459 01b0 00       		.byte	0
 460 01b1 03       		.uleb128 0x3
 461 01b2 DB050000 		.4byte	.LASF51
 462 01b6 07       		.byte	0x7
 463 01b7 EA       		.byte	0xea
 464 01b8 08010000 		.4byte	0x108
 465 01bc 06       		.uleb128 0x6
 466 01bd 01       		.byte	0x1
 467 01be 37000000 		.4byte	0x37
 468 01c2 08       		.byte	0x8
 469 01c3 2B       		.byte	0x2b
 470 01c4 ED010000 		.4byte	0x1ed
 471 01c8 07       		.uleb128 0x7
 472 01c9 99030000 		.4byte	.LASF52
 473 01cd 00       		.byte	0
 474 01ce 07       		.uleb128 0x7
 475 01cf 68010000 		.4byte	.LASF53
 476 01d3 01       		.byte	0x1
 477 01d4 07       		.uleb128 0x7
 478 01d5 4A000000 		.4byte	.LASF54
 479 01d9 02       		.byte	0x2
 480 01da 07       		.uleb128 0x7
 481 01db 64050000 		.4byte	.LASF55
 482 01df 03       		.byte	0x3
 483 01e0 07       		.uleb128 0x7
 484 01e1 02030000 		.4byte	.LASF56
 485 01e5 04       		.byte	0x4
 486 01e6 07       		.uleb128 0x7
 487 01e7 BF000000 		.4byte	.LASF57
 488 01eb 05       		.byte	0x5
 489 01ec 00       		.byte	0
 490 01ed 03       		.uleb128 0x3
 491 01ee 82030000 		.4byte	.LASF58
 492 01f2 08       		.byte	0x8
 493 01f3 32       		.byte	0x32
 494 01f4 BC010000 		.4byte	0x1bc
 495 01f8 09       		.uleb128 0x9
 496 01f9 06       		.byte	0x6
 497 01fa 08       		.byte	0x8
 498 01fb 36       		.byte	0x36
 499 01fc 49020000 		.4byte	0x249
 500 0200 0A       		.uleb128 0xa
 501 0201 CF020000 		.4byte	.LASF59
 502 0205 08       		.byte	0x8
 503 0206 37       		.byte	0x37
 504 0207 81000000 		.4byte	0x81
 505 020b 00       		.byte	0
 506 020c 0A       		.uleb128 0xa
 507 020d AF040000 		.4byte	.LASF60
 508 0211 08       		.byte	0x8
 509 0212 38       		.byte	0x38
 510 0213 81000000 		.4byte	0x81
 511 0217 01       		.byte	0x1
ARM GAS  C:\Users\zakis\AppData\Local\Temp\ccDcxFQQ.s 			page 12


 512 0218 0A       		.uleb128 0xa
 513 0219 53020000 		.4byte	.LASF61
 514 021d 08       		.byte	0x8
 515 021e 39       		.byte	0x39
 516 021f 81000000 		.4byte	0x81
 517 0223 02       		.byte	0x2
 518 0224 0A       		.uleb128 0xa
 519 0225 0D050000 		.4byte	.LASF62
 520 0229 08       		.byte	0x8
 521 022a 3A       		.byte	0x3a
 522 022b 81000000 		.4byte	0x81
 523 022f 03       		.byte	0x3
 524 0230 0A       		.uleb128 0xa
 525 0231 63020000 		.4byte	.LASF63
 526 0235 08       		.byte	0x8
 527 0236 3B       		.byte	0x3b
 528 0237 81000000 		.4byte	0x81
 529 023b 04       		.byte	0x4
 530 023c 0A       		.uleb128 0xa
 531 023d A8000000 		.4byte	.LASF64
 532 0241 08       		.byte	0x8
 533 0242 3C       		.byte	0x3c
 534 0243 81000000 		.4byte	0x81
 535 0247 05       		.byte	0x5
 536 0248 00       		.byte	0
 537 0249 03       		.uleb128 0x3
 538 024a 32010000 		.4byte	.LASF65
 539 024e 08       		.byte	0x8
 540 024f 3D       		.byte	0x3d
 541 0250 F8010000 		.4byte	0x1f8
 542 0254 06       		.uleb128 0x6
 543 0255 01       		.byte	0x1
 544 0256 37000000 		.4byte	0x37
 545 025a 08       		.byte	0x8
 546 025b 3F       		.byte	0x3f
 547 025c 79020000 		.4byte	0x279
 548 0260 07       		.uleb128 0x7
 549 0261 A2040000 		.4byte	.LASF66
 550 0265 00       		.byte	0
 551 0266 07       		.uleb128 0x7
 552 0267 1E000000 		.4byte	.LASF67
 553 026b 01       		.byte	0x1
 554 026c 07       		.uleb128 0x7
 555 026d 45050000 		.4byte	.LASF68
 556 0271 02       		.byte	0x2
 557 0272 07       		.uleb128 0x7
 558 0273 DA000000 		.4byte	.LASF69
 559 0277 03       		.byte	0x3
 560 0278 00       		.byte	0
 561 0279 03       		.uleb128 0x3
 562 027a C1040000 		.4byte	.LASF70
 563 027e 08       		.byte	0x8
 564 027f 44       		.byte	0x44
 565 0280 54020000 		.4byte	0x254
 566 0284 0B       		.uleb128 0xb
 567 0285 9F000000 		.4byte	.LASF71
 568 0289 01       		.byte	0x1
ARM GAS  C:\Users\zakis\AppData\Local\Temp\ccDcxFQQ.s 			page 13


 569 028a 39       		.byte	0x39
 570 028b B1010000 		.4byte	0x1b1
 571 028f 00000000 		.4byte	.LFB110
 572 0293 38000000 		.4byte	.LFE110-.LFB110
 573 0297 01       		.uleb128 0x1
 574 0298 9C       		.byte	0x9c
 575 0299 09030000 		.4byte	0x309
 576 029d 0C       		.uleb128 0xc
 577 029e D3050000 		.4byte	.LASF73
 578 02a2 01       		.byte	0x1
 579 02a3 39       		.byte	0x39
 580 02a4 79020000 		.4byte	0x279
 581 02a8 00000000 		.4byte	.LLST0
 582 02ac 0D       		.uleb128 0xd
 583 02ad 16000000 		.4byte	.LVL2
 584 02b1 CE030000 		.4byte	0x3ce
 585 02b5 C4020000 		.4byte	0x2c4
 586 02b9 0E       		.uleb128 0xe
 587 02ba 01       		.uleb128 0x1
 588 02bb 50       		.byte	0x50
 589 02bc 01       		.uleb128 0x1
 590 02bd 32       		.byte	0x32
 591 02be 0E       		.uleb128 0xe
 592 02bf 01       		.uleb128 0x1
 593 02c0 51       		.byte	0x51
 594 02c1 01       		.uleb128 0x1
 595 02c2 30       		.byte	0x30
 596 02c3 00       		.byte	0
 597 02c4 0D       		.uleb128 0xd
 598 02c5 20000000 		.4byte	.LVL5
 599 02c9 CE030000 		.4byte	0x3ce
 600 02cd DC020000 		.4byte	0x2dc
 601 02d1 0E       		.uleb128 0xe
 602 02d2 01       		.uleb128 0x1
 603 02d3 50       		.byte	0x50
 604 02d4 01       		.uleb128 0x1
 605 02d5 33       		.byte	0x33
 606 02d6 0E       		.uleb128 0xe
 607 02d7 01       		.uleb128 0x1
 608 02d8 51       		.byte	0x51
 609 02d9 01       		.uleb128 0x1
 610 02da 30       		.byte	0x30
 611 02db 00       		.byte	0
 612 02dc 0D       		.uleb128 0xd
 613 02dd 2A000000 		.4byte	.LVL8
 614 02e1 CE030000 		.4byte	0x3ce
 615 02e5 F4020000 		.4byte	0x2f4
 616 02e9 0E       		.uleb128 0xe
 617 02ea 01       		.uleb128 0x1
 618 02eb 50       		.byte	0x50
 619 02ec 01       		.uleb128 0x1
 620 02ed 31       		.byte	0x31
 621 02ee 0E       		.uleb128 0xe
 622 02ef 01       		.uleb128 0x1
 623 02f0 51       		.byte	0x51
 624 02f1 01       		.uleb128 0x1
 625 02f2 30       		.byte	0x30
ARM GAS  C:\Users\zakis\AppData\Local\Temp\ccDcxFQQ.s 			page 14


 626 02f3 00       		.byte	0
 627 02f4 0F       		.uleb128 0xf
 628 02f5 34000000 		.4byte	.LVL11
 629 02f9 CE030000 		.4byte	0x3ce
 630 02fd 0E       		.uleb128 0xe
 631 02fe 01       		.uleb128 0x1
 632 02ff 50       		.byte	0x50
 633 0300 01       		.uleb128 0x1
 634 0301 30       		.byte	0x30
 635 0302 0E       		.uleb128 0xe
 636 0303 01       		.uleb128 0x1
 637 0304 51       		.byte	0x51
 638 0305 01       		.uleb128 0x1
 639 0306 30       		.byte	0x30
 640 0307 00       		.byte	0
 641 0308 00       		.byte	0
 642 0309 10       		.uleb128 0x10
 643 030a 2B000000 		.4byte	.LASF87
 644 030e 01       		.byte	0x1
 645 030f 4D       		.byte	0x4d
 646 0310 B1010000 		.4byte	0x1b1
 647 0314 00000000 		.4byte	.LFB111
 648 0318 0A000000 		.4byte	.LFE111-.LFB111
 649 031c 01       		.uleb128 0x1
 650 031d 9C       		.byte	0x9c
 651 031e 2C030000 		.4byte	0x32c
 652 0322 11       		.uleb128 0x11
 653 0323 06000000 		.4byte	.LVL12
 654 0327 D9030000 		.4byte	0x3d9
 655 032b 00       		.byte	0
 656 032c 12       		.uleb128 0x12
 657 032d 06010000 		.4byte	.LASF88
 658 0331 01       		.byte	0x1
 659 0332 52       		.byte	0x52
 660 0333 FD000000 		.4byte	0xfd
 661 0337 00000000 		.4byte	.LFB112
 662 033b 18000000 		.4byte	.LFE112-.LFB112
 663 033f 01       		.uleb128 0x1
 664 0340 9C       		.byte	0x9c
 665 0341 0B       		.uleb128 0xb
 666 0342 3C050000 		.4byte	.LASF72
 667 0346 01       		.byte	0x1
 668 0347 5B       		.byte	0x5b
 669 0348 B1010000 		.4byte	0x1b1
 670 034c 00000000 		.4byte	.LFB113
 671 0350 44000000 		.4byte	.LFE113-.LFB113
 672 0354 01       		.uleb128 0x1
 673 0355 9C       		.byte	0x9c
 674 0356 6A030000 		.4byte	0x36a
 675 035a 13       		.uleb128 0x13
 676 035b 62697400 		.ascii	"bit\000"
 677 035f 01       		.byte	0x1
 678 0360 5B       		.byte	0x5b
 679 0361 ED010000 		.4byte	0x1ed
 680 0365 6C000000 		.4byte	.LLST1
 681 0369 00       		.byte	0
 682 036a 14       		.uleb128 0x14
ARM GAS  C:\Users\zakis\AppData\Local\Temp\ccDcxFQQ.s 			page 15


 683 036b A5050000 		.4byte	.LASF74
 684 036f 09       		.byte	0x9
 685 0370 40       		.byte	0x40
 686 0371 D5000000 		.4byte	0xd5
 687 0375 14       		.uleb128 0x14
 688 0376 B6010000 		.4byte	.LASF75
 689 037a 09       		.byte	0x9
 690 037b 47       		.byte	0x47
 691 037c E0000000 		.4byte	0xe0
 692 0380 14       		.uleb128 0x14
 693 0381 CF040000 		.4byte	.LASF76
 694 0385 09       		.byte	0x9
 695 0386 4A       		.byte	0x4a
 696 0387 D5000000 		.4byte	0xd5
 697 038b 14       		.uleb128 0x14
 698 038c 40010000 		.4byte	.LASF77
 699 0390 0A       		.byte	0xa
 700 0391 48       		.byte	0x48
 701 0392 EB000000 		.4byte	0xeb
 702 0396 14       		.uleb128 0x14
 703 0397 1D010000 		.4byte	.LASF78
 704 039b 0B       		.byte	0xb
 705 039c 44       		.byte	0x44
 706 039d D5000000 		.4byte	0xd5
 707 03a1 14       		.uleb128 0x14
 708 03a2 8B030000 		.4byte	.LASF79
 709 03a6 0C       		.byte	0xc
 710 03a7 2C       		.byte	0x2c
 711 03a8 97000000 		.4byte	0x97
 712 03ac 15       		.uleb128 0x15
 713 03ad 7F050000 		.4byte	.LASF80
 714 03b1 0D       		.byte	0xd
 715 03b2 1207     		.2byte	0x712
 716 03b4 B8030000 		.4byte	0x3b8
 717 03b8 16       		.uleb128 0x16
 718 03b9 8C000000 		.4byte	0x8c
 719 03bd 17       		.uleb128 0x17
 720 03be 41040000 		.4byte	.LASF81
 721 03c2 01       		.byte	0x1
 722 03c3 29       		.byte	0x29
 723 03c4 49020000 		.4byte	0x249
 724 03c8 05       		.uleb128 0x5
 725 03c9 03       		.byte	0x3
 726 03ca 00000000 		.4byte	wdtBitfields
 727 03ce 18       		.uleb128 0x18
 728 03cf 83040000 		.4byte	.LASF82
 729 03d3 83040000 		.4byte	.LASF82
 730 03d7 0C       		.byte	0xc
 731 03d8 72       		.byte	0x72
 732 03d9 18       		.uleb128 0x18
 733 03da E0050000 		.4byte	.LASF83
 734 03de E0050000 		.4byte	.LASF83
 735 03e2 0C       		.byte	0xc
 736 03e3 73       		.byte	0x73
 737 03e4 00       		.byte	0
 738              		.section	.debug_abbrev,"",%progbits
 739              	.Ldebug_abbrev0:
ARM GAS  C:\Users\zakis\AppData\Local\Temp\ccDcxFQQ.s 			page 16


 740 0000 01       		.uleb128 0x1
 741 0001 11       		.uleb128 0x11
 742 0002 01       		.byte	0x1
 743 0003 25       		.uleb128 0x25
 744 0004 0E       		.uleb128 0xe
 745 0005 13       		.uleb128 0x13
 746 0006 0B       		.uleb128 0xb
 747 0007 03       		.uleb128 0x3
 748 0008 0E       		.uleb128 0xe
 749 0009 1B       		.uleb128 0x1b
 750 000a 0E       		.uleb128 0xe
 751 000b 55       		.uleb128 0x55
 752 000c 17       		.uleb128 0x17
 753 000d 11       		.uleb128 0x11
 754 000e 01       		.uleb128 0x1
 755 000f 10       		.uleb128 0x10
 756 0010 17       		.uleb128 0x17
 757 0011 00       		.byte	0
 758 0012 00       		.byte	0
 759 0013 02       		.uleb128 0x2
 760 0014 24       		.uleb128 0x24
 761 0015 00       		.byte	0
 762 0016 0B       		.uleb128 0xb
 763 0017 0B       		.uleb128 0xb
 764 0018 3E       		.uleb128 0x3e
 765 0019 0B       		.uleb128 0xb
 766 001a 03       		.uleb128 0x3
 767 001b 0E       		.uleb128 0xe
 768 001c 00       		.byte	0
 769 001d 00       		.byte	0
 770 001e 03       		.uleb128 0x3
 771 001f 16       		.uleb128 0x16
 772 0020 00       		.byte	0
 773 0021 03       		.uleb128 0x3
 774 0022 0E       		.uleb128 0xe
 775 0023 3A       		.uleb128 0x3a
 776 0024 0B       		.uleb128 0xb
 777 0025 3B       		.uleb128 0x3b
 778 0026 0B       		.uleb128 0xb
 779 0027 49       		.uleb128 0x49
 780 0028 13       		.uleb128 0x13
 781 0029 00       		.byte	0
 782 002a 00       		.byte	0
 783 002b 04       		.uleb128 0x4
 784 002c 24       		.uleb128 0x24
 785 002d 00       		.byte	0
 786 002e 0B       		.uleb128 0xb
 787 002f 0B       		.uleb128 0xb
 788 0030 3E       		.uleb128 0x3e
 789 0031 0B       		.uleb128 0xb
 790 0032 03       		.uleb128 0x3
 791 0033 08       		.uleb128 0x8
 792 0034 00       		.byte	0
 793 0035 00       		.byte	0
 794 0036 05       		.uleb128 0x5
 795 0037 16       		.uleb128 0x16
 796 0038 00       		.byte	0
ARM GAS  C:\Users\zakis\AppData\Local\Temp\ccDcxFQQ.s 			page 17


 797 0039 03       		.uleb128 0x3
 798 003a 0E       		.uleb128 0xe
 799 003b 3A       		.uleb128 0x3a
 800 003c 0B       		.uleb128 0xb
 801 003d 3B       		.uleb128 0x3b
 802 003e 05       		.uleb128 0x5
 803 003f 49       		.uleb128 0x49
 804 0040 13       		.uleb128 0x13
 805 0041 00       		.byte	0
 806 0042 00       		.byte	0
 807 0043 06       		.uleb128 0x6
 808 0044 04       		.uleb128 0x4
 809 0045 01       		.byte	0x1
 810 0046 0B       		.uleb128 0xb
 811 0047 0B       		.uleb128 0xb
 812 0048 49       		.uleb128 0x49
 813 0049 13       		.uleb128 0x13
 814 004a 3A       		.uleb128 0x3a
 815 004b 0B       		.uleb128 0xb
 816 004c 3B       		.uleb128 0x3b
 817 004d 0B       		.uleb128 0xb
 818 004e 01       		.uleb128 0x1
 819 004f 13       		.uleb128 0x13
 820 0050 00       		.byte	0
 821 0051 00       		.byte	0
 822 0052 07       		.uleb128 0x7
 823 0053 28       		.uleb128 0x28
 824 0054 00       		.byte	0
 825 0055 03       		.uleb128 0x3
 826 0056 0E       		.uleb128 0xe
 827 0057 1C       		.uleb128 0x1c
 828 0058 0B       		.uleb128 0xb
 829 0059 00       		.byte	0
 830 005a 00       		.byte	0
 831 005b 08       		.uleb128 0x8
 832 005c 28       		.uleb128 0x28
 833 005d 00       		.byte	0
 834 005e 03       		.uleb128 0x3
 835 005f 0E       		.uleb128 0xe
 836 0060 1C       		.uleb128 0x1c
 837 0061 0D       		.uleb128 0xd
 838 0062 00       		.byte	0
 839 0063 00       		.byte	0
 840 0064 09       		.uleb128 0x9
 841 0065 13       		.uleb128 0x13
 842 0066 01       		.byte	0x1
 843 0067 0B       		.uleb128 0xb
 844 0068 0B       		.uleb128 0xb
 845 0069 3A       		.uleb128 0x3a
 846 006a 0B       		.uleb128 0xb
 847 006b 3B       		.uleb128 0x3b
 848 006c 0B       		.uleb128 0xb
 849 006d 01       		.uleb128 0x1
 850 006e 13       		.uleb128 0x13
 851 006f 00       		.byte	0
 852 0070 00       		.byte	0
 853 0071 0A       		.uleb128 0xa
ARM GAS  C:\Users\zakis\AppData\Local\Temp\ccDcxFQQ.s 			page 18


 854 0072 0D       		.uleb128 0xd
 855 0073 00       		.byte	0
 856 0074 03       		.uleb128 0x3
 857 0075 0E       		.uleb128 0xe
 858 0076 3A       		.uleb128 0x3a
 859 0077 0B       		.uleb128 0xb
 860 0078 3B       		.uleb128 0x3b
 861 0079 0B       		.uleb128 0xb
 862 007a 49       		.uleb128 0x49
 863 007b 13       		.uleb128 0x13
 864 007c 38       		.uleb128 0x38
 865 007d 0B       		.uleb128 0xb
 866 007e 00       		.byte	0
 867 007f 00       		.byte	0
 868 0080 0B       		.uleb128 0xb
 869 0081 2E       		.uleb128 0x2e
 870 0082 01       		.byte	0x1
 871 0083 3F       		.uleb128 0x3f
 872 0084 19       		.uleb128 0x19
 873 0085 03       		.uleb128 0x3
 874 0086 0E       		.uleb128 0xe
 875 0087 3A       		.uleb128 0x3a
 876 0088 0B       		.uleb128 0xb
 877 0089 3B       		.uleb128 0x3b
 878 008a 0B       		.uleb128 0xb
 879 008b 27       		.uleb128 0x27
 880 008c 19       		.uleb128 0x19
 881 008d 49       		.uleb128 0x49
 882 008e 13       		.uleb128 0x13
 883 008f 11       		.uleb128 0x11
 884 0090 01       		.uleb128 0x1
 885 0091 12       		.uleb128 0x12
 886 0092 06       		.uleb128 0x6
 887 0093 40       		.uleb128 0x40
 888 0094 18       		.uleb128 0x18
 889 0095 9742     		.uleb128 0x2117
 890 0097 19       		.uleb128 0x19
 891 0098 01       		.uleb128 0x1
 892 0099 13       		.uleb128 0x13
 893 009a 00       		.byte	0
 894 009b 00       		.byte	0
 895 009c 0C       		.uleb128 0xc
 896 009d 05       		.uleb128 0x5
 897 009e 00       		.byte	0
 898 009f 03       		.uleb128 0x3
 899 00a0 0E       		.uleb128 0xe
 900 00a1 3A       		.uleb128 0x3a
 901 00a2 0B       		.uleb128 0xb
 902 00a3 3B       		.uleb128 0x3b
 903 00a4 0B       		.uleb128 0xb
 904 00a5 49       		.uleb128 0x49
 905 00a6 13       		.uleb128 0x13
 906 00a7 02       		.uleb128 0x2
 907 00a8 17       		.uleb128 0x17
 908 00a9 00       		.byte	0
 909 00aa 00       		.byte	0
 910 00ab 0D       		.uleb128 0xd
ARM GAS  C:\Users\zakis\AppData\Local\Temp\ccDcxFQQ.s 			page 19


 911 00ac 898201   		.uleb128 0x4109
 912 00af 01       		.byte	0x1
 913 00b0 11       		.uleb128 0x11
 914 00b1 01       		.uleb128 0x1
 915 00b2 31       		.uleb128 0x31
 916 00b3 13       		.uleb128 0x13
 917 00b4 01       		.uleb128 0x1
 918 00b5 13       		.uleb128 0x13
 919 00b6 00       		.byte	0
 920 00b7 00       		.byte	0
 921 00b8 0E       		.uleb128 0xe
 922 00b9 8A8201   		.uleb128 0x410a
 923 00bc 00       		.byte	0
 924 00bd 02       		.uleb128 0x2
 925 00be 18       		.uleb128 0x18
 926 00bf 9142     		.uleb128 0x2111
 927 00c1 18       		.uleb128 0x18
 928 00c2 00       		.byte	0
 929 00c3 00       		.byte	0
 930 00c4 0F       		.uleb128 0xf
 931 00c5 898201   		.uleb128 0x4109
 932 00c8 01       		.byte	0x1
 933 00c9 11       		.uleb128 0x11
 934 00ca 01       		.uleb128 0x1
 935 00cb 31       		.uleb128 0x31
 936 00cc 13       		.uleb128 0x13
 937 00cd 00       		.byte	0
 938 00ce 00       		.byte	0
 939 00cf 10       		.uleb128 0x10
 940 00d0 2E       		.uleb128 0x2e
 941 00d1 01       		.byte	0x1
 942 00d2 3F       		.uleb128 0x3f
 943 00d3 19       		.uleb128 0x19
 944 00d4 03       		.uleb128 0x3
 945 00d5 0E       		.uleb128 0xe
 946 00d6 3A       		.uleb128 0x3a
 947 00d7 0B       		.uleb128 0xb
 948 00d8 3B       		.uleb128 0x3b
 949 00d9 0B       		.uleb128 0xb
 950 00da 49       		.uleb128 0x49
 951 00db 13       		.uleb128 0x13
 952 00dc 11       		.uleb128 0x11
 953 00dd 01       		.uleb128 0x1
 954 00de 12       		.uleb128 0x12
 955 00df 06       		.uleb128 0x6
 956 00e0 40       		.uleb128 0x40
 957 00e1 18       		.uleb128 0x18
 958 00e2 9742     		.uleb128 0x2117
 959 00e4 19       		.uleb128 0x19
 960 00e5 01       		.uleb128 0x1
 961 00e6 13       		.uleb128 0x13
 962 00e7 00       		.byte	0
 963 00e8 00       		.byte	0
 964 00e9 11       		.uleb128 0x11
 965 00ea 898201   		.uleb128 0x4109
 966 00ed 00       		.byte	0
 967 00ee 11       		.uleb128 0x11
ARM GAS  C:\Users\zakis\AppData\Local\Temp\ccDcxFQQ.s 			page 20


 968 00ef 01       		.uleb128 0x1
 969 00f0 31       		.uleb128 0x31
 970 00f1 13       		.uleb128 0x13
 971 00f2 00       		.byte	0
 972 00f3 00       		.byte	0
 973 00f4 12       		.uleb128 0x12
 974 00f5 2E       		.uleb128 0x2e
 975 00f6 00       		.byte	0
 976 00f7 3F       		.uleb128 0x3f
 977 00f8 19       		.uleb128 0x19
 978 00f9 03       		.uleb128 0x3
 979 00fa 0E       		.uleb128 0xe
 980 00fb 3A       		.uleb128 0x3a
 981 00fc 0B       		.uleb128 0xb
 982 00fd 3B       		.uleb128 0x3b
 983 00fe 0B       		.uleb128 0xb
 984 00ff 49       		.uleb128 0x49
 985 0100 13       		.uleb128 0x13
 986 0101 11       		.uleb128 0x11
 987 0102 01       		.uleb128 0x1
 988 0103 12       		.uleb128 0x12
 989 0104 06       		.uleb128 0x6
 990 0105 40       		.uleb128 0x40
 991 0106 18       		.uleb128 0x18
 992 0107 9742     		.uleb128 0x2117
 993 0109 19       		.uleb128 0x19
 994 010a 00       		.byte	0
 995 010b 00       		.byte	0
 996 010c 13       		.uleb128 0x13
 997 010d 05       		.uleb128 0x5
 998 010e 00       		.byte	0
 999 010f 03       		.uleb128 0x3
 1000 0110 08       		.uleb128 0x8
 1001 0111 3A       		.uleb128 0x3a
 1002 0112 0B       		.uleb128 0xb
 1003 0113 3B       		.uleb128 0x3b
 1004 0114 0B       		.uleb128 0xb
 1005 0115 49       		.uleb128 0x49
 1006 0116 13       		.uleb128 0x13
 1007 0117 02       		.uleb128 0x2
 1008 0118 17       		.uleb128 0x17
 1009 0119 00       		.byte	0
 1010 011a 00       		.byte	0
 1011 011b 14       		.uleb128 0x14
 1012 011c 34       		.uleb128 0x34
 1013 011d 00       		.byte	0
 1014 011e 03       		.uleb128 0x3
 1015 011f 0E       		.uleb128 0xe
 1016 0120 3A       		.uleb128 0x3a
 1017 0121 0B       		.uleb128 0xb
 1018 0122 3B       		.uleb128 0x3b
 1019 0123 0B       		.uleb128 0xb
 1020 0124 49       		.uleb128 0x49
 1021 0125 13       		.uleb128 0x13
 1022 0126 3F       		.uleb128 0x3f
 1023 0127 19       		.uleb128 0x19
 1024 0128 3C       		.uleb128 0x3c
ARM GAS  C:\Users\zakis\AppData\Local\Temp\ccDcxFQQ.s 			page 21


 1025 0129 19       		.uleb128 0x19
 1026 012a 00       		.byte	0
 1027 012b 00       		.byte	0
 1028 012c 15       		.uleb128 0x15
 1029 012d 34       		.uleb128 0x34
 1030 012e 00       		.byte	0
 1031 012f 03       		.uleb128 0x3
 1032 0130 0E       		.uleb128 0xe
 1033 0131 3A       		.uleb128 0x3a
 1034 0132 0B       		.uleb128 0xb
 1035 0133 3B       		.uleb128 0x3b
 1036 0134 05       		.uleb128 0x5
 1037 0135 49       		.uleb128 0x49
 1038 0136 13       		.uleb128 0x13
 1039 0137 3F       		.uleb128 0x3f
 1040 0138 19       		.uleb128 0x19
 1041 0139 3C       		.uleb128 0x3c
 1042 013a 19       		.uleb128 0x19
 1043 013b 00       		.byte	0
 1044 013c 00       		.byte	0
 1045 013d 16       		.uleb128 0x16
 1046 013e 35       		.uleb128 0x35
 1047 013f 00       		.byte	0
 1048 0140 49       		.uleb128 0x49
 1049 0141 13       		.uleb128 0x13
 1050 0142 00       		.byte	0
 1051 0143 00       		.byte	0
 1052 0144 17       		.uleb128 0x17
 1053 0145 34       		.uleb128 0x34
 1054 0146 00       		.byte	0
 1055 0147 03       		.uleb128 0x3
 1056 0148 0E       		.uleb128 0xe
 1057 0149 3A       		.uleb128 0x3a
 1058 014a 0B       		.uleb128 0xb
 1059 014b 3B       		.uleb128 0x3b
 1060 014c 0B       		.uleb128 0xb
 1061 014d 49       		.uleb128 0x49
 1062 014e 13       		.uleb128 0x13
 1063 014f 3F       		.uleb128 0x3f
 1064 0150 19       		.uleb128 0x19
 1065 0151 02       		.uleb128 0x2
 1066 0152 18       		.uleb128 0x18
 1067 0153 00       		.byte	0
 1068 0154 00       		.byte	0
 1069 0155 18       		.uleb128 0x18
 1070 0156 2E       		.uleb128 0x2e
 1071 0157 00       		.byte	0
 1072 0158 3F       		.uleb128 0x3f
 1073 0159 19       		.uleb128 0x19
 1074 015a 3C       		.uleb128 0x3c
 1075 015b 19       		.uleb128 0x19
 1076 015c 6E       		.uleb128 0x6e
 1077 015d 0E       		.uleb128 0xe
 1078 015e 03       		.uleb128 0x3
 1079 015f 0E       		.uleb128 0xe
 1080 0160 3A       		.uleb128 0x3a
 1081 0161 0B       		.uleb128 0xb
ARM GAS  C:\Users\zakis\AppData\Local\Temp\ccDcxFQQ.s 			page 22


 1082 0162 3B       		.uleb128 0x3b
 1083 0163 0B       		.uleb128 0xb
 1084 0164 00       		.byte	0
 1085 0165 00       		.byte	0
 1086 0166 00       		.byte	0
 1087              		.section	.debug_loc,"",%progbits
 1088              	.Ldebug_loc0:
 1089              	.LLST0:
 1090 0000 00000000 		.4byte	.LVL0
 1091 0004 12000000 		.4byte	.LVL1
 1092 0008 0100     		.2byte	0x1
 1093 000a 50       		.byte	0x50
 1094 000b 12000000 		.4byte	.LVL1
 1095 000f 18000000 		.4byte	.LVL3
 1096 0013 0400     		.2byte	0x4
 1097 0015 F3       		.byte	0xf3
 1098 0016 01       		.uleb128 0x1
 1099 0017 50       		.byte	0x50
 1100 0018 9F       		.byte	0x9f
 1101 0019 18000000 		.4byte	.LVL3
 1102 001d 1C000000 		.4byte	.LVL4
 1103 0021 0100     		.2byte	0x1
 1104 0023 50       		.byte	0x50
 1105 0024 1C000000 		.4byte	.LVL4
 1106 0028 22000000 		.4byte	.LVL6
 1107 002c 0400     		.2byte	0x4
 1108 002e F3       		.byte	0xf3
 1109 002f 01       		.uleb128 0x1
 1110 0030 50       		.byte	0x50
 1111 0031 9F       		.byte	0x9f
 1112 0032 22000000 		.4byte	.LVL6
 1113 0036 26000000 		.4byte	.LVL7
 1114 003a 0100     		.2byte	0x1
 1115 003c 50       		.byte	0x50
 1116 003d 26000000 		.4byte	.LVL7
 1117 0041 2C000000 		.4byte	.LVL9
 1118 0045 0400     		.2byte	0x4
 1119 0047 F3       		.byte	0xf3
 1120 0048 01       		.uleb128 0x1
 1121 0049 50       		.byte	0x50
 1122 004a 9F       		.byte	0x9f
 1123 004b 2C000000 		.4byte	.LVL9
 1124 004f 30000000 		.4byte	.LVL10
 1125 0053 0100     		.2byte	0x1
 1126 0055 50       		.byte	0x50
 1127 0056 30000000 		.4byte	.LVL10
 1128 005a 38000000 		.4byte	.LFE110
 1129 005e 0400     		.2byte	0x4
 1130 0060 F3       		.byte	0xf3
 1131 0061 01       		.uleb128 0x1
 1132 0062 50       		.byte	0x50
 1133 0063 9F       		.byte	0x9f
 1134 0064 00000000 		.4byte	0
 1135 0068 00000000 		.4byte	0
 1136              	.LLST1:
 1137 006c 00000000 		.4byte	.LVL13
 1138 0070 3C000000 		.4byte	.LVL14
ARM GAS  C:\Users\zakis\AppData\Local\Temp\ccDcxFQQ.s 			page 23


 1139 0074 0100     		.2byte	0x1
 1140 0076 50       		.byte	0x50
 1141 0077 3C000000 		.4byte	.LVL14
 1142 007b 44000000 		.4byte	.LFE113
 1143 007f 0400     		.2byte	0x4
 1144 0081 F3       		.byte	0xf3
 1145 0082 01       		.uleb128 0x1
 1146 0083 50       		.byte	0x50
 1147 0084 9F       		.byte	0x9f
 1148 0085 00000000 		.4byte	0
 1149 0089 00000000 		.4byte	0
 1150              		.section	.debug_aranges,"",%progbits
 1151 0000 34000000 		.4byte	0x34
 1152 0004 0200     		.2byte	0x2
 1153 0006 00000000 		.4byte	.Ldebug_info0
 1154 000a 04       		.byte	0x4
 1155 000b 00       		.byte	0
 1156 000c 0000     		.2byte	0
 1157 000e 0000     		.2byte	0
 1158 0010 00000000 		.4byte	.LFB110
 1159 0014 38000000 		.4byte	.LFE110-.LFB110
 1160 0018 00000000 		.4byte	.LFB111
 1161 001c 0A000000 		.4byte	.LFE111-.LFB111
 1162 0020 00000000 		.4byte	.LFB112
 1163 0024 18000000 		.4byte	.LFE112-.LFB112
 1164 0028 00000000 		.4byte	.LFB113
 1165 002c 44000000 		.4byte	.LFE113-.LFB113
 1166 0030 00000000 		.4byte	0
 1167 0034 00000000 		.4byte	0
 1168              		.section	.debug_ranges,"",%progbits
 1169              	.Ldebug_ranges0:
 1170 0000 00000000 		.4byte	.LFB110
 1171 0004 38000000 		.4byte	.LFE110
 1172 0008 00000000 		.4byte	.LFB111
 1173 000c 0A000000 		.4byte	.LFE111
 1174 0010 00000000 		.4byte	.LFB112
 1175 0014 18000000 		.4byte	.LFE112
 1176 0018 00000000 		.4byte	.LFB113
 1177 001c 44000000 		.4byte	.LFE113
 1178 0020 00000000 		.4byte	0
 1179 0024 00000000 		.4byte	0
 1180              		.section	.debug_line,"",%progbits
 1181              	.Ldebug_line0:
 1182 0000 91020000 		.section	.debug_str,"MS",%progbits,1
 1182      02003102 
 1182      00000201 
 1182      FB0E0D00 
 1182      01010101 
 1183              	.LASF39:
 1184 0000 52435F45 		.ascii	"RC_ERROR_READ_ONLY\000"
 1184      52524F52 
 1184      5F524541 
 1184      445F4F4E 
 1184      4C5900
 1185              	.LASF25:
 1186 0013 52435F53 		.ascii	"RC_SUCCESS\000"
 1186      55434345 
ARM GAS  C:\Users\zakis\AppData\Local\Temp\ccDcxFQQ.s 			page 24


 1186      535300
 1187              	.LASF67:
 1188 001e 50455249 		.ascii	"PERIOD_2_SEC\000"
 1188      4F445F32 
 1188      5F534543 
 1188      00
 1189              	.LASF87:
 1190 002b 57445F54 		.ascii	"WD_Trigger\000"
 1190      72696767 
 1190      657200
 1191              	.LASF40:
 1192 0036 52435F45 		.ascii	"RC_ERROR_WRITE_ONLY\000"
 1192      52524F52 
 1192      5F575249 
 1192      54455F4F 
 1192      4E4C5900 
 1193              	.LASF54:
 1194 004a 57415443 		.ascii	"WATCHDOG_RUN_SETENGINE\000"
 1194      48444F47 
 1194      5F52554E 
 1194      5F534554 
 1194      454E4749 
 1195              	.LASF2:
 1196 0061 73686F72 		.ascii	"short int\000"
 1196      7420696E 
 1196      7400
 1197              	.LASF43:
 1198 006b 52435F45 		.ascii	"RC_ERROR_WRITE_FAILS\000"
 1198      52524F52 
 1198      5F575249 
 1198      54455F46 
 1198      41494C53 
 1199              	.LASF23:
 1200 0080 73697A65 		.ascii	"sizetype\000"
 1200      74797065 
 1200      00
 1201              	.LASF28:
 1202 0089 52435F45 		.ascii	"RC_ERROR_ZERO\000"
 1202      52524F52 
 1202      5F5A4552 
 1202      4F00
 1203              	.LASF21:
 1204 0097 45455F46 		.ascii	"EE_FREG\000"
 1204      52454700 
 1205              	.LASF71:
 1206 009f 57445F53 		.ascii	"WD_Start\000"
 1206      74617274 
 1206      00
 1207              	.LASF64:
 1208 00a8 6D5F4269 		.ascii	"m_Bit_System\000"
 1208      745F5379 
 1208      7374656D 
 1208      00
 1209              	.LASF19:
 1210 00b5 45455F55 		.ascii	"EE_UINT32\000"
 1210      494E5433 
 1210      3200
ARM GAS  C:\Users\zakis\AppData\Local\Temp\ccDcxFQQ.s 			page 25


 1211              	.LASF57:
 1212 00bf 57415443 		.ascii	"WATCHDOG_RUN_SYSTEM\000"
 1212      48444F47 
 1212      5F52554E 
 1212      5F535953 
 1212      54454D00 
 1213              	.LASF22:
 1214 00d3 45455F54 		.ascii	"EE_TID\000"
 1214      494400
 1215              	.LASF69:
 1216 00da 50455249 		.ascii	"PERIOD_Y_SEC\000"
 1216      4F445F59 
 1216      5F534543 
 1216      00
 1217              	.LASF11:
 1218 00e7 75696E74 		.ascii	"uint8_t\000"
 1218      385F7400 
 1219              	.LASF48:
 1220 00ef 52435F45 		.ascii	"RC_ERROR_INVALID_STATE\000"
 1220      52524F52 
 1220      5F494E56 
 1220      414C4944 
 1220      5F535441 
 1221              	.LASF88:
 1222 0106 57445F43 		.ascii	"WD_CheckResetBit\000"
 1222      6865636B 
 1222      52657365 
 1222      74426974 
 1222      00
 1223              	.LASF13:
 1224 0117 75696E74 		.ascii	"uint8\000"
 1224      3800
 1225              	.LASF78:
 1226 011d 45455F49 		.ascii	"EE_IRQ_nesting_level\000"
 1226      52515F6E 
 1226      65737469 
 1226      6E675F6C 
 1226      6576656C 
 1227              	.LASF65:
 1228 0132 5744545F 		.ascii	"WDT_Bitfields\000"
 1228      42697466 
 1228      69656C64 
 1228      7300
 1229              	.LASF77:
 1230 0140 45455F73 		.ascii	"EE_std_endcycle_next_tid\000"
 1230      74645F65 
 1230      6E646379 
 1230      636C655F 
 1230      6E657874 
 1231              	.LASF30:
 1232 0159 52435F45 		.ascii	"RC_ERROR_RANGE\000"
 1232      52524F52 
 1232      5F52414E 
 1232      474500
 1233              	.LASF53:
 1234 0168 57415443 		.ascii	"WATCHDOG_RUN_CALCCONTROL\000"
 1234      48444F47 
ARM GAS  C:\Users\zakis\AppData\Local\Temp\ccDcxFQQ.s 			page 26


 1234      5F52554E 
 1234      5F43414C 
 1234      43434F4E 
 1235              	.LASF20:
 1236 0181 45455F55 		.ascii	"EE_UREG\000"
 1236      52454700 
 1237              	.LASF14:
 1238 0189 666C6F61 		.ascii	"float\000"
 1238      7400
 1239              	.LASF50:
 1240 018f 52435F45 		.ascii	"RC_ERROR_NOT_IMPLEMENTED\000"
 1240      52524F52 
 1240      5F4E4F54 
 1240      5F494D50 
 1240      4C454D45 
 1241              	.LASF8:
 1242 01a8 6C6F6E67 		.ascii	"long long int\000"
 1242      206C6F6E 
 1242      6720696E 
 1242      7400
 1243              	.LASF75:
 1244 01b6 45455F6F 		.ascii	"EE_oo_IRQ_suspend_status\000"
 1244      6F5F4952 
 1244      515F7375 
 1244      7370656E 
 1244      645F7374 
 1245              	.LASF44:
 1246 01cf 52435F45 		.ascii	"RC_ERROR_NOT_MATCH\000"
 1246      52524F52 
 1246      5F4E4F54 
 1246      5F4D4154 
 1246      434800
 1247              	.LASF49:
 1248 01e2 52435F45 		.ascii	"RC_ERROR_UNKNOWN\000"
 1248      52524F52 
 1248      5F554E4B 
 1248      4E4F574E 
 1248      00
 1249              	.LASF6:
 1250 01f3 6C6F6E67 		.ascii	"long int\000"
 1250      20696E74 
 1250      00
 1251              	.LASF32:
 1252 01fc 52435F45 		.ascii	"RC_ERROR_UNDERRUN\000"
 1252      52524F52 
 1252      5F554E44 
 1252      45525255 
 1252      4E00
 1253              	.LASF35:
 1254 020e 52435F45 		.ascii	"RC_ERROR_BUSY\000"
 1254      52524F52 
 1254      5F425553 
 1254      5900
 1255              	.LASF4:
 1256 021c 5F5F7569 		.ascii	"__uint8_t\000"
 1256      6E74385F 
 1256      7400
ARM GAS  C:\Users\zakis\AppData\Local\Temp\ccDcxFQQ.s 			page 27


 1257              	.LASF41:
 1258 0226 52435F45 		.ascii	"RC_ERROR_INVALID\000"
 1258      52524F52 
 1258      5F494E56 
 1258      414C4944 
 1258      00
 1259              	.LASF46:
 1260 0237 52435F45 		.ascii	"RC_ERROR_BAD_DATA\000"
 1260      52524F52 
 1260      5F424144 
 1260      5F444154 
 1260      4100
 1261              	.LASF24:
 1262 0249 626F6F6C 		.ascii	"boolean_t\000"
 1262      65616E5F 
 1262      7400
 1263              	.LASF61:
 1264 0253 6D5F4269 		.ascii	"m_Bit_SetEngine\000"
 1264      745F5365 
 1264      74456E67 
 1264      696E6500 
 1265              	.LASF63:
 1266 0263 6D5F4269 		.ascii	"m_Bit_Logging\000"
 1266      745F4C6F 
 1266      6767696E 
 1266      6700
 1267              	.LASF17:
 1268 0271 6C6F6E67 		.ascii	"long double\000"
 1268      20646F75 
 1268      626C6500 
 1269              	.LASF86:
 1270 027d 433A5C55 		.ascii	"C:\\Users\\zakis\\Documents\\EAA\\RTE_Gaspedal_Watc"
 1270      73657273 
 1270      5C7A616B 
 1270      69735C44 
 1270      6F63756D 
 1271 02ab 68646F67 		.ascii	"hdog\\LabOne\\Gaspedal_Watchdog.cydsn\000"
 1271      5C4C6162 
 1271      4F6E655C 
 1271      47617370 
 1271      6564616C 
 1272              	.LASF59:
 1273 02cf 6D5F4269 		.ascii	"m_BitReadJoystick\000"
 1273      74526561 
 1273      644A6F79 
 1273      73746963 
 1273      6B00
 1274              	.LASF1:
 1275 02e1 756E7369 		.ascii	"unsigned char\000"
 1275      676E6564 
 1275      20636861 
 1275      7200
 1276              	.LASF45:
 1277 02ef 52435F45 		.ascii	"RC_ERROR_BAD_PARAM\000"
 1277      52524F52 
 1277      5F424144 
 1277      5F504152 
ARM GAS  C:\Users\zakis\AppData\Local\Temp\ccDcxFQQ.s 			page 28


 1277      414D00
 1278              	.LASF56:
 1279 0302 57415443 		.ascii	"WATCHDOG_RUN_LOGGING\000"
 1279      48444F47 
 1279      5F52554E 
 1279      5F4C4F47 
 1279      47494E47 
 1280              	.LASF0:
 1281 0317 7369676E 		.ascii	"signed char\000"
 1281      65642063 
 1281      68617200 
 1282              	.LASF9:
 1283 0323 6C6F6E67 		.ascii	"long long unsigned int\000"
 1283      206C6F6E 
 1283      6720756E 
 1283      7369676E 
 1283      65642069 
 1284              	.LASF10:
 1285 033a 756E7369 		.ascii	"unsigned int\000"
 1285      676E6564 
 1285      20696E74 
 1285      00
 1286              	.LASF37:
 1287 0347 52435F45 		.ascii	"RC_ERROR_OPEN\000"
 1287      52524F52 
 1287      5F4F5045 
 1287      4E00
 1288              	.LASF27:
 1289 0355 52435F45 		.ascii	"RC_ERROR_NULL\000"
 1289      52524F52 
 1289      5F4E554C 
 1289      4C00
 1290              	.LASF34:
 1291 0363 52435F45 		.ascii	"RC_ERROR_BUFFER_EMTPY\000"
 1291      52524F52 
 1291      5F425546 
 1291      4645525F 
 1291      454D5450 
 1292              	.LASF18:
 1293 0379 45455F49 		.ascii	"EE_INT32\000"
 1293      4E543332 
 1293      00
 1294              	.LASF58:
 1295 0382 5744545F 		.ascii	"WDT_Bits\000"
 1295      42697473 
 1295      00
 1296              	.LASF79:
 1297 038b 43795265 		.ascii	"CyResetStatus\000"
 1297      73657453 
 1297      74617475 
 1297      7300
 1298              	.LASF52:
 1299 0399 57415443 		.ascii	"WATCHDOG_RUN_READJOYSTICK\000"
 1299      48444F47 
 1299      5F52554E 
 1299      5F524541 
 1299      444A4F59 
ARM GAS  C:\Users\zakis\AppData\Local\Temp\ccDcxFQQ.s 			page 29


 1300              	.LASF84:
 1301 03b3 474E5520 		.ascii	"GNU C11 5.4.1 20160609 (release) [ARM/embedded-5-br"
 1301      43313120 
 1301      352E342E 
 1301      31203230 
 1301      31363036 
 1302 03e6 616E6368 		.ascii	"anch revision 237715] -mcpu=cortex-m3 -mthumb -g -O"
 1302      20726576 
 1302      6973696F 
 1302      6E203233 
 1302      37373135 
 1303 0419 67202D66 		.ascii	"g -ffunction-sections -ffat-lto-objects\000"
 1303      66756E63 
 1303      74696F6E 
 1303      2D736563 
 1303      74696F6E 
 1304              	.LASF81:
 1305 0441 77647442 		.ascii	"wdtBitfields\000"
 1305      69746669 
 1305      656C6473 
 1305      00
 1306              	.LASF16:
 1307 044e 63686172 		.ascii	"char\000"
 1307      00
 1308              	.LASF33:
 1309 0453 52435F45 		.ascii	"RC_ERROR_BUFFER_FULL\000"
 1309      52524F52 
 1309      5F425546 
 1309      4645525F 
 1309      46554C4C 
 1310              	.LASF12:
 1311 0468 696E7433 		.ascii	"int32_t\000"
 1311      325F7400 
 1312              	.LASF3:
 1313 0470 73686F72 		.ascii	"short unsigned int\000"
 1313      7420756E 
 1313      7369676E 
 1313      65642069 
 1313      6E7400
 1314              	.LASF82:
 1315 0483 43795764 		.ascii	"CyWdtStart\000"
 1315      74537461 
 1315      727400
 1316              	.LASF42:
 1317 048e 52435F45 		.ascii	"RC_ERROR_READ_FAILS\000"
 1317      52524F52 
 1317      5F524541 
 1317      445F4641 
 1317      494C5300 
 1318              	.LASF66:
 1319 04a2 50455249 		.ascii	"PERIOD_1_SEC\000"
 1319      4F445F31 
 1319      5F534543 
 1319      00
 1320              	.LASF60:
 1321 04af 6D5F4269 		.ascii	"m_Bit_CalcControl\000"
 1321      745F4361 
ARM GAS  C:\Users\zakis\AppData\Local\Temp\ccDcxFQQ.s 			page 30


 1321      6C63436F 
 1321      6E74726F 
 1321      6C00
 1322              	.LASF70:
 1323 04c1 5744545F 		.ascii	"WDT_TimeOut_t\000"
 1323      54696D65 
 1323      4F75745F 
 1323      7400
 1324              	.LASF76:
 1325 04cf 45455F41 		.ascii	"EE_ApplicationMode\000"
 1325      70706C69 
 1325      63617469 
 1325      6F6E4D6F 
 1325      646500
 1326              	.LASF7:
 1327 04e2 6C6F6E67 		.ascii	"long unsigned int\000"
 1327      20756E73 
 1327      69676E65 
 1327      6420696E 
 1327      7400
 1328              	.LASF15:
 1329 04f4 646F7562 		.ascii	"double\000"
 1329      6C6500
 1330              	.LASF38:
 1331 04fb 52435F45 		.ascii	"RC_ERROR_CHECKSUM\000"
 1331      52524F52 
 1331      5F434845 
 1331      434B5355 
 1331      4D00
 1332              	.LASF62:
 1333 050d 6D5F4269 		.ascii	"m_Bit_SetBrakelight\000"
 1333      745F5365 
 1333      74427261 
 1333      6B656C69 
 1333      67687400 
 1334              	.LASF31:
 1335 0521 52435F45 		.ascii	"RC_ERROR_OVERRUN\000"
 1335      52524F52 
 1335      5F4F5645 
 1335      5252554E 
 1335      00
 1336              	.LASF5:
 1337 0532 5F5F696E 		.ascii	"__int32_t\000"
 1337      7433325F 
 1337      7400
 1338              	.LASF72:
 1339 053c 57445F41 		.ascii	"WD_Alive\000"
 1339      6C697665 
 1339      00
 1340              	.LASF68:
 1341 0545 50455249 		.ascii	"PERIOD_X_SEC\000"
 1341      4F445F58 
 1341      5F534543 
 1341      00
 1342              	.LASF47:
 1343 0552 52435F45 		.ascii	"RC_ERROR_CANCELED\000"
 1343      52524F52 
ARM GAS  C:\Users\zakis\AppData\Local\Temp\ccDcxFQQ.s 			page 31


 1343      5F43414E 
 1343      43454C45 
 1343      4400
 1344              	.LASF55:
 1345 0564 57415443 		.ascii	"WATCHDOG_RUN_SETBRAKELIGHT\000"
 1345      48444F47 
 1345      5F52554E 
 1345      5F534554 
 1345      4252414B 
 1346              	.LASF80:
 1347 057f 49544D5F 		.ascii	"ITM_RxBuffer\000"
 1347      52784275 
 1347      66666572 
 1347      00
 1348              	.LASF26:
 1349 058c 52435F45 		.ascii	"RC_ERROR\000"
 1349      52524F52 
 1349      00
 1350              	.LASF29:
 1351 0595 52435F45 		.ascii	"RC_ERROR_MEMORY\000"
 1351      52524F52 
 1351      5F4D454D 
 1351      4F525900 
 1352              	.LASF74:
 1353 05a5 45455F6F 		.ascii	"EE_oo_IRQ_disable_count\000"
 1353      6F5F4952 
 1353      515F6469 
 1353      7361626C 
 1353      655F636F 
 1354              	.LASF85:
 1355 05bd 736F7572 		.ascii	"source\\asw\\watchdog.c\000"
 1355      63655C61 
 1355      73775C77 
 1355      61746368 
 1355      646F672E 
 1356              	.LASF73:
 1357 05d3 74696D65 		.ascii	"timeout\000"
 1357      6F757400 
 1358              	.LASF51:
 1359 05db 52435F74 		.ascii	"RC_t\000"
 1359      00
 1360              	.LASF83:
 1361 05e0 43795764 		.ascii	"CyWdtClear\000"
 1361      74436C65 
 1361      617200
 1362              	.LASF36:
 1363 05eb 52435F45 		.ascii	"RC_ERROR_TIME_OUT\000"
 1363      52524F52 
 1363      5F54494D 
 1363      455F4F55 
 1363      5400
 1364              		.ident	"GCC: (GNU Tools for ARM Embedded Processors) 5.4.1 20160609 (release) [ARM/embedded-5-bran
